Added Component: Designator=2(LED_3264)
Added Component: Designator=R2(1206)
Added Pin To Net: NetName=Net2_60 Pin=2-60
Added Pin To Net: NetName=Net2_60 Pin=2-60
Added Pin To Net: NetName=Net2_60 Pin=2-60
Added Pin To Net: NetName=Net2_60 Pin=2-60
Added Pin To Net: NetName=Net2_60 Pin=2-60
Added Pin To Net: NetName=Net2_60 Pin=2-60
Added Pin To Net: NetName=Net2_60 Pin=2-60
Added Pin To Net: NetName=Net2_60 Pin=2-60
Added Pin To Net: NetName=Net2_60 Pin=2-60
Added Pin To Net: NetName=Net2_60 Pin=2-60
Added Pin To Net: NetName=Net2_60 Pin=2-60
Added Pin To Net: NetName=Net2_60 Pin=2-60
Added Pin To Net: NetName=Net2_60 Pin=2-60
Added Pin To Net: NetName=Net2_60 Pin=2-60
Added Pin To Net: NetName=Net2_60 Pin=2-60
Added Pin To Net: NetName=Net2_60 Pin=2-60
Added Pin To Net: NetName=Net2_60 Pin=R2-1
Added Net: Name=Net2_60
Added Pin To Net: NetName=Net2_65 Pin=2-65
Added Pin To Net: NetName=Net2_65 Pin=2-65
Added Pin To Net: NetName=Net2_65 Pin=2-65
Added Pin To Net: NetName=Net2_65 Pin=2-65
Added Pin To Net: NetName=Net2_65 Pin=2-65
Added Pin To Net: NetName=Net2_65 Pin=2-65
Added Pin To Net: NetName=Net2_65 Pin=2-65
Added Pin To Net: NetName=Net2_65 Pin=2-65
Added Pin To Net: NetName=Net2_65 Pin=2-65
Added Pin To Net: NetName=Net2_65 Pin=2-65
Added Pin To Net: NetName=Net2_65 Pin=2-65
Added Pin To Net: NetName=Net2_65 Pin=2-65
Added Pin To Net: NetName=Net2_65 Pin=2-65
Added Pin To Net: NetName=Net2_65 Pin=2-65
Added Pin To Net: NetName=Net2_65 Pin=2-65
Added Pin To Net: NetName=Net2_65 Pin=2-65
Added Pin To Net: NetName=Net2_65 Pin=2-65
Added Pin To Net: NetName=Net2_65 Pin=2-65
Added Pin To Net: NetName=Net2_65 Pin=2-65
Added Pin To Net: NetName=Net2_65 Pin=2-65
Added Pin To Net: NetName=Net2_65 Pin=2-65
Added Pin To Net: NetName=Net2_65 Pin=2-65
Added Pin To Net: NetName=Net2_65 Pin=2-65
Added Pin To Net: NetName=Net2_65 Pin=2-65
Added Pin To Net: NetName=Net2_65 Pin=2-65
Added Pin To Net: NetName=Net2_65 Pin=2-65
Added Pin To Net: NetName=Net2_65 Pin=2-65
Added Pin To Net: NetName=Net2_65 Pin=2-65
Added Pin To Net: NetName=Net2_65 Pin=2-65
Added Pin To Net: NetName=Net2_65 Pin=2-65
Added Pin To Net: NetName=Net2_65 Pin=2-65
Added Pin To Net: NetName=Net2_65 Pin=2-65
Added Pin To Net: NetName=Net2_65 Pin=2-65
Added Pin To Net: NetName=Net2_65 Pin=2-65
Added Pin To Net: NetName=Net2_65 Pin=2-65
Added Pin To Net: NetName=Net2_65 Pin=2-65
Added Pin To Net: NetName=Net2_65 Pin=2-65
Added Pin To Net: NetName=Net2_65 Pin=2-65
Added Pin To Net: NetName=Net2_65 Pin=2-65
Added Pin To Net: NetName=Net2_65 Pin=2-65
Added Pin To Net: NetName=Net2_65 Pin=2-65
Added Pin To Net: NetName=Net2_65 Pin=2-65
Added Pin To Net: NetName=Net2_65 Pin=2-65
Added Pin To Net: NetName=Net2_65 Pin=2-65
Added Pin To Net: NetName=Net2_65 Pin=2-65
Added Pin To Net: NetName=Net2_65 Pin=2-65
Added Pin To Net: NetName=Net2_65 Pin=2-65
Added Pin To Net: NetName=Net2_65 Pin=2-65
Added Pin To Net: NetName=Net2_65 Pin=2-65
Added Pin To Net: NetName=Net2_65 Pin=2-65
Added Pin To Net: NetName=Net2_65 Pin=2-65
Added Pin To Net: NetName=Net2_65 Pin=2-65
Added Pin To Net: NetName=Net2_65 Pin=2-65
Added Pin To Net: NetName=Net2_65 Pin=2-65
Added Pin To Net: NetName=Net2_65 Pin=2-65
Added Pin To Net: NetName=Net2_65 Pin=2-65
Added Pin To Net: NetName=Net2_65 Pin=2-65
Added Pin To Net: NetName=Net2_65 Pin=2-65
Added Pin To Net: NetName=Net2_65 Pin=2-65
Added Pin To Net: NetName=Net2_65 Pin=2-65
Added Pin To Net: NetName=Net2_65 Pin=2-65
Added Pin To Net: NetName=Net2_65 Pin=2-65
Added Pin To Net: NetName=Net2_65 Pin=2-65
Added Pin To Net: NetName=Net2_65 Pin=2-65
Added Pin To Net: NetName=Net2_65 Pin=R2-2
Added Net: Name=Net2_65
Added Net: Name=NETLABEL64
Added Net: Name=NETLABEL65
Added Net: Name=NETLABEL66
Added Net: Name=NETLABEL67
Added Net: Name=NETLABEL68
Added Net: Name=NETLABEL69
Added Net: Name=NETLABEL70
Added Net: Name=NETLABEL71
Added Net: Name=NETLABEL72
Added Net: Name=NETLABEL73
Added Net: Name=NETLABEL74
Added Net: Name=NETLABEL75
Added Net: Name=NETLABEL76
Added Net: Name=NETLABEL77
Added Net: Name=NETLABEL78
Added Net: Name=NETLABEL79
Added Pin To Net: NetName=NETLABEL80 Pin=2-80
Added Pin To Net: NetName=NETLABEL80 Pin=2-80
Added Pin To Net: NetName=NETLABEL80 Pin=2-80
Added Pin To Net: NetName=NETLABEL80 Pin=2-80
Added Pin To Net: NetName=NETLABEL80 Pin=2-80
Added Pin To Net: NetName=NETLABEL80 Pin=2-80
Added Pin To Net: NetName=NETLABEL80 Pin=2-80
Added Pin To Net: NetName=NETLABEL80 Pin=2-80
Added Pin To Net: NetName=NETLABEL80 Pin=2-80
Added Pin To Net: NetName=NETLABEL80 Pin=2-80
Added Pin To Net: NetName=NETLABEL80 Pin=2-80
Added Pin To Net: NetName=NETLABEL80 Pin=2-80
Added Pin To Net: NetName=NETLABEL80 Pin=2-80
Added Pin To Net: NetName=NETLABEL80 Pin=2-80
Added Pin To Net: NetName=NETLABEL80 Pin=2-80
Added Pin To Net: NetName=NETLABEL80 Pin=2-80
Added Pin To Net: NetName=NETLABEL80 Pin=2-80
Added Pin To Net: NetName=NETLABEL80 Pin=2-80
Added Pin To Net: NetName=NETLABEL80 Pin=2-80
Added Pin To Net: NetName=NETLABEL80 Pin=2-80
Added Pin To Net: NetName=NETLABEL80 Pin=2-80
Added Pin To Net: NetName=NETLABEL80 Pin=2-80
Added Pin To Net: NetName=NETLABEL80 Pin=2-80
Added Pin To Net: NetName=NETLABEL80 Pin=2-80
Added Pin To Net: NetName=NETLABEL80 Pin=2-80
Added Pin To Net: NetName=NETLABEL80 Pin=2-80
Added Pin To Net: NetName=NETLABEL80 Pin=2-80
Added Pin To Net: NetName=NETLABEL80 Pin=2-80
Added Pin To Net: NetName=NETLABEL80 Pin=2-80
Added Pin To Net: NetName=NETLABEL80 Pin=2-80
Added Pin To Net: NetName=NETLABEL80 Pin=2-80
Added Pin To Net: NetName=NETLABEL80 Pin=2-80
Added Pin To Net: NetName=NETLABEL80 Pin=2-80
Added Pin To Net: NetName=NETLABEL80 Pin=2-80
Added Pin To Net: NetName=NETLABEL80 Pin=2-80
Added Pin To Net: NetName=NETLABEL80 Pin=2-80
Added Pin To Net: NetName=NETLABEL80 Pin=2-80
Added Pin To Net: NetName=NETLABEL80 Pin=2-80
Added Pin To Net: NetName=NETLABEL80 Pin=2-80
Added Pin To Net: NetName=NETLABEL80 Pin=2-80
Added Pin To Net: NetName=NETLABEL80 Pin=2-80
Added Pin To Net: NetName=NETLABEL80 Pin=2-80
Added Pin To Net: NetName=NETLABEL80 Pin=2-80
Added Pin To Net: NetName=NETLABEL80 Pin=2-80
Added Pin To Net: NetName=NETLABEL80 Pin=2-80
Added Pin To Net: NetName=NETLABEL80 Pin=2-80
Added Pin To Net: NetName=NETLABEL80 Pin=2-80
Added Pin To Net: NetName=NETLABEL80 Pin=2-80
Added Pin To Net: NetName=NETLABEL80 Pin=2-80
Added Pin To Net: NetName=NETLABEL80 Pin=2-80
Added Pin To Net: NetName=NETLABEL80 Pin=2-80
Added Pin To Net: NetName=NETLABEL80 Pin=2-80
Added Pin To Net: NetName=NETLABEL80 Pin=2-80
Added Pin To Net: NetName=NETLABEL80 Pin=2-80
Added Pin To Net: NetName=NETLABEL80 Pin=2-80
Added Pin To Net: NetName=NETLABEL80 Pin=2-80
Added Pin To Net: NetName=NETLABEL80 Pin=2-80
Added Pin To Net: NetName=NETLABEL80 Pin=2-80
Added Pin To Net: NetName=NETLABEL80 Pin=2-80
Added Pin To Net: NetName=NETLABEL80 Pin=2-80
Added Pin To Net: NetName=NETLABEL80 Pin=2-80
Added Pin To Net: NetName=NETLABEL80 Pin=2-80
Added Pin To Net: NetName=NETLABEL80 Pin=2-80
Added Pin To Net: NetName=NETLABEL80 Pin=2-80
Added Net: Name=NETLABEL80
Added Pin To Net: NetName=NETLABEL81 Pin=2-79
Added Pin To Net: NetName=NETLABEL81 Pin=2-79
Added Pin To Net: NetName=NETLABEL81 Pin=2-79
Added Pin To Net: NetName=NETLABEL81 Pin=2-79
Added Pin To Net: NetName=NETLABEL81 Pin=2-79
Added Pin To Net: NetName=NETLABEL81 Pin=2-79
Added Pin To Net: NetName=NETLABEL81 Pin=2-79
Added Pin To Net: NetName=NETLABEL81 Pin=2-79
Added Pin To Net: NetName=NETLABEL81 Pin=2-79
Added Pin To Net: NetName=NETLABEL81 Pin=2-79
Added Pin To Net: NetName=NETLABEL81 Pin=2-79
Added Pin To Net: NetName=NETLABEL81 Pin=2-79
Added Pin To Net: NetName=NETLABEL81 Pin=2-79
Added Pin To Net: NetName=NETLABEL81 Pin=2-79
Added Pin To Net: NetName=NETLABEL81 Pin=2-79
Added Pin To Net: NetName=NETLABEL81 Pin=2-79
Added Pin To Net: NetName=NETLABEL81 Pin=2-79
Added Pin To Net: NetName=NETLABEL81 Pin=2-79
Added Pin To Net: NetName=NETLABEL81 Pin=2-79
Added Pin To Net: NetName=NETLABEL81 Pin=2-79
Added Pin To Net: NetName=NETLABEL81 Pin=2-79
Added Pin To Net: NetName=NETLABEL81 Pin=2-79
Added Pin To Net: NetName=NETLABEL81 Pin=2-79
Added Pin To Net: NetName=NETLABEL81 Pin=2-79
Added Pin To Net: NetName=NETLABEL81 Pin=2-79
Added Pin To Net: NetName=NETLABEL81 Pin=2-79
Added Pin To Net: NetName=NETLABEL81 Pin=2-79
Added Pin To Net: NetName=NETLABEL81 Pin=2-79
Added Pin To Net: NetName=NETLABEL81 Pin=2-79
Added Pin To Net: NetName=NETLABEL81 Pin=2-79
Added Pin To Net: NetName=NETLABEL81 Pin=2-79
Added Pin To Net: NetName=NETLABEL81 Pin=2-79
Added Pin To Net: NetName=NETLABEL81 Pin=2-79
Added Pin To Net: NetName=NETLABEL81 Pin=2-79
Added Pin To Net: NetName=NETLABEL81 Pin=2-79
Added Pin To Net: NetName=NETLABEL81 Pin=2-79
Added Pin To Net: NetName=NETLABEL81 Pin=2-79
Added Pin To Net: NetName=NETLABEL81 Pin=2-79
Added Pin To Net: NetName=NETLABEL81 Pin=2-79
Added Pin To Net: NetName=NETLABEL81 Pin=2-79
Added Pin To Net: NetName=NETLABEL81 Pin=2-79
Added Pin To Net: NetName=NETLABEL81 Pin=2-79
Added Pin To Net: NetName=NETLABEL81 Pin=2-79
Added Pin To Net: NetName=NETLABEL81 Pin=2-79
Added Pin To Net: NetName=NETLABEL81 Pin=2-79
Added Pin To Net: NetName=NETLABEL81 Pin=2-79
Added Pin To Net: NetName=NETLABEL81 Pin=2-79
Added Pin To Net: NetName=NETLABEL81 Pin=2-79
Added Pin To Net: NetName=NETLABEL81 Pin=2-79
Added Pin To Net: NetName=NETLABEL81 Pin=2-79
Added Pin To Net: NetName=NETLABEL81 Pin=2-79
Added Pin To Net: NetName=NETLABEL81 Pin=2-79
Added Pin To Net: NetName=NETLABEL81 Pin=2-79
Added Pin To Net: NetName=NETLABEL81 Pin=2-79
Added Pin To Net: NetName=NETLABEL81 Pin=2-79
Added Pin To Net: NetName=NETLABEL81 Pin=2-79
Added Pin To Net: NetName=NETLABEL81 Pin=2-79
Added Pin To Net: NetName=NETLABEL81 Pin=2-79
Added Pin To Net: NetName=NETLABEL81 Pin=2-79
Added Pin To Net: NetName=NETLABEL81 Pin=2-79
Added Pin To Net: NetName=NETLABEL81 Pin=2-79
Added Pin To Net: NetName=NETLABEL81 Pin=2-79
Added Pin To Net: NetName=NETLABEL81 Pin=2-79
Added Pin To Net: NetName=NETLABEL81 Pin=2-79
Added Net: Name=NETLABEL81
Added Pin To Net: NetName=NETLABEL82 Pin=2-78
Added Pin To Net: NetName=NETLABEL82 Pin=2-78
Added Pin To Net: NetName=NETLABEL82 Pin=2-78
Added Pin To Net: NetName=NETLABEL82 Pin=2-78
Added Pin To Net: NetName=NETLABEL82 Pin=2-78
Added Pin To Net: NetName=NETLABEL82 Pin=2-78
Added Pin To Net: NetName=NETLABEL82 Pin=2-78
Added Pin To Net: NetName=NETLABEL82 Pin=2-78
Added Pin To Net: NetName=NETLABEL82 Pin=2-78
Added Pin To Net: NetName=NETLABEL82 Pin=2-78
Added Pin To Net: NetName=NETLABEL82 Pin=2-78
Added Pin To Net: NetName=NETLABEL82 Pin=2-78
Added Pin To Net: NetName=NETLABEL82 Pin=2-78
Added Pin To Net: NetName=NETLABEL82 Pin=2-78
Added Pin To Net: NetName=NETLABEL82 Pin=2-78
Added Pin To Net: NetName=NETLABEL82 Pin=2-78
Added Pin To Net: NetName=NETLABEL82 Pin=2-78
Added Pin To Net: NetName=NETLABEL82 Pin=2-78
Added Pin To Net: NetName=NETLABEL82 Pin=2-78
Added Pin To Net: NetName=NETLABEL82 Pin=2-78
Added Pin To Net: NetName=NETLABEL82 Pin=2-78
Added Pin To Net: NetName=NETLABEL82 Pin=2-78
Added Pin To Net: NetName=NETLABEL82 Pin=2-78
Added Pin To Net: NetName=NETLABEL82 Pin=2-78
Added Pin To Net: NetName=NETLABEL82 Pin=2-78
Added Pin To Net: NetName=NETLABEL82 Pin=2-78
Added Pin To Net: NetName=NETLABEL82 Pin=2-78
Added Pin To Net: NetName=NETLABEL82 Pin=2-78
Added Pin To Net: NetName=NETLABEL82 Pin=2-78
Added Pin To Net: NetName=NETLABEL82 Pin=2-78
Added Pin To Net: NetName=NETLABEL82 Pin=2-78
Added Pin To Net: NetName=NETLABEL82 Pin=2-78
Added Pin To Net: NetName=NETLABEL82 Pin=2-78
Added Pin To Net: NetName=NETLABEL82 Pin=2-78
Added Pin To Net: NetName=NETLABEL82 Pin=2-78
Added Pin To Net: NetName=NETLABEL82 Pin=2-78
Added Pin To Net: NetName=NETLABEL82 Pin=2-78
Added Pin To Net: NetName=NETLABEL82 Pin=2-78
Added Pin To Net: NetName=NETLABEL82 Pin=2-78
Added Pin To Net: NetName=NETLABEL82 Pin=2-78
Added Pin To Net: NetName=NETLABEL82 Pin=2-78
Added Pin To Net: NetName=NETLABEL82 Pin=2-78
Added Pin To Net: NetName=NETLABEL82 Pin=2-78
Added Pin To Net: NetName=NETLABEL82 Pin=2-78
Added Pin To Net: NetName=NETLABEL82 Pin=2-78
Added Pin To Net: NetName=NETLABEL82 Pin=2-78
Added Pin To Net: NetName=NETLABEL82 Pin=2-78
Added Pin To Net: NetName=NETLABEL82 Pin=2-78
Added Pin To Net: NetName=NETLABEL82 Pin=2-78
Added Pin To Net: NetName=NETLABEL82 Pin=2-78
Added Pin To Net: NetName=NETLABEL82 Pin=2-78
Added Pin To Net: NetName=NETLABEL82 Pin=2-78
Added Pin To Net: NetName=NETLABEL82 Pin=2-78
Added Pin To Net: NetName=NETLABEL82 Pin=2-78
Added Pin To Net: NetName=NETLABEL82 Pin=2-78
Added Pin To Net: NetName=NETLABEL82 Pin=2-78
Added Pin To Net: NetName=NETLABEL82 Pin=2-78
Added Pin To Net: NetName=NETLABEL82 Pin=2-78
Added Pin To Net: NetName=NETLABEL82 Pin=2-78
Added Pin To Net: NetName=NETLABEL82 Pin=2-78
Added Pin To Net: NetName=NETLABEL82 Pin=2-78
Added Pin To Net: NetName=NETLABEL82 Pin=2-78
Added Pin To Net: NetName=NETLABEL82 Pin=2-78
Added Pin To Net: NetName=NETLABEL82 Pin=2-78
Added Net: Name=NETLABEL82
Added Pin To Net: NetName=NETLABEL83 Pin=2-77
Added Pin To Net: NetName=NETLABEL83 Pin=2-77
Added Pin To Net: NetName=NETLABEL83 Pin=2-77
Added Pin To Net: NetName=NETLABEL83 Pin=2-77
Added Pin To Net: NetName=NETLABEL83 Pin=2-77
Added Pin To Net: NetName=NETLABEL83 Pin=2-77
Added Pin To Net: NetName=NETLABEL83 Pin=2-77
Added Pin To Net: NetName=NETLABEL83 Pin=2-77
Added Pin To Net: NetName=NETLABEL83 Pin=2-77
Added Pin To Net: NetName=NETLABEL83 Pin=2-77
Added Pin To Net: NetName=NETLABEL83 Pin=2-77
Added Pin To Net: NetName=NETLABEL83 Pin=2-77
Added Pin To Net: NetName=NETLABEL83 Pin=2-77
Added Pin To Net: NetName=NETLABEL83 Pin=2-77
Added Pin To Net: NetName=NETLABEL83 Pin=2-77
Added Pin To Net: NetName=NETLABEL83 Pin=2-77
Added Pin To Net: NetName=NETLABEL83 Pin=2-77
Added Pin To Net: NetName=NETLABEL83 Pin=2-77
Added Pin To Net: NetName=NETLABEL83 Pin=2-77
Added Pin To Net: NetName=NETLABEL83 Pin=2-77
Added Pin To Net: NetName=NETLABEL83 Pin=2-77
Added Pin To Net: NetName=NETLABEL83 Pin=2-77
Added Pin To Net: NetName=NETLABEL83 Pin=2-77
Added Pin To Net: NetName=NETLABEL83 Pin=2-77
Added Pin To Net: NetName=NETLABEL83 Pin=2-77
Added Pin To Net: NetName=NETLABEL83 Pin=2-77
Added Pin To Net: NetName=NETLABEL83 Pin=2-77
Added Pin To Net: NetName=NETLABEL83 Pin=2-77
Added Pin To Net: NetName=NETLABEL83 Pin=2-77
Added Pin To Net: NetName=NETLABEL83 Pin=2-77
Added Pin To Net: NetName=NETLABEL83 Pin=2-77
Added Pin To Net: NetName=NETLABEL83 Pin=2-77
Added Pin To Net: NetName=NETLABEL83 Pin=2-77
Added Pin To Net: NetName=NETLABEL83 Pin=2-77
Added Pin To Net: NetName=NETLABEL83 Pin=2-77
Added Pin To Net: NetName=NETLABEL83 Pin=2-77
Added Pin To Net: NetName=NETLABEL83 Pin=2-77
Added Pin To Net: NetName=NETLABEL83 Pin=2-77
Added Pin To Net: NetName=NETLABEL83 Pin=2-77
Added Pin To Net: NetName=NETLABEL83 Pin=2-77
Added Pin To Net: NetName=NETLABEL83 Pin=2-77
Added Pin To Net: NetName=NETLABEL83 Pin=2-77
Added Pin To Net: NetName=NETLABEL83 Pin=2-77
Added Pin To Net: NetName=NETLABEL83 Pin=2-77
Added Pin To Net: NetName=NETLABEL83 Pin=2-77
Added Pin To Net: NetName=NETLABEL83 Pin=2-77
Added Pin To Net: NetName=NETLABEL83 Pin=2-77
Added Pin To Net: NetName=NETLABEL83 Pin=2-77
Added Pin To Net: NetName=NETLABEL83 Pin=2-77
Added Pin To Net: NetName=NETLABEL83 Pin=2-77
Added Pin To Net: NetName=NETLABEL83 Pin=2-77
Added Pin To Net: NetName=NETLABEL83 Pin=2-77
Added Pin To Net: NetName=NETLABEL83 Pin=2-77
Added Pin To Net: NetName=NETLABEL83 Pin=2-77
Added Pin To Net: NetName=NETLABEL83 Pin=2-77
Added Pin To Net: NetName=NETLABEL83 Pin=2-77
Added Pin To Net: NetName=NETLABEL83 Pin=2-77
Added Pin To Net: NetName=NETLABEL83 Pin=2-77
Added Pin To Net: NetName=NETLABEL83 Pin=2-77
Added Pin To Net: NetName=NETLABEL83 Pin=2-77
Added Pin To Net: NetName=NETLABEL83 Pin=2-77
Added Pin To Net: NetName=NETLABEL83 Pin=2-77
Added Pin To Net: NetName=NETLABEL83 Pin=2-77
Added Pin To Net: NetName=NETLABEL83 Pin=2-77
Added Net: Name=NETLABEL83
Added Pin To Net: NetName=NETLABEL84 Pin=2-76
Added Pin To Net: NetName=NETLABEL84 Pin=2-76
Added Pin To Net: NetName=NETLABEL84 Pin=2-76
Added Pin To Net: NetName=NETLABEL84 Pin=2-76
Added Pin To Net: NetName=NETLABEL84 Pin=2-76
Added Pin To Net: NetName=NETLABEL84 Pin=2-76
Added Pin To Net: NetName=NETLABEL84 Pin=2-76
Added Pin To Net: NetName=NETLABEL84 Pin=2-76
Added Pin To Net: NetName=NETLABEL84 Pin=2-76
Added Pin To Net: NetName=NETLABEL84 Pin=2-76
Added Pin To Net: NetName=NETLABEL84 Pin=2-76
Added Pin To Net: NetName=NETLABEL84 Pin=2-76
Added Pin To Net: NetName=NETLABEL84 Pin=2-76
Added Pin To Net: NetName=NETLABEL84 Pin=2-76
Added Pin To Net: NetName=NETLABEL84 Pin=2-76
Added Pin To Net: NetName=NETLABEL84 Pin=2-76
Added Pin To Net: NetName=NETLABEL84 Pin=2-76
Added Pin To Net: NetName=NETLABEL84 Pin=2-76
Added Pin To Net: NetName=NETLABEL84 Pin=2-76
Added Pin To Net: NetName=NETLABEL84 Pin=2-76
Added Pin To Net: NetName=NETLABEL84 Pin=2-76
Added Pin To Net: NetName=NETLABEL84 Pin=2-76
Added Pin To Net: NetName=NETLABEL84 Pin=2-76
Added Pin To Net: NetName=NETLABEL84 Pin=2-76
Added Pin To Net: NetName=NETLABEL84 Pin=2-76
Added Pin To Net: NetName=NETLABEL84 Pin=2-76
Added Pin To Net: NetName=NETLABEL84 Pin=2-76
Added Pin To Net: NetName=NETLABEL84 Pin=2-76
Added Pin To Net: NetName=NETLABEL84 Pin=2-76
Added Pin To Net: NetName=NETLABEL84 Pin=2-76
Added Pin To Net: NetName=NETLABEL84 Pin=2-76
Added Pin To Net: NetName=NETLABEL84 Pin=2-76
Added Pin To Net: NetName=NETLABEL84 Pin=2-76
Added Pin To Net: NetName=NETLABEL84 Pin=2-76
Added Pin To Net: NetName=NETLABEL84 Pin=2-76
Added Pin To Net: NetName=NETLABEL84 Pin=2-76
Added Pin To Net: NetName=NETLABEL84 Pin=2-76
Added Pin To Net: NetName=NETLABEL84 Pin=2-76
Added Pin To Net: NetName=NETLABEL84 Pin=2-76
Added Pin To Net: NetName=NETLABEL84 Pin=2-76
Added Pin To Net: NetName=NETLABEL84 Pin=2-76
Added Pin To Net: NetName=NETLABEL84 Pin=2-76
Added Pin To Net: NetName=NETLABEL84 Pin=2-76
Added Pin To Net: NetName=NETLABEL84 Pin=2-76
Added Pin To Net: NetName=NETLABEL84 Pin=2-76
Added Pin To Net: NetName=NETLABEL84 Pin=2-76
Added Pin To Net: NetName=NETLABEL84 Pin=2-76
Added Pin To Net: NetName=NETLABEL84 Pin=2-76
Added Pin To Net: NetName=NETLABEL84 Pin=2-76
Added Pin To Net: NetName=NETLABEL84 Pin=2-76
Added Pin To Net: NetName=NETLABEL84 Pin=2-76
Added Pin To Net: NetName=NETLABEL84 Pin=2-76
Added Pin To Net: NetName=NETLABEL84 Pin=2-76
Added Pin To Net: NetName=NETLABEL84 Pin=2-76
Added Pin To Net: NetName=NETLABEL84 Pin=2-76
Added Pin To Net: NetName=NETLABEL84 Pin=2-76
Added Pin To Net: NetName=NETLABEL84 Pin=2-76
Added Pin To Net: NetName=NETLABEL84 Pin=2-76
Added Pin To Net: NetName=NETLABEL84 Pin=2-76
Added Pin To Net: NetName=NETLABEL84 Pin=2-76
Added Pin To Net: NetName=NETLABEL84 Pin=2-76
Added Pin To Net: NetName=NETLABEL84 Pin=2-76
Added Pin To Net: NetName=NETLABEL84 Pin=2-76
Added Pin To Net: NetName=NETLABEL84 Pin=2-76
Added Net: Name=NETLABEL84
Added Pin To Net: NetName=NETLABEL85 Pin=2-75
Added Pin To Net: NetName=NETLABEL85 Pin=2-75
Added Pin To Net: NetName=NETLABEL85 Pin=2-75
Added Pin To Net: NetName=NETLABEL85 Pin=2-75
Added Pin To Net: NetName=NETLABEL85 Pin=2-75
Added Pin To Net: NetName=NETLABEL85 Pin=2-75
Added Pin To Net: NetName=NETLABEL85 Pin=2-75
Added Pin To Net: NetName=NETLABEL85 Pin=2-75
Added Pin To Net: NetName=NETLABEL85 Pin=2-75
Added Pin To Net: NetName=NETLABEL85 Pin=2-75
Added Pin To Net: NetName=NETLABEL85 Pin=2-75
Added Pin To Net: NetName=NETLABEL85 Pin=2-75
Added Pin To Net: NetName=NETLABEL85 Pin=2-75
Added Pin To Net: NetName=NETLABEL85 Pin=2-75
Added Pin To Net: NetName=NETLABEL85 Pin=2-75
Added Pin To Net: NetName=NETLABEL85 Pin=2-75
Added Pin To Net: NetName=NETLABEL85 Pin=2-75
Added Pin To Net: NetName=NETLABEL85 Pin=2-75
Added Pin To Net: NetName=NETLABEL85 Pin=2-75
Added Pin To Net: NetName=NETLABEL85 Pin=2-75
Added Pin To Net: NetName=NETLABEL85 Pin=2-75
Added Pin To Net: NetName=NETLABEL85 Pin=2-75
Added Pin To Net: NetName=NETLABEL85 Pin=2-75
Added Pin To Net: NetName=NETLABEL85 Pin=2-75
Added Pin To Net: NetName=NETLABEL85 Pin=2-75
Added Pin To Net: NetName=NETLABEL85 Pin=2-75
Added Pin To Net: NetName=NETLABEL85 Pin=2-75
Added Pin To Net: NetName=NETLABEL85 Pin=2-75
Added Pin To Net: NetName=NETLABEL85 Pin=2-75
Added Pin To Net: NetName=NETLABEL85 Pin=2-75
Added Pin To Net: NetName=NETLABEL85 Pin=2-75
Added Pin To Net: NetName=NETLABEL85 Pin=2-75
Added Pin To Net: NetName=NETLABEL85 Pin=2-75
Added Pin To Net: NetName=NETLABEL85 Pin=2-75
Added Pin To Net: NetName=NETLABEL85 Pin=2-75
Added Pin To Net: NetName=NETLABEL85 Pin=2-75
Added Pin To Net: NetName=NETLABEL85 Pin=2-75
Added Pin To Net: NetName=NETLABEL85 Pin=2-75
Added Pin To Net: NetName=NETLABEL85 Pin=2-75
Added Pin To Net: NetName=NETLABEL85 Pin=2-75
Added Pin To Net: NetName=NETLABEL85 Pin=2-75
Added Pin To Net: NetName=NETLABEL85 Pin=2-75
Added Pin To Net: NetName=NETLABEL85 Pin=2-75
Added Pin To Net: NetName=NETLABEL85 Pin=2-75
Added Pin To Net: NetName=NETLABEL85 Pin=2-75
Added Pin To Net: NetName=NETLABEL85 Pin=2-75
Added Pin To Net: NetName=NETLABEL85 Pin=2-75
Added Pin To Net: NetName=NETLABEL85 Pin=2-75
Added Pin To Net: NetName=NETLABEL85 Pin=2-75
Added Pin To Net: NetName=NETLABEL85 Pin=2-75
Added Pin To Net: NetName=NETLABEL85 Pin=2-75
Added Pin To Net: NetName=NETLABEL85 Pin=2-75
Added Pin To Net: NetName=NETLABEL85 Pin=2-75
Added Pin To Net: NetName=NETLABEL85 Pin=2-75
Added Pin To Net: NetName=NETLABEL85 Pin=2-75
Added Pin To Net: NetName=NETLABEL85 Pin=2-75
Added Pin To Net: NetName=NETLABEL85 Pin=2-75
Added Pin To Net: NetName=NETLABEL85 Pin=2-75
Added Pin To Net: NetName=NETLABEL85 Pin=2-75
Added Pin To Net: NetName=NETLABEL85 Pin=2-75
Added Pin To Net: NetName=NETLABEL85 Pin=2-75
Added Pin To Net: NetName=NETLABEL85 Pin=2-75
Added Pin To Net: NetName=NETLABEL85 Pin=2-75
Added Pin To Net: NetName=NETLABEL85 Pin=2-75
Added Net: Name=NETLABEL85
Added Pin To Net: NetName=NETLABEL86 Pin=2-74
Added Pin To Net: NetName=NETLABEL86 Pin=2-74
Added Pin To Net: NetName=NETLABEL86 Pin=2-74
Added Pin To Net: NetName=NETLABEL86 Pin=2-74
Added Pin To Net: NetName=NETLABEL86 Pin=2-74
Added Pin To Net: NetName=NETLABEL86 Pin=2-74
Added Pin To Net: NetName=NETLABEL86 Pin=2-74
Added Pin To Net: NetName=NETLABEL86 Pin=2-74
Added Pin To Net: NetName=NETLABEL86 Pin=2-74
Added Pin To Net: NetName=NETLABEL86 Pin=2-74
Added Pin To Net: NetName=NETLABEL86 Pin=2-74
Added Pin To Net: NetName=NETLABEL86 Pin=2-74
Added Pin To Net: NetName=NETLABEL86 Pin=2-74
Added Pin To Net: NetName=NETLABEL86 Pin=2-74
Added Pin To Net: NetName=NETLABEL86 Pin=2-74
Added Pin To Net: NetName=NETLABEL86 Pin=2-74
Added Pin To Net: NetName=NETLABEL86 Pin=2-74
Added Pin To Net: NetName=NETLABEL86 Pin=2-74
Added Pin To Net: NetName=NETLABEL86 Pin=2-74
Added Pin To Net: NetName=NETLABEL86 Pin=2-74
Added Pin To Net: NetName=NETLABEL86 Pin=2-74
Added Pin To Net: NetName=NETLABEL86 Pin=2-74
Added Pin To Net: NetName=NETLABEL86 Pin=2-74
Added Pin To Net: NetName=NETLABEL86 Pin=2-74
Added Pin To Net: NetName=NETLABEL86 Pin=2-74
Added Pin To Net: NetName=NETLABEL86 Pin=2-74
Added Pin To Net: NetName=NETLABEL86 Pin=2-74
Added Pin To Net: NetName=NETLABEL86 Pin=2-74
Added Pin To Net: NetName=NETLABEL86 Pin=2-74
Added Pin To Net: NetName=NETLABEL86 Pin=2-74
Added Pin To Net: NetName=NETLABEL86 Pin=2-74
Added Pin To Net: NetName=NETLABEL86 Pin=2-74
Added Pin To Net: NetName=NETLABEL86 Pin=2-74
Added Pin To Net: NetName=NETLABEL86 Pin=2-74
Added Pin To Net: NetName=NETLABEL86 Pin=2-74
Added Pin To Net: NetName=NETLABEL86 Pin=2-74
Added Pin To Net: NetName=NETLABEL86 Pin=2-74
Added Pin To Net: NetName=NETLABEL86 Pin=2-74
Added Pin To Net: NetName=NETLABEL86 Pin=2-74
Added Pin To Net: NetName=NETLABEL86 Pin=2-74
Added Pin To Net: NetName=NETLABEL86 Pin=2-74
Added Pin To Net: NetName=NETLABEL86 Pin=2-74
Added Pin To Net: NetName=NETLABEL86 Pin=2-74
Added Pin To Net: NetName=NETLABEL86 Pin=2-74
Added Pin To Net: NetName=NETLABEL86 Pin=2-74
Added Pin To Net: NetName=NETLABEL86 Pin=2-74
Added Pin To Net: NetName=NETLABEL86 Pin=2-74
Added Pin To Net: NetName=NETLABEL86 Pin=2-74
Added Pin To Net: NetName=NETLABEL86 Pin=2-74
Added Pin To Net: NetName=NETLABEL86 Pin=2-74
Added Pin To Net: NetName=NETLABEL86 Pin=2-74
Added Pin To Net: NetName=NETLABEL86 Pin=2-74
Added Pin To Net: NetName=NETLABEL86 Pin=2-74
Added Pin To Net: NetName=NETLABEL86 Pin=2-74
Added Pin To Net: NetName=NETLABEL86 Pin=2-74
Added Pin To Net: NetName=NETLABEL86 Pin=2-74
Added Pin To Net: NetName=NETLABEL86 Pin=2-74
Added Pin To Net: NetName=NETLABEL86 Pin=2-74
Added Pin To Net: NetName=NETLABEL86 Pin=2-74
Added Pin To Net: NetName=NETLABEL86 Pin=2-74
Added Pin To Net: NetName=NETLABEL86 Pin=2-74
Added Pin To Net: NetName=NETLABEL86 Pin=2-74
Added Pin To Net: NetName=NETLABEL86 Pin=2-74
Added Pin To Net: NetName=NETLABEL86 Pin=2-74
Added Net: Name=NETLABEL86
Added Pin To Net: NetName=NETLABEL87 Pin=2-73
Added Pin To Net: NetName=NETLABEL87 Pin=2-73
Added Pin To Net: NetName=NETLABEL87 Pin=2-73
Added Pin To Net: NetName=NETLABEL87 Pin=2-73
Added Pin To Net: NetName=NETLABEL87 Pin=2-73
Added Pin To Net: NetName=NETLABEL87 Pin=2-73
Added Pin To Net: NetName=NETLABEL87 Pin=2-73
Added Pin To Net: NetName=NETLABEL87 Pin=2-73
Added Pin To Net: NetName=NETLABEL87 Pin=2-73
Added Pin To Net: NetName=NETLABEL87 Pin=2-73
Added Pin To Net: NetName=NETLABEL87 Pin=2-73
Added Pin To Net: NetName=NETLABEL87 Pin=2-73
Added Pin To Net: NetName=NETLABEL87 Pin=2-73
Added Pin To Net: NetName=NETLABEL87 Pin=2-73
Added Pin To Net: NetName=NETLABEL87 Pin=2-73
Added Pin To Net: NetName=NETLABEL87 Pin=2-73
Added Pin To Net: NetName=NETLABEL87 Pin=2-73
Added Pin To Net: NetName=NETLABEL87 Pin=2-73
Added Pin To Net: NetName=NETLABEL87 Pin=2-73
Added Pin To Net: NetName=NETLABEL87 Pin=2-73
Added Pin To Net: NetName=NETLABEL87 Pin=2-73
Added Pin To Net: NetName=NETLABEL87 Pin=2-73
Added Pin To Net: NetName=NETLABEL87 Pin=2-73
Added Pin To Net: NetName=NETLABEL87 Pin=2-73
Added Pin To Net: NetName=NETLABEL87 Pin=2-73
Added Pin To Net: NetName=NETLABEL87 Pin=2-73
Added Pin To Net: NetName=NETLABEL87 Pin=2-73
Added Pin To Net: NetName=NETLABEL87 Pin=2-73
Added Pin To Net: NetName=NETLABEL87 Pin=2-73
Added Pin To Net: NetName=NETLABEL87 Pin=2-73
Added Pin To Net: NetName=NETLABEL87 Pin=2-73
Added Pin To Net: NetName=NETLABEL87 Pin=2-73
Added Pin To Net: NetName=NETLABEL87 Pin=2-73
Added Pin To Net: NetName=NETLABEL87 Pin=2-73
Added Pin To Net: NetName=NETLABEL87 Pin=2-73
Added Pin To Net: NetName=NETLABEL87 Pin=2-73
Added Pin To Net: NetName=NETLABEL87 Pin=2-73
Added Pin To Net: NetName=NETLABEL87 Pin=2-73
Added Pin To Net: NetName=NETLABEL87 Pin=2-73
Added Pin To Net: NetName=NETLABEL87 Pin=2-73
Added Pin To Net: NetName=NETLABEL87 Pin=2-73
Added Pin To Net: NetName=NETLABEL87 Pin=2-73
Added Pin To Net: NetName=NETLABEL87 Pin=2-73
Added Pin To Net: NetName=NETLABEL87 Pin=2-73
Added Pin To Net: NetName=NETLABEL87 Pin=2-73
Added Pin To Net: NetName=NETLABEL87 Pin=2-73
Added Pin To Net: NetName=NETLABEL87 Pin=2-73
Added Pin To Net: NetName=NETLABEL87 Pin=2-73
Added Pin To Net: NetName=NETLABEL87 Pin=2-73
Added Pin To Net: NetName=NETLABEL87 Pin=2-73
Added Pin To Net: NetName=NETLABEL87 Pin=2-73
Added Pin To Net: NetName=NETLABEL87 Pin=2-73
Added Pin To Net: NetName=NETLABEL87 Pin=2-73
Added Pin To Net: NetName=NETLABEL87 Pin=2-73
Added Pin To Net: NetName=NETLABEL87 Pin=2-73
Added Pin To Net: NetName=NETLABEL87 Pin=2-73
Added Pin To Net: NetName=NETLABEL87 Pin=2-73
Added Pin To Net: NetName=NETLABEL87 Pin=2-73
Added Pin To Net: NetName=NETLABEL87 Pin=2-73
Added Pin To Net: NetName=NETLABEL87 Pin=2-73
Added Pin To Net: NetName=NETLABEL87 Pin=2-73
Added Pin To Net: NetName=NETLABEL87 Pin=2-73
Added Pin To Net: NetName=NETLABEL87 Pin=2-73
Added Pin To Net: NetName=NETLABEL87 Pin=2-73
Added Net: Name=NETLABEL87
Added Pin To Net: NetName=NETLABEL88 Pin=2-72
Added Pin To Net: NetName=NETLABEL88 Pin=2-72
Added Pin To Net: NetName=NETLABEL88 Pin=2-72
Added Pin To Net: NetName=NETLABEL88 Pin=2-72
Added Pin To Net: NetName=NETLABEL88 Pin=2-72
Added Pin To Net: NetName=NETLABEL88 Pin=2-72
Added Pin To Net: NetName=NETLABEL88 Pin=2-72
Added Pin To Net: NetName=NETLABEL88 Pin=2-72
Added Pin To Net: NetName=NETLABEL88 Pin=2-72
Added Pin To Net: NetName=NETLABEL88 Pin=2-72
Added Pin To Net: NetName=NETLABEL88 Pin=2-72
Added Pin To Net: NetName=NETLABEL88 Pin=2-72
Added Pin To Net: NetName=NETLABEL88 Pin=2-72
Added Pin To Net: NetName=NETLABEL88 Pin=2-72
Added Pin To Net: NetName=NETLABEL88 Pin=2-72
Added Pin To Net: NetName=NETLABEL88 Pin=2-72
Added Pin To Net: NetName=NETLABEL88 Pin=2-72
Added Pin To Net: NetName=NETLABEL88 Pin=2-72
Added Pin To Net: NetName=NETLABEL88 Pin=2-72
Added Pin To Net: NetName=NETLABEL88 Pin=2-72
Added Pin To Net: NetName=NETLABEL88 Pin=2-72
Added Pin To Net: NetName=NETLABEL88 Pin=2-72
Added Pin To Net: NetName=NETLABEL88 Pin=2-72
Added Pin To Net: NetName=NETLABEL88 Pin=2-72
Added Pin To Net: NetName=NETLABEL88 Pin=2-72
Added Pin To Net: NetName=NETLABEL88 Pin=2-72
Added Pin To Net: NetName=NETLABEL88 Pin=2-72
Added Pin To Net: NetName=NETLABEL88 Pin=2-72
Added Pin To Net: NetName=NETLABEL88 Pin=2-72
Added Pin To Net: NetName=NETLABEL88 Pin=2-72
Added Pin To Net: NetName=NETLABEL88 Pin=2-72
Added Pin To Net: NetName=NETLABEL88 Pin=2-72
Added Pin To Net: NetName=NETLABEL88 Pin=2-72
Added Pin To Net: NetName=NETLABEL88 Pin=2-72
Added Pin To Net: NetName=NETLABEL88 Pin=2-72
Added Pin To Net: NetName=NETLABEL88 Pin=2-72
Added Pin To Net: NetName=NETLABEL88 Pin=2-72
Added Pin To Net: NetName=NETLABEL88 Pin=2-72
Added Pin To Net: NetName=NETLABEL88 Pin=2-72
Added Pin To Net: NetName=NETLABEL88 Pin=2-72
Added Pin To Net: NetName=NETLABEL88 Pin=2-72
Added Pin To Net: NetName=NETLABEL88 Pin=2-72
Added Pin To Net: NetName=NETLABEL88 Pin=2-72
Added Pin To Net: NetName=NETLABEL88 Pin=2-72
Added Pin To Net: NetName=NETLABEL88 Pin=2-72
Added Pin To Net: NetName=NETLABEL88 Pin=2-72
Added Pin To Net: NetName=NETLABEL88 Pin=2-72
Added Pin To Net: NetName=NETLABEL88 Pin=2-72
Added Pin To Net: NetName=NETLABEL88 Pin=2-72
Added Pin To Net: NetName=NETLABEL88 Pin=2-72
Added Pin To Net: NetName=NETLABEL88 Pin=2-72
Added Pin To Net: NetName=NETLABEL88 Pin=2-72
Added Pin To Net: NetName=NETLABEL88 Pin=2-72
Added Pin To Net: NetName=NETLABEL88 Pin=2-72
Added Pin To Net: NetName=NETLABEL88 Pin=2-72
Added Pin To Net: NetName=NETLABEL88 Pin=2-72
Added Pin To Net: NetName=NETLABEL88 Pin=2-72
Added Pin To Net: NetName=NETLABEL88 Pin=2-72
Added Pin To Net: NetName=NETLABEL88 Pin=2-72
Added Pin To Net: NetName=NETLABEL88 Pin=2-72
Added Pin To Net: NetName=NETLABEL88 Pin=2-72
Added Pin To Net: NetName=NETLABEL88 Pin=2-72
Added Pin To Net: NetName=NETLABEL88 Pin=2-72
Added Pin To Net: NetName=NETLABEL88 Pin=2-72
Added Net: Name=NETLABEL88
Added Pin To Net: NetName=NETLABEL89 Pin=2-71
Added Pin To Net: NetName=NETLABEL89 Pin=2-71
Added Pin To Net: NetName=NETLABEL89 Pin=2-71
Added Pin To Net: NetName=NETLABEL89 Pin=2-71
Added Pin To Net: NetName=NETLABEL89 Pin=2-71
Added Pin To Net: NetName=NETLABEL89 Pin=2-71
Added Pin To Net: NetName=NETLABEL89 Pin=2-71
Added Pin To Net: NetName=NETLABEL89 Pin=2-71
Added Pin To Net: NetName=NETLABEL89 Pin=2-71
Added Pin To Net: NetName=NETLABEL89 Pin=2-71
Added Pin To Net: NetName=NETLABEL89 Pin=2-71
Added Pin To Net: NetName=NETLABEL89 Pin=2-71
Added Pin To Net: NetName=NETLABEL89 Pin=2-71
Added Pin To Net: NetName=NETLABEL89 Pin=2-71
Added Pin To Net: NetName=NETLABEL89 Pin=2-71
Added Pin To Net: NetName=NETLABEL89 Pin=2-71
Added Pin To Net: NetName=NETLABEL89 Pin=2-71
Added Pin To Net: NetName=NETLABEL89 Pin=2-71
Added Pin To Net: NetName=NETLABEL89 Pin=2-71
Added Pin To Net: NetName=NETLABEL89 Pin=2-71
Added Pin To Net: NetName=NETLABEL89 Pin=2-71
Added Pin To Net: NetName=NETLABEL89 Pin=2-71
Added Pin To Net: NetName=NETLABEL89 Pin=2-71
Added Pin To Net: NetName=NETLABEL89 Pin=2-71
Added Pin To Net: NetName=NETLABEL89 Pin=2-71
Added Pin To Net: NetName=NETLABEL89 Pin=2-71
Added Pin To Net: NetName=NETLABEL89 Pin=2-71
Added Pin To Net: NetName=NETLABEL89 Pin=2-71
Added Pin To Net: NetName=NETLABEL89 Pin=2-71
Added Pin To Net: NetName=NETLABEL89 Pin=2-71
Added Pin To Net: NetName=NETLABEL89 Pin=2-71
Added Pin To Net: NetName=NETLABEL89 Pin=2-71
Added Pin To Net: NetName=NETLABEL89 Pin=2-71
Added Pin To Net: NetName=NETLABEL89 Pin=2-71
Added Pin To Net: NetName=NETLABEL89 Pin=2-71
Added Pin To Net: NetName=NETLABEL89 Pin=2-71
Added Pin To Net: NetName=NETLABEL89 Pin=2-71
Added Pin To Net: NetName=NETLABEL89 Pin=2-71
Added Pin To Net: NetName=NETLABEL89 Pin=2-71
Added Pin To Net: NetName=NETLABEL89 Pin=2-71
Added Pin To Net: NetName=NETLABEL89 Pin=2-71
Added Pin To Net: NetName=NETLABEL89 Pin=2-71
Added Pin To Net: NetName=NETLABEL89 Pin=2-71
Added Pin To Net: NetName=NETLABEL89 Pin=2-71
Added Pin To Net: NetName=NETLABEL89 Pin=2-71
Added Pin To Net: NetName=NETLABEL89 Pin=2-71
Added Pin To Net: NetName=NETLABEL89 Pin=2-71
Added Pin To Net: NetName=NETLABEL89 Pin=2-71
Added Pin To Net: NetName=NETLABEL89 Pin=2-71
Added Pin To Net: NetName=NETLABEL89 Pin=2-71
Added Pin To Net: NetName=NETLABEL89 Pin=2-71
Added Pin To Net: NetName=NETLABEL89 Pin=2-71
Added Pin To Net: NetName=NETLABEL89 Pin=2-71
Added Pin To Net: NetName=NETLABEL89 Pin=2-71
Added Pin To Net: NetName=NETLABEL89 Pin=2-71
Added Pin To Net: NetName=NETLABEL89 Pin=2-71
Added Pin To Net: NetName=NETLABEL89 Pin=2-71
Added Pin To Net: NetName=NETLABEL89 Pin=2-71
Added Pin To Net: NetName=NETLABEL89 Pin=2-71
Added Pin To Net: NetName=NETLABEL89 Pin=2-71
Added Pin To Net: NetName=NETLABEL89 Pin=2-71
Added Pin To Net: NetName=NETLABEL89 Pin=2-71
Added Pin To Net: NetName=NETLABEL89 Pin=2-71
Added Pin To Net: NetName=NETLABEL89 Pin=2-71
Added Net: Name=NETLABEL89
Added Pin To Net: NetName=NETLABEL90 Pin=2-70
Added Pin To Net: NetName=NETLABEL90 Pin=2-70
Added Pin To Net: NetName=NETLABEL90 Pin=2-70
Added Pin To Net: NetName=NETLABEL90 Pin=2-70
Added Pin To Net: NetName=NETLABEL90 Pin=2-70
Added Pin To Net: NetName=NETLABEL90 Pin=2-70
Added Pin To Net: NetName=NETLABEL90 Pin=2-70
Added Pin To Net: NetName=NETLABEL90 Pin=2-70
Added Pin To Net: NetName=NETLABEL90 Pin=2-70
Added Pin To Net: NetName=NETLABEL90 Pin=2-70
Added Pin To Net: NetName=NETLABEL90 Pin=2-70
Added Pin To Net: NetName=NETLABEL90 Pin=2-70
Added Pin To Net: NetName=NETLABEL90 Pin=2-70
Added Pin To Net: NetName=NETLABEL90 Pin=2-70
Added Pin To Net: NetName=NETLABEL90 Pin=2-70
Added Pin To Net: NetName=NETLABEL90 Pin=2-70
Added Pin To Net: NetName=NETLABEL90 Pin=2-70
Added Pin To Net: NetName=NETLABEL90 Pin=2-70
Added Pin To Net: NetName=NETLABEL90 Pin=2-70
Added Pin To Net: NetName=NETLABEL90 Pin=2-70
Added Pin To Net: NetName=NETLABEL90 Pin=2-70
Added Pin To Net: NetName=NETLABEL90 Pin=2-70
Added Pin To Net: NetName=NETLABEL90 Pin=2-70
Added Pin To Net: NetName=NETLABEL90 Pin=2-70
Added Pin To Net: NetName=NETLABEL90 Pin=2-70
Added Pin To Net: NetName=NETLABEL90 Pin=2-70
Added Pin To Net: NetName=NETLABEL90 Pin=2-70
Added Pin To Net: NetName=NETLABEL90 Pin=2-70
Added Pin To Net: NetName=NETLABEL90 Pin=2-70
Added Pin To Net: NetName=NETLABEL90 Pin=2-70
Added Pin To Net: NetName=NETLABEL90 Pin=2-70
Added Pin To Net: NetName=NETLABEL90 Pin=2-70
Added Pin To Net: NetName=NETLABEL90 Pin=2-70
Added Pin To Net: NetName=NETLABEL90 Pin=2-70
Added Pin To Net: NetName=NETLABEL90 Pin=2-70
Added Pin To Net: NetName=NETLABEL90 Pin=2-70
Added Pin To Net: NetName=NETLABEL90 Pin=2-70
Added Pin To Net: NetName=NETLABEL90 Pin=2-70
Added Pin To Net: NetName=NETLABEL90 Pin=2-70
Added Pin To Net: NetName=NETLABEL90 Pin=2-70
Added Pin To Net: NetName=NETLABEL90 Pin=2-70
Added Pin To Net: NetName=NETLABEL90 Pin=2-70
Added Pin To Net: NetName=NETLABEL90 Pin=2-70
Added Pin To Net: NetName=NETLABEL90 Pin=2-70
Added Pin To Net: NetName=NETLABEL90 Pin=2-70
Added Pin To Net: NetName=NETLABEL90 Pin=2-70
Added Pin To Net: NetName=NETLABEL90 Pin=2-70
Added Pin To Net: NetName=NETLABEL90 Pin=2-70
Added Pin To Net: NetName=NETLABEL90 Pin=2-70
Added Pin To Net: NetName=NETLABEL90 Pin=2-70
Added Pin To Net: NetName=NETLABEL90 Pin=2-70
Added Pin To Net: NetName=NETLABEL90 Pin=2-70
Added Pin To Net: NetName=NETLABEL90 Pin=2-70
Added Pin To Net: NetName=NETLABEL90 Pin=2-70
Added Pin To Net: NetName=NETLABEL90 Pin=2-70
Added Pin To Net: NetName=NETLABEL90 Pin=2-70
Added Pin To Net: NetName=NETLABEL90 Pin=2-70
Added Pin To Net: NetName=NETLABEL90 Pin=2-70
Added Pin To Net: NetName=NETLABEL90 Pin=2-70
Added Pin To Net: NetName=NETLABEL90 Pin=2-70
Added Pin To Net: NetName=NETLABEL90 Pin=2-70
Added Pin To Net: NetName=NETLABEL90 Pin=2-70
Added Pin To Net: NetName=NETLABEL90 Pin=2-70
Added Pin To Net: NetName=NETLABEL90 Pin=2-70
Added Net: Name=NETLABEL90
Added Pin To Net: NetName=NETLABEL91 Pin=2-69
Added Pin To Net: NetName=NETLABEL91 Pin=2-69
Added Pin To Net: NetName=NETLABEL91 Pin=2-69
Added Pin To Net: NetName=NETLABEL91 Pin=2-69
Added Pin To Net: NetName=NETLABEL91 Pin=2-69
Added Pin To Net: NetName=NETLABEL91 Pin=2-69
Added Pin To Net: NetName=NETLABEL91 Pin=2-69
Added Pin To Net: NetName=NETLABEL91 Pin=2-69
Added Pin To Net: NetName=NETLABEL91 Pin=2-69
Added Pin To Net: NetName=NETLABEL91 Pin=2-69
Added Pin To Net: NetName=NETLABEL91 Pin=2-69
Added Pin To Net: NetName=NETLABEL91 Pin=2-69
Added Pin To Net: NetName=NETLABEL91 Pin=2-69
Added Pin To Net: NetName=NETLABEL91 Pin=2-69
Added Pin To Net: NetName=NETLABEL91 Pin=2-69
Added Pin To Net: NetName=NETLABEL91 Pin=2-69
Added Pin To Net: NetName=NETLABEL91 Pin=2-69
Added Pin To Net: NetName=NETLABEL91 Pin=2-69
Added Pin To Net: NetName=NETLABEL91 Pin=2-69
Added Pin To Net: NetName=NETLABEL91 Pin=2-69
Added Pin To Net: NetName=NETLABEL91 Pin=2-69
Added Pin To Net: NetName=NETLABEL91 Pin=2-69
Added Pin To Net: NetName=NETLABEL91 Pin=2-69
Added Pin To Net: NetName=NETLABEL91 Pin=2-69
Added Pin To Net: NetName=NETLABEL91 Pin=2-69
Added Pin To Net: NetName=NETLABEL91 Pin=2-69
Added Pin To Net: NetName=NETLABEL91 Pin=2-69
Added Pin To Net: NetName=NETLABEL91 Pin=2-69
Added Pin To Net: NetName=NETLABEL91 Pin=2-69
Added Pin To Net: NetName=NETLABEL91 Pin=2-69
Added Pin To Net: NetName=NETLABEL91 Pin=2-69
Added Pin To Net: NetName=NETLABEL91 Pin=2-69
Added Pin To Net: NetName=NETLABEL91 Pin=2-69
Added Pin To Net: NetName=NETLABEL91 Pin=2-69
Added Pin To Net: NetName=NETLABEL91 Pin=2-69
Added Pin To Net: NetName=NETLABEL91 Pin=2-69
Added Pin To Net: NetName=NETLABEL91 Pin=2-69
Added Pin To Net: NetName=NETLABEL91 Pin=2-69
Added Pin To Net: NetName=NETLABEL91 Pin=2-69
Added Pin To Net: NetName=NETLABEL91 Pin=2-69
Added Pin To Net: NetName=NETLABEL91 Pin=2-69
Added Pin To Net: NetName=NETLABEL91 Pin=2-69
Added Pin To Net: NetName=NETLABEL91 Pin=2-69
Added Pin To Net: NetName=NETLABEL91 Pin=2-69
Added Pin To Net: NetName=NETLABEL91 Pin=2-69
Added Pin To Net: NetName=NETLABEL91 Pin=2-69
Added Pin To Net: NetName=NETLABEL91 Pin=2-69
Added Pin To Net: NetName=NETLABEL91 Pin=2-69
Added Pin To Net: NetName=NETLABEL91 Pin=2-69
Added Pin To Net: NetName=NETLABEL91 Pin=2-69
Added Pin To Net: NetName=NETLABEL91 Pin=2-69
Added Pin To Net: NetName=NETLABEL91 Pin=2-69
Added Pin To Net: NetName=NETLABEL91 Pin=2-69
Added Pin To Net: NetName=NETLABEL91 Pin=2-69
Added Pin To Net: NetName=NETLABEL91 Pin=2-69
Added Pin To Net: NetName=NETLABEL91 Pin=2-69
Added Pin To Net: NetName=NETLABEL91 Pin=2-69
Added Pin To Net: NetName=NETLABEL91 Pin=2-69
Added Pin To Net: NetName=NETLABEL91 Pin=2-69
Added Pin To Net: NetName=NETLABEL91 Pin=2-69
Added Pin To Net: NetName=NETLABEL91 Pin=2-69
Added Pin To Net: NetName=NETLABEL91 Pin=2-69
Added Pin To Net: NetName=NETLABEL91 Pin=2-69
Added Pin To Net: NetName=NETLABEL91 Pin=2-69
Added Net: Name=NETLABEL91
Added Pin To Net: NetName=NETLABEL92 Pin=2-68
Added Pin To Net: NetName=NETLABEL92 Pin=2-68
Added Pin To Net: NetName=NETLABEL92 Pin=2-68
Added Pin To Net: NetName=NETLABEL92 Pin=2-68
Added Pin To Net: NetName=NETLABEL92 Pin=2-68
Added Pin To Net: NetName=NETLABEL92 Pin=2-68
Added Pin To Net: NetName=NETLABEL92 Pin=2-68
Added Pin To Net: NetName=NETLABEL92 Pin=2-68
Added Pin To Net: NetName=NETLABEL92 Pin=2-68
Added Pin To Net: NetName=NETLABEL92 Pin=2-68
Added Pin To Net: NetName=NETLABEL92 Pin=2-68
Added Pin To Net: NetName=NETLABEL92 Pin=2-68
Added Pin To Net: NetName=NETLABEL92 Pin=2-68
Added Pin To Net: NetName=NETLABEL92 Pin=2-68
Added Pin To Net: NetName=NETLABEL92 Pin=2-68
Added Pin To Net: NetName=NETLABEL92 Pin=2-68
Added Pin To Net: NetName=NETLABEL92 Pin=2-68
Added Pin To Net: NetName=NETLABEL92 Pin=2-68
Added Pin To Net: NetName=NETLABEL92 Pin=2-68
Added Pin To Net: NetName=NETLABEL92 Pin=2-68
Added Pin To Net: NetName=NETLABEL92 Pin=2-68
Added Pin To Net: NetName=NETLABEL92 Pin=2-68
Added Pin To Net: NetName=NETLABEL92 Pin=2-68
Added Pin To Net: NetName=NETLABEL92 Pin=2-68
Added Pin To Net: NetName=NETLABEL92 Pin=2-68
Added Pin To Net: NetName=NETLABEL92 Pin=2-68
Added Pin To Net: NetName=NETLABEL92 Pin=2-68
Added Pin To Net: NetName=NETLABEL92 Pin=2-68
Added Pin To Net: NetName=NETLABEL92 Pin=2-68
Added Pin To Net: NetName=NETLABEL92 Pin=2-68
Added Pin To Net: NetName=NETLABEL92 Pin=2-68
Added Pin To Net: NetName=NETLABEL92 Pin=2-68
Added Pin To Net: NetName=NETLABEL92 Pin=2-68
Added Pin To Net: NetName=NETLABEL92 Pin=2-68
Added Pin To Net: NetName=NETLABEL92 Pin=2-68
Added Pin To Net: NetName=NETLABEL92 Pin=2-68
Added Pin To Net: NetName=NETLABEL92 Pin=2-68
Added Pin To Net: NetName=NETLABEL92 Pin=2-68
Added Pin To Net: NetName=NETLABEL92 Pin=2-68
Added Pin To Net: NetName=NETLABEL92 Pin=2-68
Added Pin To Net: NetName=NETLABEL92 Pin=2-68
Added Pin To Net: NetName=NETLABEL92 Pin=2-68
Added Pin To Net: NetName=NETLABEL92 Pin=2-68
Added Pin To Net: NetName=NETLABEL92 Pin=2-68
Added Pin To Net: NetName=NETLABEL92 Pin=2-68
Added Pin To Net: NetName=NETLABEL92 Pin=2-68
Added Pin To Net: NetName=NETLABEL92 Pin=2-68
Added Pin To Net: NetName=NETLABEL92 Pin=2-68
Added Pin To Net: NetName=NETLABEL92 Pin=2-68
Added Pin To Net: NetName=NETLABEL92 Pin=2-68
Added Pin To Net: NetName=NETLABEL92 Pin=2-68
Added Pin To Net: NetName=NETLABEL92 Pin=2-68
Added Pin To Net: NetName=NETLABEL92 Pin=2-68
Added Pin To Net: NetName=NETLABEL92 Pin=2-68
Added Pin To Net: NetName=NETLABEL92 Pin=2-68
Added Pin To Net: NetName=NETLABEL92 Pin=2-68
Added Pin To Net: NetName=NETLABEL92 Pin=2-68
Added Pin To Net: NetName=NETLABEL92 Pin=2-68
Added Pin To Net: NetName=NETLABEL92 Pin=2-68
Added Pin To Net: NetName=NETLABEL92 Pin=2-68
Added Pin To Net: NetName=NETLABEL92 Pin=2-68
Added Pin To Net: NetName=NETLABEL92 Pin=2-68
Added Pin To Net: NetName=NETLABEL92 Pin=2-68
Added Pin To Net: NetName=NETLABEL92 Pin=2-68
Added Net: Name=NETLABEL92
Added Pin To Net: NetName=NETLABEL93 Pin=2-67
Added Pin To Net: NetName=NETLABEL93 Pin=2-67
Added Pin To Net: NetName=NETLABEL93 Pin=2-67
Added Pin To Net: NetName=NETLABEL93 Pin=2-67
Added Pin To Net: NetName=NETLABEL93 Pin=2-67
Added Pin To Net: NetName=NETLABEL93 Pin=2-67
Added Pin To Net: NetName=NETLABEL93 Pin=2-67
Added Pin To Net: NetName=NETLABEL93 Pin=2-67
Added Pin To Net: NetName=NETLABEL93 Pin=2-67
Added Pin To Net: NetName=NETLABEL93 Pin=2-67
Added Pin To Net: NetName=NETLABEL93 Pin=2-67
Added Pin To Net: NetName=NETLABEL93 Pin=2-67
Added Pin To Net: NetName=NETLABEL93 Pin=2-67
Added Pin To Net: NetName=NETLABEL93 Pin=2-67
Added Pin To Net: NetName=NETLABEL93 Pin=2-67
Added Pin To Net: NetName=NETLABEL93 Pin=2-67
Added Pin To Net: NetName=NETLABEL93 Pin=2-67
Added Pin To Net: NetName=NETLABEL93 Pin=2-67
Added Pin To Net: NetName=NETLABEL93 Pin=2-67
Added Pin To Net: NetName=NETLABEL93 Pin=2-67
Added Pin To Net: NetName=NETLABEL93 Pin=2-67
Added Pin To Net: NetName=NETLABEL93 Pin=2-67
Added Pin To Net: NetName=NETLABEL93 Pin=2-67
Added Pin To Net: NetName=NETLABEL93 Pin=2-67
Added Pin To Net: NetName=NETLABEL93 Pin=2-67
Added Pin To Net: NetName=NETLABEL93 Pin=2-67
Added Pin To Net: NetName=NETLABEL93 Pin=2-67
Added Pin To Net: NetName=NETLABEL93 Pin=2-67
Added Pin To Net: NetName=NETLABEL93 Pin=2-67
Added Pin To Net: NetName=NETLABEL93 Pin=2-67
Added Pin To Net: NetName=NETLABEL93 Pin=2-67
Added Pin To Net: NetName=NETLABEL93 Pin=2-67
Added Pin To Net: NetName=NETLABEL93 Pin=2-67
Added Pin To Net: NetName=NETLABEL93 Pin=2-67
Added Pin To Net: NetName=NETLABEL93 Pin=2-67
Added Pin To Net: NetName=NETLABEL93 Pin=2-67
Added Pin To Net: NetName=NETLABEL93 Pin=2-67
Added Pin To Net: NetName=NETLABEL93 Pin=2-67
Added Pin To Net: NetName=NETLABEL93 Pin=2-67
Added Pin To Net: NetName=NETLABEL93 Pin=2-67
Added Pin To Net: NetName=NETLABEL93 Pin=2-67
Added Pin To Net: NetName=NETLABEL93 Pin=2-67
Added Pin To Net: NetName=NETLABEL93 Pin=2-67
Added Pin To Net: NetName=NETLABEL93 Pin=2-67
Added Pin To Net: NetName=NETLABEL93 Pin=2-67
Added Pin To Net: NetName=NETLABEL93 Pin=2-67
Added Pin To Net: NetName=NETLABEL93 Pin=2-67
Added Pin To Net: NetName=NETLABEL93 Pin=2-67
Added Pin To Net: NetName=NETLABEL93 Pin=2-67
Added Pin To Net: NetName=NETLABEL93 Pin=2-67
Added Pin To Net: NetName=NETLABEL93 Pin=2-67
Added Pin To Net: NetName=NETLABEL93 Pin=2-67
Added Pin To Net: NetName=NETLABEL93 Pin=2-67
Added Pin To Net: NetName=NETLABEL93 Pin=2-67
Added Pin To Net: NetName=NETLABEL93 Pin=2-67
Added Pin To Net: NetName=NETLABEL93 Pin=2-67
Added Pin To Net: NetName=NETLABEL93 Pin=2-67
Added Pin To Net: NetName=NETLABEL93 Pin=2-67
Added Pin To Net: NetName=NETLABEL93 Pin=2-67
Added Pin To Net: NetName=NETLABEL93 Pin=2-67
Added Pin To Net: NetName=NETLABEL93 Pin=2-67
Added Pin To Net: NetName=NETLABEL93 Pin=2-67
Added Pin To Net: NetName=NETLABEL93 Pin=2-67
Added Pin To Net: NetName=NETLABEL93 Pin=2-67
Added Net: Name=NETLABEL93
Added Pin To Net: NetName=NETLABEL94 Pin=2-66
Added Pin To Net: NetName=NETLABEL94 Pin=2-66
Added Pin To Net: NetName=NETLABEL94 Pin=2-66
Added Pin To Net: NetName=NETLABEL94 Pin=2-66
Added Pin To Net: NetName=NETLABEL94 Pin=2-66
Added Pin To Net: NetName=NETLABEL94 Pin=2-66
Added Pin To Net: NetName=NETLABEL94 Pin=2-66
Added Pin To Net: NetName=NETLABEL94 Pin=2-66
Added Pin To Net: NetName=NETLABEL94 Pin=2-66
Added Pin To Net: NetName=NETLABEL94 Pin=2-66
Added Pin To Net: NetName=NETLABEL94 Pin=2-66
Added Pin To Net: NetName=NETLABEL94 Pin=2-66
Added Pin To Net: NetName=NETLABEL94 Pin=2-66
Added Pin To Net: NetName=NETLABEL94 Pin=2-66
Added Pin To Net: NetName=NETLABEL94 Pin=2-66
Added Pin To Net: NetName=NETLABEL94 Pin=2-66
Added Pin To Net: NetName=NETLABEL94 Pin=2-66
Added Pin To Net: NetName=NETLABEL94 Pin=2-66
Added Pin To Net: NetName=NETLABEL94 Pin=2-66
Added Pin To Net: NetName=NETLABEL94 Pin=2-66
Added Pin To Net: NetName=NETLABEL94 Pin=2-66
Added Pin To Net: NetName=NETLABEL94 Pin=2-66
Added Pin To Net: NetName=NETLABEL94 Pin=2-66
Added Pin To Net: NetName=NETLABEL94 Pin=2-66
Added Pin To Net: NetName=NETLABEL94 Pin=2-66
Added Pin To Net: NetName=NETLABEL94 Pin=2-66
Added Pin To Net: NetName=NETLABEL94 Pin=2-66
Added Pin To Net: NetName=NETLABEL94 Pin=2-66
Added Pin To Net: NetName=NETLABEL94 Pin=2-66
Added Pin To Net: NetName=NETLABEL94 Pin=2-66
Added Pin To Net: NetName=NETLABEL94 Pin=2-66
Added Pin To Net: NetName=NETLABEL94 Pin=2-66
Added Pin To Net: NetName=NETLABEL94 Pin=2-66
Added Pin To Net: NetName=NETLABEL94 Pin=2-66
Added Pin To Net: NetName=NETLABEL94 Pin=2-66
Added Pin To Net: NetName=NETLABEL94 Pin=2-66
Added Pin To Net: NetName=NETLABEL94 Pin=2-66
Added Pin To Net: NetName=NETLABEL94 Pin=2-66
Added Pin To Net: NetName=NETLABEL94 Pin=2-66
Added Pin To Net: NetName=NETLABEL94 Pin=2-66
Added Pin To Net: NetName=NETLABEL94 Pin=2-66
Added Pin To Net: NetName=NETLABEL94 Pin=2-66
Added Pin To Net: NetName=NETLABEL94 Pin=2-66
Added Pin To Net: NetName=NETLABEL94 Pin=2-66
Added Pin To Net: NetName=NETLABEL94 Pin=2-66
Added Pin To Net: NetName=NETLABEL94 Pin=2-66
Added Pin To Net: NetName=NETLABEL94 Pin=2-66
Added Pin To Net: NetName=NETLABEL94 Pin=2-66
Added Pin To Net: NetName=NETLABEL94 Pin=2-66
Added Pin To Net: NetName=NETLABEL94 Pin=2-66
Added Pin To Net: NetName=NETLABEL94 Pin=2-66
Added Pin To Net: NetName=NETLABEL94 Pin=2-66
Added Pin To Net: NetName=NETLABEL94 Pin=2-66
Added Pin To Net: NetName=NETLABEL94 Pin=2-66
Added Pin To Net: NetName=NETLABEL94 Pin=2-66
Added Pin To Net: NetName=NETLABEL94 Pin=2-66
Added Pin To Net: NetName=NETLABEL94 Pin=2-66
Added Pin To Net: NetName=NETLABEL94 Pin=2-66
Added Pin To Net: NetName=NETLABEL94 Pin=2-66
Added Pin To Net: NetName=NETLABEL94 Pin=2-66
Added Pin To Net: NetName=NETLABEL94 Pin=2-66
Added Pin To Net: NetName=NETLABEL94 Pin=2-66
Added Pin To Net: NetName=NETLABEL94 Pin=2-66
Added Pin To Net: NetName=NETLABEL94 Pin=2-66
Added Net: Name=NETLABEL94
Added Member To Class: ClassName=FFT_IFFT Member=Component 2 LED_3264
Added Member To Class: ClassName=FFT_IFFT Member=Component R2 470k
Added Room: Name=FFT_IFFT
