Added Component: Designator=C1(6-0805)
Added Component: Designator=C2(6-0805)
Added Component: Designator=C3(6-0805)
Added Component: Designator=C4(C0805)
Added Component: Designator=C5(C0805)
Added Component: Designator=C6(C0805)
Added Component: Designator=C7(C0805)
Added Component: Designator=C8(C0805)
Added Component: Designator=C9(C0805)
Added Component: Designator=C10(C0805)
Added Component: Designator=C11(C0805)
Added Component: Designator=C12(C0805)
Added Component: Designator=C13(C0805)
Added Component: Designator=C14(C0805)
Added Component: Designator=C15(C0805)
Added Component: Designator=C16(C0805)
Added Component: Designator=C17(C0805)
Added Component: Designator=C18(C0805)
Added Component: Designator=C19(C0805)
Added Component: Designator=C20(C0805)
Added Component: Designator=C21(C0805)
Added Component: Designator=D1(LED-0)
Added Component: Designator=D2(DO-41)
Added Component: Designator=D3(3.5X2.8X1.9)
Added Component: Designator=D4(DO-41)
Added Component: Designator=K1(MODULE5B)
Added Component: Designator=K2(MODULE5B)
Added Component: Designator=P1(HDR2X6)
Added Component: Designator=P2(MHDR1X8)
Added Component: Designator=P3(HDR1X4)
Added Component: Designator=P4(HDR1X4)
Added Component: Designator=P5(HDR1X2)
Added Component: Designator=P6(HDR2X6)
Added Component: Designator=Q1(TO-226)
Added Component: Designator=Q2(TO-220AB)
Added Component: Designator=Q3(SOT-23B)
Added Component: Designator=Q4(TO-226)
Added Component: Designator=Q5(TO-226)
Added Component: Designator=R1(2012[0805])
Added Component: Designator=R2(2012[0805])
Added Component: Designator=R3(2012[0805])
Added Component: Designator=R4(2012[0805])
Added Component: Designator=R5(SO-16)
Added Component: Designator=R6(2012[0805])
Added Component: Designator=R7(2012[0805])
Added Component: Designator=R8(2012[0805])
Added Component: Designator=R9(2012[0805])
Added Component: Designator=R10(2012[0805])
Added Component: Designator=R11(2012[0805])
Added Component: Designator=R12(2012[0805])
Added Component: Designator=R13(2012[0805])
Added Component: Designator=S1(DIP_SW_8WAY_SMD)
Added Component: Designator=S2(SPST-2)
Added Component: Designator=VR1(SOT89)
Added Component: Designator=Y1(AXIAL-0.5)
Added Pin To Net: NetName=CE Pin=P2-2
Added Net: Name=CE
Added Pin To Net: NetName=CSN Pin=P2-3
Added Net: Name=CSN
Added Pin To Net: NetName=GND Pin=C1-1
Added Pin To Net: NetName=GND Pin=C2-1
Added Pin To Net: NetName=GND Pin=C3-1
Added Pin To Net: NetName=GND Pin=C4-2
Added Pin To Net: NetName=GND Pin=C5-2
Added Pin To Net: NetName=GND Pin=C6-2
Added Pin To Net: NetName=GND Pin=C7-2
Added Pin To Net: NetName=GND Pin=C8-2
Added Pin To Net: NetName=GND Pin=C9-2
Added Pin To Net: NetName=GND Pin=C10-2
Added Pin To Net: NetName=GND Pin=C11-2
Added Pin To Net: NetName=GND Pin=C12-2
Added Pin To Net: NetName=GND Pin=C13-2
Added Pin To Net: NetName=GND Pin=C14-2
Added Pin To Net: NetName=GND Pin=C15-2
Added Pin To Net: NetName=GND Pin=C16-2
Added Pin To Net: NetName=GND Pin=C17-2
Added Pin To Net: NetName=GND Pin=C18-2
Added Pin To Net: NetName=GND Pin=C19-2
Added Pin To Net: NetName=GND Pin=C20-2
Added Pin To Net: NetName=GND Pin=C21-2
Added Pin To Net: NetName=GND Pin=D3-2
Added Pin To Net: NetName=GND Pin=P2-8
Added Pin To Net: NetName=GND Pin=P3-3
Added Pin To Net: NetName=GND Pin=P4-4
Added Pin To Net: NetName=GND Pin=P5-1
Added Pin To Net: NetName=GND Pin=Q2-3
Added Pin To Net: NetName=GND Pin=Q3-1
Added Pin To Net: NetName=GND Pin=Q4-3
Added Pin To Net: NetName=GND Pin=Q5-3
Added Pin To Net: NetName=GND Pin=R3-1
Added Pin To Net: NetName=GND Pin=R5-1
Added Pin To Net: NetName=GND Pin=R5-2
Added Pin To Net: NetName=GND Pin=R5-3
Added Pin To Net: NetName=GND Pin=R5-4
Added Pin To Net: NetName=GND Pin=R5-5
Added Pin To Net: NetName=GND Pin=R5-6
Added Pin To Net: NetName=GND Pin=R5-7
Added Pin To Net: NetName=GND Pin=R5-8
Added Pin To Net: NetName=GND Pin=R7-2
Added Pin To Net: NetName=GND Pin=R10-1
Added Pin To Net: NetName=GND Pin=R11-1
Added Pin To Net: NetName=GND Pin=R12-1
Added Pin To Net: NetName=GND Pin=S2-1
Added Pin To Net: NetName=GND Pin=VR1-2
Added Net: Name=GND
Added Pin To Net: NetName=IRQ Pin=P2-7
Added Net: Name=IRQ
Added Pin To Net: NetName=MISO Pin=P2-6
Added Net: Name=MISO
Added Pin To Net: NetName=MOSI Pin=P2-5
Added Net: Name=MOSI
Added Pin To Net: NetName=NetC1_2 Pin=C1-2
Added Pin To Net: NetName=NetC1_2 Pin=Y1-2
Added Net: Name=NetC1_2
Added Pin To Net: NetName=NetC2_2 Pin=C2-2
Added Pin To Net: NetName=NetC2_2 Pin=Y1-1
Added Net: Name=NetC2_2
Added Pin To Net: NetName=NetC3_2 Pin=C3-2
Added Pin To Net: NetName=NetC3_2 Pin=R13-1
Added Pin To Net: NetName=NetC3_2 Pin=S2-2
Added Net: Name=NetC3_2
Added Pin To Net: NetName=NetD1_2 Pin=D1-2
Added Pin To Net: NetName=NetD1_2 Pin=Q2-2
Added Net: Name=NetD1_2
Added Pin To Net: NetName=NetD2_1 Pin=D2-1
Added Pin To Net: NetName=NetD2_1 Pin=K1-5
Added Pin To Net: NetName=NetD2_1 Pin=Q4-1
Added Net: Name=NetD2_1
Added Pin To Net: NetName=NetD3_1 Pin=D3-1
Added Pin To Net: NetName=NetD3_1 Pin=R6-2
Added Net: Name=NetD3_1
Added Pin To Net: NetName=NetD4_1 Pin=D4-1
Added Pin To Net: NetName=NetD4_1 Pin=K2-5
Added Pin To Net: NetName=NetD4_1 Pin=Q5-1
Added Net: Name=NetD4_1
Added Pin To Net: NetName=NetK1_1 Pin=K1-1
Added Pin To Net: NetName=NetK1_1 Pin=P1-5
Added Pin To Net: NetName=NetK1_1 Pin=P1-6
Added Pin To Net: NetName=NetK1_1 Pin=P1-7
Added Pin To Net: NetName=NetK1_1 Pin=P1-8
Added Net: Name=NetK1_1
Added Pin To Net: NetName=NetK1_2 Pin=K1-2
Added Pin To Net: NetName=NetK1_2 Pin=P1-1
Added Pin To Net: NetName=NetK1_2 Pin=P1-2
Added Pin To Net: NetName=NetK1_2 Pin=P1-3
Added Pin To Net: NetName=NetK1_2 Pin=P1-4
Added Net: Name=NetK1_2
Added Pin To Net: NetName=NetK1_3 Pin=K1-3
Added Pin To Net: NetName=NetK1_3 Pin=P1-9
Added Pin To Net: NetName=NetK1_3 Pin=P1-10
Added Pin To Net: NetName=NetK1_3 Pin=P1-11
Added Pin To Net: NetName=NetK1_3 Pin=P1-12
Added Net: Name=NetK1_3
Added Pin To Net: NetName=NetK2_1 Pin=K2-1
Added Pin To Net: NetName=NetK2_1 Pin=P6-5
Added Pin To Net: NetName=NetK2_1 Pin=P6-6
Added Pin To Net: NetName=NetK2_1 Pin=P6-7
Added Pin To Net: NetName=NetK2_1 Pin=P6-8
Added Net: Name=NetK2_1
Added Pin To Net: NetName=NetK2_2 Pin=K2-2
Added Pin To Net: NetName=NetK2_2 Pin=P6-1
Added Pin To Net: NetName=NetK2_2 Pin=P6-2
Added Pin To Net: NetName=NetK2_2 Pin=P6-3
Added Pin To Net: NetName=NetK2_2 Pin=P6-4
Added Net: Name=NetK2_2
Added Pin To Net: NetName=NetK2_3 Pin=K2-3
Added Pin To Net: NetName=NetK2_3 Pin=P6-9
Added Pin To Net: NetName=NetK2_3 Pin=P6-10
Added Pin To Net: NetName=NetK2_3 Pin=P6-11
Added Pin To Net: NetName=NetK2_3 Pin=P6-12
Added Net: Name=NetK2_3
Added Pin To Net: NetName=NetP3_1 Pin=P3-1
Added Net: Name=NetP3_1
Added Pin To Net: NetName=NetP3_2 Pin=P3-2
Added Net: Name=NetP3_2
Added Pin To Net: NetName=NetP4_2 Pin=P4-2
Added Pin To Net: NetName=NetP4_2 Pin=R8-1
Added Pin To Net: NetName=NetP4_2 Pin=R9-2
Added Net: Name=NetP4_2
Added Pin To Net: NetName=NetP5_2 Pin=P5-2
Added Pin To Net: NetName=NetP5_2 Pin=VR1-1
Added Net: Name=NetP5_2
Added Pin To Net: NetName=NetQ1_2 Pin=Q1-2
Added Pin To Net: NetName=NetQ1_2 Pin=Q3-2
Added Pin To Net: NetName=NetQ1_2 Pin=R1-2
Added Net: Name=NetQ1_2
Added Pin To Net: NetName=NetQ1_3 Pin=Q1-3
Added Pin To Net: NetName=NetQ1_3 Pin=Q3-3
Added Pin To Net: NetName=NetQ1_3 Pin=R2-1
Added Net: Name=NetQ1_3
Added Pin To Net: NetName=NetQ2_1 Pin=Q2-1
Added Pin To Net: NetName=NetQ2_1 Pin=R2-2
Added Pin To Net: NetName=NetQ2_1 Pin=R3-2
Added Net: Name=NetQ2_1
Added Pin To Net: NetName=NetQ4_2 Pin=Q4-2
Added Pin To Net: NetName=NetQ4_2 Pin=Q5-2
Added Pin To Net: NetName=NetQ4_2 Pin=R4-2
Added Net: Name=NetQ4_2
Added Pin To Net: NetName=NetR1_1 Pin=R1-1
Added Pin To Net: NetName=NetR1_1 Pin=R4-1
Added Pin To Net: NetName=NetR1_1 Pin=R6-1
Added Net: Name=NetR1_1
Added Pin To Net: NetName=NetR5_9 Pin=R5-9
Added Pin To Net: NetName=NetR5_9 Pin=S1-8
Added Net: Name=NetR5_9
Added Pin To Net: NetName=NetR5_10 Pin=R5-10
Added Pin To Net: NetName=NetR5_10 Pin=S1-7
Added Net: Name=NetR5_10
Added Pin To Net: NetName=NetR5_11 Pin=R5-11
Added Pin To Net: NetName=NetR5_11 Pin=S1-6
Added Net: Name=NetR5_11
Added Pin To Net: NetName=NetR5_12 Pin=R5-12
Added Pin To Net: NetName=NetR5_12 Pin=S1-5
Added Net: Name=NetR5_12
Added Pin To Net: NetName=NetR5_13 Pin=R5-13
Added Pin To Net: NetName=NetR5_13 Pin=S1-4
Added Net: Name=NetR5_13
Added Pin To Net: NetName=NetR5_14 Pin=R5-14
Added Pin To Net: NetName=NetR5_14 Pin=S1-3
Added Net: Name=NetR5_14
Added Pin To Net: NetName=NetR5_15 Pin=R5-15
Added Pin To Net: NetName=NetR5_15 Pin=S1-2
Added Net: Name=NetR5_15
Added Pin To Net: NetName=NetR5_16 Pin=R5-16
Added Pin To Net: NetName=NetR5_16 Pin=S1-1
Added Net: Name=NetR5_16
Added Pin To Net: NetName=NetR7_1 Pin=R7-1
Added Net: Name=NetR7_1
Added Pin To Net: NetName=NetR9_1 Pin=R9-1
Added Net: Name=NetR9_1
Added Pin To Net: NetName=NetR10_2 Pin=R10-2
Added Net: Name=NetR10_2
Added Pin To Net: NetName=NetR11_2 Pin=R11-2
Added Net: Name=NetR11_2
Added Pin To Net: NetName=NetR12_2 Pin=R12-2
Added Net: Name=NetR12_2
Added Pin To Net: NetName=NetS1_9 Pin=S1-9
Added Net: Name=NetS1_9
Added Pin To Net: NetName=NetS1_10 Pin=S1-10
Added Net: Name=NetS1_10
Added Pin To Net: NetName=NetS1_11 Pin=S1-11
Added Net: Name=NetS1_11
Added Pin To Net: NetName=NetS1_12 Pin=S1-12
Added Net: Name=NetS1_12
Added Pin To Net: NetName=NetS1_13 Pin=S1-13
Added Net: Name=NetS1_13
Added Pin To Net: NetName=NetS1_14 Pin=S1-14
Added Net: Name=NetS1_14
Added Pin To Net: NetName=NetS1_15 Pin=S1-15
Added Net: Name=NetS1_15
Added Pin To Net: NetName=NetS1_16 Pin=S1-16
Added Net: Name=NetS1_16
Added Pin To Net: NetName=SCK Pin=P2-4
Added Net: Name=SCK
Added Pin To Net: NetName=VCC Pin=C4-1
Added Pin To Net: NetName=VCC Pin=C5-1
Added Pin To Net: NetName=VCC Pin=C6-1
Added Pin To Net: NetName=VCC Pin=C7-1
Added Pin To Net: NetName=VCC Pin=C8-1
Added Pin To Net: NetName=VCC Pin=C9-1
Added Pin To Net: NetName=VCC Pin=C10-1
Added Pin To Net: NetName=VCC Pin=C11-1
Added Pin To Net: NetName=VCC Pin=C12-1
Added Pin To Net: NetName=VCC Pin=C13-1
Added Pin To Net: NetName=VCC Pin=C14-1
Added Pin To Net: NetName=VCC Pin=C15-1
Added Pin To Net: NetName=VCC Pin=C16-1
Added Pin To Net: NetName=VCC Pin=C17-1
Added Pin To Net: NetName=VCC Pin=C18-1
Added Pin To Net: NetName=VCC Pin=C19-1
Added Pin To Net: NetName=VCC Pin=C20-1
Added Pin To Net: NetName=VCC Pin=C21-1
Added Pin To Net: NetName=VCC Pin=D1-1
Added Pin To Net: NetName=VCC Pin=D2-2
Added Pin To Net: NetName=VCC Pin=D4-2
Added Pin To Net: NetName=VCC Pin=K1-4
Added Pin To Net: NetName=VCC Pin=K2-4
Added Pin To Net: NetName=VCC Pin=P2-1
Added Pin To Net: NetName=VCC Pin=P3-4
Added Pin To Net: NetName=VCC Pin=P4-1
Added Pin To Net: NetName=VCC Pin=Q1-1
Added Pin To Net: NetName=VCC Pin=R8-2
Added Pin To Net: NetName=VCC Pin=R13-2
Added Pin To Net: NetName=VCC Pin=VR1-3
Added Net: Name=VCC
Added Class: Name=Sheet1
Added Room: Name=Sheet1
