Change Component Footprint: Designator=C1 Old Footprint=6-0805 New Footprint=0402
Change Component Footprint: Designator=C2 Old Footprint=6-0805 New Footprint=0402
Change Component Footprint: Designator=C3 Old Footprint=6-0805 New Footprint=0402
Change Component Footprint: Designator=R6 Old Footprint=2012[0805] New Footprint=0402
Change Component Footprint: Designator=R7 Old Footprint=2012[0805] New Footprint=0402
Change Component Footprint: Designator=R9 Old Footprint=2012[0805] New Footprint=0402
Change Component Footprint: Designator=R10 Old Footprint=2012[0805] New Footprint=0402
Change Component Footprint: Designator=R11 Old Footprint=2012[0805] New Footprint=0402
Change Component Footprint: Designator=R12 Old Footprint=2012[0805] New Footprint=0402
Change Component Footprint: Designator=R13 Old Footprint=2012[0805] New Footprint=0402
Change Component Footprint: Designator=R8 Old Footprint=2012[0805] New Footprint=1005[0402]
Change Component Footprint: Designator=Y1 Old Footprint=AXIAL-0.5 New Footprint=3225[1210]
Change Component Footprint: Designator=C4 Old Footprint=C0805 New Footprint=0402
Change Component Footprint: Designator=C5 Old Footprint=C0805 New Footprint=0402
Change Component Footprint: Designator=C6 Old Footprint=C0805 New Footprint=0402
Change Component Footprint: Designator=C7 Old Footprint=C0805 New Footprint=0402
Change Component Footprint: Designator=C8 Old Footprint=C0805 New Footprint=0402
Change Component Footprint: Designator=C9 Old Footprint=C0805 New Footprint=0402
Change Component Footprint: Designator=C10 Old Footprint=C0805 New Footprint=0402
Change Component Footprint: Designator=C11 Old Footprint=C0805 New Footprint=0402
Change Component Footprint: Designator=C12 Old Footprint=C0805 New Footprint=0402
Change Component Footprint: Designator=C13 Old Footprint=C0805 New Footprint=0402
Change Component Footprint: Designator=C14 Old Footprint=C0805 New Footprint=0402
Change Component Footprint: Designator=C15 Old Footprint=C0805 New Footprint=0402
Change Component Footprint: Designator=C18 Old Footprint=C0805 New Footprint=0402
Change Component Footprint: Designator=C19 Old Footprint=C0805 New Footprint=0402
Change Component Footprint: Designator=C20 Old Footprint=C0805 New Footprint=0402
Change Component Footprint: Designator=C21 Old Footprint=C0805 New Footprint=0402
Change Component Footprint: Designator=C16 Old Footprint=C0805 New Footprint=1005[0402]
Change Component Footprint: Designator=C17 Old Footprint=C0805 New Footprint=1005[0402]
Change Component Footprint: Designator=R5 Old Footprint=SO-16 New Footprint=EXB2HV
Change Component Footprint: Designator=S2 Old Footprint=SPST-2 New Footprint=5025[2010]
Change Component Kind : Designator=VR1 Old Kind=Standard New Kind=Net Tie
Change Component Kind : Designator=U1 Old Kind=Standard New Kind=Net Tie
Change Component Kind : Designator=R5 Old Kind=Standard New Kind=Net Tie
Change Pin Designator/Name:  Old Designator=P3-1 Old Name=1 New Designator =2 New Name=2
Change Pin Designator/Name:  Old Designator=P3-2 Old Name=2 New Designator =1 New Name=1
Change Pin Designator/Name:  Old Designator=P5-2 Old Name=2 New Designator =2 New Name=2
