Change Component Designator: Old Designator=*1 New Designator=*2
Change Component Designator: Old Designator=*2 New Designator=*3
Change Component Designator: Old Designator=*3 New Designator=*4
Change Component Designator: Old Designator=*4 New Designator=*5
Change Component Designator: Old Designator=*5 New Designator=*6
Change Component Designator: Old Designator=*6 New Designator=*7
Change Component Designator: Old Designator=*7 New Designator=*8
Change Component Designator: Old Designator=*8 New Designator=*9
Change Component Designator: Old Designator=*9 New Designator=*10
Change Component Designator: Old Designator=*10 New Designator=*11
Change Component Designator: Old Designator=*11 New Designator=*12
Change Component Designator: Old Designator=*12 New Designator=*13
Change Component Designator: Old Designator=*13 New Designator=*14
Change Component Designator: Old Designator=*14 New Designator=*15
Change Component Designator: Old Designator=*15 New Designator=*16
Change Component Designator: Old Designator=*16 New Designator=*17
Change Component Designator: Old Designator=* New Designator=*1
Change Component Designator: Old Designator=20R New Designator=13
Change Component Designator: Old Designator=20R New Designator=14
Change Component Designator: Old Designator=20R New Designator=15
Change Component Designator: Old Designator=20R New Designator=16
Change Component Designator: Old Designator=20R New Designator=25
Change Component Designator: Old Designator=20R New Designator=26
Change Component Designator: Old Designator=20R New Designator=27
Change Component Designator: Old Designator=20R New Designator=28
Change Component Designator: Old Designator=20R New Designator=45
Change Component Designator: Old Designator=20R New Designator=46
Change Component Designator: Old Designator=20R New Designator=47
Change Component Designator: Old Designator=20R New Designator=48
Change Component Designator: Old Designator=20R New Designator=60
Change Component Designator: Old Designator=20R New Designator=61
Change Component Designator: Old Designator=20R New Designator=62
Change Component Designator: Old Designator=20R New Designator=63
Change Component Designator: Old Designator=74AC138_ New Designator=57
Change Component Designator: Old Designator=74AC138_ New Designator=58
Change Component Designator: Old Designator=74AC138_ New Designator=59
Change Component Designator: Old Designator=74LVTH574_ New Designator=1
Change Component Designator: Old Designator=74LVTH574_ New Designator=2
Change Component Designator: Old Designator=74LVTH574_ New Designator=3
Change Component Designator: Old Designator=74LVTH574_ New Designator=4
Change Component Designator: Old Designator=74LVTH574_ New Designator=5
Change Component Designator: Old Designator=74LVTH574_ New Designator=6
Change Component Designator: Old Designator=74LVTH574_ New Designator=7
Change Component Designator: Old Designator=74LVTH574_ New Designator=8
Change Component Designator: Old Designator=74LVTH574_ New Designator=33
Change Component Designator: Old Designator=74LVTH574_ New Designator=34
Change Component Designator: Old Designator=74LVTH574_ New Designator=35
Change Component Designator: Old Designator=74LVTH574_ New Designator=36
Change Component Designator: Old Designator=74LVTH574_ New Designator=37
Change Component Designator: Old Designator=74LVTH574_ New Designator=38
Change Component Designator: Old Designator=74LVTH574_ New Designator=39
Change Component Designator: Old Designator=74LVTH574_ New Designator=40
Change Component Designator: Old Designator=104C New Designator=17
Change Component Designator: Old Designator=104C New Designator=18
Change Component Designator: Old Designator=104C New Designator=19
Change Component Designator: Old Designator=104C New Designator=20
Change Component Designator: Old Designator=104C New Designator=29
Change Component Designator: Old Designator=104C New Designator=30
Change Component Designator: Old Designator=104C New Designator=31
Change Component Designator: Old Designator=104C New Designator=32
Change Component Designator: Old Designator=104C New Designator=49
Change Component Designator: Old Designator=104C New Designator=50
Change Component Designator: Old Designator=104C New Designator=51
Change Component Designator: Old Designator=104C New Designator=52
Change Component Designator: Old Designator=104C New Designator=64
Change Component Designator: Old Designator=104C New Designator=65
Change Component Designator: Old Designator=104C New Designator=66
Change Component Designator: Old Designator=104C New Designator=67
Change Component Designator: Old Designator=104C New Designator=68
Change Component Designator: Old Designator=104C New Designator=69
Change Component Designator: Old Designator=104C New Designator=70
Change Component Designator: Old Designator=104C New Designator=71
Change Component Designator: Old Designator=104C New Designator=72
Change Component Designator: Old Designator=104C New Designator=73
Change Component Designator: Old Designator=104C New Designator=74
Change Component Designator: Old Designator=104C New Designator=75
Change Component Designator: Old Designator=104C New Designator=76
Change Component Designator: Old Designator=104C New Designator=77
Change Component Designator: Old Designator=104C New Designator=78
Change Component Designator: Old Designator=104C New Designator=79
Change Component Designator: Old Designator=104C New Designator=80
Change Component Designator: Old Designator=104C New Designator=81
Change Component Designator: Old Designator=104C New Designator=82
Change Component Designator: Old Designator=104C New Designator=83
Change Component Designator: Old Designator=104C New Designator=84
Change Component Designator: Old Designator=104C New Designator=85
Change Component Designator: Old Designator=104C New Designator=86
Change Component Designator: Old Designator=104C New Designator=87
Change Component Designator: Old Designator=104C New Designator=88
Change Component Designator: Old Designator=104C New Designator=89
Change Component Designator: Old Designator=104C New Designator=90
Change Component Designator: Old Designator=104C New Designator=91
Change Component Designator: Old Designator=104C New Designator=92
Change Component Designator: Old Designator=104C New Designator=93
Change Component Designator: Old Designator=104C New Designator=94
Change Component Designator: Old Designator=104C New Designator=95
Change Component Designator: Old Designator=104C New Designator=96
Change Component Designator: Old Designator=560R New Designator=9
Change Component Designator: Old Designator=560R New Designator=10
Change Component Designator: Old Designator=560R New Designator=11
Change Component Designator: Old Designator=560R New Designator=12
Change Component Designator: Old Designator=560R New Designator=21
Change Component Designator: Old Designator=560R New Designator=22
Change Component Designator: Old Designator=560R New Designator=23
Change Component Designator: Old Designator=560R New Designator=24
Change Component Designator: Old Designator=560R New Designator=41
Change Component Designator: Old Designator=560R New Designator=42
Change Component Designator: Old Designator=560R New Designator=43
Change Component Designator: Old Designator=560R New Designator=44
Change Component Designator: Old Designator=560R New Designator=53
Change Component Designator: Old Designator=560R New Designator=54
Change Component Designator: Old Designator=560R New Designator=55
Change Component Designator: Old Designator=560R New Designator=56
