Change Component Designator: Old Designator=*65 New Designator=*1
Change Component Designator: Old Designator=* New Designator=*2
Change Component Designator: Old Designator=* New Designator=*3
Change Component Designator: Old Designator=* New Designator=*4
Change Component Designator: Old Designator=* New Designator=*5
Change Component Designator: Old Designator=* New Designator=*6
Change Component Designator: Old Designator=* New Designator=*7
Change Component Designator: Old Designator=* New Designator=*8
Change Component Designator: Old Designator=* New Designator=*9
Change Component Designator: Old Designator=* New Designator=*10
Change Component Designator: Old Designator=* New Designator=*11
Change Component Designator: Old Designator=* New Designator=*12
Change Component Designator: Old Designator=* New Designator=*13
Change Component Designator: Old Designator=* New Designator=*14
Change Component Designator: Old Designator=* New Designator=*15
Change Component Designator: Old Designator=68 New Designator=7
Change Component Designator: Old Designator=68 New Designator=18
Change Component Designator: Old Designator=69 New Designator=8
Change Component Designator: Old Designator=69 New Designator=19
Change Component Designator: Old Designator=70 New Designator=9
Change Component Designator: Old Designator=70 New Designator=20
Change Component Designator: Old Designator=71 New Designator=10
Change Component Designator: Old Designator=71 New Designator=21
Change Component Designator: Old Designator=72 New Designator=11
Change Component Designator: Old Designator=72 New Designator=22
Change Component Designator: Old Designator=73 New Designator=12
Change Component Designator: Old Designator=73 New Designator=23
Change Component Designator: Old Designator=74 New Designator=13
Change Component Designator: Old Designator=74 New Designator=24
Change Component Designator: Old Designator=75 New Designator=14
Change Component Designator: Old Designator=75 New Designator=25
Change Component Designator: Old Designator=76 New Designator=15
Change Component Designator: Old Designator=76 New Designator=26
Change Component Designator: Old Designator=77 New Designator=16
Change Component Designator: Old Designator=77 New Designator=27
Change Component Designator: Old Designator=78 New Designator=17
Change Component Designator: Old Designator=78 New Designator=28
Change Component Designator: Old Designator=79 New Designator=29
Change Component Designator: Old Designator=80 New Designator=30
Change Component Designator: Old Designator=81 New Designator=31
Change Component Designator: Old Designator=82 New Designator=32
Change Component Designator: Old Designator=83 New Designator=33
Change Component Designator: Old Designator=84 New Designator=34
Change Component Designator: Old Designator=85 New Designator=35
Change Component Designator: Old Designator=86 New Designator=36
Change Component Designator: Old Designator=87 New Designator=37
Change Component Designator: Old Designator=88 New Designator=38
Change Component Designator: Old Designator=89 New Designator=39
Change Component Designator: Old Designator=90 New Designator=40
Change Component Designator: Old Designator=91 New Designator=41
Change Component Designator: Old Designator=92 New Designator=42
Change Component Designator: Old Designator=93 New Designator=43
Change Component Designator: Old Designator=94 New Designator=44
Change Component Designator: Old Designator=95 New Designator=45
Change Component Designator: Old Designator=96 New Designator=46
Change Component Designator: Old Designator=104C New Designator=1
Change Component Designator: Old Designator=104C New Designator=2
Change Component Designator: Old Designator=104C New Designator=4
Change Component Designator: Old Designator=104C New Designator=6
Change Component Designator: Old Designator=560R New Designator=3
Change Component Designator: Old Designator=560R New Designator=5
