Replace Part *? 104 in C:\Users\Administrator\Desktop\RTOS\ÆµÆ×FFT_IFFT\Ó²¼þPCB\FFT_IFFT.SchDoc with 104 from Schlib1.SchLib
Replace Part *? 104 in C:\Users\Administrator\Desktop\RTOS\ÆµÆ×FFT_IFFT\Ó²¼þPCB\FFT_IFFT.SchDoc with 104 from Schlib1.SchLib
Replace Part *? 104 in C:\Users\Administrator\Desktop\RTOS\ÆµÆ×FFT_IFFT\Ó²¼þPCB\FFT_IFFT.SchDoc with 104 from Schlib1.SchLib
Replace Part *? 104 in C:\Users\Administrator\Desktop\RTOS\ÆµÆ×FFT_IFFT\Ó²¼þPCB\FFT_IFFT.SchDoc with 104 from Schlib1.SchLib
Replace Part *? 104 in C:\Users\Administrator\Desktop\RTOS\ÆµÆ×FFT_IFFT\Ó²¼þPCB\FFT_IFFT.SchDoc with 104 from Schlib1.SchLib
Replace Part *? 104 in C:\Users\Administrator\Desktop\RTOS\ÆµÆ×FFT_IFFT\Ó²¼þPCB\FFT_IFFT.SchDoc with 104 from Schlib1.SchLib
Replace Part *? 104 in C:\Users\Administrator\Desktop\RTOS\ÆµÆ×FFT_IFFT\Ó²¼þPCB\FFT_IFFT.SchDoc with 104 from Schlib1.SchLib
Replace Part *? 104 in C:\Users\Administrator\Desktop\RTOS\ÆµÆ×FFT_IFFT\Ó²¼þPCB\FFT_IFFT.SchDoc with 104 from Schlib1.SchLib
Replace Part *? 104 in C:\Users\Administrator\Desktop\RTOS\ÆµÆ×FFT_IFFT\Ó²¼þPCB\FFT_IFFT.SchDoc with 104 from Schlib1.SchLib
Replace Part *? 104 in C:\Users\Administrator\Desktop\RTOS\ÆµÆ×FFT_IFFT\Ó²¼þPCB\FFT_IFFT.SchDoc with 104 from Schlib1.SchLib
Replace Part *? 104 in C:\Users\Administrator\Desktop\RTOS\ÆµÆ×FFT_IFFT\Ó²¼þPCB\FFT_IFFT.SchDoc with 104 from Schlib1.SchLib
Replace Part *? 104 in C:\Users\Administrator\Desktop\RTOS\ÆµÆ×FFT_IFFT\Ó²¼þPCB\FFT_IFFT.SchDoc with 104 from Schlib1.SchLib
Replace Part *? 104 in C:\Users\Administrator\Desktop\RTOS\ÆµÆ×FFT_IFFT\Ó²¼þPCB\FFT_IFFT.SchDoc with 104 from Schlib1.SchLib
Replace Part *? 104 in C:\Users\Administrator\Desktop\RTOS\ÆµÆ×FFT_IFFT\Ó²¼þPCB\FFT_IFFT.SchDoc with 104 from Schlib1.SchLib
Replace Part *? 104 in C:\Users\Administrator\Desktop\RTOS\ÆµÆ×FFT_IFFT\Ó²¼þPCB\FFT_IFFT.SchDoc with 104 from Schlib1.SchLib
Replace Part *? 104 in C:\Users\Administrator\Desktop\RTOS\ÆµÆ×FFT_IFFT\Ó²¼þPCB\FFT_IFFT.SchDoc with 104 from Schlib1.SchLib
Replace Part *? 104 in C:\Users\Administrator\Desktop\RTOS\ÆµÆ×FFT_IFFT\Ó²¼þPCB\FFT_IFFT.SchDoc with 104 from Schlib1.SchLib
Replace Part *? 104 in C:\Users\Administrator\Desktop\RTOS\ÆµÆ×FFT_IFFT\Ó²¼þPCB\FFT_IFFT.SchDoc with 104 from Schlib1.SchLib
Replace Part *? MC74AC138 in C:\Users\Administrator\Desktop\RTOS\ÆµÆ×FFT_IFFT\Ó²¼þPCB\FFT_IFFT.SchDoc with MC74AC138 from Schlib1.SchLib
Replace Part *? MC74AC138 in C:\Users\Administrator\Desktop\RTOS\ÆµÆ×FFT_IFFT\Ó²¼þPCB\FFT_IFFT.SchDoc with MC74AC138 from Schlib1.SchLib
Replace Part *? 560Ohm in C:\Users\Administrator\Desktop\RTOS\ÆµÆ×FFT_IFFT\Ó²¼þPCB\FFT_IFFT.SchDoc with 560Ohm from Schlib1.SchLib
Replace Part *? 104 in C:\Users\Administrator\Desktop\RTOS\ÆµÆ×FFT_IFFT\Ó²¼þPCB\FFT_IFFT.SchDoc with 104 from Schlib1.SchLib
Replace Part *? 20Ohm in C:\Users\Administrator\Desktop\RTOS\ÆµÆ×FFT_IFFT\Ó²¼þPCB\FFT_IFFT.SchDoc with 20Ohm from Schlib1.SchLib
Replace Part *? AO3401 in C:\Users\Administrator\Desktop\RTOS\ÆµÆ×FFT_IFFT\Ó²¼þPCB\FFT_IFFT.SchDoc with AO3401 from Schlib1.SchLib
Replace Part *? 560Ohm in C:\Users\Administrator\Desktop\RTOS\ÆµÆ×FFT_IFFT\Ó²¼þPCB\FFT_IFFT.SchDoc with 560Ohm from Schlib1.SchLib
Replace Part *? 104 in C:\Users\Administrator\Desktop\RTOS\ÆµÆ×FFT_IFFT\Ó²¼þPCB\FFT_IFFT.SchDoc with 104 from Schlib1.SchLib
Replace Part *? 20Ohm in C:\Users\Administrator\Desktop\RTOS\ÆµÆ×FFT_IFFT\Ó²¼þPCB\FFT_IFFT.SchDoc with 20Ohm from Schlib1.SchLib
Replace Part *? AO3401 in C:\Users\Administrator\Desktop\RTOS\ÆµÆ×FFT_IFFT\Ó²¼þPCB\FFT_IFFT.SchDoc with AO3401 from Schlib1.SchLib
Replace Part *? 560Ohm in C:\Users\Administrator\Desktop\RTOS\ÆµÆ×FFT_IFFT\Ó²¼þPCB\FFT_IFFT.SchDoc with 560Ohm from Schlib1.SchLib
Replace Part *? 104 in C:\Users\Administrator\Desktop\RTOS\ÆµÆ×FFT_IFFT\Ó²¼þPCB\FFT_IFFT.SchDoc with 104 from Schlib1.SchLib
Replace Part *? 20Ohm in C:\Users\Administrator\Desktop\RTOS\ÆµÆ×FFT_IFFT\Ó²¼þPCB\FFT_IFFT.SchDoc with 20Ohm from Schlib1.SchLib
Replace Part *? AO3401 in C:\Users\Administrator\Desktop\RTOS\ÆµÆ×FFT_IFFT\Ó²¼þPCB\FFT_IFFT.SchDoc with AO3401 from Schlib1.SchLib
Replace Part *? 560Ohm in C:\Users\Administrator\Desktop\RTOS\ÆµÆ×FFT_IFFT\Ó²¼þPCB\FFT_IFFT.SchDoc with 560Ohm from Schlib1.SchLib
Replace Part *? 104 in C:\Users\Administrator\Desktop\RTOS\ÆµÆ×FFT_IFFT\Ó²¼þPCB\FFT_IFFT.SchDoc with 104 from Schlib1.SchLib
Replace Part *? 20Ohm in C:\Users\Administrator\Desktop\RTOS\ÆµÆ×FFT_IFFT\Ó²¼þPCB\FFT_IFFT.SchDoc with 20Ohm from Schlib1.SchLib
Replace Part *? AO3401 in C:\Users\Administrator\Desktop\RTOS\ÆµÆ×FFT_IFFT\Ó²¼þPCB\FFT_IFFT.SchDoc with AO3401 from Schlib1.SchLib
Replace Part *? 560Ohm in C:\Users\Administrator\Desktop\RTOS\ÆµÆ×FFT_IFFT\Ó²¼þPCB\FFT_IFFT.SchDoc with 560Ohm from Schlib1.SchLib
Replace Part *? 104 in C:\Users\Administrator\Desktop\RTOS\ÆµÆ×FFT_IFFT\Ó²¼þPCB\FFT_IFFT.SchDoc with 104 from Schlib1.SchLib
Replace Part *? 20Ohm in C:\Users\Administrator\Desktop\RTOS\ÆµÆ×FFT_IFFT\Ó²¼þPCB\FFT_IFFT.SchDoc with 20Ohm from Schlib1.SchLib
Replace Part *? AO3401 in C:\Users\Administrator\Desktop\RTOS\ÆµÆ×FFT_IFFT\Ó²¼þPCB\FFT_IFFT.SchDoc with AO3401 from Schlib1.SchLib
Replace Part *? 560Ohm in C:\Users\Administrator\Desktop\RTOS\ÆµÆ×FFT_IFFT\Ó²¼þPCB\FFT_IFFT.SchDoc with 560Ohm from Schlib1.SchLib
Replace Part *? 104 in C:\Users\Administrator\Desktop\RTOS\ÆµÆ×FFT_IFFT\Ó²¼þPCB\FFT_IFFT.SchDoc with 104 from Schlib1.SchLib
Replace Part *? 20Ohm in C:\Users\Administrator\Desktop\RTOS\ÆµÆ×FFT_IFFT\Ó²¼þPCB\FFT_IFFT.SchDoc with 20Ohm from Schlib1.SchLib
Replace Part *? AO3401 in C:\Users\Administrator\Desktop\RTOS\ÆµÆ×FFT_IFFT\Ó²¼þPCB\FFT_IFFT.SchDoc with AO3401 from Schlib1.SchLib
Replace Part *? 560Ohm in C:\Users\Administrator\Desktop\RTOS\ÆµÆ×FFT_IFFT\Ó²¼þPCB\FFT_IFFT.SchDoc with 560Ohm from Schlib1.SchLib
Replace Part *? 104 in C:\Users\Administrator\Desktop\RTOS\ÆµÆ×FFT_IFFT\Ó²¼þPCB\FFT_IFFT.SchDoc with 104 from Schlib1.SchLib
Replace Part *? 20Ohm in C:\Users\Administrator\Desktop\RTOS\ÆµÆ×FFT_IFFT\Ó²¼þPCB\FFT_IFFT.SchDoc with 20Ohm from Schlib1.SchLib
Replace Part *? AO3401 in C:\Users\Administrator\Desktop\RTOS\ÆµÆ×FFT_IFFT\Ó²¼þPCB\FFT_IFFT.SchDoc with AO3401 from Schlib1.SchLib
Replace Part *? 560Ohm in C:\Users\Administrator\Desktop\RTOS\ÆµÆ×FFT_IFFT\Ó²¼þPCB\FFT_IFFT.SchDoc with 560Ohm from Schlib1.SchLib
Replace Part *? 104 in C:\Users\Administrator\Desktop\RTOS\ÆµÆ×FFT_IFFT\Ó²¼þPCB\FFT_IFFT.SchDoc with 104 from Schlib1.SchLib
Replace Part *? 20Ohm in C:\Users\Administrator\Desktop\RTOS\ÆµÆ×FFT_IFFT\Ó²¼þPCB\FFT_IFFT.SchDoc with 20Ohm from Schlib1.SchLib
Replace Part *? AO3401 in C:\Users\Administrator\Desktop\RTOS\ÆµÆ×FFT_IFFT\Ó²¼þPCB\FFT_IFFT.SchDoc with AO3401 from Schlib1.SchLib
Replace Part *? 560Ohm in C:\Users\Administrator\Desktop\RTOS\ÆµÆ×FFT_IFFT\Ó²¼þPCB\FFT_IFFT.SchDoc with 560Ohm from Schlib1.SchLib
Replace Part *? 104 in C:\Users\Administrator\Desktop\RTOS\ÆµÆ×FFT_IFFT\Ó²¼þPCB\FFT_IFFT.SchDoc with 104 from Schlib1.SchLib
Replace Part *? 20Ohm in C:\Users\Administrator\Desktop\RTOS\ÆµÆ×FFT_IFFT\Ó²¼þPCB\FFT_IFFT.SchDoc with 20Ohm from Schlib1.SchLib
Replace Part *? AO3401 in C:\Users\Administrator\Desktop\RTOS\ÆµÆ×FFT_IFFT\Ó²¼þPCB\FFT_IFFT.SchDoc with AO3401 from Schlib1.SchLib
Replace Part *? 560Ohm in C:\Users\Administrator\Desktop\RTOS\ÆµÆ×FFT_IFFT\Ó²¼þPCB\FFT_IFFT.SchDoc with 560Ohm from Schlib1.SchLib
Replace Part *? 104 in C:\Users\Administrator\Desktop\RTOS\ÆµÆ×FFT_IFFT\Ó²¼þPCB\FFT_IFFT.SchDoc with 104 from Schlib1.SchLib
Replace Part *? 20Ohm in C:\Users\Administrator\Desktop\RTOS\ÆµÆ×FFT_IFFT\Ó²¼þPCB\FFT_IFFT.SchDoc with 20Ohm from Schlib1.SchLib
Replace Part *? AO3401 in C:\Users\Administrator\Desktop\RTOS\ÆµÆ×FFT_IFFT\Ó²¼þPCB\FFT_IFFT.SchDoc with AO3401 from Schlib1.SchLib
Replace Part *? 560Ohm in C:\Users\Administrator\Desktop\RTOS\ÆµÆ×FFT_IFFT\Ó²¼þPCB\FFT_IFFT.SchDoc with 560Ohm from Schlib1.SchLib
Replace Part *? 104 in C:\Users\Administrator\Desktop\RTOS\ÆµÆ×FFT_IFFT\Ó²¼þPCB\FFT_IFFT.SchDoc with 104 from Schlib1.SchLib
Replace Part *? 20Ohm in C:\Users\Administrator\Desktop\RTOS\ÆµÆ×FFT_IFFT\Ó²¼þPCB\FFT_IFFT.SchDoc with 20Ohm from Schlib1.SchLib
Replace Part *? AO3401 in C:\Users\Administrator\Desktop\RTOS\ÆµÆ×FFT_IFFT\Ó²¼þPCB\FFT_IFFT.SchDoc with AO3401 from Schlib1.SchLib
Replace Part *? 560Ohm in C:\Users\Administrator\Desktop\RTOS\ÆµÆ×FFT_IFFT\Ó²¼þPCB\FFT_IFFT.SchDoc with 560Ohm from Schlib1.SchLib
Replace Part *? 104 in C:\Users\Administrator\Desktop\RTOS\ÆµÆ×FFT_IFFT\Ó²¼þPCB\FFT_IFFT.SchDoc with 104 from Schlib1.SchLib
Replace Part *? 20Ohm in C:\Users\Administrator\Desktop\RTOS\ÆµÆ×FFT_IFFT\Ó²¼þPCB\FFT_IFFT.SchDoc with 20Ohm from Schlib1.SchLib
Replace Part *? AO3401 in C:\Users\Administrator\Desktop\RTOS\ÆµÆ×FFT_IFFT\Ó²¼þPCB\FFT_IFFT.SchDoc with AO3401 from Schlib1.SchLib
Replace Part *? 560Ohm in C:\Users\Administrator\Desktop\RTOS\ÆµÆ×FFT_IFFT\Ó²¼þPCB\FFT_IFFT.SchDoc with 560Ohm from Schlib1.SchLib
Replace Part *? 104 in C:\Users\Administrator\Desktop\RTOS\ÆµÆ×FFT_IFFT\Ó²¼þPCB\FFT_IFFT.SchDoc with 104 from Schlib1.SchLib
Replace Part *? 20Ohm in C:\Users\Administrator\Desktop\RTOS\ÆµÆ×FFT_IFFT\Ó²¼þPCB\FFT_IFFT.SchDoc with 20Ohm from Schlib1.SchLib
Replace Part *? AO3401 in C:\Users\Administrator\Desktop\RTOS\ÆµÆ×FFT_IFFT\Ó²¼þPCB\FFT_IFFT.SchDoc with AO3401 from Schlib1.SchLib
Replace Part *? 560Ohm in C:\Users\Administrator\Desktop\RTOS\ÆµÆ×FFT_IFFT\Ó²¼þPCB\FFT_IFFT.SchDoc with 560Ohm from Schlib1.SchLib
Replace Part *? 104 in C:\Users\Administrator\Desktop\RTOS\ÆµÆ×FFT_IFFT\Ó²¼þPCB\FFT_IFFT.SchDoc with 104 from Schlib1.SchLib
Replace Part *? 20Ohm in C:\Users\Administrator\Desktop\RTOS\ÆµÆ×FFT_IFFT\Ó²¼þPCB\FFT_IFFT.SchDoc with 20Ohm from Schlib1.SchLib
Replace Part *? AO3401 in C:\Users\Administrator\Desktop\RTOS\ÆµÆ×FFT_IFFT\Ó²¼þPCB\FFT_IFFT.SchDoc with AO3401 from Schlib1.SchLib
Replace Part *? 560Ohm in C:\Users\Administrator\Desktop\RTOS\ÆµÆ×FFT_IFFT\Ó²¼þPCB\FFT_IFFT.SchDoc with 560Ohm from Schlib1.SchLib
Replace Part *? 104 in C:\Users\Administrator\Desktop\RTOS\ÆµÆ×FFT_IFFT\Ó²¼þPCB\FFT_IFFT.SchDoc with 104 from Schlib1.SchLib
Replace Part *? 20Ohm in C:\Users\Administrator\Desktop\RTOS\ÆµÆ×FFT_IFFT\Ó²¼þPCB\FFT_IFFT.SchDoc with 20Ohm from Schlib1.SchLib
Replace Part *? AO3401 in C:\Users\Administrator\Desktop\RTOS\ÆµÆ×FFT_IFFT\Ó²¼þPCB\FFT_IFFT.SchDoc with AO3401 from Schlib1.SchLib
Replace Part *? 560Ohm in C:\Users\Administrator\Desktop\RTOS\ÆµÆ×FFT_IFFT\Ó²¼þPCB\FFT_IFFT.SchDoc with 560Ohm from Schlib1.SchLib
Replace Part *? 104 in C:\Users\Administrator\Desktop\RTOS\ÆµÆ×FFT_IFFT\Ó²¼þPCB\FFT_IFFT.SchDoc with 104 from Schlib1.SchLib
Replace Part *? 20Ohm in C:\Users\Administrator\Desktop\RTOS\ÆµÆ×FFT_IFFT\Ó²¼þPCB\FFT_IFFT.SchDoc with 20Ohm from Schlib1.SchLib
Replace Part *? 104 in C:\Users\Administrator\Desktop\RTOS\ÆµÆ×FFT_IFFT\Ó²¼þPCB\FFT_IFFT.SchDoc with 104 from Schlib1.SchLib
Replace Part *? 104 in C:\Users\Administrator\Desktop\RTOS\ÆµÆ×FFT_IFFT\Ó²¼þPCB\FFT_IFFT.SchDoc with 104 from Schlib1.SchLib
Replace Part *? 104 in C:\Users\Administrator\Desktop\RTOS\ÆµÆ×FFT_IFFT\Ó²¼þPCB\FFT_IFFT.SchDoc with 104 from Schlib1.SchLib
Replace Part *? 104 in C:\Users\Administrator\Desktop\RTOS\ÆµÆ×FFT_IFFT\Ó²¼þPCB\FFT_IFFT.SchDoc with 104 from Schlib1.SchLib
Replace Part *? 104 in C:\Users\Administrator\Desktop\RTOS\ÆµÆ×FFT_IFFT\Ó²¼þPCB\FFT_IFFT.SchDoc with 104 from Schlib1.SchLib
Replace Part *? 104 in C:\Users\Administrator\Desktop\RTOS\ÆµÆ×FFT_IFFT\Ó²¼þPCB\FFT_IFFT.SchDoc with 104 from Schlib1.SchLib
Replace Part *? 104 in C:\Users\Administrator\Desktop\RTOS\ÆµÆ×FFT_IFFT\Ó²¼þPCB\FFT_IFFT.SchDoc with 104 from Schlib1.SchLib
Replace Part *? 104 in C:\Users\Administrator\Desktop\RTOS\ÆµÆ×FFT_IFFT\Ó²¼þPCB\FFT_IFFT.SchDoc with 104 from Schlib1.SchLib
Replace Part *? 104 in C:\Users\Administrator\Desktop\RTOS\ÆµÆ×FFT_IFFT\Ó²¼þPCB\FFT_IFFT.SchDoc with 104 from Schlib1.SchLib
Replace Part *? 104 in C:\Users\Administrator\Desktop\RTOS\ÆµÆ×FFT_IFFT\Ó²¼þPCB\FFT_IFFT.SchDoc with 104 from Schlib1.SchLib
Replace Part *? 104 in C:\Users\Administrator\Desktop\RTOS\ÆµÆ×FFT_IFFT\Ó²¼þPCB\FFT_IFFT.SchDoc with 104 from Schlib1.SchLib
Replace Part *? 104 in C:\Users\Administrator\Desktop\RTOS\ÆµÆ×FFT_IFFT\Ó²¼þPCB\FFT_IFFT.SchDoc with 104 from Schlib1.SchLib
Replace Part *? 104 in C:\Users\Administrator\Desktop\RTOS\ÆµÆ×FFT_IFFT\Ó²¼þPCB\FFT_IFFT.SchDoc with 104 from Schlib1.SchLib
Replace Part *? 104 in C:\Users\Administrator\Desktop\RTOS\ÆµÆ×FFT_IFFT\Ó²¼þPCB\FFT_IFFT.SchDoc with 104 from Schlib1.SchLib
Replace Part *? 104 in C:\Users\Administrator\Desktop\RTOS\ÆµÆ×FFT_IFFT\Ó²¼þPCB\FFT_IFFT.SchDoc with 104 from Schlib1.SchLib
Replace Part *? 104 in C:\Users\Administrator\Desktop\RTOS\ÆµÆ×FFT_IFFT\Ó²¼þPCB\FFT_IFFT.SchDoc with 104 from Schlib1.SchLib
Replace Part *? 104 in C:\Users\Administrator\Desktop\RTOS\ÆµÆ×FFT_IFFT\Ó²¼þPCB\FFT_IFFT.SchDoc with 104 from Schlib1.SchLib
Replace Part *? 104 in C:\Users\Administrator\Desktop\RTOS\ÆµÆ×FFT_IFFT\Ó²¼þPCB\FFT_IFFT.SchDoc with 104 from Schlib1.SchLib
Replace Part *? MC74AC138 in C:\Users\Administrator\Desktop\RTOS\ÆµÆ×FFT_IFFT\Ó²¼þPCB\FFT_IFFT.SchDoc with MC74AC138 from Schlib1.SchLib
Replace Part *? AO3401 in C:\Users\Administrator\Desktop\RTOS\ÆµÆ×FFT_IFFT\Ó²¼þPCB\FFT_IFFT.SchDoc with AO3401 from Schlib1.SchLib
Replace Part *? SN74LVTH574 in C:\Users\Administrator\Desktop\RTOS\ÆµÆ×FFT_IFFT\Ó²¼þPCB\FFT_IFFT.SchDoc with SN74LVTH574 from Schlib1.SchLib
Replace Part *? SN74LVTH574 in C:\Users\Administrator\Desktop\RTOS\ÆµÆ×FFT_IFFT\Ó²¼þPCB\FFT_IFFT.SchDoc with SN74LVTH574 from Schlib1.SchLib
Replace Part *? SN74LVTH574 in C:\Users\Administrator\Desktop\RTOS\ÆµÆ×FFT_IFFT\Ó²¼þPCB\FFT_IFFT.SchDoc with SN74LVTH574 from Schlib1.SchLib
Replace Part *? SN74LVTH574 in C:\Users\Administrator\Desktop\RTOS\ÆµÆ×FFT_IFFT\Ó²¼þPCB\FFT_IFFT.SchDoc with SN74LVTH574 from Schlib1.SchLib
Replace Part *? SN74LVTH574 in C:\Users\Administrator\Desktop\RTOS\ÆµÆ×FFT_IFFT\Ó²¼þPCB\FFT_IFFT.SchDoc with SN74LVTH574 from Schlib1.SchLib
Replace Part *? SN74LVTH574 in C:\Users\Administrator\Desktop\RTOS\ÆµÆ×FFT_IFFT\Ó²¼þPCB\FFT_IFFT.SchDoc with SN74LVTH574 from Schlib1.SchLib
Replace Part *? SN74LVTH574 in C:\Users\Administrator\Desktop\RTOS\ÆµÆ×FFT_IFFT\Ó²¼þPCB\FFT_IFFT.SchDoc with SN74LVTH574 from Schlib1.SchLib
Replace Part *? SN74LVTH574 in C:\Users\Administrator\Desktop\RTOS\ÆµÆ×FFT_IFFT\Ó²¼þPCB\FFT_IFFT.SchDoc with SN74LVTH574 from Schlib1.SchLib
Replace Part *? SN74LVTH574 in C:\Users\Administrator\Desktop\RTOS\ÆµÆ×FFT_IFFT\Ó²¼þPCB\FFT_IFFT.SchDoc with SN74LVTH574 from Schlib1.SchLib
Replace Part *? SN74LVTH574 in C:\Users\Administrator\Desktop\RTOS\ÆµÆ×FFT_IFFT\Ó²¼þPCB\FFT_IFFT.SchDoc with SN74LVTH574 from Schlib1.SchLib
Replace Part *? SN74LVTH574 in C:\Users\Administrator\Desktop\RTOS\ÆµÆ×FFT_IFFT\Ó²¼þPCB\FFT_IFFT.SchDoc with SN74LVTH574 from Schlib1.SchLib
Replace Part *? SN74LVTH574 in C:\Users\Administrator\Desktop\RTOS\ÆµÆ×FFT_IFFT\Ó²¼þPCB\FFT_IFFT.SchDoc with SN74LVTH574 from Schlib1.SchLib
Replace Part *? SN74LVTH574 in C:\Users\Administrator\Desktop\RTOS\ÆµÆ×FFT_IFFT\Ó²¼þPCB\FFT_IFFT.SchDoc with SN74LVTH574 from Schlib1.SchLib
Replace Part *? SN74LVTH574 in C:\Users\Administrator\Desktop\RTOS\ÆµÆ×FFT_IFFT\Ó²¼þPCB\FFT_IFFT.SchDoc with SN74LVTH574 from Schlib1.SchLib
Replace Part *? SN74LVTH574 in C:\Users\Administrator\Desktop\RTOS\ÆµÆ×FFT_IFFT\Ó²¼þPCB\FFT_IFFT.SchDoc with SN74LVTH574 from Schlib1.SchLib
Replace Part *? LED_3264 in C:\Users\Administrator\Desktop\RTOS\ÆµÆ×FFT_IFFT\Ó²¼þPCB\FFT_IFFT.SchDoc with LED_3264 from Schlib1.SchLib
Replace Part *? SN74LVTH574 in C:\Users\Administrator\Desktop\RTOS\ÆµÆ×FFT_IFFT\Ó²¼þPCB\FFT_IFFT.SchDoc with SN74LVTH574 from Schlib1.SchLib
