Replace Part *1 SN74LVTH574 in C:\Users\Administrator\Desktop\RTOS\ÆµÆ×FFT_IFFT\Ó²¼þPCB\FFT_IFFT.SchDoc with SN74LVTH574 from Schlib1.SchLib
Replace Part *2 SN74LVTH574 in C:\Users\Administrator\Desktop\RTOS\ÆµÆ×FFT_IFFT\Ó²¼þPCB\FFT_IFFT.SchDoc with SN74LVTH574 from Schlib1.SchLib
Replace Part *3 SN74LVTH574 in C:\Users\Administrator\Desktop\RTOS\ÆµÆ×FFT_IFFT\Ó²¼þPCB\FFT_IFFT.SchDoc with SN74LVTH574 from Schlib1.SchLib
Replace Part *4 SN74LVTH574 in C:\Users\Administrator\Desktop\RTOS\ÆµÆ×FFT_IFFT\Ó²¼þPCB\FFT_IFFT.SchDoc with SN74LVTH574 from Schlib1.SchLib
Replace Part *5 SN74LVTH574 in C:\Users\Administrator\Desktop\RTOS\ÆµÆ×FFT_IFFT\Ó²¼þPCB\FFT_IFFT.SchDoc with SN74LVTH574 from Schlib1.SchLib
Replace Part *6 SN74LVTH574 in C:\Users\Administrator\Desktop\RTOS\ÆµÆ×FFT_IFFT\Ó²¼þPCB\FFT_IFFT.SchDoc with SN74LVTH574 from Schlib1.SchLib
Replace Part *7 SN74LVTH574 in C:\Users\Administrator\Desktop\RTOS\ÆµÆ×FFT_IFFT\Ó²¼þPCB\FFT_IFFT.SchDoc with SN74LVTH574 from Schlib1.SchLib
Replace Part *8 SN74LVTH574 in C:\Users\Administrator\Desktop\RTOS\ÆµÆ×FFT_IFFT\Ó²¼þPCB\FFT_IFFT.SchDoc with SN74LVTH574 from Schlib1.SchLib
Replace Part *9 LED_3264 in C:\Users\Administrator\Desktop\RTOS\ÆµÆ×FFT_IFFT\Ó²¼þPCB\FFT_IFFT.SchDoc with LED_3264 from Schlib1.SchLib
Replace Part *10 AO3401 in C:\Users\Administrator\Desktop\RTOS\ÆµÆ×FFT_IFFT\Ó²¼þPCB\FFT_IFFT.SchDoc with AO3401 from Schlib1.SchLib
Replace Part *11 AO3401 in C:\Users\Administrator\Desktop\RTOS\ÆµÆ×FFT_IFFT\Ó²¼þPCB\FFT_IFFT.SchDoc with AO3401 from Schlib1.SchLib
Replace Part *12 AO3401 in C:\Users\Administrator\Desktop\RTOS\ÆµÆ×FFT_IFFT\Ó²¼þPCB\FFT_IFFT.SchDoc with AO3401 from Schlib1.SchLib
Replace Part *13 AO3401 in C:\Users\Administrator\Desktop\RTOS\ÆµÆ×FFT_IFFT\Ó²¼þPCB\FFT_IFFT.SchDoc with AO3401 from Schlib1.SchLib
Replace Part *14 560Ohm in C:\Users\Administrator\Desktop\RTOS\ÆµÆ×FFT_IFFT\Ó²¼þPCB\FFT_IFFT.SchDoc with 560Ohm from Schlib1.SchLib
Replace Part *15 560Ohm in C:\Users\Administrator\Desktop\RTOS\ÆµÆ×FFT_IFFT\Ó²¼þPCB\FFT_IFFT.SchDoc with 560Ohm from Schlib1.SchLib
Replace Part *16 560Ohm in C:\Users\Administrator\Desktop\RTOS\ÆµÆ×FFT_IFFT\Ó²¼þPCB\FFT_IFFT.SchDoc with 560Ohm from Schlib1.SchLib
Replace Part *17 560Ohm in C:\Users\Administrator\Desktop\RTOS\ÆµÆ×FFT_IFFT\Ó²¼þPCB\FFT_IFFT.SchDoc with 560Ohm from Schlib1.SchLib
Replace Part *18 20Ohm in C:\Users\Administrator\Desktop\RTOS\ÆµÆ×FFT_IFFT\Ó²¼þPCB\FFT_IFFT.SchDoc with 20Ohm from Schlib1.SchLib
Replace Part *19 20Ohm in C:\Users\Administrator\Desktop\RTOS\ÆµÆ×FFT_IFFT\Ó²¼þPCB\FFT_IFFT.SchDoc with 20Ohm from Schlib1.SchLib
Replace Part *20 20Ohm in C:\Users\Administrator\Desktop\RTOS\ÆµÆ×FFT_IFFT\Ó²¼þPCB\FFT_IFFT.SchDoc with 20Ohm from Schlib1.SchLib
Replace Part *21 20Ohm in C:\Users\Administrator\Desktop\RTOS\ÆµÆ×FFT_IFFT\Ó²¼þPCB\FFT_IFFT.SchDoc with 20Ohm from Schlib1.SchLib
Replace Part *22 104 in C:\Users\Administrator\Desktop\RTOS\ÆµÆ×FFT_IFFT\Ó²¼þPCB\FFT_IFFT.SchDoc with 104 from Schlib1.SchLib
Replace Part *23 104 in C:\Users\Administrator\Desktop\RTOS\ÆµÆ×FFT_IFFT\Ó²¼þPCB\FFT_IFFT.SchDoc with 104 from Schlib1.SchLib
Replace Part *24 104 in C:\Users\Administrator\Desktop\RTOS\ÆµÆ×FFT_IFFT\Ó²¼þPCB\FFT_IFFT.SchDoc with 104 from Schlib1.SchLib
Replace Part *25 104 in C:\Users\Administrator\Desktop\RTOS\ÆµÆ×FFT_IFFT\Ó²¼þPCB\FFT_IFFT.SchDoc with 104 from Schlib1.SchLib
Replace Part *26 AO3401 in C:\Users\Administrator\Desktop\RTOS\ÆµÆ×FFT_IFFT\Ó²¼þPCB\FFT_IFFT.SchDoc with AO3401 from Schlib1.SchLib
Replace Part *27 AO3401 in C:\Users\Administrator\Desktop\RTOS\ÆµÆ×FFT_IFFT\Ó²¼þPCB\FFT_IFFT.SchDoc with AO3401 from Schlib1.SchLib
Replace Part *28 AO3401 in C:\Users\Administrator\Desktop\RTOS\ÆµÆ×FFT_IFFT\Ó²¼þPCB\FFT_IFFT.SchDoc with AO3401 from Schlib1.SchLib
Replace Part *29 AO3401 in C:\Users\Administrator\Desktop\RTOS\ÆµÆ×FFT_IFFT\Ó²¼þPCB\FFT_IFFT.SchDoc with AO3401 from Schlib1.SchLib
Replace Part *30 560Ohm in C:\Users\Administrator\Desktop\RTOS\ÆµÆ×FFT_IFFT\Ó²¼þPCB\FFT_IFFT.SchDoc with 560Ohm from Schlib1.SchLib
Replace Part *31 560Ohm in C:\Users\Administrator\Desktop\RTOS\ÆµÆ×FFT_IFFT\Ó²¼þPCB\FFT_IFFT.SchDoc with 560Ohm from Schlib1.SchLib
Replace Part *32 560Ohm in C:\Users\Administrator\Desktop\RTOS\ÆµÆ×FFT_IFFT\Ó²¼þPCB\FFT_IFFT.SchDoc with 560Ohm from Schlib1.SchLib
Replace Part *33 560Ohm in C:\Users\Administrator\Desktop\RTOS\ÆµÆ×FFT_IFFT\Ó²¼þPCB\FFT_IFFT.SchDoc with 560Ohm from Schlib1.SchLib
Replace Part *34 SN74LVTH574 in C:\Users\Administrator\Desktop\RTOS\ÆµÆ×FFT_IFFT\Ó²¼þPCB\FFT_IFFT.SchDoc with SN74LVTH574 from Schlib1.SchLib
Replace Part *35 SN74LVTH574 in C:\Users\Administrator\Desktop\RTOS\ÆµÆ×FFT_IFFT\Ó²¼þPCB\FFT_IFFT.SchDoc with SN74LVTH574 from Schlib1.SchLib
Replace Part *36 SN74LVTH574 in C:\Users\Administrator\Desktop\RTOS\ÆµÆ×FFT_IFFT\Ó²¼þPCB\FFT_IFFT.SchDoc with SN74LVTH574 from Schlib1.SchLib
Replace Part *37 SN74LVTH574 in C:\Users\Administrator\Desktop\RTOS\ÆµÆ×FFT_IFFT\Ó²¼þPCB\FFT_IFFT.SchDoc with SN74LVTH574 from Schlib1.SchLib
Replace Part *38 SN74LVTH574 in C:\Users\Administrator\Desktop\RTOS\ÆµÆ×FFT_IFFT\Ó²¼þPCB\FFT_IFFT.SchDoc with SN74LVTH574 from Schlib1.SchLib
Replace Part *39 SN74LVTH574 in C:\Users\Administrator\Desktop\RTOS\ÆµÆ×FFT_IFFT\Ó²¼þPCB\FFT_IFFT.SchDoc with SN74LVTH574 from Schlib1.SchLib
Replace Part *40 SN74LVTH574 in C:\Users\Administrator\Desktop\RTOS\ÆµÆ×FFT_IFFT\Ó²¼þPCB\FFT_IFFT.SchDoc with SN74LVTH574 from Schlib1.SchLib
Replace Part *41 SN74LVTH574 in C:\Users\Administrator\Desktop\RTOS\ÆµÆ×FFT_IFFT\Ó²¼þPCB\FFT_IFFT.SchDoc with SN74LVTH574 from Schlib1.SchLib
Replace Part *42 20Ohm in C:\Users\Administrator\Desktop\RTOS\ÆµÆ×FFT_IFFT\Ó²¼þPCB\FFT_IFFT.SchDoc with 20Ohm from Schlib1.SchLib
Replace Part *43 20Ohm in C:\Users\Administrator\Desktop\RTOS\ÆµÆ×FFT_IFFT\Ó²¼þPCB\FFT_IFFT.SchDoc with 20Ohm from Schlib1.SchLib
Replace Part *44 20Ohm in C:\Users\Administrator\Desktop\RTOS\ÆµÆ×FFT_IFFT\Ó²¼þPCB\FFT_IFFT.SchDoc with 20Ohm from Schlib1.SchLib
Replace Part *45 20Ohm in C:\Users\Administrator\Desktop\RTOS\ÆµÆ×FFT_IFFT\Ó²¼þPCB\FFT_IFFT.SchDoc with 20Ohm from Schlib1.SchLib
Replace Part *46 104 in C:\Users\Administrator\Desktop\RTOS\ÆµÆ×FFT_IFFT\Ó²¼þPCB\FFT_IFFT.SchDoc with 104 from Schlib1.SchLib
Replace Part *47 104 in C:\Users\Administrator\Desktop\RTOS\ÆµÆ×FFT_IFFT\Ó²¼þPCB\FFT_IFFT.SchDoc with 104 from Schlib1.SchLib
Replace Part *48 104 in C:\Users\Administrator\Desktop\RTOS\ÆµÆ×FFT_IFFT\Ó²¼þPCB\FFT_IFFT.SchDoc with 104 from Schlib1.SchLib
Replace Part *49 104 in C:\Users\Administrator\Desktop\RTOS\ÆµÆ×FFT_IFFT\Ó²¼þPCB\FFT_IFFT.SchDoc with 104 from Schlib1.SchLib
Replace Part *50 AO3401 in C:\Users\Administrator\Desktop\RTOS\ÆµÆ×FFT_IFFT\Ó²¼þPCB\FFT_IFFT.SchDoc with AO3401 from Schlib1.SchLib
Replace Part *51 AO3401 in C:\Users\Administrator\Desktop\RTOS\ÆµÆ×FFT_IFFT\Ó²¼þPCB\FFT_IFFT.SchDoc with AO3401 from Schlib1.SchLib
Replace Part *52 AO3401 in C:\Users\Administrator\Desktop\RTOS\ÆµÆ×FFT_IFFT\Ó²¼þPCB\FFT_IFFT.SchDoc with AO3401 from Schlib1.SchLib
Replace Part *53 AO3401 in C:\Users\Administrator\Desktop\RTOS\ÆµÆ×FFT_IFFT\Ó²¼þPCB\FFT_IFFT.SchDoc with AO3401 from Schlib1.SchLib
Replace Part *54 560Ohm in C:\Users\Administrator\Desktop\RTOS\ÆµÆ×FFT_IFFT\Ó²¼þPCB\FFT_IFFT.SchDoc with 560Ohm from Schlib1.SchLib
Replace Part *55 560Ohm in C:\Users\Administrator\Desktop\RTOS\ÆµÆ×FFT_IFFT\Ó²¼þPCB\FFT_IFFT.SchDoc with 560Ohm from Schlib1.SchLib
Replace Part *56 560Ohm in C:\Users\Administrator\Desktop\RTOS\ÆµÆ×FFT_IFFT\Ó²¼þPCB\FFT_IFFT.SchDoc with 560Ohm from Schlib1.SchLib
Replace Part *57 560Ohm in C:\Users\Administrator\Desktop\RTOS\ÆµÆ×FFT_IFFT\Ó²¼þPCB\FFT_IFFT.SchDoc with 560Ohm from Schlib1.SchLib
Replace Part *58 20Ohm in C:\Users\Administrator\Desktop\RTOS\ÆµÆ×FFT_IFFT\Ó²¼þPCB\FFT_IFFT.SchDoc with 20Ohm from Schlib1.SchLib
Replace Part *59 20Ohm in C:\Users\Administrator\Desktop\RTOS\ÆµÆ×FFT_IFFT\Ó²¼þPCB\FFT_IFFT.SchDoc with 20Ohm from Schlib1.SchLib
Replace Part *60 20Ohm in C:\Users\Administrator\Desktop\RTOS\ÆµÆ×FFT_IFFT\Ó²¼þPCB\FFT_IFFT.SchDoc with 20Ohm from Schlib1.SchLib
Replace Part *61 20Ohm in C:\Users\Administrator\Desktop\RTOS\ÆµÆ×FFT_IFFT\Ó²¼þPCB\FFT_IFFT.SchDoc with 20Ohm from Schlib1.SchLib
Replace Part *62 104 in C:\Users\Administrator\Desktop\RTOS\ÆµÆ×FFT_IFFT\Ó²¼þPCB\FFT_IFFT.SchDoc with 104 from Schlib1.SchLib
Replace Part *63 104 in C:\Users\Administrator\Desktop\RTOS\ÆµÆ×FFT_IFFT\Ó²¼þPCB\FFT_IFFT.SchDoc with 104 from Schlib1.SchLib
Replace Part *64 104 in C:\Users\Administrator\Desktop\RTOS\ÆµÆ×FFT_IFFT\Ó²¼þPCB\FFT_IFFT.SchDoc with 104 from Schlib1.SchLib
Replace Part *65 104 in C:\Users\Administrator\Desktop\RTOS\ÆµÆ×FFT_IFFT\Ó²¼þPCB\FFT_IFFT.SchDoc with 104 from Schlib1.SchLib
Replace Part *66 AO3401 in C:\Users\Administrator\Desktop\RTOS\ÆµÆ×FFT_IFFT\Ó²¼þPCB\FFT_IFFT.SchDoc with AO3401 from Schlib1.SchLib
Replace Part *67 AO3401 in C:\Users\Administrator\Desktop\RTOS\ÆµÆ×FFT_IFFT\Ó²¼þPCB\FFT_IFFT.SchDoc with AO3401 from Schlib1.SchLib
Replace Part *68 AO3401 in C:\Users\Administrator\Desktop\RTOS\ÆµÆ×FFT_IFFT\Ó²¼þPCB\FFT_IFFT.SchDoc with AO3401 from Schlib1.SchLib
Replace Part *69 AO3401 in C:\Users\Administrator\Desktop\RTOS\ÆµÆ×FFT_IFFT\Ó²¼þPCB\FFT_IFFT.SchDoc with AO3401 from Schlib1.SchLib
Replace Part *70 560Ohm in C:\Users\Administrator\Desktop\RTOS\ÆµÆ×FFT_IFFT\Ó²¼þPCB\FFT_IFFT.SchDoc with 560Ohm from Schlib1.SchLib
Replace Part *71 560Ohm in C:\Users\Administrator\Desktop\RTOS\ÆµÆ×FFT_IFFT\Ó²¼þPCB\FFT_IFFT.SchDoc with 560Ohm from Schlib1.SchLib
Replace Part *72 560Ohm in C:\Users\Administrator\Desktop\RTOS\ÆµÆ×FFT_IFFT\Ó²¼þPCB\FFT_IFFT.SchDoc with 560Ohm from Schlib1.SchLib
Replace Part *73 560Ohm in C:\Users\Administrator\Desktop\RTOS\ÆµÆ×FFT_IFFT\Ó²¼þPCB\FFT_IFFT.SchDoc with 560Ohm from Schlib1.SchLib
Replace Part *74 MC74AC138 in C:\Users\Administrator\Desktop\RTOS\ÆµÆ×FFT_IFFT\Ó²¼þPCB\FFT_IFFT.SchDoc with MC74AC138 from Schlib1.SchLib
Replace Part *75 MC74AC138 in C:\Users\Administrator\Desktop\RTOS\ÆµÆ×FFT_IFFT\Ó²¼þPCB\FFT_IFFT.SchDoc with MC74AC138 from Schlib1.SchLib
Replace Part *76 MC74AC138 in C:\Users\Administrator\Desktop\RTOS\ÆµÆ×FFT_IFFT\Ó²¼þPCB\FFT_IFFT.SchDoc with MC74AC138 from Schlib1.SchLib
Replace Part *77 20Ohm in C:\Users\Administrator\Desktop\RTOS\ÆµÆ×FFT_IFFT\Ó²¼þPCB\FFT_IFFT.SchDoc with 20Ohm from Schlib1.SchLib
Replace Part *78 20Ohm in C:\Users\Administrator\Desktop\RTOS\ÆµÆ×FFT_IFFT\Ó²¼þPCB\FFT_IFFT.SchDoc with 20Ohm from Schlib1.SchLib
Replace Part *79 20Ohm in C:\Users\Administrator\Desktop\RTOS\ÆµÆ×FFT_IFFT\Ó²¼þPCB\FFT_IFFT.SchDoc with 20Ohm from Schlib1.SchLib
Replace Part *80 20Ohm in C:\Users\Administrator\Desktop\RTOS\ÆµÆ×FFT_IFFT\Ó²¼þPCB\FFT_IFFT.SchDoc with 20Ohm from Schlib1.SchLib
Replace Part *81 104 in C:\Users\Administrator\Desktop\RTOS\ÆµÆ×FFT_IFFT\Ó²¼þPCB\FFT_IFFT.SchDoc with 104 from Schlib1.SchLib
Replace Part *82 104 in C:\Users\Administrator\Desktop\RTOS\ÆµÆ×FFT_IFFT\Ó²¼þPCB\FFT_IFFT.SchDoc with 104 from Schlib1.SchLib
Replace Part *83 104 in C:\Users\Administrator\Desktop\RTOS\ÆµÆ×FFT_IFFT\Ó²¼þPCB\FFT_IFFT.SchDoc with 104 from Schlib1.SchLib
Replace Part *84 104 in C:\Users\Administrator\Desktop\RTOS\ÆµÆ×FFT_IFFT\Ó²¼þPCB\FFT_IFFT.SchDoc with 104 from Schlib1.SchLib
Replace Part *85 104 in C:\Users\Administrator\Desktop\RTOS\ÆµÆ×FFT_IFFT\Ó²¼þPCB\FFT_IFFT.SchDoc with 104 from Schlib1.SchLib
Replace Part *86 104 in C:\Users\Administrator\Desktop\RTOS\ÆµÆ×FFT_IFFT\Ó²¼þPCB\FFT_IFFT.SchDoc with 104 from Schlib1.SchLib
Replace Part *87 104 in C:\Users\Administrator\Desktop\RTOS\ÆµÆ×FFT_IFFT\Ó²¼þPCB\FFT_IFFT.SchDoc with 104 from Schlib1.SchLib
Replace Part *88 104 in C:\Users\Administrator\Desktop\RTOS\ÆµÆ×FFT_IFFT\Ó²¼þPCB\FFT_IFFT.SchDoc with 104 from Schlib1.SchLib
Replace Part *89 104 in C:\Users\Administrator\Desktop\RTOS\ÆµÆ×FFT_IFFT\Ó²¼þPCB\FFT_IFFT.SchDoc with 104 from Schlib1.SchLib
Replace Part *90 104 in C:\Users\Administrator\Desktop\RTOS\ÆµÆ×FFT_IFFT\Ó²¼þPCB\FFT_IFFT.SchDoc with 104 from Schlib1.SchLib
Replace Part *91 104 in C:\Users\Administrator\Desktop\RTOS\ÆµÆ×FFT_IFFT\Ó²¼þPCB\FFT_IFFT.SchDoc with 104 from Schlib1.SchLib
Replace Part *92 104 in C:\Users\Administrator\Desktop\RTOS\ÆµÆ×FFT_IFFT\Ó²¼þPCB\FFT_IFFT.SchDoc with 104 from Schlib1.SchLib
Replace Part *93 104 in C:\Users\Administrator\Desktop\RTOS\ÆµÆ×FFT_IFFT\Ó²¼þPCB\FFT_IFFT.SchDoc with 104 from Schlib1.SchLib
Replace Part *94 104 in C:\Users\Administrator\Desktop\RTOS\ÆµÆ×FFT_IFFT\Ó²¼þPCB\FFT_IFFT.SchDoc with 104 from Schlib1.SchLib
Replace Part *95 104 in C:\Users\Administrator\Desktop\RTOS\ÆµÆ×FFT_IFFT\Ó²¼þPCB\FFT_IFFT.SchDoc with 104 from Schlib1.SchLib
Replace Part *96 104 in C:\Users\Administrator\Desktop\RTOS\ÆµÆ×FFT_IFFT\Ó²¼þPCB\FFT_IFFT.SchDoc with 104 from Schlib1.SchLib
Replace Part *97 104 in C:\Users\Administrator\Desktop\RTOS\ÆµÆ×FFT_IFFT\Ó²¼þPCB\FFT_IFFT.SchDoc with 104 from Schlib1.SchLib
Replace Part *98 104 in C:\Users\Administrator\Desktop\RTOS\ÆµÆ×FFT_IFFT\Ó²¼þPCB\FFT_IFFT.SchDoc with 104 from Schlib1.SchLib
Replace Part *99 104 in C:\Users\Administrator\Desktop\RTOS\ÆµÆ×FFT_IFFT\Ó²¼þPCB\FFT_IFFT.SchDoc with 104 from Schlib1.SchLib
Replace Part *100 104 in C:\Users\Administrator\Desktop\RTOS\ÆµÆ×FFT_IFFT\Ó²¼þPCB\FFT_IFFT.SchDoc with 104 from Schlib1.SchLib
Replace Part *101 104 in C:\Users\Administrator\Desktop\RTOS\ÆµÆ×FFT_IFFT\Ó²¼þPCB\FFT_IFFT.SchDoc with 104 from Schlib1.SchLib
Replace Part *102 104 in C:\Users\Administrator\Desktop\RTOS\ÆµÆ×FFT_IFFT\Ó²¼þPCB\FFT_IFFT.SchDoc with 104 from Schlib1.SchLib
Replace Part *103 104 in C:\Users\Administrator\Desktop\RTOS\ÆµÆ×FFT_IFFT\Ó²¼þPCB\FFT_IFFT.SchDoc with 104 from Schlib1.SchLib
Replace Part *104 104 in C:\Users\Administrator\Desktop\RTOS\ÆµÆ×FFT_IFFT\Ó²¼þPCB\FFT_IFFT.SchDoc with 104 from Schlib1.SchLib
Replace Part *105 104 in C:\Users\Administrator\Desktop\RTOS\ÆµÆ×FFT_IFFT\Ó²¼þPCB\FFT_IFFT.SchDoc with 104 from Schlib1.SchLib
Replace Part *106 104 in C:\Users\Administrator\Desktop\RTOS\ÆµÆ×FFT_IFFT\Ó²¼þPCB\FFT_IFFT.SchDoc with 104 from Schlib1.SchLib
Replace Part *107 104 in C:\Users\Administrator\Desktop\RTOS\ÆµÆ×FFT_IFFT\Ó²¼þPCB\FFT_IFFT.SchDoc with 104 from Schlib1.SchLib
Replace Part *108 104 in C:\Users\Administrator\Desktop\RTOS\ÆµÆ×FFT_IFFT\Ó²¼þPCB\FFT_IFFT.SchDoc with 104 from Schlib1.SchLib
Replace Part *109 104 in C:\Users\Administrator\Desktop\RTOS\ÆµÆ×FFT_IFFT\Ó²¼þPCB\FFT_IFFT.SchDoc with 104 from Schlib1.SchLib
Replace Part *110 104 in C:\Users\Administrator\Desktop\RTOS\ÆµÆ×FFT_IFFT\Ó²¼þPCB\FFT_IFFT.SchDoc with 104 from Schlib1.SchLib
Replace Part *111 104 in C:\Users\Administrator\Desktop\RTOS\ÆµÆ×FFT_IFFT\Ó²¼þPCB\FFT_IFFT.SchDoc with 104 from Schlib1.SchLib
Replace Part *112 104 in C:\Users\Administrator\Desktop\RTOS\ÆµÆ×FFT_IFFT\Ó²¼þPCB\FFT_IFFT.SchDoc with 104 from Schlib1.SchLib
Replace Part *113 104 in C:\Users\Administrator\Desktop\RTOS\ÆµÆ×FFT_IFFT\Ó²¼þPCB\FFT_IFFT.SchDoc with 104 from Schlib1.SchLib
Replace Part *114 104 in C:\Users\Administrator\Desktop\RTOS\ÆµÆ×FFT_IFFT\Ó²¼þPCB\FFT_IFFT.SchDoc with 104 from Schlib1.SchLib
Replace Part *115 104 in C:\Users\Administrator\Desktop\RTOS\ÆµÆ×FFT_IFFT\Ó²¼þPCB\FFT_IFFT.SchDoc with 104 from Schlib1.SchLib
Replace Part *116 104 in C:\Users\Administrator\Desktop\RTOS\ÆµÆ×FFT_IFFT\Ó²¼þPCB\FFT_IFFT.SchDoc with 104 from Schlib1.SchLib
Replace Part *117 104 in C:\Users\Administrator\Desktop\RTOS\ÆµÆ×FFT_IFFT\Ó²¼þPCB\FFT_IFFT.SchDoc with 104 from Schlib1.SchLib
Replace Part *118 104 in C:\Users\Administrator\Desktop\RTOS\ÆµÆ×FFT_IFFT\Ó²¼þPCB\FFT_IFFT.SchDoc with 104 from Schlib1.SchLib
Replace Part *119 104 in C:\Users\Administrator\Desktop\RTOS\ÆµÆ×FFT_IFFT\Ó²¼þPCB\FFT_IFFT.SchDoc with 104 from Schlib1.SchLib
Replace Part *120 104 in C:\Users\Administrator\Desktop\RTOS\ÆµÆ×FFT_IFFT\Ó²¼þPCB\FFT_IFFT.SchDoc with 104 from Schlib1.SchLib
