Removed Pin From Net: NetName=Net1_11 Pin=2-1
Removed Pin From Net: NetName=Net*1_136 Pin=2-2
Removed Pin From Net: NetName=Net*1_135 Pin=2-3
Removed Pin From Net: NetName=Net*1_134 Pin=2-4
Removed Pin From Net: NetName=Net*1_133 Pin=2-5
Removed Pin From Net: NetName=Net*1_132 Pin=2-6
Removed Pin From Net: NetName=Net*1_131 Pin=2-7
Removed Pin From Net: NetName=Net*1_130 Pin=2-8
Removed Pin From Net: NetName=Net*1_129 Pin=2-9
Removed Pin From Net: NetName=VCC Pin=2-10
Removed Pin From Net: NetName=INPUT0 Pin=2-12
Removed Pin From Net: NetName=INPUT1 Pin=2-13
Removed Pin From Net: NetName=INPUT2 Pin=2-14
Removed Pin From Net: NetName=INPUT3 Pin=2-15
Removed Pin From Net: NetName=INPUT4 Pin=2-16
Removed Pin From Net: NetName=INPUT5 Pin=2-17
Removed Pin From Net: NetName=INPUT6 Pin=2-18
Removed Pin From Net: NetName=INPUT7 Pin=2-19
Removed Pin From Net: NetName=GND Pin=2-20
Removed Pin From Net: NetName=Net*1_128 Pin=3-2
Removed Pin From Net: NetName=Net*1_127 Pin=3-3
Removed Pin From Net: NetName=Net*1_126 Pin=3-4
Removed Pin From Net: NetName=Net*1_125 Pin=3-5
Removed Pin From Net: NetName=Net*1_124 Pin=3-6
Removed Pin From Net: NetName=Net*1_123 Pin=3-7
Removed Pin From Net: NetName=Net*1_122 Pin=3-8
Removed Pin From Net: NetName=Net*1_121 Pin=3-9
Removed Pin From Net: NetName=VCC Pin=3-10
Removed Pin From Net: NetName=INPUT8 Pin=3-12
Removed Pin From Net: NetName=INPUT9 Pin=3-13
Removed Pin From Net: NetName=INPUT10 Pin=3-14
Removed Pin From Net: NetName=INPUT11 Pin=3-15
Removed Pin From Net: NetName=INPUT12 Pin=3-16
Removed Pin From Net: NetName=INPUT13 Pin=3-17
Removed Pin From Net: NetName=INPUT14 Pin=3-18
Removed Pin From Net: NetName=INPUT15 Pin=3-19
Removed Pin From Net: NetName=GND Pin=3-20
Removed Pin From Net: NetName=Net*1_120 Pin=4-2
Removed Pin From Net: NetName=Net*1_119 Pin=4-3
Removed Pin From Net: NetName=Net*1_118 Pin=4-4
Removed Pin From Net: NetName=Net*1_117 Pin=4-5
Removed Pin From Net: NetName=Net*1_116 Pin=4-6
Removed Pin From Net: NetName=Net*1_115 Pin=4-7
Removed Pin From Net: NetName=Net*1_114 Pin=4-8
Removed Pin From Net: NetName=Net*1_113 Pin=4-9
Removed Pin From Net: NetName=VCC Pin=4-10
Removed Pin From Net: NetName=INPUT0 Pin=4-12
Removed Pin From Net: NetName=INPUT1 Pin=4-13
Removed Pin From Net: NetName=INPUT2 Pin=4-14
Removed Pin From Net: NetName=INPUT3 Pin=4-15
Removed Pin From Net: NetName=INPUT4 Pin=4-16
Removed Pin From Net: NetName=INPUT5 Pin=4-17
Removed Pin From Net: NetName=INPUT6 Pin=4-18
Removed Pin From Net: NetName=INPUT7 Pin=4-19
Removed Pin From Net: NetName=GND Pin=4-20
Removed Pin From Net: NetName=Net*1_112 Pin=5-2
Removed Pin From Net: NetName=Net*1_111 Pin=5-3
Removed Pin From Net: NetName=Net*1_110 Pin=5-4
Removed Pin From Net: NetName=Net*1_109 Pin=5-5
Removed Pin From Net: NetName=Net*1_108 Pin=5-6
Removed Pin From Net: NetName=Net*1_107 Pin=5-7
Removed Pin From Net: NetName=Net*1_106 Pin=5-8
Removed Pin From Net: NetName=Net*1_105 Pin=5-9
Removed Pin From Net: NetName=VCC Pin=5-10
Removed Pin From Net: NetName=INPUT8 Pin=5-12
Removed Pin From Net: NetName=INPUT9 Pin=5-13
Removed Pin From Net: NetName=INPUT10 Pin=5-14
Removed Pin From Net: NetName=INPUT11 Pin=5-15
Removed Pin From Net: NetName=INPUT12 Pin=5-16
Removed Pin From Net: NetName=INPUT13 Pin=5-17
Removed Pin From Net: NetName=INPUT14 Pin=5-18
Removed Pin From Net: NetName=INPUT15 Pin=5-19
Removed Pin From Net: NetName=GND Pin=5-20
Removed Pin From Net: NetName=Net*1_104 Pin=6-2
Removed Pin From Net: NetName=Net*1_103 Pin=6-3
Removed Pin From Net: NetName=Net*1_102 Pin=6-4
Removed Pin From Net: NetName=Net*1_101 Pin=6-5
Removed Pin From Net: NetName=Net*1_100 Pin=6-6
Removed Pin From Net: NetName=Net*1_99 Pin=6-7
Removed Pin From Net: NetName=Net*1_98 Pin=6-8
Removed Pin From Net: NetName=Net*1_97 Pin=6-9
Removed Pin From Net: NetName=VCC Pin=6-10
Removed Pin From Net: NetName=INPUT0 Pin=6-12
Removed Pin From Net: NetName=INPUT1 Pin=6-13
Removed Pin From Net: NetName=INPUT2 Pin=6-14
Removed Pin From Net: NetName=INPUT3 Pin=6-15
Removed Pin From Net: NetName=INPUT4 Pin=6-16
Removed Pin From Net: NetName=INPUT5 Pin=6-17
Removed Pin From Net: NetName=INPUT6 Pin=6-18
Removed Pin From Net: NetName=INPUT7 Pin=6-19
Removed Pin From Net: NetName=GND Pin=6-20
Removed Pin From Net: NetName=Net*1_96 Pin=7-2
Removed Pin From Net: NetName=Net*1_95 Pin=7-3
Removed Pin From Net: NetName=Net*1_94 Pin=7-4
Removed Pin From Net: NetName=Net*1_93 Pin=7-5
Removed Pin From Net: NetName=Net*1_92 Pin=7-6
Removed Pin From Net: NetName=Net*1_91 Pin=7-7
Removed Pin From Net: NetName=Net*1_90 Pin=7-8
Removed Pin From Net: NetName=Net*1_89 Pin=7-9
Removed Pin From Net: NetName=VCC Pin=7-10
Removed Pin From Net: NetName=INPUT8 Pin=7-12
Removed Pin From Net: NetName=INPUT9 Pin=7-13
Removed Pin From Net: NetName=INPUT10 Pin=7-14
Removed Pin From Net: NetName=INPUT11 Pin=7-15
Removed Pin From Net: NetName=INPUT12 Pin=7-16
Removed Pin From Net: NetName=INPUT13 Pin=7-17
Removed Pin From Net: NetName=INPUT14 Pin=7-18
Removed Pin From Net: NetName=INPUT15 Pin=7-19
Removed Pin From Net: NetName=GND Pin=7-20
Removed Pin From Net: NetName=Net*1_88 Pin=8-2
Removed Pin From Net: NetName=Net*1_87 Pin=8-3
Removed Pin From Net: NetName=Net*1_86 Pin=8-4
Removed Pin From Net: NetName=Net*1_85 Pin=8-5
Removed Pin From Net: NetName=Net*1_84 Pin=8-6
Removed Pin From Net: NetName=Net*1_83 Pin=8-7
Removed Pin From Net: NetName=Net*1_82 Pin=8-8
Removed Pin From Net: NetName=Net*1_81 Pin=8-9
Removed Pin From Net: NetName=VCC Pin=8-10
Removed Pin From Net: NetName=INPUT0 Pin=8-12
Removed Pin From Net: NetName=INPUT1 Pin=8-13
Removed Pin From Net: NetName=INPUT2 Pin=8-14
Removed Pin From Net: NetName=INPUT3 Pin=8-15
Removed Pin From Net: NetName=INPUT4 Pin=8-16
Removed Pin From Net: NetName=INPUT5 Pin=8-17
Removed Pin From Net: NetName=INPUT6 Pin=8-18
Removed Pin From Net: NetName=INPUT7 Pin=8-19
Removed Pin From Net: NetName=GND Pin=8-20
Change Component Designator: OldDesignator= NewDesignator=9
Change Component Designator: OldDesignator= NewDesignator=10
Change Component Designator: OldDesignator= NewDesignator=11
Change Component Designator: OldDesignator= NewDesignator=12
Change Component Designator: OldDesignator= NewDesignator=13
Change Component Designator: OldDesignator= NewDesignator=14
Change Component Designator: OldDesignator= NewDesignator=15
Change Component Designator: OldDesignator= NewDesignator=16
Change Component Designator: OldDesignator= NewDesignator=17
Change Component Designator: OldDesignator= NewDesignator=18
Change Component Designator: OldDesignator= NewDesignator=19
Change Component Designator: OldDesignator= NewDesignator=20
Change Component Designator: OldDesignator= NewDesignator=21
Change Component Designator: OldDesignator= NewDesignator=22
Change Component Designator: OldDesignator= NewDesignator=23
Change Component Designator: OldDesignator= NewDesignator=24
Change Component Designator: OldDesignator= NewDesignator=25
Change Component Designator: OldDesignator= NewDesignator=26
Change Component Designator: OldDesignator= NewDesignator=27
Change Component Designator: OldDesignator= NewDesignator=28
Change Component Designator: OldDesignator= NewDesignator=29
Change Component Designator: OldDesignator= NewDesignator=30
Change Component Designator: OldDesignator= NewDesignator=31
Change Component Designator: OldDesignator= NewDesignator=32
Change Component Designator: OldDesignator= NewDesignator=41
Change Component Designator: OldDesignator= NewDesignator=42
Change Component Designator: OldDesignator= NewDesignator=43
Change Component Designator: OldDesignator= NewDesignator=44
Change Component Designator: OldDesignator= NewDesignator=45
Change Component Designator: OldDesignator= NewDesignator=46
Change Component Designator: OldDesignator= NewDesignator=47
Change Component Designator: OldDesignator= NewDesignator=48
Change Component Designator: OldDesignator= NewDesignator=49
Change Component Designator: OldDesignator= NewDesignator=50
Change Component Designator: OldDesignator= NewDesignator=51
Change Component Designator: OldDesignator= NewDesignator=52
Change Component Designator: OldDesignator= NewDesignator=53
Change Component Designator: OldDesignator= NewDesignator=54
Change Component Designator: OldDesignator= NewDesignator=55
Change Component Designator: OldDesignator= NewDesignator=56
Change Component Designator: OldDesignator= NewDesignator=60
Change Component Designator: OldDesignator= NewDesignator=61
Change Component Designator: OldDesignator= NewDesignator=62
Change Component Designator: OldDesignator= NewDesignator=63
Change Component Designator: OldDesignator= NewDesignator=64
Change Component Designator: OldDesignator= NewDesignator=65
Change Component Designator: OldDesignator= NewDesignator=66
Change Component Designator: OldDesignator= NewDesignator=67
Change Component Designator: OldDesignator= NewDesignator=*2
Change Component Designator: OldDesignator= NewDesignator=*3
Change Component Designator: OldDesignator= NewDesignator=*4
Change Component Designator: OldDesignator= NewDesignator=*5
Change Component Designator: OldDesignator= NewDesignator=*6
Change Component Designator: OldDesignator= NewDesignator=*7
Change Component Designator: OldDesignator= NewDesignator=*8
Change Component Designator: OldDesignator= NewDesignator=*9
Change Component Designator: OldDesignator= NewDesignator=*10
Change Component Designator: OldDesignator= NewDesignator=*11
Change Component Designator: OldDesignator= NewDesignator=*12
Change Component Designator: OldDesignator= NewDesignator=*13
Change Component Designator: OldDesignator= NewDesignator=*14
Change Component Designator: OldDesignator= NewDesignator=*15
Change Component Designator: OldDesignator= NewDesignator=*16
Change Component Designator: OldDesignator= NewDesignator=*17
Added Pin To Net: NetName=INPUT0 Pin=2-2
Added Pin To Net: NetName=INPUT1 Pin=2-3
Added Pin To Net: NetName=INPUT2 Pin=2-4
Added Pin To Net: NetName=INPUT3 Pin=2-5
Added Pin To Net: NetName=INPUT4 Pin=2-6
Added Pin To Net: NetName=INPUT5 Pin=2-7
Added Pin To Net: NetName=INPUT6 Pin=2-8
Added Pin To Net: NetName=INPUT7 Pin=2-9
Added Pin To Net: NetName=GND Pin=2-10
Added Pin To Net: NetName=Net1_11 Pin=2-11
Added Pin To Net: NetName=Net*1_136 Pin=2-12
Added Pin To Net: NetName=Net*1_135 Pin=2-13
Added Pin To Net: NetName=Net*1_134 Pin=2-14
Added Pin To Net: NetName=Net*1_133 Pin=2-15
Added Pin To Net: NetName=Net*1_132 Pin=2-16
Added Pin To Net: NetName=Net*1_131 Pin=2-17
Added Pin To Net: NetName=Net*1_130 Pin=2-18
Added Pin To Net: NetName=Net*1_129 Pin=2-19
Added Pin To Net: NetName=VCC Pin=2-20
Added Pin To Net: NetName=INPUT8 Pin=3-2
Added Pin To Net: NetName=INPUT9 Pin=3-3
Added Pin To Net: NetName=INPUT10 Pin=3-4
Added Pin To Net: NetName=INPUT11 Pin=3-5
Added Pin To Net: NetName=INPUT12 Pin=3-6
Added Pin To Net: NetName=INPUT13 Pin=3-7
Added Pin To Net: NetName=INPUT14 Pin=3-8
Added Pin To Net: NetName=INPUT15 Pin=3-9
Added Pin To Net: NetName=GND Pin=3-10
Added Pin To Net: NetName=Net*1_128 Pin=3-12
Added Pin To Net: NetName=Net*1_127 Pin=3-13
Added Pin To Net: NetName=Net*1_126 Pin=3-14
Added Pin To Net: NetName=Net*1_125 Pin=3-15
Added Pin To Net: NetName=Net*1_124 Pin=3-16
Added Pin To Net: NetName=Net*1_123 Pin=3-17
Added Pin To Net: NetName=Net*1_122 Pin=3-18
Added Pin To Net: NetName=Net*1_121 Pin=3-19
Added Pin To Net: NetName=VCC Pin=3-20
Added Pin To Net: NetName=INPUT0 Pin=4-2
Added Pin To Net: NetName=INPUT1 Pin=4-3
Added Pin To Net: NetName=INPUT2 Pin=4-4
Added Pin To Net: NetName=INPUT3 Pin=4-5
Added Pin To Net: NetName=INPUT4 Pin=4-6
Added Pin To Net: NetName=INPUT5 Pin=4-7
Added Pin To Net: NetName=INPUT6 Pin=4-8
Added Pin To Net: NetName=INPUT7 Pin=4-9
Added Pin To Net: NetName=GND Pin=4-10
Added Pin To Net: NetName=Net*1_120 Pin=4-12
Added Pin To Net: NetName=Net*1_119 Pin=4-13
Added Pin To Net: NetName=Net*1_118 Pin=4-14
Added Pin To Net: NetName=Net*1_117 Pin=4-15
Added Pin To Net: NetName=Net*1_116 Pin=4-16
Added Pin To Net: NetName=Net*1_115 Pin=4-17
Added Pin To Net: NetName=Net*1_114 Pin=4-18
Added Pin To Net: NetName=Net*1_113 Pin=4-19
Added Pin To Net: NetName=VCC Pin=4-20
Added Pin To Net: NetName=INPUT8 Pin=5-2
Added Pin To Net: NetName=INPUT9 Pin=5-3
Added Pin To Net: NetName=INPUT10 Pin=5-4
Added Pin To Net: NetName=INPUT11 Pin=5-5
Added Pin To Net: NetName=INPUT12 Pin=5-6
Added Pin To Net: NetName=INPUT13 Pin=5-7
Added Pin To Net: NetName=INPUT14 Pin=5-8
Added Pin To Net: NetName=INPUT15 Pin=5-9
Added Pin To Net: NetName=GND Pin=5-10
Added Pin To Net: NetName=Net*1_112 Pin=5-12
Added Pin To Net: NetName=Net*1_111 Pin=5-13
Added Pin To Net: NetName=Net*1_110 Pin=5-14
Added Pin To Net: NetName=Net*1_109 Pin=5-15
Added Pin To Net: NetName=Net*1_108 Pin=5-16
Added Pin To Net: NetName=Net*1_107 Pin=5-17
Added Pin To Net: NetName=Net*1_106 Pin=5-18
Added Pin To Net: NetName=Net*1_105 Pin=5-19
Added Pin To Net: NetName=VCC Pin=5-20
Added Pin To Net: NetName=INPUT0 Pin=6-2
Added Pin To Net: NetName=INPUT1 Pin=6-3
Added Pin To Net: NetName=INPUT2 Pin=6-4
Added Pin To Net: NetName=INPUT3 Pin=6-5
Added Pin To Net: NetName=INPUT4 Pin=6-6
Added Pin To Net: NetName=INPUT5 Pin=6-7
Added Pin To Net: NetName=INPUT6 Pin=6-8
Added Pin To Net: NetName=INPUT7 Pin=6-9
Added Pin To Net: NetName=GND Pin=6-10
Added Pin To Net: NetName=Net*1_104 Pin=6-12
Added Pin To Net: NetName=Net*1_103 Pin=6-13
Added Pin To Net: NetName=Net*1_102 Pin=6-14
Added Pin To Net: NetName=Net*1_101 Pin=6-15
Added Pin To Net: NetName=Net*1_100 Pin=6-16
Added Pin To Net: NetName=Net*1_99 Pin=6-17
Added Pin To Net: NetName=Net*1_98 Pin=6-18
Added Pin To Net: NetName=Net*1_97 Pin=6-19
Added Pin To Net: NetName=VCC Pin=6-20
Added Pin To Net: NetName=INPUT8 Pin=7-2
Added Pin To Net: NetName=INPUT9 Pin=7-3
Added Pin To Net: NetName=INPUT10 Pin=7-4
Added Pin To Net: NetName=INPUT11 Pin=7-5
Added Pin To Net: NetName=INPUT12 Pin=7-6
Added Pin To Net: NetName=INPUT13 Pin=7-7
Added Pin To Net: NetName=INPUT14 Pin=7-8
Added Pin To Net: NetName=INPUT15 Pin=7-9
Added Pin To Net: NetName=GND Pin=7-10
Added Pin To Net: NetName=Net*1_96 Pin=7-12
Added Pin To Net: NetName=Net*1_95 Pin=7-13
Added Pin To Net: NetName=Net*1_94 Pin=7-14
Added Pin To Net: NetName=Net*1_93 Pin=7-15
Added Pin To Net: NetName=Net*1_92 Pin=7-16
Added Pin To Net: NetName=Net*1_91 Pin=7-17
Added Pin To Net: NetName=Net*1_90 Pin=7-18
Added Pin To Net: NetName=Net*1_89 Pin=7-19
Added Pin To Net: NetName=VCC Pin=7-20
Added Pin To Net: NetName=INPUT0 Pin=8-2
Added Pin To Net: NetName=INPUT1 Pin=8-3
Added Pin To Net: NetName=INPUT2 Pin=8-4
Added Pin To Net: NetName=INPUT3 Pin=8-5
Added Pin To Net: NetName=INPUT4 Pin=8-6
Added Pin To Net: NetName=INPUT5 Pin=8-7
Added Pin To Net: NetName=INPUT6 Pin=8-8
Added Pin To Net: NetName=INPUT7 Pin=8-9
Added Pin To Net: NetName=GND Pin=8-10
Added Pin To Net: NetName=Net*1_88 Pin=8-12
Added Pin To Net: NetName=Net*1_87 Pin=8-13
Added Pin To Net: NetName=Net*1_86 Pin=8-14
Added Pin To Net: NetName=Net*1_85 Pin=8-15
Added Pin To Net: NetName=Net*1_84 Pin=8-16
Added Pin To Net: NetName=Net*1_83 Pin=8-17
Added Pin To Net: NetName=Net*1_82 Pin=8-18
Added Pin To Net: NetName=Net*1_81 Pin=8-19
Added Pin To Net: NetName=VCC Pin=8-20
Added Pin To Net: NetName=Net3_11 Pin=3-11
Added Pin To Net: NetName=Net3_11 Pin=4-11
Added Pin To Net: NetName=Net3_11 Pin=57-9
Added Net: Name=Net3_11
Added Pin To Net: NetName=Net5_11 Pin=5-11
Added Pin To Net: NetName=Net5_11 Pin=6-11
Added Pin To Net: NetName=Net5_11 Pin=57-10
Added Net: Name=Net5_11
Added Pin To Net: NetName=Net7_11 Pin=7-11
Added Pin To Net: NetName=Net7_11 Pin=8-11
Added Pin To Net: NetName=Net7_11 Pin=57-11
Added Net: Name=Net7_11
Added Member To Class: ClassName=FFT_IFFT Member=Component *3 AO3401
Added Member To Class: ClassName=FFT_IFFT Member=Component *4 AO3401
Added Member To Class: ClassName=FFT_IFFT Member=Component *5 AO3401
Added Member To Class: ClassName=FFT_IFFT Member=Component *6 AO3401
Added Member To Class: ClassName=FFT_IFFT Member=Component *7 AO3401
Added Member To Class: ClassName=FFT_IFFT Member=Component *8 AO3401
Added Member To Class: ClassName=FFT_IFFT Member=Component *9 AO3401
Added Member To Class: ClassName=FFT_IFFT Member=Component *10 AO3401
Added Member To Class: ClassName=FFT_IFFT Member=Component *11 AO3401
Added Member To Class: ClassName=FFT_IFFT Member=Component *12 AO3401
Added Member To Class: ClassName=FFT_IFFT Member=Component *13 AO3401
Added Member To Class: ClassName=FFT_IFFT Member=Component *14 AO3401
Added Member To Class: ClassName=FFT_IFFT Member=Component *15 AO3401
Added Member To Class: ClassName=FFT_IFFT Member=Component *16 AO3401
Added Member To Class: ClassName=FFT_IFFT Member=Component *17 AO3401
Added Member To Class: ClassName=FFT_IFFT Member=Component 9 560Ohm
Added Member To Class: ClassName=FFT_IFFT Member=Component 10 560Ohm
Added Member To Class: ClassName=FFT_IFFT Member=Component 11 560Ohm
Added Member To Class: ClassName=FFT_IFFT Member=Component 12 560Ohm
Added Member To Class: ClassName=FFT_IFFT Member=Component 13 20Ohm
Added Member To Class: ClassName=FFT_IFFT Member=Component 14 20Ohm
Added Member To Class: ClassName=FFT_IFFT Member=Component 15 20Ohm
Added Member To Class: ClassName=FFT_IFFT Member=Component 16 20Ohm
Added Member To Class: ClassName=FFT_IFFT Member=Component 17 104
Added Member To Class: ClassName=FFT_IFFT Member=Component 18 104
Added Member To Class: ClassName=FFT_IFFT Member=Component 19 104
Added Member To Class: ClassName=FFT_IFFT Member=Component 20 104
Added Member To Class: ClassName=FFT_IFFT Member=Component 21 560Ohm
Added Member To Class: ClassName=FFT_IFFT Member=Component 22 560Ohm
Added Member To Class: ClassName=FFT_IFFT Member=Component 23 560Ohm
Added Member To Class: ClassName=FFT_IFFT Member=Component 24 560Ohm
Added Member To Class: ClassName=FFT_IFFT Member=Component 25 20Ohm
Added Member To Class: ClassName=FFT_IFFT Member=Component 26 20Ohm
Added Member To Class: ClassName=FFT_IFFT Member=Component 27 20Ohm
Added Member To Class: ClassName=FFT_IFFT Member=Component 28 20Ohm
Added Member To Class: ClassName=FFT_IFFT Member=Component 29 104
Added Member To Class: ClassName=FFT_IFFT Member=Component 30 104
Added Member To Class: ClassName=FFT_IFFT Member=Component 31 104
Added Member To Class: ClassName=FFT_IFFT Member=Component 32 104
Added Member To Class: ClassName=FFT_IFFT Member=Component 41 560Ohm
Added Member To Class: ClassName=FFT_IFFT Member=Component 42 560Ohm
Added Member To Class: ClassName=FFT_IFFT Member=Component 43 560Ohm
Added Member To Class: ClassName=FFT_IFFT Member=Component 44 560Ohm
Added Member To Class: ClassName=FFT_IFFT Member=Component 45 20Ohm
Added Member To Class: ClassName=FFT_IFFT Member=Component 46 20Ohm
Added Member To Class: ClassName=FFT_IFFT Member=Component 47 20Ohm
Added Member To Class: ClassName=FFT_IFFT Member=Component 48 20Ohm
Added Member To Class: ClassName=FFT_IFFT Member=Component 49 104
Added Member To Class: ClassName=FFT_IFFT Member=Component 50 104
Added Member To Class: ClassName=FFT_IFFT Member=Component 51 104
Added Member To Class: ClassName=FFT_IFFT Member=Component 52 104
Added Member To Class: ClassName=FFT_IFFT Member=Component 53 560Ohm
Added Member To Class: ClassName=FFT_IFFT Member=Component 54 560Ohm
Added Member To Class: ClassName=FFT_IFFT Member=Component 55 560Ohm
Added Member To Class: ClassName=FFT_IFFT Member=Component 56 560Ohm
Added Member To Class: ClassName=FFT_IFFT Member=Component 60 20Ohm
Added Member To Class: ClassName=FFT_IFFT Member=Component 61 20Ohm
Added Member To Class: ClassName=FFT_IFFT Member=Component 62 20Ohm
Added Member To Class: ClassName=FFT_IFFT Member=Component 63 20Ohm
Added Member To Class: ClassName=FFT_IFFT Member=Component 64 104
Added Member To Class: ClassName=FFT_IFFT Member=Component 65 104
Added Member To Class: ClassName=FFT_IFFT Member=Component 66 104
Added Member To Class: ClassName=FFT_IFFT Member=Component 67 104
Added Room: Name=FFT_IFFT
