Change Component Designator: OldDesignator= NewDesignator=1
Change Component Designator: OldDesignator= NewDesignator=2
Change Component Designator: OldDesignator= NewDesignator=3
Change Component Designator: OldDesignator= NewDesignator=4
Change Component Designator: OldDesignator= NewDesignator=5
Change Component Designator: OldDesignator= NewDesignator=6
Change Component Designator: OldDesignator= NewDesignator=7
Change Component Designator: OldDesignator= NewDesignator=8
Change Component Designator: OldDesignator= NewDesignator=9
Change Component Designator: OldDesignator= NewDesignator=10
Change Component Designator: OldDesignator= NewDesignator=11
Change Component Designator: OldDesignator= NewDesignator=12
Change Component Designator: OldDesignator= NewDesignator=13
Change Component Designator: OldDesignator= NewDesignator=14
Change Component Designator: OldDesignator= NewDesignator=15
Change Component Designator: OldDesignator= NewDesignator=16
Change Component Designator: OldDesignator= NewDesignator=17
Change Component Designator: OldDesignator= NewDesignator=18
Change Component Designator: OldDesignator= NewDesignator=19
Change Component Designator: OldDesignator= NewDesignator=20
Change Component Designator: OldDesignator= NewDesignator=21
Change Component Designator: OldDesignator= NewDesignator=22
Change Component Designator: OldDesignator= NewDesignator=23
Change Component Designator: OldDesignator= NewDesignator=24
Change Component Designator: OldDesignator= NewDesignator=25
Change Component Designator: OldDesignator= NewDesignator=26
Change Component Designator: OldDesignator= NewDesignator=27
Change Component Designator: OldDesignator= NewDesignator=*1
Change Component Designator: OldDesignator= NewDesignator=*2
Change Component Designator: OldDesignator= NewDesignator=*3
Change Component Designator: OldDesignator= NewDesignator=*4
Change Component Designator: OldDesignator= NewDesignator=*5
Change Component Designator: OldDesignator= NewDesignator=*6
Change Component Designator: OldDesignator= NewDesignator=*7
Change Component Designator: OldDesignator= NewDesignator=*8
Change Component Designator: OldDesignator= NewDesignator=*9
Change Component Designator: OldDesignator= NewDesignator=*10
Change Component Designator: OldDesignator= NewDesignator=*11
Change Component Designator: OldDesignator= NewDesignator=*12
Change Component Designator: OldDesignator= NewDesignator=*13
Change Component Designator: OldDesignator= NewDesignator=*14
Change Component Designator: OldDesignator= NewDesignator=*15
Change Component Designator: OldDesignator= NewDesignator=*16
Change Component Designator: OldDesignator= NewDesignator=*17
Change Component Designator: OldDesignator= NewDesignator=*18
Change Component Designator: OldDesignator= NewDesignator=*19
Change Component Designator: OldDesignator= NewDesignator=*20
Change Component Designator: OldDesignator= NewDesignator=*21
Change Component Designator: OldDesignator= NewDesignator=*22
Change Component Designator: OldDesignator= NewDesignator=*23
Change Component Designator: OldDesignator= NewDesignator=*24
Change Component Designator: OldDesignator= NewDesignator=*25
Change Component Designator: OldDesignator= NewDesignator=*26
Change Component Designator: OldDesignator= NewDesignator=*27
Change Component Designator: OldDesignator= NewDesignator=*28
Change Component Designator: OldDesignator= NewDesignator=*29
Change Component Designator: OldDesignator= NewDesignator=*30
Change Component Designator: OldDesignator= NewDesignator=*31
Change Component Designator: OldDesignator= NewDesignator=*32
Change Component Designator: OldDesignator= NewDesignator=*33
Change Component Designator: OldDesignator= NewDesignator=*34
Change Component Designator: OldDesignator= NewDesignator=*35
Change Component Designator: OldDesignator= NewDesignator=*36
Change Component Designator: OldDesignator= NewDesignator=*37
Change Component Designator: OldDesignator= NewDesignator=*38
Change Component Designator: OldDesignator= NewDesignator=*39
Change Component Designator: OldDesignator= NewDesignator=*40
Change Component Designator: OldDesignator= NewDesignator=*41
Change Component Designator: OldDesignator= NewDesignator=*42
Change Component Designator: OldDesignator= NewDesignator=*43
Change Component Designator: OldDesignator= NewDesignator=*44
Change Component Designator: OldDesignator= NewDesignator=*45
Change Component Designator: OldDesignator= NewDesignator=*46
Change Component Designator: OldDesignator= NewDesignator=*47
Change Component Designator: OldDesignator= NewDesignator=*48
Change Component Designator: OldDesignator= NewDesignator=*49
Change Component Designator: OldDesignator= NewDesignator=*50
Change Component Designator: OldDesignator= NewDesignator=*51
Change Component Designator: OldDesignator= NewDesignator=*52
Change Component Designator: OldDesignator= NewDesignator=*53
Change Component Designator: OldDesignator= NewDesignator=*54
Change Component Designator: OldDesignator= NewDesignator=*55
Change Component Designator: OldDesignator= NewDesignator=*56
Change Component Designator: OldDesignator= NewDesignator=*57
Change Component Designator: OldDesignator= NewDesignator=*58
Change Component Designator: OldDesignator= NewDesignator=*59
Change Component Designator: OldDesignator= NewDesignator=*60
Change Component Designator: OldDesignator= NewDesignator=*61
Change Component Designator: OldDesignator= NewDesignator=*62
Change Component Designator: OldDesignator= NewDesignator=*63
Change Component Designator: OldDesignator= NewDesignator=*64
Change Component Designator: OldDesignator= NewDesignator=*65
Change Component Designator: OldDesignator= NewDesignator=*66
Change Component Designator: OldDesignator= NewDesignator=*67
Change Component Designator: OldDesignator= NewDesignator=*68
Change Component Designator: OldDesignator= NewDesignator=*69
Change Component Designator: OldDesignator= NewDesignator=*70
Change Component Designator: OldDesignator= NewDesignator=*71
Change Component Designator: OldDesignator= NewDesignator=*72
Change Component Designator: OldDesignator= NewDesignator=*73
Change Component Designator: OldDesignator= NewDesignator=*74
Change Component Designator: OldDesignator= NewDesignator=*75
Change Component Designator: OldDesignator= NewDesignator=*76
Change Component Designator: OldDesignator= NewDesignator=*77
Change Component Designator: OldDesignator= NewDesignator=*78
Change Component Designator: OldDesignator= NewDesignator=*79
Change Component Designator: OldDesignator= NewDesignator=*80
Added Component: Designator=*(PCBComponent_1)
Added Component: Designator=28(104)
Added Component: Designator=29(104)
Added Component: Designator=30(104)
Added Component: Designator=31(104)
Added Component: Designator=32(104)
Added Component: Designator=33(104)
Added Component: Designator=34(104)
Added Component: Designator=35(104)
Added Component: Designator=P?(HDR1X5)
Added Component: Designator=VR?(D2PAK_N)
Added Pin To Net: NetName=VCC Pin=*-1
Added Pin To Net: NetName=FSMC_D0 Pin=*-2
Added Pin To Net: NetName=FSMC_D2 Pin=*-3
Added Pin To Net: NetName=FSMC_D4 Pin=*-4
Added Pin To Net: NetName=FSMC_D6 Pin=*-5
Added Pin To Net: NetName=FSMC_D8 Pin=*-6
Added Pin To Net: NetName=FSMC_D10 Pin=*-7
Added Pin To Net: NetName=FSMC_D12 Pin=*-8
Added Pin To Net: NetName=FSMC_D14 Pin=*-9
Added Pin To Net: NetName=GND Pin=*-10
Added Pin To Net: NetName=FSMC_NWE Pin=*-11
Added Pin To Net: NetName=FSMC_NOE Pin=*-24
Added Pin To Net: NetName=FSMC_D15 Pin=*-26
Added Pin To Net: NetName=FSMC_D13 Pin=*-27
Added Pin To Net: NetName=FSMC_D11 Pin=*-28
Added Pin To Net: NetName=FSMC_D9 Pin=*-29
Added Pin To Net: NetName=FSMC_D7 Pin=*-30
Added Pin To Net: NetName=FSMC_D5 Pin=*-31
Added Pin To Net: NetName=FSMC_D3 Pin=*-32
Added Pin To Net: NetName=FSMC_D1 Pin=*-33
Added Pin To Net: NetName=GND Pin=*-34
Added Pin To Net: NetName=VCC Pin=28-1
Added Pin To Net: NetName=GND Pin=28-2
Added Pin To Net: NetName=VCC Pin=29-1
Added Pin To Net: NetName=GND Pin=29-2
Added Pin To Net: NetName=VCC Pin=30-1
Added Pin To Net: NetName=GND Pin=30-2
Added Pin To Net: NetName=VCC Pin=31-1
Added Pin To Net: NetName=GND Pin=31-2
Added Pin To Net: NetName=VCC Pin=32-1
Added Pin To Net: NetName=GND Pin=32-2
Added Pin To Net: NetName=VCC Pin=33-1
Added Pin To Net: NetName=GND Pin=33-2
Added Pin To Net: NetName=VCC Pin=34-1
Added Pin To Net: NetName=GND Pin=34-2
Added Pin To Net: NetName=VCC Pin=35-1
Added Pin To Net: NetName=GND Pin=35-2
Added Pin To Net: NetName=GND Pin=VR?-2
Added Pin To Net: NetName=VCC Pin=VR?-3
Added Pin To Net: NetName=NETLABEL21 Pin=*1-94
Added Pin To Net: NetName=NETLABEL21 Pin=*-25
Added Net: Name=NETLABEL21
Added Pin To Net: NetName=NETLABEL22 Pin=*1-13
Added Pin To Net: NetName=NETLABEL22 Pin=*-12
Added Net: Name=NETLABEL22
Added Pin To Net: NetName=NETLABEL24 Pin=*1-22
Added Pin To Net: NetName=NETLABEL24 Pin=*-16
Added Net: Name=NETLABEL24
Added Pin To Net: NetName=NETLABEL27 Pin=*1-46
Added Pin To Net: NetName=NETLABEL27 Pin=*-19
Added Net: Name=NETLABEL27
Added Pin To Net: NetName=VCC5 Pin=*1-66
Added Pin To Net: NetName=VCC5 Pin=*1-67
Added Pin To Net: NetName=VCC5 Pin=VR?-1
Added Net: Name=VCC5
Added Member To Class: ClassName=FFT_IFFT Member=Component *1 STM32F407ZET6
Added Member To Class: ClassName=FFT_IFFT Member=Component *2 PJ313E
Added Member To Class: ClassName=FFT_IFFT Member=Component *3 10kOhm
Added Member To Class: ClassName=FFT_IFFT Member=Component *4 10kOhm
Added Member To Class: ClassName=FFT_IFFT Member=Component *5 OPA333
Added Member To Class: ClassName=FFT_IFFT Member=Component *6 10kOhm
Added Member To Class: ClassName=FFT_IFFT Member=Component *7 1KOhm
Added Member To Class: ClassName=FFT_IFFT Member=Component *8 10kOhm
Added Member To Class: ClassName=FFT_IFFT Member=Component *9 OPA333
Added Member To Class: ClassName=FFT_IFFT Member=Component *10 1KOhm
Added Member To Class: ClassName=FFT_IFFT Member=Component *11 3x3_10KOhm
Added Member To Class: ClassName=FFT_IFFT Member=Component *12 PJ313E
Added Member To Class: ClassName=FFT_IFFT Member=Component *13 TL432
Added Member To Class: ClassName=FFT_IFFT Member=Component *14 3x3_10KOhm
Added Member To Class: ClassName=FFT_IFFT Member=Component *15 OPA333
Added Member To Class: ClassName=FFT_IFFT Member=Component *16 10kOhm
Added Member To Class: ClassName=FFT_IFFT Member=Component *17 1KOhm
Added Member To Class: ClassName=FFT_IFFT Member=Component *18 1KOhm
Added Member To Class: ClassName=FFT_IFFT Member=Component *19 FSMC_A
Added Member To Class: ClassName=FFT_IFFT Member=Component *20 1KOhm
Added Member To Class: ClassName=FFT_IFFT Member=Component *21 1KOhm
Added Member To Class: ClassName=FFT_IFFT Member=Component *22 1KOhm
Added Member To Class: ClassName=FFT_IFFT Member=Component *23 1KOhm
Added Member To Class: ClassName=FFT_IFFT Member=Component *24 1KOhm
Added Member To Class: ClassName=FFT_IFFT Member=Component *25 1KOhm
Added Member To Class: ClassName=FFT_IFFT Member=Component *26 1KOhm
Added Member To Class: ClassName=FFT_IFFT Member=Component *27 1KOhm
Added Member To Class: ClassName=FFT_IFFT Member=Component *28 1KOhm
Added Member To Class: ClassName=FFT_IFFT Member=Component *29 1KOhm
Added Member To Class: ClassName=FFT_IFFT Member=Component *30 1KOhm
Added Member To Class: ClassName=FFT_IFFT Member=Component *31 1KOhm
Added Member To Class: ClassName=FFT_IFFT Member=Component *32 1KOhm
Added Member To Class: ClassName=FFT_IFFT Member=Component *33 1KOhm
Added Member To Class: ClassName=FFT_IFFT Member=Component *34 1KOhm
Added Member To Class: ClassName=FFT_IFFT Member=Component *35 1KOhm
Added Member To Class: ClassName=FFT_IFFT Member=Component *36 1KOhm
Added Member To Class: ClassName=FFT_IFFT Member=Component *37 1KOhm
Added Member To Class: ClassName=FFT_IFFT Member=Component *38 1KOhm
Added Member To Class: ClassName=FFT_IFFT Member=Component *39 1KOhm
Added Member To Class: ClassName=FFT_IFFT Member=Component *40 1KOhm
Added Member To Class: ClassName=FFT_IFFT Member=Component *41 1KOhm
Added Member To Class: ClassName=FFT_IFFT Member=Component *42 1KOhm
Added Member To Class: ClassName=FFT_IFFT Member=Component *43 1KOhm
Added Member To Class: ClassName=FFT_IFFT Member=Component *44 1KOhm
Added Member To Class: ClassName=FFT_IFFT Member=Component *45 1KOhm
Added Member To Class: ClassName=FFT_IFFT Member=Component *46 1KOhm
Added Member To Class: ClassName=FFT_IFFT Member=Component *47 1KOhm
Added Member To Class: ClassName=FFT_IFFT Member=Component *48 1KOhm
Added Member To Class: ClassName=FFT_IFFT Member=Component *49 1KOhm
Added Member To Class: ClassName=FFT_IFFT Member=Component *50 1KOhm
Added Member To Class: ClassName=FFT_IFFT Member=Component *51 1KOhm
Added Member To Class: ClassName=FFT_IFFT Member=Component *52 FSMC_A
Added Member To Class: ClassName=FFT_IFFT Member=Component *53 1KOhm
Added Member To Class: ClassName=FFT_IFFT Member=Component *54 1KOhm
Added Member To Class: ClassName=FFT_IFFT Member=Component *55 1KOhm
Added Member To Class: ClassName=FFT_IFFT Member=Component *56 1KOhm
Added Member To Class: ClassName=FFT_IFFT Member=Component *57 1KOhm
Added Member To Class: ClassName=FFT_IFFT Member=Component *58 1KOhm
Added Member To Class: ClassName=FFT_IFFT Member=Component *59 1KOhm
Added Member To Class: ClassName=FFT_IFFT Member=Component *60 1KOhm
Added Member To Class: ClassName=FFT_IFFT Member=Component *61 1KOhm
Added Member To Class: ClassName=FFT_IFFT Member=Component *62 1KOhm
Added Member To Class: ClassName=FFT_IFFT Member=Component *63 1KOhm
Added Member To Class: ClassName=FFT_IFFT Member=Component *64 1KOhm
Added Member To Class: ClassName=FFT_IFFT Member=Component *65 1KOhm
Added Member To Class: ClassName=FFT_IFFT Member=Component *66 1KOhm
Added Member To Class: ClassName=FFT_IFFT Member=Component *67 1KOhm
Added Member To Class: ClassName=FFT_IFFT Member=Component *68 1KOhm
Added Member To Class: ClassName=FFT_IFFT Member=Component *69 1KOhm
Added Member To Class: ClassName=FFT_IFFT Member=Component *70 1KOhm
Added Member To Class: ClassName=FFT_IFFT Member=Component *71 1KOhm
Added Member To Class: ClassName=FFT_IFFT Member=Component *72 1KOhm
Added Member To Class: ClassName=FFT_IFFT Member=Component *73 1KOhm
Added Member To Class: ClassName=FFT_IFFT Member=Component *74 1KOhm
Added Member To Class: ClassName=FFT_IFFT Member=Component *75 1KOhm
Added Member To Class: ClassName=FFT_IFFT Member=Component *76 1KOhm
Added Member To Class: ClassName=FFT_IFFT Member=Component *77 1KOhm
Added Member To Class: ClassName=FFT_IFFT Member=Component *78 1KOhm
Added Member To Class: ClassName=FFT_IFFT Member=Component *79 1KOhm
Added Member To Class: ClassName=FFT_IFFT Member=Component *80 1KOhm
Added Member To Class: ClassName=FFT_IFFT Member=Component * Component_1
Added Member To Class: ClassName=FFT_IFFT Member=Component 1 104
Added Member To Class: ClassName=FFT_IFFT Member=Component 2 104
Added Member To Class: ClassName=FFT_IFFT Member=Component 3 560Ohm
Added Member To Class: ClassName=FFT_IFFT Member=Component 4 104
Added Member To Class: ClassName=FFT_IFFT Member=Component 5 560Ohm
Added Member To Class: ClassName=FFT_IFFT Member=Component 6 104
Added Member To Class: ClassName=FFT_IFFT Member=Component 7 104
Added Member To Class: ClassName=FFT_IFFT Member=Component 8 104
Added Member To Class: ClassName=FFT_IFFT Member=Component 9 104
Added Member To Class: ClassName=FFT_IFFT Member=Component 10 104
Added Member To Class: ClassName=FFT_IFFT Member=Component 11 104
Added Member To Class: ClassName=FFT_IFFT Member=Component 12 104
Added Member To Class: ClassName=FFT_IFFT Member=Component 13 104
Added Member To Class: ClassName=FFT_IFFT Member=Component 14 104
Added Member To Class: ClassName=FFT_IFFT Member=Component 15 104
Added Member To Class: ClassName=FFT_IFFT Member=Component 16 104
Added Member To Class: ClassName=FFT_IFFT Member=Component 17 104
Added Member To Class: ClassName=FFT_IFFT Member=Component 18 104
Added Member To Class: ClassName=FFT_IFFT Member=Component 19 104
Added Member To Class: ClassName=FFT_IFFT Member=Component 20 104
Added Member To Class: ClassName=FFT_IFFT Member=Component 21 104
Added Member To Class: ClassName=FFT_IFFT Member=Component 22 104
Added Member To Class: ClassName=FFT_IFFT Member=Component 23 104
Added Member To Class: ClassName=FFT_IFFT Member=Component 24 104
Added Member To Class: ClassName=FFT_IFFT Member=Component 25 104
Added Member To Class: ClassName=FFT_IFFT Member=Component 26 104
Added Member To Class: ClassName=FFT_IFFT Member=Component 27 104
Added Member To Class: ClassName=FFT_IFFT Member=Component 28 104
Added Member To Class: ClassName=FFT_IFFT Member=Component 29 104
Added Member To Class: ClassName=FFT_IFFT Member=Component 30 104
Added Member To Class: ClassName=FFT_IFFT Member=Component 31 104
Added Member To Class: ClassName=FFT_IFFT Member=Component 32 104
Added Member To Class: ClassName=FFT_IFFT Member=Component 33 104
Added Member To Class: ClassName=FFT_IFFT Member=Component 34 104
Added Member To Class: ClassName=FFT_IFFT Member=Component 35 104
Added Member To Class: ClassName=FFT_IFFT Member=Component P? Header 5
Added Member To Class: ClassName=FFT_IFFT Member=Component VR? Volt Reg
Added Room: Name=FFT_IFFT
