Log file open, 09/29/17 20:04:54
LogInit:Display: Running engine for game: Hahahahhahahahah
LogPlatformFile: Not using cached read wrapper
LogInit:Display: RandInit(820186384) SRandInit(820186384).
LogTaskGraph: Started task graph with 5 named threads and 8 total threads with 1 sets of task threads.
LogStats: Stats thread started at 0.068421
LogInit: Using libcurl 7.47.1
LogInit:  - built for x86_64-pc-win32
LogInit:  - supports SSL with OpenSSL/1.0.2g
LogInit:  - supports HTTP deflate (compression) using libz 1.2.8
LogInit:  - other features:
LogInit:      CURL_VERSION_SSL
LogInit:      CURL_VERSION_LIBZ
LogInit:      CURL_VERSION_IPV6
LogInit:      CURL_VERSION_ASYNCHDNS
LogInit:      CURL_VERSION_LARGEFILE
LogInit:      CURL_VERSION_IDN
LogInit:  CurlRequestOptions (configurable via config and command line):
LogInit:  - bVerifyPeer = false  - Libcurl will NOT verify peer certificate
LogInit:  - bUseHttpProxy = true  - Libcurl will use HTTP proxy
LogInit:  - HttpProxyAddress = '127.0.0.1:50950'
LogInit:  - bDontReuseConnections = false  - Libcurl will reuse connections
LogInit:  - CertBundlePath = nullptr  - Libcurl will use whatever was configured at build time.
OCULUS: Info: [CAPI] LibOVR module is located at C:\Program Files\Oculus\Support\oculus-runtime\LibOVRRT64_1.dll
OCULUS: Debug: Connected to the server running version (prod = 1).1.18.0(build = 442311) feature version = 0. Client runs version (prod = 1).1.18.0(build = 442311) feature version = 0
LogHMD: GearVR: Emulating GearVR using Oculus Rift!
LogInit: Build: ++UE4+Release-4.15-CL-3348071
LogInit: Engine Version: 4.15.1-3348071+++UE4+Release-4.15
LogInit: Compatible Engine Version: 4.15.0-3299760+++UE4+Release-4.15
LogInit: Net CL: 3299760
LogDevObjectVersion: Number of dev versions registered: 14
LogDevObjectVersion:   Dev-Blueprints (B0D832E4-1F89-4F0D-ACCF-7EB736FD4AA2): 8
LogDevObjectVersion:   Dev-Build (E1C64328-A22C-4D53-A36C-8E866417BD8C): 0
LogDevObjectVersion:   Dev-Core (375EC13C-06E4-48FB-B500-84F0262A717E): 2
LogDevObjectVersion:   Dev-Editor (E4B068ED-F494-42E9-A231-DA0B2E46BB41): 14
LogDevObjectVersion:   Dev-Framework (CFFC743F-43B0-4480-9391-14DF171D2073): 22
LogDevObjectVersion:   Dev-Mobile (B02B49B5-BB20-44E9-A304-32B752E40360): 0
LogDevObjectVersion:   Dev-Networking (A4E4105C-59A1-49B5-A7C5-40C4547EDFEE): 0
LogDevObjectVersion:   Dev-Online (39C831C9-5AE6-47DC-9A44-9C173E1C8E7C): 0
LogDevObjectVersion:   Dev-Physics (78F01B33-EBEA-4F98-B9B4-84EACCB95AA2): 0
LogDevObjectVersion:   Dev-Platform (6631380F-2D4D-43E0-8009-CF276956A95A): 0
LogDevObjectVersion:   Dev-Rendering (12F88B9F-8875-4AFC-A67C-D90C383ABD29): 12
LogDevObjectVersion:   Dev-Sequencer (7B5AE74C-D270-4C10-A958-57980B212A5A): 3
LogDevObjectVersion:   Dev-VR (D7296918-1DD6-4BDD-9DE2-64A83CC13884): 0
LogDevObjectVersion:   Dev-LoadTimes (C2A15278-BFE7-4AFE-6C17-90FF531DF755): 1
LogInit: Compiled (64-bit): Mar 15 2017 16:52:47
LogInit: Compiled with Visual C++: 19.00.23026.00
LogInit: Build Configuration: Development
LogInit: Branch Name: ++UE4+Release-4.15
LogInit: Command line:  
LogInit: Base directory: C:/Program Files/Epic Games/UE_4.15/Engine/Binaries/Win64/
LogInit: Installed Engine Build: 1
LogInit: Presizing for max 8388607 objects, including 0 objects not considered by GC, pre-allocating 0 bytes for permanent pool.
LogInit: Object subsystem initialized
[2017.09.29-12.04.55:450][  0]LogInit: Selected Device Profile: [Windows]
[2017.09.29-12.04.55:450][  0]LogInit: Applying CVar settings loaded from the selected device profile: [Windows]
[2017.09.29-12.04.55:456][  0]LogInit: Computer: AFK1
[2017.09.29-12.04.55:456][  0]LogInit: User: AFKC1
[2017.09.29-12.04.55:456][  0]LogInit: CPU Page size=65536, Cores=4
[2017.09.29-12.04.55:456][  0]LogInit: High frequency timer resolution =3.914059 MHz
[2017.09.29-12.04.55:456][  0]LogMemory: Memory total: Physical=32.0GB (32GB approx)
[2017.09.29-12.04.55:456][  0]LogMemory: Platform Memory Stats for Windows
[2017.09.29-12.04.55:456][  0]LogMemory: Process Physical Memory: 269.10 MB used, 269.10 MB peak
[2017.09.29-12.04.55:456][  0]LogMemory: Process Virtual Memory: 265.76 MB used, 265.76 MB peak
[2017.09.29-12.04.55:456][  0]LogMemory: Physical Memory: 4746.66 MB used,  27976.63 MB free, 32723.29 MB total
[2017.09.29-12.04.55:456][  0]LogMemory: Virtual Memory: 686.25 MB used,  27976.63 MB free, 134217728.00 MB total
[2017.09.29-12.04.55:523][  0]LogInit: Overriding culture zh-CN with editor configuration.
[2017.09.29-12.04.55:564][  0]LogTextLocalizationManager:Warning: Loaded localization resources contain conflicting entries for (Namespace:UObjectToolTips, Key:AnimNode_AssetPlayerBase:InternalTimeAccumulator):
Localization Resource: (C:/Program Files/Epic Games/UE_4.15/Engine/Content/Localization/EditorTutorials/zh-CN/EditorTutorials.locres) Source String Hash: (502993589) Localized String: (用于引用此节点中的资源的累积时间)
Localization Resource: (C:/Program Files/Epic Games/UE_4.15/Engine/Content/Localization/Engine/zh-CN/Engine.locres) Source String Hash: (502993589) Localized String: (引用该节点中资源所用的累计时间)
[2017.09.29-12.04.55:564][  0]LogTextLocalizationManager:Warning: Loaded localization resources contain conflicting entries for (Namespace:UObjectToolTips, Key:AnimNode_AssetPlayerBase:bIgnoreForRelevancyTest):
Localization Resource: (C:/Program Files/Epic Games/UE_4.15/Engine/Content/Localization/EditorTutorials/zh-CN/EditorTutorials.locres) Source String Hash: (319969718) Localized String: (若为真，在状态中寻找最高权重动画的“相关动画”节点将忽视 此节点)
Localization Resource: (C:/Program Files/Epic Games/UE_4.15/Engine/Content/Localization/Engine/zh-CN/Engine.locres) Source String Hash: (319969718) Localized String: (如果为真，那么将会忽略查找最高权重动画的"相关动画"节点。
这个节点)
[2017.09.29-12.04.55:564][  0]LogTextLocalizationManager:Warning: Loaded localization resources contain conflicting entries for (Namespace:UObjectToolTips, Key:AnimNode_AssetPlayerBase:BlendWeight):
Localization Resource: (C:/Program Files/Epic Games/UE_4.15/Engine/Content/Localization/EditorTutorials/zh-CN/EditorTutorials.locres) Source String Hash: (-1232800293) Localized String: (此节点最后交会的混合权重)
Localization Resource: (C:/Program Files/Epic Games/UE_4.15/Engine/Content/Localization/Engine/zh-CN/Engine.locres) Source String Hash: (-1232800293) Localized String: (该节点上一次遇到的混合权重)
[2017.09.29-12.04.55:822][  0]LogD3D11RHI: D3D11 adapters:
[2017.09.29-12.04.55:856][  0]LogD3D11RHI:    0. 'NVIDIA GeForce GTX 980 Ti' (Feature Level 11_0)
[2017.09.29-12.04.55:856][  0]LogD3D11RHI:       6103/0/16361 MB DedicatedVideo/DedicatedSystem/SharedSystem, Outputs:2, VendorId:0x10de
[2017.09.29-12.04.55:857][  0]LogD3D11RHI:    1. 'Microsoft Basic Render Driver' (Feature Level 11_0)
[2017.09.29-12.04.55:857][  0]LogD3D11RHI:       0/0/16361 MB DedicatedVideo/DedicatedSystem/SharedSystem, Outputs:0, VendorId:0x1414
[2017.09.29-12.04.55:857][  0]LogD3D11RHI: Chosen D3D11 Adapter: 0
[2017.09.29-12.04.55:862][  0]LogD3D11RHI: Creating new Direct3DDevice
[2017.09.29-12.04.55:862][  0]LogD3D11RHI:     GPU DeviceId: 0x17c8 (for the marketing name, search the web for "GPU Device Id")
[2017.09.29-12.04.55:862][  0]LogWindows: EnumDisplayDevices:
[2017.09.29-12.04.55:862][  0]LogWindows:    0. 'NVIDIA GeForce GTX 980 Ti' (P:0 D:1)
[2017.09.29-12.04.55:862][  0]LogWindows:    1. 'NVIDIA GeForce GTX 980 Ti' (P:1 D:1)
[2017.09.29-12.04.55:863][  0]LogWindows:    2. 'NVIDIA GeForce GTX 980 Ti' (P:0 D:0)
[2017.09.29-12.04.55:863][  0]LogWindows:    3. 'NVIDIA GeForce GTX 980 Ti' (P:0 D:0)
[2017.09.29-12.04.55:863][  0]LogWindows: DebugString: FoundDriverCount:4 
[2017.09.29-12.04.55:863][  0]LogD3D11RHI:     Adapter Name: NVIDIA GeForce GTX 980 Ti
[2017.09.29-12.04.55:863][  0]LogD3D11RHI:   Driver Version: 382.05 (internal:22.21.13.8205, unified:382.05)
[2017.09.29-12.04.55:863][  0]LogD3D11RHI:      Driver Date: 5-1-2017
[2017.09.29-12.04.55:863][  0]LogRHI: Texture pool is 1361 MB (70% of 1945 MB)
[2017.09.29-12.04.55:886][  0]LogD3D11RHI: Async texture creation enabled
[2017.09.29-12.04.55:896][  0]LogD3D11RHI: GPU Timing Frequency: 1000.000000 (Debug: 2 1)
[2017.09.29-12.04.55:945][  0]LogShaderCompilers: Guid format shader working directory is -9 characters bigger than the processId version (../../../../../../Users/AFKC1/Desktop/Hahahahhahahahah/Intermediate/Shaders/WorkingDirectory/12808/).
[2017.09.29-12.04.55:945][  0]LogShaderCompilers: Cleaned the shader compiler working directory 'C:/Users/AFKC1/AppData/Local/Temp/UnrealShaderWorkingDir/2BA7327441D3B91EA8D3FDA37EBB3F4C/'.
[2017.09.29-12.04.55:945][  0]LogShaderCompilers:Display: Using Local Shader Compiler.
[2017.09.29-12.04.56:771][  0]LogTemp:Display: Loaded TP AllDesktopTargetPlatform
[2017.09.29-12.04.56:816][  0]LogTemp:Display: Loaded TP MacClientTargetPlatform
[2017.09.29-12.04.56:859][  0]LogTemp:Display: Loaded TP MacNoEditorTargetPlatform
[2017.09.29-12.04.56:904][  0]LogTemp:Display: Loaded TP MacServerTargetPlatform
[2017.09.29-12.04.56:949][  0]LogTemp:Display: Loaded TP MacTargetPlatform
[2017.09.29-12.04.56:994][  0]LogTemp:Display: Loaded TP WindowsClientTargetPlatform
[2017.09.29-12.04.57:039][  0]LogTemp:Display: Loaded TP WindowsNoEditorTargetPlatform
[2017.09.29-12.04.57:084][  0]LogTemp:Display: Loaded TP WindowsServerTargetPlatform
[2017.09.29-12.04.57:121][  0]LogTemp:Display: Loaded TP WindowsTargetPlatform
[2017.09.29-12.04.57:164][  0]LogTemp:Display: Loaded TP AndroidTargetPlatform
[2017.09.29-12.04.57:207][  0]LogTemp:Display: Loaded TP Android_ASTCTargetPlatform
[2017.09.29-12.04.57:252][  0]LogTemp:Display: Loaded TP Android_ATCTargetPlatform
[2017.09.29-12.04.57:295][  0]LogTemp:Display: Loaded TP Android_DXTTargetPlatform
[2017.09.29-12.04.57:339][  0]LogTemp:Display: Loaded TP Android_ETC1TargetPlatform
[2017.09.29-12.04.57:381][  0]LogTemp:Display: Loaded TP Android_ETC2TargetPlatform
[2017.09.29-12.04.57:479][  0]LogTemp:Display: Loaded TP Android_MultiTargetPlatform
[2017.09.29-12.04.57:479][  0]LogTemp:Display: Loaded TP Android_PVRTCTargetPlatform
[2017.09.29-12.04.57:514][  0]LogTemp:Display: Loaded TP HTML5TargetPlatform
[2017.09.29-12.04.57:604][  0]LogTemp:Display: Loaded TP IOSTargetPlatform
[2017.09.29-12.04.57:636][  0]LogTemp:Display: Loaded TP TVOSTargetPlatform
[2017.09.29-12.04.57:688][  0]LogTemp:Display: Loaded TP LinuxClientTargetPlatform
[2017.09.29-12.04.57:741][  0]LogTemp:Display: Loaded TP LinuxNoEditorTargetPlatform
[2017.09.29-12.04.57:803][  0]LogTemp:Display: Loaded TP LinuxServerTargetPlatform
[2017.09.29-12.04.57:849][  0]LogTemp:Display: Loaded TP LinuxTargetPlatform
[2017.09.29-12.04.57:849][  0]LogTargetPlatformManager:Display: Building Assets For Windows
[2017.09.29-12.04.58:221][  0]LogDerivedDataCache:Display: Max Cache Size: 512 MB
[2017.09.29-12.04.58:257][  0]LogDerivedDataCache: Loaded boot cache 0.04s 50MB C:/Users/AFKC1/AppData/Local/UnrealEngine/4.15/DerivedDataCache/Boot.ddc.
[2017.09.29-12.04.58:257][  0]LogDerivedDataCache:Display: Loaded Boot cache: C:/Users/AFKC1/AppData/Local/UnrealEngine/4.15/DerivedDataCache/Boot.ddc
[2017.09.29-12.04.58:257][  0]LogDerivedDataCache: FDerivedDataBackendGraph:  Pak pak cache file ../../../../../../Users/AFKC1/Desktop/Hahahahhahahahah/DerivedDataCache/DDC.ddp not found, will not use a pak cache.
[2017.09.29-12.04.58:257][  0]LogDerivedDataCache: Unable to find inner node Pak for hierarchical cache Hierarchy.
[2017.09.29-12.04.58:257][  0]LogDerivedDataCache: FDerivedDataBackendGraph:  CompressedPak pak cache file ../../../../../../Users/AFKC1/Desktop/Hahahahhahahahah/DerivedDataCache/Compressed.ddp not found, will not use a pak cache.
[2017.09.29-12.04.58:257][  0]LogDerivedDataCache: Unable to find inner node CompressedPak for hierarchical cache Hierarchy.
[2017.09.29-12.04.58:269][  0]LogDerivedDataCache:Display: Pak cache opened for reading ../../../Engine/DerivedDataCache/Compressed.ddp.
[2017.09.29-12.04.58:281][  0]LogDerivedDataCache: Using Local data cache path C:/Users/AFKC1/AppData/Local/UnrealEngine/Common/DerivedDataCache: Writable
[2017.09.29-12.04.58:288][  0]LogSlate: Using Freetype 2.6.0
[2017.09.29-12.04.58:288][  0]LogSlate: SlateFontCache - WITH_FREETYPE: 1, WITH_HARFBUZZ: 1
[2017.09.29-12.04.58:288][  0]LogSlate: SlateFontCache - WITH_FREETYPE: 1, WITH_HARFBUZZ: 1
[2017.09.29-12.04.58:500][  0]LogInit: Selected Device Profile: [Windows]
[2017.09.29-12.04.58:502][  0]LogContentStreaming: Texture pool size is 0.00 MB
[2017.09.29-12.04.58:676][  0]LogMeshUtilities: Using QuadricMeshReduction for automatic static mesh reduction
[2017.09.29-12.04.58:711][  0]LogSimplygon: Simplygon DLL not present - disabling.
[2017.09.29-12.04.58:754][  0]LogMeshUtilities: Using SimplygonSwarm for distributed automatic mesh merging
[2017.09.29-12.04.58:754][  0]LogMeshUtilities: No automatic skeletal mesh reduction module available
[2017.09.29-12.04.58:754][  0]LogMeshUtilities: No automatic mesh merging module available
[2017.09.29-12.04.59:186][  0]LogNetVersion: GetLocalNetworkVersion: CL: 3299760, ProjectName: hahahahhahahahah, ProjectVersion: , EngineNetworkVersion: 2, GameNetworkVersion: 0, NetworkChecksum: 2515754316
[2017.09.29-12.04.59:228][  0]LogAssetRegistry: FAssetRegistry took 0.0218 seconds to start up
[2017.09.29-12.04.59:303][  0]LogPackageLocalizationCache: Processed 3 localized package path(s) for 4 prioritized culture(s) in 0.053786 seconds
[2017.09.29-12.04.59:307][  0]LogUObjectArray: 32493 objects as part of root set at end of initial load.
[2017.09.29-12.04.59:307][  0]LogUObjectAllocator: 7077024 out of 0 bytes used by permanent object pool.
[2017.09.29-12.04.59:307][  0]LogUObjectArray: CloseDisregardForGC: 0/0 objects in disregard for GC pool
[2017.09.29-12.04.59:368][  0]LogInit: WinSock: version 1.1 (2.2), MaxSocks=32767, MaxUdp=65467
[2017.09.29-12.05.00:725][  0]LogTcpMessaging: Initializing TcpMessaging bridge
[2017.09.29-12.05.00:758][  0]LogUdpMessaging: Initializing bridge on interface 0.0.0.0:0 to multicast group 230.0.0.1:6666.
[2017.09.29-12.05.01:129][  0]LogMaterial: Uniform references updated for custom material expression Custom.
[2017.09.29-12.05.01:422][  0]SourceControl: 信息 源码控制已禁用
[2017.09.29-12.05.01:423][  0]SourceControl: 信息 源码控制已禁用
[2017.09.29-12.05.01:459][  0]SourceControl: 信息 源码控制已禁用
[2017.09.29-12.05.01:495][  0]SourceControl: 信息 源码控制已禁用
[2017.09.29-12.05.01:731][  0]LogLinker:Warning: 无法寻找到文件'/Game/ThirdPersonBP/ThirdPersonOverview'
[2017.09.29-12.05.01:731][  0]LogLinker:Warning: 无法寻找到文件'/Game/ThirdPersonBP/ThirdPersonOverview'
[2017.09.29-12.05.01:731][  0]LogUObjectGlobals:Warning: 寻找对象'Class /Game/ThirdPersonBP/ThirdPersonOverview.ThirdPersonOverview_C'失败
[2017.09.29-12.05.02:469][  0]LogEngine: Initializing Engine...
[2017.09.29-12.05.02:677][  0]LogHMD: Oculus plugin initialized. Version: 4.15.1-3348071+++UE4+Release-4.15, LibOVR: 1.18.0, SDK: 1.10.0, built Mar 15 2017, 16:59:09
[2017.09.29-12.05.02:858][  0]LogAIModule: Creating AISystem for world Untitled
[2017.09.29-12.05.02:866][  0]LogInit: XAudio2 using '2476WM-0 (NVIDIA High Definition Audio)' : 2 channels at 48 kHz using 16 bits per sample (channel mask 0x3)
[2017.09.29-12.05.02:885][  0]LogInit: FAudioDevice initialized.
[2017.09.29-12.05.02:905][  0]LogDerivedDataCache: Saved boot cache 0.02s 50MB C:/Users/AFKC1/AppData/Local/UnrealEngine/4.15/DerivedDataCache/Boot.ddc.
[2017.09.29-12.05.02:908][  0]LogInit: Texture streaming: Enabled
[2017.09.29-12.05.02:984][  0]LogEngineSessionManager: EngineSessionManager initialized
[2017.09.29-12.05.03:053][  0]LogInit: Transaction tracking system initialized
[2017.09.29-12.05.03:323][  0]BlueprintLog: New page: 编辑器加载
[2017.09.29-12.05.04:016][  0]LocalizationService: 信息 本地化服务已被禁用
[2017.09.29-12.05.04:540][  0]LogConsoleResponse:Display: 
[2017.09.29-12.05.04:648][  0]LogCook:Display: Max memory allowance for cook 16384mb min free memory 0mb
[2017.09.29-12.05.04:648][  0]LogCook:Display: Mobile HDR setting 1
[2017.09.29-12.05.04:691][  0]LogFileCache: Scanning file cache for directory 'C:/Users/AFKC1/Desktop/Hahahahhahahahah/Content/' took 0.01s
[2017.09.29-12.05.05:464][  0]SourceControl: 信息 源码控制已禁用
[2017.09.29-12.05.05:464][  0]Cmd: MAP LOAD FILE="../../../../../../Users/AFKC1/Desktop/Hahahahhahahahah/Content/2DSideScrollerBP/Maps/2DSideScrollerExampleMap.umap" TEMPLATE=0 SHOWPROGRESS=1 FEATURELEVEL=3
[2017.09.29-12.05.05:465][  0]LightingResults: New page: 光照构建
[2017.09.29-12.05.05:496][  0]MapCheck: New page: 地图检测
[2017.09.29-12.05.05:496][  0]LightingResults: New page: 光照构建
[2017.09.29-12.05.06:001][  0]LogAIModule: Creating AISystem for world 2DSideScrollerExampleMap
[2017.09.29-12.05.06:017][  0]LogEditorServer: Finished looking for orphan Actors (0.000 secs)
[2017.09.29-12.05.06:018][  0]Cmd: MAP CHECKDEP NOCLEARLOG
[2017.09.29-12.05.06:053][  0]MapCheck: 信息 地图检测完成：0个错误，0 个警告，用时35.627毫秒完成。
[2017.09.29-12.05.06:053][  0]LogFileHelpers: Loading map '2DSideScrollerExampleMap' took 0.589
[2017.09.29-12.05.06:118][  0]LogWindowsTextInputMethodSystem:Display: IME system now activated using TSF (微软拼音).
[2017.09.29-12.05.06:209][  0]LogCollectionManager: Loaded 0 collections in 0.001086 seconds
[2017.09.29-12.05.06:280][  0]LogFileCache: Scanning file cache for directory 'C:/Users/AFKC1/Desktop/Hahahahhahahahah/Saved/Collections/' took 0.01s
[2017.09.29-12.05.06:280][  0]LogFileCache: Scanning file cache for directory 'C:/Users/AFKC1/Desktop/Hahahahhahahahah/Content/Developers/AFKC1/Collections/' took 0.01s
[2017.09.29-12.05.06:280][  0]LogFileCache: Scanning file cache for directory 'C:/Users/AFKC1/Desktop/Hahahahhahahahah/Content/Collections/' took 0.01s
[2017.09.29-12.05.06:280][  0]LogCollectionManager: Rebuilt the GUID cache for 0 collections in 0.000001 seconds
[2017.09.29-12.05.06:287][  0]LogContentBrowser: Native class hierarchy populated in 0.0068 seconds. Added 2245 classes and 453 folders.
[2017.09.29-12.05.06:290][  0]LogStats: UGameplayTagsManager::ConstructGameplayTagTree: Construct from data asset -  0.000 s
[2017.09.29-12.05.06:290][  0]LogStats: UGameplayTagsManager::ConstructGameplayTagTree: GameplayTagTreeChangedEvent.Broadcast -  0.000 s
[2017.09.29-12.05.06:339][  0]LogContentBrowser: Native class hierarchy updated for 'WidgetCarousel' in 0.0004 seconds. Added 0 classes and 0 folders.
[2017.09.29-12.05.06:368][  0]LogContentBrowser: Native class hierarchy updated for 'AddContentDialog' in 0.0004 seconds. Added 0 classes and 0 folders.
[2017.09.29-12.05.06:401][  0]LogContentBrowser: Native class hierarchy updated for 'SceneOutliner' in 0.0004 seconds. Added 1 classes and 2 folders.
[2017.09.29-12.05.06:481][  0]LogCrashTracker: Crashtracker disabled due to settings.
[2017.09.29-12.05.06:488][  0]LogUObjectGlobals:Warning: 寻找对象'Class 无.'失败
[2017.09.29-12.05.06:557][  0]LogContentBrowser: Native class hierarchy updated for 'HierarchicalLODOutliner' in 0.0004 seconds. Added 1 classes and 2 folders.
[2017.09.29-12.05.06:557][  0]LogLoad: (Engine Initialization) Total time: 13.14 seconds
[2017.09.29-12.05.06:557][  0]LogLoad: (Engine Initialization) Total Blueprint compile time: 0.23 seconds
[2017.09.29-12.05.06:557][  0]LogExternalProfiler: No external profilers were discovered.  External profiling features will not be available.
[2017.09.29-12.05.06:569][  0]LogOcInput: OculusInput pre-init called
[2017.09.29-12.05.06:580][  0]LogOcInput: OculusInput is initialized. Init status 0. Runtime version: 1.18.0
[2017.09.29-12.05.06:594][  0]LogAssetRegistry: Asset discovery search completed in 7.3874 seconds
[2017.09.29-12.05.06:594][  0]LogCollectionManager: Rebuilt the object cache for 0 collections in 0.000002 seconds (found 0 objects)
[2017.09.29-12.05.06:594][  0]LogCollectionManager: Fixed up redirectors for 0 collections in 0.000012 seconds (updated 0 objects)
[2017.09.29-12.05.06:595][  0]LogContentStreaming: Texture pool size now 1000 MB
[2017.09.29-12.05.06:602][  0]LogSlate: Took 0.000099 seconds to synchronously load lazily loaded font '../../../Engine/Content/Slate/Fonts/Roboto-Regular.ttf' (155K)
[2017.09.29-12.05.06:606][  0]LogSlate: Took 0.001746 seconds to synchronously load lazily loaded font '../../../Engine/Content/Slate/Fonts/DroidSansFallback.ttf' (3848K)
[2017.09.29-12.05.06:607][  0]LogSlate: Took 0.000103 seconds to synchronously load lazily loaded font '../../../Engine/Content/Slate/Fonts/Roboto-Bold.ttf' (160K)
[2017.09.29-12.05.06:611][  0]LogSlate: Took 0.000120 seconds to synchronously load lazily loaded font '../../../Engine/Content/Editor/Slate/Fonts/FontAwesome.ttf' (139K)
[2017.09.29-12.05.06:678][  0]LogSlate: Took 0.000109 seconds to synchronously load lazily loaded font '../../../Engine/Content/Slate/Fonts/Roboto-Light.ttf' (159K)
[2017.09.29-12.05.06:719][  0]LogRenderer: Reallocating scene render targets to support 1132x608 NumSamples 1 (Frame:2).
[2017.09.29-12.05.07:835][115]LogWindowsTextInputMethodSystem:Display: IME system now activated using TSF (微软拼音).
[2017.09.29-12.05.07:838][115]LogWindowsTextInputMethodSystem:Display: IME system now activated using TSF (微软拼音).
[2017.09.29-12.05.07:987][116]Cmd: QUIT_EDITOR
[2017.09.29-12.05.08:031][116]LogExit: Preparing to exit.
[2017.09.29-12.05.08:833][116]LogDirectoryWatcher: A directory notification for 'C:/Users/AFKC1/Desktop/Hahahahhahahahah/Content/' was aborted.
[2017.09.29-12.05.08:844][116]LogExit: Editor shut down
[2017.09.29-12.05.08:844][116]LogExit: Transaction tracking system shut down
[2017.09.29-12.05.08:890][116]LogObj: Freed 0b from 0 cluster array pools.
[2017.09.29-12.05.08:890][116]LogExit: Object subsystem successfully closed.
[2017.09.29-12.05.08:955][116]LogD3D11RHI: Shutdown
[2017.09.29-12.05.08:955][116]LogD3D11RHI: CleanupD3DDevice
[2017.09.29-12.05.09:040][116]LogD3D11RHI: ~FD3D11DynamicRHI
[2017.09.29-12.05.09:054][116]LogModuleManager: Shutting down and abandoning module HierarchicalLODOutliner (498)
[2017.09.29-12.05.09:054][116]LogModuleManager: Shutting down and abandoning module CrashTracker (496)
[2017.09.29-12.05.09:054][116]LogModuleManager: Shutting down and abandoning module SceneOutliner (494)
[2017.09.29-12.05.09:054][116]LogModuleManager: Shutting down and abandoning module AddContentDialog (492)
[2017.09.29-12.05.09:054][116]LogDirectoryWatcher: A directory notification for 'C:/Program Files/Epic Games/UE_4.15/FeaturePacks/' was aborted.
[2017.09.29-12.05.09:054][116]LogModuleManager: Shutting down and abandoning module WidgetCarousel (491)
[2017.09.29-12.05.09:054][116]LogModuleManager: Shutting down and abandoning module EditorWidgets (488)
[2017.09.29-12.05.09:054][116]LogModuleManager: Shutting down and abandoning module CollectionManager (486)
[2017.09.29-12.05.09:054][116]LogDirectoryWatcher: A directory notification for 'C:/Users/AFKC1/Desktop/Hahahahhahahahah/Content/Collections/' was aborted.
[2017.09.29-12.05.09:054][116]LogDirectoryWatcher: A directory notification for 'C:/Users/AFKC1/Desktop/Hahahahhahahahah/Content/Developers/AFKC1/Collections/' was aborted.
[2017.09.29-12.05.09:054][116]LogDirectoryWatcher: A directory notification for 'C:/Users/AFKC1/Desktop/Hahahahhahahahah/Saved/Collections/' was aborted.
[2017.09.29-12.05.09:054][116]LogModuleManager: Shutting down and abandoning module StatsViewer (484)
[2017.09.29-12.05.09:054][116]LogModuleManager: Shutting down and abandoning module FoliageEdit (482)
[2017.09.29-12.05.09:054][116]LogModuleManager: Shutting down and abandoning module LandscapeEditor (480)
[2017.09.29-12.05.09:054][116]LogModuleManager: Shutting down and abandoning module SceneDepthPickerMode (478)
[2017.09.29-12.05.09:054][116]LogModuleManager: Shutting down and abandoning module ActorPickerMode (476)
[2017.09.29-12.05.09:054][116]LogModuleManager: Shutting down and abandoning module GeometryMode (474)
[2017.09.29-12.05.09:054][116]LogModuleManager: Shutting down and abandoning module TextureAlignMode (472)
[2017.09.29-12.05.09:054][116]LogModuleManager: Shutting down and abandoning module BspMode (470)
[2017.09.29-12.05.09:054][116]LogModuleManager: Shutting down and abandoning module HardwareSurvey (468)
[2017.09.29-12.05.09:054][116]LogModuleManager: Shutting down and abandoning module SequenceRecorderSections (466)
[2017.09.29-12.05.09:055][116]LogModuleManager: Shutting down and abandoning module AutomationWorker (464)
[2017.09.29-12.05.09:055][116]LogModuleManager: Shutting down and abandoning module MatineeToLevelSequence (462)
[2017.09.29-12.05.09:055][116]LogModuleManager: Shutting down and abandoning module LevelSequenceEditor (460)
[2017.09.29-12.05.09:055][116]LogModuleManager: Shutting down and abandoning module PlacementMode (459)
[2017.09.29-12.05.09:055][116]LogModuleManager: Shutting down and abandoning module WmfMediaFactory (456)
[2017.09.29-12.05.09:055][116]LogModuleManager: Shutting down and abandoning module WmfMediaEditor (454)
[2017.09.29-12.05.09:055][116]LogModuleManager: Shutting down and abandoning module MfMediaFactory (452)
[2017.09.29-12.05.09:055][116]LogModuleManager: Shutting down and abandoning module MfMediaEditor (450)
[2017.09.29-12.05.09:055][116]LogModuleManager: Shutting down and abandoning module AvfMediaFactory (448)
[2017.09.29-12.05.09:055][116]LogModuleManager: Shutting down and abandoning module AvfMediaEditor (446)
[2017.09.29-12.05.09:055][116]LogModuleManager: Shutting down and abandoning module AndroidMediaFactory (444)
[2017.09.29-12.05.09:055][116]LogModuleManager: Shutting down and abandoning module Media (443)
[2017.09.29-12.05.09:055][116]LogModuleManager: Shutting down and abandoning module AndroidMediaEditor (440)
[2017.09.29-12.05.09:055][116]LogModuleManager: Shutting down and abandoning module CharacterAI (438)
[2017.09.29-12.05.09:055][116]LogModuleManager: Shutting down and abandoning module AudioCapture (436)
[2017.09.29-12.05.09:055][116]LogModuleManager: Shutting down and abandoning module SequenceRecorder (435)
[2017.09.29-12.05.09:055][116]LogModuleManager: Shutting down and abandoning module SmartSnapping (432)
[2017.09.29-12.05.09:055][116]LogModuleManager: Shutting down and abandoning module SessionServices (430)
[2017.09.29-12.05.09:055][116]LogModuleManager: Shutting down and abandoning module ViewportSnapping (428)
[2017.09.29-12.05.09:055][116]LogModuleManager: Shutting down and abandoning module ViewportInteraction (426)
[2017.09.29-12.05.09:055][116]LogModuleManager: Shutting down and abandoning module LogVisualizer (424)
[2017.09.29-12.05.09:055][116]LogModuleManager: Shutting down and abandoning module IntroTutorials (422)
[2017.09.29-12.05.09:055][116]LogModuleManager: Shutting down and abandoning module GameProjectGeneration (421)
[2017.09.29-12.05.09:055][116]LogModuleManager: Shutting down and abandoning module EditorLiveStreaming (418)
[2017.09.29-12.05.09:055][116]LogModuleManager: Shutting down and abandoning module IOSPlatformEditor (416)
[2017.09.29-12.05.09:055][116]LogModuleManager: Shutting down and abandoning module HTML5PlatformEditor (414)
[2017.09.29-12.05.09:055][116]LogModuleManager: Shutting down and abandoning module AndroidPlatformEditor (412)
[2017.09.29-12.05.09:055][116]LogModuleManager: Shutting down and abandoning module AndroidDeviceDetection (411)
[2017.09.29-12.05.09:349][116]LogModuleManager: Shutting down and abandoning module IOSRuntimeSettings (408)
[2017.09.29-12.05.09:349][116]LogModuleManager: Shutting down and abandoning module AndroidRuntimeSettings (406)
[2017.09.29-12.05.09:349][116]LogModuleManager: Shutting down and abandoning module InputBindingEditor (404)
[2017.09.29-12.05.09:349][116]LogModuleManager: Shutting down and abandoning module NiagaraEditor (402)
[2017.09.29-12.05.09:349][116]LogModuleManager: Shutting down and abandoning module MergeActors (400)
[2017.09.29-12.05.09:349][116]LogModuleManager: Shutting down and abandoning module SizeMap (398)
[2017.09.29-12.05.09:349][116]LogModuleManager: Shutting down and abandoning module TreeMap (396)
[2017.09.29-12.05.09:349][116]LogModuleManager: Shutting down and abandoning module ReferenceViewer (394)
[2017.09.29-12.05.09:349][116]LogModuleManager: Shutting down and abandoning module LocalizationDashboard (392)
[2017.09.29-12.05.09:349][116]LogModuleManager: Shutting down and abandoning module LocalizationService (391)
[2017.09.29-12.05.09:349][116]LogModuleManager: Shutting down and abandoning module HardwareTargeting (388)
[2017.09.29-12.05.09:349][116]LogModuleManager: Shutting down and abandoning module DeviceProfileEditor (386)
[2017.09.29-12.05.09:349][116]LogModuleManager: Shutting down and abandoning module UndoHistory (384)
[2017.09.29-12.05.09:349][116]LogModuleManager: Shutting down and abandoning module UserFeedback (382)
[2017.09.29-12.05.09:349][116]LogModuleManager: Shutting down and abandoning module XmlParser (380)
[2017.09.29-12.05.09:349][116]LogModuleManager: Shutting down and abandoning module Blutility (378)
[2017.09.29-12.05.09:349][116]LogModuleManager: Shutting down and abandoning module ProjectSettingsViewer (376)
[2017.09.29-12.05.09:349][116]LogModuleManager: Shutting down and abandoning module ProjectTargetPlatformEditor (375)
[2017.09.29-12.05.09:349][116]LogModuleManager: Shutting down and abandoning module EditorSettingsViewer (372)
[2017.09.29-12.05.09:349][116]LogModuleManager: Shutting down and abandoning module SettingsEditor (370)
[2017.09.29-12.05.09:349][116]LogModuleManager: Shutting down and abandoning module ProjectLauncher (368)
[2017.09.29-12.05.09:349][116]LogModuleManager: Shutting down and abandoning module SessionFrontend (366)
[2017.09.29-12.05.09:349][116]LogModuleManager: Shutting down and abandoning module ProfilerClient (364)
[2017.09.29-12.05.09:349][116]LogModuleManager: Shutting down and abandoning module DeviceManager (362)
[2017.09.29-12.05.09:349][116]LogModuleManager: Shutting down and abandoning module TargetDeviceServices (361)
[2017.09.29-12.05.09:402][116]LogModuleManager: Shutting down and abandoning module AutomationController (358)
[2017.09.29-12.05.09:402][116]LogModuleManager: Shutting down and abandoning module AutomationWindow (356)
[2017.09.29-12.05.09:402][116]LogModuleManager: Shutting down and abandoning module Layers (354)
[2017.09.29-12.05.09:402][116]LogModuleManager: Shutting down and abandoning module ComponentVisualizers (352)
[2017.09.29-12.05.09:402][116]LogModuleManager: Shutting down and abandoning module DetailCustomizations (350)
[2017.09.29-12.05.09:402][116]LogModuleManager: Shutting down and abandoning module PackagesDialog (348)
[2017.09.29-12.05.09:402][116]LogModuleManager: Shutting down and abandoning module Persona (346)
[2017.09.29-12.05.09:402][116]LogModuleManager: Shutting down and abandoning module AnimGraph (345)
[2017.09.29-12.05.09:402][116]LogModuleManager: Shutting down and abandoning module Kismet (342)
[2017.09.29-12.05.09:402][116]LogModuleManager: Shutting down and abandoning module GraphEditor (340)
[2017.09.29-12.05.09:402][116]LogModuleManager: Shutting down and abandoning module ClassViewer (338)
[2017.09.29-12.05.09:402][116]LogModuleManager: Shutting down and abandoning module Toolbox (336)
[2017.09.29-12.05.09:402][116]LogModuleManager: Shutting down and abandoning module ModuleUI (334)
[2017.09.29-12.05.09:403][116]LogModuleManager: Shutting down and abandoning module MovieSceneTools (332)
[2017.09.29-12.05.09:403][116]LogModuleManager: Shutting down and abandoning module OutputLog (330)
[2017.09.29-12.05.09:403][116]LogModuleManager: Shutting down and abandoning module GammaUI (328)
[2017.09.29-12.05.09:403][116]LogModuleManager: Shutting down and abandoning module Documentation (326)
[2017.09.29-12.05.09:403][116]LogModuleManager: Shutting down and abandoning module Niagara (324)
[2017.09.29-12.05.09:403][116]LogModuleManager: Shutting down and abandoning module StreamingPauseRendering (322)
[2017.09.29-12.05.09:403][116]LogModuleManager: Shutting down and abandoning module AnalyticsET (320)
[2017.09.29-12.05.09:403][116]LogModuleManager: Shutting down and abandoning module PortalServices (318)
[2017.09.29-12.05.09:403][116]LogModuleManager: Shutting down and abandoning module PortalRpc (316)
[2017.09.29-12.05.09:403][116]LogModuleManager: Shutting down and abandoning module MessagingRpc (314)
[2017.09.29-12.05.09:403][116]LogModuleManager: Shutting down and abandoning module AIModule (312)
[2017.09.29-12.05.09:403][116]LogModuleManager: Shutting down and abandoning module GameplayDebugger (311)
[2017.09.29-12.05.09:403][116]LogModuleManager: Shutting down and abandoning module AITestSuite (309)
[2017.09.29-12.05.09:403][116]LogModuleManager: Shutting down and abandoning module ProfilerService (306)
[2017.09.29-12.05.09:446][116]LogModuleManager: Shutting down and abandoning module TaskGraph (304)
[2017.09.29-12.05.09:446][116]LogModuleManager: Shutting down and abandoning module SteamVRController (302)
[2017.09.29-12.05.09:446][116]LogModuleManager: Shutting down and abandoning module SteamVR (300)
[2017.09.29-12.05.09:446][116]LogModuleManager: Shutting down and abandoning module ProceduralMeshComponentEditor (298)
[2017.09.29-12.05.09:446][116]LogModuleManager: Shutting down and abandoning module ProceduralMeshComponent (296)
[2017.09.29-12.05.09:446][116]LogModuleManager: Shutting down and abandoning module OculusLibrary (294)
[2017.09.29-12.05.09:446][116]LogModuleManager: Shutting down and abandoning module OculusInput (292)
[2017.09.29-12.05.09:446][116]LogModuleManager: Shutting down and abandoning module MobilePatchingUtils (290)
[2017.09.29-12.05.09:446][116]LogModuleManager: Shutting down and abandoning module CustomMeshComponent (288)
[2017.09.29-12.05.09:446][116]LogModuleManager: Shutting down and abandoning module CableComponent (286)
[2017.09.29-12.05.09:446][116]LogModuleManager: Shutting down and abandoning module ArchVisCharacter (284)
[2017.09.29-12.05.09:446][116]LogModuleManager: Shutting down and abandoning module MediaPlayerEditor (280)
[2017.09.29-12.05.09:446][116]LogModuleManager: Shutting down and abandoning module HTML5Networking (278)
[2017.09.29-12.05.09:446][116]LogModuleManager: Shutting down and abandoning module AlembicImporter (276)
[2017.09.29-12.05.09:446][116]LogModuleManager: Shutting down and abandoning module AlembicLibrary (275)
[2017.09.29-12.05.09:446][116]LogModuleManager: Shutting down and abandoning module GeometryCache (274)
[2017.09.29-12.05.09:446][116]LogModuleManager: Shutting down and abandoning module GeometryCacheEd (273)
[2017.09.29-12.05.09:446][116]LogModuleManager: Shutting down and abandoning module SuperSearchEditor (268)
[2017.09.29-12.05.09:446][116]LogModuleManager: Shutting down and abandoning module SuperSearch (267)
[2017.09.29-12.05.09:446][116]LogModuleManager: Shutting down and abandoning module SpeedTreeImporter (264)
[2017.09.29-12.05.09:446][116]LogModuleManager: Shutting down and abandoning module PluginBrowser (262)
[2017.09.29-12.05.09:446][116]LogModuleManager: Shutting down and abandoning module MobileLauncherProfileWizard (260)
[2017.09.29-12.05.09:446][116]LogModuleManager: Shutting down and abandoning module EpicSurvey (258)
[2017.09.29-12.05.09:446][116]LogModuleManager: Shutting down and abandoning module VisualStudioSourceCodeAccess (256)
[2017.09.29-12.05.09:446][116]LogModuleManager: Shutting down and abandoning module DesktopPlatform (255)
[2017.09.29-12.05.09:446][116]LogModuleManager: Shutting down and abandoning module UObjectPlugin (252)
[2017.09.29-12.05.09:446][116]LogModuleManager: Shutting down and abandoning module SubversionSourceControl (250)
[2017.09.29-12.05.09:446][116]LogModuleManager: Shutting down and abandoning module PerforceSourceControl (248)
[2017.09.29-12.05.09:446][116]LogModuleManager: Shutting down and abandoning module GitSourceControl (246)
[2017.09.29-12.05.09:446][116]LogModuleManager: Shutting down and abandoning module SourceControl (245)
[2017.09.29-12.05.09:446][116]LogModuleManager: Shutting down and abandoning module LightPropagationVolumeEditor (242)
[2017.09.29-12.05.09:446][116]LogModuleManager: Shutting down and abandoning module PaperTiledImporter (240)
[2017.09.29-12.05.09:446][116]LogModuleManager: Shutting down and abandoning module PaperSpriteSheetImporter (238)
[2017.09.29-12.05.09:446][116]LogModuleManager: Shutting down and abandoning module Paper2DEditor (236)
[2017.09.29-12.05.09:446][116]LogModuleManager: Shutting down and abandoning module MeshPaint (235)
[2017.09.29-12.05.09:446][116]LogModuleManager: Shutting down and abandoning module LevelEditor (233)
[2017.09.29-12.05.09:447][116]LogModuleManager: Shutting down and abandoning module PixelInspectorModule (232)
[2017.09.29-12.05.09:447][116]LogModuleManager: Shutting down and abandoning module MainFrame (230)
[2017.09.29-12.05.09:447][116]LogModuleManager: Shutting down and abandoning module HotReload (229)
[2017.09.29-12.05.09:447][116]LogModuleManager: Shutting down and abandoning module ContentBrowser (225)
[2017.09.29-12.05.09:448][116]LogModuleManager: Shutting down and abandoning module PhysXVehiclesEditor (222)
[2017.09.29-12.05.09:448][116]LogModuleManager: Shutting down and abandoning module PhysXVehicles (220)
[2017.09.29-12.05.09:448][116]LogModuleManager: Shutting down and abandoning module LocationServicesBPLibrary (218)
[2017.09.29-12.05.09:448][116]LogModuleManager: Shutting down and abandoning module UdpMessaging (216)
[2017.09.29-12.05.09:549][116]LogModuleManager: Shutting down and abandoning module TcpMessaging (214)
[2017.09.29-12.05.09:729][116]LogModuleManager: Shutting down and abandoning module GameplayTagsEditor (212)
[2017.09.29-12.05.09:729][116]LogModuleManager: Shutting down and abandoning module FacialAnimationEditor (210)
[2017.09.29-12.05.09:729][116]LogModuleManager: Shutting down and abandoning module FacialAnimation (208)
[2017.09.29-12.05.09:729][116]LogModuleManager: Shutting down and abandoning module LightPropagationVolumeRuntime (206)
[2017.09.29-12.05.09:729][116]LogModuleManager: Shutting down and abandoning module Paper2D (204)
[2017.09.29-12.05.09:729][116]LogModuleManager: Shutting down and abandoning module WindowsMoviePlayer (202)
[2017.09.29-12.05.09:729][116]LogModuleManager: Shutting down and abandoning module WmfMedia (200)
[2017.09.29-12.05.09:729][116]LogModuleManager: Shutting down and abandoning module MfMedia (198)
[2017.09.29-12.05.09:729][116]LogModuleManager: Shutting down and abandoning module MediaAssets (196)
[2017.09.29-12.05.09:729][116]LogModuleManager: Shutting down and abandoning module GameLiveStreaming (194)
[2017.09.29-12.05.09:729][116]LogModuleManager: Shutting down and abandoning module VREditor (192)
[2017.09.29-12.05.09:729][116]LogModuleManager: Shutting down and abandoning module GameplayTasksEditor (190)
[2017.09.29-12.05.09:729][116]LogModuleManager: Shutting down and abandoning module BehaviorTreeEditor (188)
[2017.09.29-12.05.09:729][116]LogModuleManager: Shutting down and abandoning module FunctionalTesting (186)
[2017.09.29-12.05.09:729][116]LogModuleManager: Shutting down and abandoning module CollisionAnalyzer (184)
[2017.09.29-12.05.09:729][116]LogModuleManager: Shutting down and abandoning module UMG (182)
[2017.09.29-12.05.09:729][116]LogModuleManager: Shutting down and abandoning module UMGEditor (181)
[2017.09.29-12.05.09:729][116]LogModuleManager: Shutting down and abandoning module Sequencer (180)
[2017.09.29-12.05.09:729][116]LogModuleManager: Shutting down and abandoning module AssetTools (178)
[2017.09.29-12.05.09:729][116]LogModuleManager: Shutting down and abandoning module MessageLog (177)
[2017.09.29-12.05.09:729][116]LogModuleManager: Shutting down and abandoning module WorkspaceMenuStructure (176)
[2017.09.29-12.05.09:729][116]LogModuleManager: Shutting down and abandoning module SlateReflector (170)
[2017.09.29-12.05.09:729][116]LogModuleManager: Shutting down and abandoning module Slate (168)
[2017.09.29-12.05.09:729][116]LogModuleManager: Shutting down and abandoning module EditorStyle (166)
[2017.09.29-12.05.09:731][116]LogModuleManager: Shutting down and abandoning module SourceCodeAccess (164)
[2017.09.29-12.05.09:731][116]LogModuleManager: Shutting down and abandoning module HeadMountedDisplay (162)
[2017.09.29-12.05.09:731][116]LogModuleManager: Shutting down and abandoning module XAudio2 (160)
[2017.09.29-12.05.09:731][116]LogModuleManager: Shutting down and abandoning module Networking (158)
[2017.09.29-12.05.09:731][116]LogModuleManager: Shutting down and abandoning module Core (154)
[2017.09.29-12.05.09:731][116]LogModuleManager: Shutting down and abandoning module AssetRegistry (152)
[2017.09.29-12.05.09:905][116]LogDirectoryWatcher: A directory notification for '../../../Engine/Content/' was aborted.
[2017.09.29-12.05.09:905][116]LogDirectoryWatcher: A directory notification for '../../../../../../Users/AFKC1/Desktop/Hahahahhahahahah/Content/' was aborted.
[2017.09.29-12.05.09:906][116]LogDirectoryWatcher: A directory notification for '../../../Engine/Plugins/2D/Paper2D/Content/' was aborted.
[2017.09.29-12.05.09:906][116]LogModuleManager: Shutting down and abandoning module DirectoryWatcher (151)
[2017.09.29-12.05.09:906][116]LogModuleManager: Shutting down and abandoning module KismetCompiler (148)
[2017.09.29-12.05.09:906][116]LogModuleManager: Shutting down and abandoning module PhysXFormats (146)
[2017.09.29-12.05.09:906][116]LogModuleManager: Shutting down and abandoning module MeshUtilities (144)
[2017.09.29-12.05.09:906][116]LogModuleManager: Shutting down and abandoning module SimplygonSwarm (143)
[2017.09.29-12.05.09:906][116]LogModuleManager: Shutting down and abandoning module SimplygonMeshReduction (141)
[2017.09.29-12.05.09:906][116]LogModuleManager: Shutting down and abandoning module QuadricMeshReduction (139)
[2017.09.29-12.05.09:906][116]LogModuleManager: Shutting down and abandoning module PropertyEditor (137)
[2017.09.29-12.05.09:906][116]LogModuleManager: Shutting down and abandoning module DerivedDataCache (134)
[2017.09.29-12.05.10:282][116]LogDerivedDataCache: Shutdown
[2017.09.29-12.05.10:282][116]LogModuleManager: Shutting down and abandoning module TargetPlatform (132)
[2017.09.29-12.05.10:282][116]LogModuleManager: Shutting down and abandoning module VulkanShaderFormat (131)
[2017.09.29-12.05.10:282][116]LogModuleManager: Shutting down and abandoning module ShaderFormatOpenGL (129)
[2017.09.29-12.05.10:282][116]LogModuleManager: Shutting down and abandoning module ShaderFormatD3D (127)
[2017.09.29-12.05.10:282][116]LogModuleManager: Shutting down and abandoning module MetalShaderFormat (125)
[2017.09.29-12.05.10:282][116]LogModuleManager: Shutting down and abandoning module TextureFormatUncompressed (123)
[2017.09.29-12.05.10:282][116]LogModuleManager: Shutting down and abandoning module TextureFormatPVR (121)
[2017.09.29-12.05.10:282][116]LogModuleManager: Shutting down and abandoning module TextureFormatDXT (119)
[2017.09.29-12.05.10:282][116]LogModuleManager: Shutting down and abandoning module TextureFormatIntelISPCTexComp (117)
[2017.09.29-12.05.10:282][116]LogModuleManager: Shutting down and abandoning module TextureFormatASTC (115)
[2017.09.29-12.05.10:282][116]LogModuleManager: Shutting down and abandoning module ImageWrapper (114)
[2017.09.29-12.05.10:282][116]LogModuleManager: Shutting down and abandoning module TextureFormatAndroid (111)
[2017.09.29-12.05.10:282][116]LogModuleManager: Shutting down and abandoning module AudioFormatOpus (109)
[2017.09.29-12.05.10:282][116]LogModuleManager: Shutting down and abandoning module AudioFormatOgg (107)
[2017.09.29-12.05.10:282][116]LogModuleManager: Shutting down and abandoning module AudioFormatADPCM (105)
[2017.09.29-12.05.10:282][116]LogModuleManager: Shutting down and abandoning module LinuxTargetPlatform (103)
[2017.09.29-12.05.10:282][116]LogModuleManager: Shutting down and abandoning module LinuxServerTargetPlatform (101)
[2017.09.29-12.05.10:282][116]LogModuleManager: Shutting down and abandoning module LinuxNoEditorTargetPlatform (99)
[2017.09.29-12.05.10:282][116]LogModuleManager: Shutting down and abandoning module LinuxClientTargetPlatform (97)
[2017.09.29-12.05.10:282][116]LogModuleManager: Shutting down and abandoning module TVOSTargetPlatform (95)
[2017.09.29-12.05.10:282][116]LogModuleManager: Shutting down and abandoning module Messaging (93)
[2017.09.29-12.05.10:282][116]LogModuleManager: Shutting down and abandoning module IOSTargetPlatform (91)
[2017.09.29-12.05.10:282][116]LogModuleManager: Shutting down and abandoning module HTML5TargetPlatform (89)
[2017.09.29-12.05.10:282][116]LogModuleManager: Shutting down and abandoning module Android_PVRTCTargetPlatform (87)
[2017.09.29-12.05.10:282][116]LogModuleManager: Shutting down and abandoning module Android_MultiTargetPlatform (85)
[2017.09.29-12.05.10:282][116]LogModuleManager: Shutting down and abandoning module Android_ETC2TargetPlatform (83)
[2017.09.29-12.05.10:282][116]LogModuleManager: Shutting down and abandoning module Android_ETC1TargetPlatform (81)
[2017.09.29-12.05.10:282][116]LogModuleManager: Shutting down and abandoning module Android_DXTTargetPlatform (79)
[2017.09.29-12.05.10:282][116]LogModuleManager: Shutting down and abandoning module Android_ATCTargetPlatform (77)
[2017.09.29-12.05.10:282][116]LogModuleManager: Shutting down and abandoning module Android_ASTCTargetPlatform (75)
[2017.09.29-12.05.10:282][116]LogModuleManager: Shutting down and abandoning module AndroidTargetPlatform (73)
[2017.09.29-12.05.10:282][116]LogModuleManager: Shutting down and abandoning module WindowsTargetPlatform (71)
[2017.09.29-12.05.10:282][116]LogModuleManager: Shutting down and abandoning module WindowsServerTargetPlatform (69)
[2017.09.29-12.05.10:282][116]LogModuleManager: Shutting down and abandoning module WindowsNoEditorTargetPlatform (67)
[2017.09.29-12.05.10:282][116]LogModuleManager: Shutting down and abandoning module WindowsClientTargetPlatform (65)
[2017.09.29-12.05.10:282][116]LogModuleManager: Shutting down and abandoning module MacTargetPlatform (63)
[2017.09.29-12.05.10:282][116]LogModuleManager: Shutting down and abandoning module MacServerTargetPlatform (61)
[2017.09.29-12.05.10:282][116]LogModuleManager: Shutting down and abandoning module MacNoEditorTargetPlatform (59)
[2017.09.29-12.05.10:282][116]LogModuleManager: Shutting down and abandoning module MacClientTargetPlatform (57)
[2017.09.29-12.05.10:282][116]LogModuleManager: Shutting down and abandoning module AllDesktopTargetPlatform (55)
[2017.09.29-12.05.10:282][116]LogModuleManager: Shutting down and abandoning module InputCore (52)
[2017.09.29-12.05.10:282][116]LogModuleManager: Shutting down and abandoning module Settings (50)
[2017.09.29-12.05.10:282][116]LogModuleManager: Shutting down and abandoning module OculusRift (48)
[2017.09.29-12.05.10:282][116]LogHMD: Oculus shutdown.
[2017.09.29-12.05.10:282][116]LogModuleManager: Shutting down and abandoning module GearVR (46)
[2017.09.29-12.05.10:282][116]LogModuleManager: Shutting down and abandoning module ExampleDeviceProfileSelector (44)
[2017.09.29-12.05.10:282][116]LogModuleManager: Shutting down and abandoning module OnlineBlueprintSupport (42)
[2017.09.29-12.05.10:282][116]LogModuleManager: Shutting down and abandoning module OnlineSubsystem (38)
[2017.09.29-12.05.10:282][116]LogOnline:Display: Unloading online subsystem: NULL
[2017.09.29-12.05.10:282][116]LogModuleManager: Shutting down and abandoning module XMPP (37)
[2017.09.29-12.05.10:282][116]LogModuleManager: Shutting down and abandoning module HTTP (35)
[2017.09.29-12.05.10:282][116]LogHttp:Display: Http module shutting down, but needs to wait on 2 outstanding Http requests:
[2017.09.29-12.05.10:282][116]LogHttp:Display: 	verb=[GET] url=[http://cdn.unrealengine.com/surveys/zh-CN/index.json] status=Processing
[2017.09.29-12.05.10:282][116]LogHttp:Display: 	verb=[POST] url=[https://datarouter.ol.epicgames.com/datarouter/api/v1/public/data?SessionID=%7BEC2FC365-4934-715A-2F5D-949065D990C8%7D&AppID=UEEditor.Rocket.Release&AppVersion=4.15.1-3348071%2B%2B%2BUE4%2BRelease-4.15&UserID=e3db8b994639c7d937460395145b9326%7C21aaa1772956434ea1dcdd641d7280ad%7C5b0916a3-9777-4ecd-9ce2-58a91a3d123a&AppEnvironment=datacollector-binary&UploadType=eteventstream] status=Processing
[2017.09.29-12.05.10:282][116]LogHttp:Display: Sleeping 0.5s to wait for 1 outstanding Http requests.
[2017.09.29-12.05.10:814][116]LogModuleManager: Shutting down and abandoning module SSL (34)
[2017.09.29-12.05.10:815][116]LogModuleManager: Shutting down and abandoning module AudioEditor (30)
[2017.09.29-12.05.10:815][116]LogModuleManager: Shutting down and abandoning module TextureCompressor (28)
[2017.09.29-12.05.10:815][116]LogModuleManager: Shutting down and abandoning module ShaderCore (26)
[2017.09.29-12.05.10:815][116]LogModuleManager: Shutting down and abandoning module Landscape (24)
[2017.09.29-12.05.10:815][116]LogModuleManager: Shutting down and abandoning module SlateRHIRenderer (22)
[2017.09.29-12.05.10:816][116]LogModuleManager: Shutting down and abandoning module OpenGLDrv (20)
[2017.09.29-12.05.10:816][116]LogModuleManager: Shutting down and abandoning module D3D11RHI (18)
[2017.09.29-12.05.10:816][116]LogModuleManager: Shutting down and abandoning module AnimGraphRuntime (16)
[2017.09.29-12.05.10:816][116]LogModuleManager: Shutting down and abandoning module Renderer (14)
[2017.09.29-12.05.10:816][116]LogModuleManager: Shutting down and abandoning module Engine (12)
[2017.09.29-12.05.10:816][116]LogModuleManager: Shutting down and abandoning module CoreUObject (10)
[2017.09.29-12.05.10:816][116]LogModuleManager: Shutting down and abandoning module NetworkFile (8)
[2017.09.29-12.05.10:816][116]LogModuleManager: Shutting down and abandoning module StreamingFile (6)
[2017.09.29-12.05.10:816][116]LogModuleManager: Shutting down and abandoning module SandboxFile (4)
[2017.09.29-12.05.10:816][116]LogModuleManager: Shutting down and abandoning module PakFile (2)
[2017.09.29-12.05.10:817][116]LogExit: Exiting.
[2017.09.29-12.05.10:818][116]Log file closed, 09/29/17 20:05:10
