Log file open, 10/19/18 11:07:17
LogInit:Display: Running engine for game: Hahahahhahahahah
LogPlatformFile: Not using cached read wrapper
LogInit:Display: RandInit(1927702289) SRandInit(1927702289).
LogTaskGraph: Started task graph with 5 named threads and 8 total threads with 1 sets of task threads.
LogStats: Stats thread started at 0.096163
LogInit: Using libcurl 7.47.1
LogInit:  - built for x86_64-pc-win32
LogInit:  - supports SSL with OpenSSL/1.0.2g
LogInit:  - supports HTTP deflate (compression) using libz 1.2.8
LogInit:  - other features:
LogInit:      CURL_VERSION_SSL
LogInit:      CURL_VERSION_LIBZ
LogInit:      CURL_VERSION_IPV6
LogInit:      CURL_VERSION_ASYNCHDNS
LogInit:      CURL_VERSION_LARGEFILE
LogInit:      CURL_VERSION_IDN
LogInit:  CurlRequestOptions (configurable via config and command line):
LogInit:  - bVerifyPeer = false  - Libcurl will NOT verify peer certificate
LogInit:  - bUseHttpProxy = false  - Libcurl will NOT use HTTP proxy
LogInit:  - bDontReuseConnections = false  - Libcurl will reuse connections
LogInit:  - CertBundlePath = nullptr  - Libcurl will use whatever was configured at build time.
LogInit: Build: ++UE4+Release-4.15-CL-3450819
LogInit: Engine Version: 4.15.3-3450819+++UE4+Release-4.15
LogInit: Compatible Engine Version: 4.15.0-3299760+++UE4+Release-4.15
LogInit: Net CL: 3299760
LogDevObjectVersion: Number of dev versions registered: 14
LogDevObjectVersion:   Dev-Blueprints (B0D832E4-1F89-4F0D-ACCF-7EB736FD4AA2): 8
LogDevObjectVersion:   Dev-Build (E1C64328-A22C-4D53-A36C-8E866417BD8C): 0
LogDevObjectVersion:   Dev-Core (375EC13C-06E4-48FB-B500-84F0262A717E): 2
LogDevObjectVersion:   Dev-Editor (E4B068ED-F494-42E9-A231-DA0B2E46BB41): 14
LogDevObjectVersion:   Dev-Framework (CFFC743F-43B0-4480-9391-14DF171D2073): 22
LogDevObjectVersion:   Dev-Mobile (B02B49B5-BB20-44E9-A304-32B752E40360): 0
LogDevObjectVersion:   Dev-Networking (A4E4105C-59A1-49B5-A7C5-40C4547EDFEE): 0
LogDevObjectVersion:   Dev-Online (39C831C9-5AE6-47DC-9A44-9C173E1C8E7C): 0
LogDevObjectVersion:   Dev-Physics (78F01B33-EBEA-4F98-B9B4-84EACCB95AA2): 0
LogDevObjectVersion:   Dev-Platform (6631380F-2D4D-43E0-8009-CF276956A95A): 0
LogDevObjectVersion:   Dev-Rendering (12F88B9F-8875-4AFC-A67C-D90C383ABD29): 12
LogDevObjectVersion:   Dev-Sequencer (7B5AE74C-D270-4C10-A958-57980B212A5A): 3
LogDevObjectVersion:   Dev-VR (D7296918-1DD6-4BDD-9DE2-64A83CC13884): 0
LogDevObjectVersion:   Dev-LoadTimes (C2A15278-BFE7-4AFE-6C17-90FF531DF755): 1
LogInit: Compiled (64-bit): May 21 2017 11:02:34
LogInit: Compiled with Visual C++: 19.00.23026.00
LogInit: Build Configuration: Development
LogInit: Branch Name: ++UE4+Release-4.15
LogInit: Command line:  
LogInit: Base directory: C:/Program Files/Epic Games/UE_4.15/Engine/Binaries/Win64/
LogInit: Installed Engine Build: 1
LogInit: Presizing for max 8388607 objects, including 0 objects not considered by GC, pre-allocating 0 bytes for permanent pool.
LogInit: Object subsystem initialized
[2018.10.19-03.07.18:746][  0]LogInit: Selected Device Profile: [Windows]
[2018.10.19-03.07.18:746][  0]LogInit: Applying CVar settings loaded from the selected device profile: [Windows]
[2018.10.19-03.07.18:754][  0]LogInit: Computer: DESKTOP-6SQKVS7
[2018.10.19-03.07.18:754][  0]LogInit: User: 82312
[2018.10.19-03.07.18:754][  0]LogInit: CPU Page size=65536, Cores=4
[2018.10.19-03.07.18:754][  0]LogInit: High frequency timer resolution =4.101566 MHz
[2018.10.19-03.07.18:754][  0]LogMemory: Memory total: Physical=31.9GB (32GB approx)
[2018.10.19-03.07.18:754][  0]LogMemory: Platform Memory Stats for Windows
[2018.10.19-03.07.18:754][  0]LogMemory: Process Physical Memory: 266.03 MB used, 266.03 MB peak
[2018.10.19-03.07.18:754][  0]LogMemory: Process Virtual Memory: 262.69 MB used, 262.69 MB peak
[2018.10.19-03.07.18:754][  0]LogMemory: Physical Memory: 11176.49 MB used,  21531.69 MB free, 32708.18 MB total
[2018.10.19-03.07.18:754][  0]LogMemory: Virtual Memory: 4780.96 MB used,  21531.69 MB free, 134217728.00 MB total
[2018.10.19-03.07.18:880][  0]LogInit: Overriding culture zh-CN with editor configuration.
[2018.10.19-03.07.18:918][  0]LogTextLocalizationManager:Warning: Loaded localization resources contain conflicting entries for (Namespace:UObjectToolTips, Key:AnimNode_AssetPlayerBase:InternalTimeAccumulator):
Localization Resource: (C:/Program Files/Epic Games/UE_4.15/Engine/Content/Localization/EditorTutorials/zh-CN/EditorTutorials.locres) Source String Hash: (502993589) Localized String: (用于引用此节点中的资源的累积时间)
Localization Resource: (C:/Program Files/Epic Games/UE_4.15/Engine/Content/Localization/Engine/zh-CN/Engine.locres) Source String Hash: (502993589) Localized String: (引用该节点中资源所用的累计时间)
[2018.10.19-03.07.18:918][  0]LogTextLocalizationManager:Warning: Loaded localization resources contain conflicting entries for (Namespace:UObjectToolTips, Key:AnimNode_AssetPlayerBase:bIgnoreForRelevancyTest):
Localization Resource: (C:/Program Files/Epic Games/UE_4.15/Engine/Content/Localization/EditorTutorials/zh-CN/EditorTutorials.locres) Source String Hash: (319969718) Localized String: (若为真，在状态中寻找最高权重动画的“相关动画”节点将忽视 此节点)
Localization Resource: (C:/Program Files/Epic Games/UE_4.15/Engine/Content/Localization/Engine/zh-CN/Engine.locres) Source String Hash: (319969718) Localized String: (如果为真，那么将会忽略查找最高权重动画的"相关动画"节点。
这个节点)
[2018.10.19-03.07.18:918][  0]LogTextLocalizationManager:Warning: Loaded localization resources contain conflicting entries for (Namespace:UObjectToolTips, Key:AnimNode_AssetPlayerBase:BlendWeight):
Localization Resource: (C:/Program Files/Epic Games/UE_4.15/Engine/Content/Localization/EditorTutorials/zh-CN/EditorTutorials.locres) Source String Hash: (-1232800293) Localized String: (此节点最后交会的混合权重)
Localization Resource: (C:/Program Files/Epic Games/UE_4.15/Engine/Content/Localization/Engine/zh-CN/Engine.locres) Source String Hash: (-1232800293) Localized String: (该节点上一次遇到的混合权重)
[2018.10.19-03.07.19:266][  0]LogD3D11RHI: D3D11 adapters:
[2018.10.19-03.07.19:337][  0]LogD3D11RHI:    0. 'NVIDIA GeForce GTX 1080 Ti' (Feature Level 11_0)
[2018.10.19-03.07.19:337][  0]LogD3D11RHI:       11127/0/16354 MB DedicatedVideo/DedicatedSystem/SharedSystem, Outputs:1, VendorId:0x10de
[2018.10.19-03.07.19:339][  0]LogD3D11RHI:    1. 'Microsoft Basic Render Driver' (Feature Level 11_0)
[2018.10.19-03.07.19:339][  0]LogD3D11RHI:       0/0/16354 MB DedicatedVideo/DedicatedSystem/SharedSystem, Outputs:0, VendorId:0x1414
[2018.10.19-03.07.19:339][  0]LogD3D11RHI: Chosen D3D11 Adapter: 0
[2018.10.19-03.07.19:347][  0]LogD3D11RHI: Creating new Direct3DDevice
[2018.10.19-03.07.19:347][  0]LogD3D11RHI:     GPU DeviceId: 0x1b06 (for the marketing name, search the web for "GPU Device Id")
[2018.10.19-03.07.19:347][  0]LogWindows: EnumDisplayDevices:
[2018.10.19-03.07.19:347][  0]LogWindows:    0. 'NVIDIA GeForce GTX 1080 Ti' (P:1 D:1)
[2018.10.19-03.07.19:347][  0]LogWindows:    1. 'NVIDIA GeForce GTX 1080 Ti' (P:0 D:0)
[2018.10.19-03.07.19:347][  0]LogWindows:    2. 'NVIDIA GeForce GTX 1080 Ti' (P:0 D:0)
[2018.10.19-03.07.19:347][  0]LogWindows:    3. 'NVIDIA GeForce GTX 1080 Ti' (P:0 D:0)
[2018.10.19-03.07.19:348][  0]LogWindows: DebugString: GetVideoDriverDetailsInvalid PrimaryIsNotTheChoosenAdapter GetVideoDriverDetailsInvalid PrimaryIsNotTheChoosenAdapter GetVideoDriverDetailsInvalid PrimaryIsNotTheChoosenAdapter GetVideoDriverDetailsInvalid PrimaryIsNotTheChoosenAdapter FoundDriverCount:0 
[2018.10.19-03.07.19:348][  0]LogD3D11RHI:     Adapter Name: NVIDIA GeForce GTX 1080 Ti
[2018.10.19-03.07.19:348][  0]LogD3D11RHI:   Driver Version: Unknown (internal:Unknown, unified:Unknown)
[2018.10.19-03.07.19:348][  0]LogD3D11RHI:      Driver Date: Unknown
[2018.10.19-03.07.19:348][  0]LogRHI: Texture pool is 1361 MB (70% of 1945 MB)
[2018.10.19-03.07.19:382][  0]LogD3D11RHI: Async texture creation enabled
[2018.10.19-03.07.19:415][  0]LogD3D11RHI: GPU Timing Frequency: 1000.000000 (Debug: 2 2)
[2018.10.19-03.07.19:462][  0]LogShaderCompilers: Guid format shader working directory is -9 characters bigger than the processId version (D:/工作成果/北京8bit科技有限公司/Hahahahhahahahah/Hahahahhahahahah/Intermediate/Shaders/WorkingDirectory/25620/).
[2018.10.19-03.07.19:462][  0]LogShaderCompilers: Cleaned the shader compiler working directory 'C:/Users/82312/AppData/Local/Temp/UnrealShaderWorkingDir/682A6EE545BC82E028B416ABB5AA9B00/'.
[2018.10.19-03.07.19:462][  0]LogShaderCompilers:Display: Using Local Shader Compiler.
[2018.10.19-03.07.20:753][  0]LogTemp:Display: Loaded TP AllDesktopTargetPlatform
[2018.10.19-03.07.20:801][  0]LogTemp:Display: Loaded TP MacClientTargetPlatform
[2018.10.19-03.07.20:849][  0]LogTemp:Display: Loaded TP MacNoEditorTargetPlatform
[2018.10.19-03.07.20:899][  0]LogTemp:Display: Loaded TP MacServerTargetPlatform
[2018.10.19-03.07.20:949][  0]LogTemp:Display: Loaded TP MacTargetPlatform
[2018.10.19-03.07.20:996][  0]LogTemp:Display: Loaded TP WindowsClientTargetPlatform
[2018.10.19-03.07.21:045][  0]LogTemp:Display: Loaded TP WindowsNoEditorTargetPlatform
[2018.10.19-03.07.21:093][  0]LogTemp:Display: Loaded TP WindowsServerTargetPlatform
[2018.10.19-03.07.21:135][  0]LogTemp:Display: Loaded TP WindowsTargetPlatform
[2018.10.19-03.07.21:183][  0]LogTemp:Display: Loaded TP AndroidTargetPlatform
[2018.10.19-03.07.21:231][  0]LogTemp:Display: Loaded TP Android_ASTCTargetPlatform
[2018.10.19-03.07.21:279][  0]LogTemp:Display: Loaded TP Android_ATCTargetPlatform
[2018.10.19-03.07.21:336][  0]LogTemp:Display: Loaded TP Android_DXTTargetPlatform
[2018.10.19-03.07.21:383][  0]LogTemp:Display: Loaded TP Android_ETC1TargetPlatform
[2018.10.19-03.07.21:431][  0]LogTemp:Display: Loaded TP Android_ETC2TargetPlatform
[2018.10.19-03.07.21:528][  0]LogTemp:Display: Loaded TP Android_MultiTargetPlatform
[2018.10.19-03.07.21:529][  0]LogTemp:Display: Loaded TP Android_PVRTCTargetPlatform
[2018.10.19-03.07.21:565][  0]LogTemp:Display: Loaded TP HTML5TargetPlatform
[2018.10.19-03.07.21:658][  0]LogTemp:Display: Loaded TP IOSTargetPlatform
[2018.10.19-03.07.21:688][  0]LogTemp:Display: Loaded TP TVOSTargetPlatform
[2018.10.19-03.07.21:735][  0]LogTemp:Display: Loaded TP LinuxClientTargetPlatform
[2018.10.19-03.07.21:782][  0]LogTemp:Display: Loaded TP LinuxNoEditorTargetPlatform
[2018.10.19-03.07.21:829][  0]LogTemp:Display: Loaded TP LinuxServerTargetPlatform
[2018.10.19-03.07.21:880][  0]LogTemp:Display: Loaded TP LinuxTargetPlatform
[2018.10.19-03.07.21:880][  0]LogTargetPlatformManager:Display: Building Assets For Windows
[2018.10.19-03.07.22:337][  0]LogDerivedDataCache:Display: Max Cache Size: 512 MB
[2018.10.19-03.07.22:408][  0]LogDerivedDataCache: Loaded boot cache 0.07s 51MB C:/Users/82312/AppData/Local/UnrealEngine/4.15/DerivedDataCache/Boot.ddc.
[2018.10.19-03.07.22:408][  0]LogDerivedDataCache:Display: Loaded Boot cache: C:/Users/82312/AppData/Local/UnrealEngine/4.15/DerivedDataCache/Boot.ddc
[2018.10.19-03.07.22:408][  0]LogDerivedDataCache: FDerivedDataBackendGraph:  Pak pak cache file D:/工作成果/北京8bit科技有限公司/Hahahahhahahahah/Hahahahhahahahah/DerivedDataCache/DDC.ddp not found, will not use a pak cache.
[2018.10.19-03.07.22:408][  0]LogDerivedDataCache: Unable to find inner node Pak for hierarchical cache Hierarchy.
[2018.10.19-03.07.22:408][  0]LogDerivedDataCache: FDerivedDataBackendGraph:  CompressedPak pak cache file D:/工作成果/北京8bit科技有限公司/Hahahahhahahahah/Hahahahhahahahah/DerivedDataCache/Compressed.ddp not found, will not use a pak cache.
[2018.10.19-03.07.22:408][  0]LogDerivedDataCache: Unable to find inner node CompressedPak for hierarchical cache Hierarchy.
[2018.10.19-03.07.22:421][  0]LogDerivedDataCache:Display: Pak cache opened for reading ../../../Engine/DerivedDataCache/Compressed.ddp.
[2018.10.19-03.07.22:437][  0]LogDerivedDataCache: Using Local data cache path C:/Users/82312/AppData/Local/UnrealEngine/Common/DerivedDataCache: Writable
[2018.10.19-03.07.22:450][  0]LogSlate: Using Freetype 2.6.0
[2018.10.19-03.07.22:451][  0]LogSlate: SlateFontCache - WITH_FREETYPE: 1, WITH_HARFBUZZ: 1
[2018.10.19-03.07.22:451][  0]LogSlate: SlateFontCache - WITH_FREETYPE: 1, WITH_HARFBUZZ: 1
[2018.10.19-03.07.22:947][  0]LogInit: Selected Device Profile: [Windows]
[2018.10.19-03.07.22:952][  0]LogContentStreaming: Texture pool size is 0.00 MB
[2018.10.19-03.07.23:140][  0]LogMeshUtilities: Using QuadricMeshReduction for automatic static mesh reduction
[2018.10.19-03.07.23:182][  0]LogSimplygon: Simplygon DLL not present - disabling.
[2018.10.19-03.07.23:226][  0]LogMeshUtilities: Using SimplygonSwarm for distributed automatic mesh merging
[2018.10.19-03.07.23:226][  0]LogMeshUtilities: No automatic skeletal mesh reduction module available
[2018.10.19-03.07.23:226][  0]LogMeshUtilities: No automatic mesh merging module available
[2018.10.19-03.07.23:830][  0]LogNetVersion: GetLocalNetworkVersion: CL: 3299760, ProjectName: hahahahhahahahah, ProjectVersion: , EngineNetworkVersion: 2, GameNetworkVersion: 0, NetworkChecksum: 2515754316
[2018.10.19-03.07.23:879][  0]LogAssetRegistry: FAssetRegistry took 0.0230 seconds to start up
[2018.10.19-03.07.23:990][  0]LogPackageLocalizationCache: Processed 3 localized package path(s) for 4 prioritized culture(s) in 0.088274 seconds
[2018.10.19-03.07.23:994][  0]LogUObjectArray: 32493 objects as part of root set at end of initial load.
[2018.10.19-03.07.23:994][  0]LogUObjectAllocator: 7077032 out of 0 bytes used by permanent object pool.
[2018.10.19-03.07.23:994][  0]LogUObjectArray: CloseDisregardForGC: 0/0 objects in disregard for GC pool
[2018.10.19-03.07.24:054][  0]LogInit: WinSock: version 1.1 (2.2), MaxSocks=32767, MaxUdp=65467
[2018.10.19-03.07.25:874][  0]LogTcpMessaging: Initializing TcpMessaging bridge
[2018.10.19-03.07.25:911][  0]LogUdpMessaging: Initializing bridge on interface 0.0.0.0:0 to multicast group 230.0.0.1:6666.
[2018.10.19-03.07.26:383][  0]LogMaterial: Uniform references updated for custom material expression Custom.
[2018.10.19-03.07.26:735][  0]SourceControl: 信息 源码控制已禁用
[2018.10.19-03.07.26:736][  0]SourceControl: 信息 源码控制已禁用
[2018.10.19-03.07.26:783][  0]SourceControl: 信息 源码控制已禁用
[2018.10.19-03.07.26:827][  0]SourceControl: 信息 源码控制已禁用
[2018.10.19-03.07.28:014][  0]LogEngine: Initializing Engine...
[2018.10.19-03.07.28:061][  0]LogHMD: Failed to initialize OpenVR with code 126
[2018.10.19-03.07.28:146][  0]LogStats: UGameplayTagsManager::ConstructGameplayTagTree: Construct from data asset -  0.000 s
[2018.10.19-03.07.28:146][  0]LogStats: UGameplayTagsManager::ConstructGameplayTagTree: GameplayTagTreeChangedEvent.Broadcast -  0.000 s
[2018.10.19-03.07.28:296][  0]LogAIModule: Creating AISystem for world Untitled
[2018.10.19-03.07.28:382][  0]LogInit: XAudio2 using '扬声器 (2- Strix 7.1)' : 8 channels at 48 kHz using 16 bits per sample (channel mask 0x63f)
[2018.10.19-03.07.28:428][  0]LogInit: FAudioDevice initialized.
[2018.10.19-03.07.28:450][  0]LogDerivedDataCache: Saved boot cache 0.02s 50MB C:/Users/82312/AppData/Local/UnrealEngine/4.15/DerivedDataCache/Boot.ddc.
[2018.10.19-03.07.28:456][  0]LogInit: Texture streaming: Enabled
[2018.10.19-03.07.28:573][  0]LogEngineSessionManager: EngineSessionManager initialized
[2018.10.19-03.07.28:674][  0]LogInit: Transaction tracking system initialized
[2018.10.19-03.07.29:023][  0]BlueprintLog: New page: 编辑器加载
[2018.10.19-03.07.29:922][  0]LocalizationService: 信息 本地化服务已被禁用
[2018.10.19-03.07.30:592][  0]LogConsoleResponse:Display: 
[2018.10.19-03.07.30:704][  0]LogCook:Display: Max memory allowance for cook 16384mb min free memory 0mb
[2018.10.19-03.07.30:704][  0]LogCook:Display: Mobile HDR setting 1
[2018.10.19-03.07.30:913][  0]LogFileCache: Scanning file cache for directory 'D:/工作成果/北京8bit科技有限公司/Hahahahhahahahah/Hahahahhahahahah/Content/' took 0.01s
[2018.10.19-03.07.31:741][  0]SourceControl: 信息 源码控制已禁用
[2018.10.19-03.07.31:742][  0]Cmd: MAP LOAD FILE="D:/工作成果/北京8bit科技有限公司/Hahahahhahahahah/Hahahahhahahahah/Content/2DSideScrollerBP/Maps/2DSideScrollerExampleMap.umap" TEMPLATE=0 SHOWPROGRESS=1 FEATURELEVEL=3
[2018.10.19-03.07.31:743][  0]LightingResults: New page: 光照构建
[2018.10.19-03.07.31:784][  0]MapCheck: New page: 地图检测
[2018.10.19-03.07.31:784][  0]LightingResults: New page: 光照构建
[2018.10.19-03.07.32:124][  0]LogTexture:Display: Building textures: HeBaoYun (AutoDXT, 256X256) - 45 MB total VRAM
[2018.10.19-03.07.32:135][  0]LogTexture:Display: Building textures: BigBoom (BGRA8, 405X868) - 45 MB total VRAM
[2018.10.19-03.07.32:148][  0]LogMaterial: Missing cached shader map for material BigBoom_Mat, compiling. 
[2018.10.19-03.07.32:149][  0]LogTemp:Display: Added material ShaderMap 0x000001D73AEE0800 with Material 0x000001D73D2BD000 to ShaderMapsBeingCompiled
[2018.10.19-03.07.32:174][  0]LogTemp:Display: Kicking off shader compilation for BigBoom_Mat, GameThreadShaderMap 0x000001D73AEE0800
[2018.10.19-03.07.32:175][  0]LogTexture:Display: Building textures: Map (AutoDXT, 100X4) - 47 MB total VRAM
[2018.10.19-03.07.32:178][  0]LogTexture:Display: Building textures: JinDuTiao_4 (BGRA8, 1410X396) - 47 MB total VRAM
[2018.10.19-03.07.32:217][  0]LogTexture:Display: Building textures: JinDuTiao_3 (BGRA8, 1410X396) - 49 MB total VRAM
[2018.10.19-03.07.32:253][  0]LogTexture:Display: Building textures: JinDuTiao_2 (BGRA8, 1410X396) - 51 MB total VRAM
[2018.10.19-03.07.32:295][  0]LogTexture:Display: Building textures: JinDuTiao_1 (BGRA8, 1410X396) - 53 MB total VRAM
[2018.10.19-03.07.32:332][  0]LogMaterial: Missing cached shader map for material JinDuTiao_1_Mat, compiling. 
[2018.10.19-03.07.32:333][  0]LogTemp:Display: Added material ShaderMap 0x000001D73B212080 with Material 0x000001D73D6C5F00 to ShaderMapsBeingCompiled
[2018.10.19-03.07.32:361][  0]LogTemp:Display: Kicking off shader compilation for JinDuTiao_1_Mat, GameThreadShaderMap 0x000001D73B212080
[2018.10.19-03.07.32:362][  0]LogMaterial: Missing cached shader map for material HUD_M, compiling. 
[2018.10.19-03.07.32:363][  0]LogTemp:Display: Added material ShaderMap 0x000001D752FD1980 with Material 0x000001D73D979480 to ShaderMapsBeingCompiled
[2018.10.19-03.07.32:376][  0]LogTemp:Display: Kicking off shader compilation for HUD_M, GameThreadShaderMap 0x000001D752FD1980
[2018.10.19-03.07.32:378][  0]LogTexture:Display: Building textures: FuShe_2 (BGRA8, 554X497) - 55 MB total VRAM
[2018.10.19-03.07.32:391][  0]LogTexture:Display: Building textures: FuShe_1 (BGRA8, 554X497) - 56 MB total VRAM
[2018.10.19-03.07.32:400][  0]LogMaterial: Missing cached shader map for material FuShe_1_Mat, compiling. 
[2018.10.19-03.07.32:401][  0]LogTemp:Display: Added material ShaderMap 0x000001D753443C80 with Material 0x000001D73D6DDA80 to ShaderMapsBeingCompiled
[2018.10.19-03.07.32:414][  0]LogTemp:Display: Kicking off shader compilation for FuShe_1_Mat, GameThreadShaderMap 0x000001D753443C80
[2018.10.19-03.07.32:439][  0]LogTexture:Display: Building textures: Boom (BGRA8, 241X240) - 57 MB total VRAM
[2018.10.19-03.07.32:442][  0]LogTexture:Display: Building textures: Boom_B (BGRA8, 331X356) - 57 MB total VRAM
[2018.10.19-03.07.32:448][  0]LogTexture:Display: Building textures: Boom_A (BGRA8, 331X356) - 58 MB total VRAM
[2018.10.19-03.07.32:453][  0]LogTexture:Display: Building textures: Missile_B (BGRA8, 554X177) - 58 MB total VRAM
[2018.10.19-03.07.32:462][  0]LogTexture:Display: Building textures: Missile_A (BGRA8, 554X186) - 59 MB total VRAM
[2018.10.19-03.07.32:566][  0]LogMaterial: Missing cached shader map for material HeBaoYun_Mat, compiling. 
[2018.10.19-03.07.32:566][  0]LogTemp:Display: Added material ShaderMap 0x000001D758FD1D00 with Material 0x000001D73E21D480 to ShaderMapsBeingCompiled
[2018.10.19-03.07.32:585][  0]LogTemp:Display: Kicking off shader compilation for HeBaoYun_Mat, GameThreadShaderMap 0x000001D758FD1D00
[2018.10.19-03.07.32:585][  0]LogTexture:Display: Building textures: ground_D (BGRA8, 552X21) - 59 MB total VRAM
[2018.10.19-03.07.32:586][  0]LogTexture:Display: Building textures: ground_C (BGRA8, 552X21) - 59 MB total VRAM
[2018.10.19-03.07.32:587][  0]LogTexture:Display: Building textures: ground_B (BGRA8, 552X21) - 59 MB total VRAM
[2018.10.19-03.07.32:589][  0]LogTexture:Display: Building textures: ground_A (BGRA8, 554X20) - 59 MB total VRAM
[2018.10.19-03.07.32:700][  0]LogTexture:Display: Building textures: Z (AutoDXT, 2180X1528) - 59 MB total VRAM
[2018.10.19-03.07.36:882][  0]LogTexture:Display: Building textures: HQ_Lightmap0_1 (AutoDXT, 64X64) - 62 MB total VRAM
[2018.10.19-03.07.36:882][  0]LogTexture:Display: Building textures: LQ_Lightmap_0_1 (DXT1, 64X64) - 62 MB total VRAM
[2018.10.19-03.07.36:884][  0]LogTexture:Display: Building textures: ShadowMapTexture2D_0 (G8, 32X32) - 62 MB total VRAM
[2018.10.19-03.07.36:891][  0]LogTexture:Display: Building textures: Glass (BGRA8, 554X554) - 63 MB total VRAM
[2018.10.19-03.07.36:911][  0]LogTexture:Display: Building textures: Tank_2 (BGRA8, 553X553) - 68 MB total VRAM
[2018.10.19-03.07.36:923][  0]LogTexture:Display: Building textures: Tank (BGRA8, 553X553) - 70 MB total VRAM
[2018.10.19-03.07.36:968][  0]LogAIModule: Creating AISystem for world 2DSideScrollerExampleMap
[2018.10.19-03.07.36:983][  0]LogTemp:Display: Finished compile of shader map 0x000001D73AEE0800
[2018.10.19-03.07.36:983][  0]LogTemp:Display: Shader map BigBoom_Mat complete, GameThreadShaderMap 0x000001D73AEE0800, marking material BigBoom_Mat as finished
[2018.10.19-03.07.36:983][  0]LogTemp:Display: Marking material as finished 0x000001D73D2BD000
[2018.10.19-03.07.36:988][  0]LogTemp:Display: Finished compile of shader map 0x000001D73B212080
[2018.10.19-03.07.36:988][  0]LogTemp:Display: Shader map JinDuTiao_1_Mat complete, GameThreadShaderMap 0x000001D73B212080, marking material JinDuTiao_1_Mat as finished
[2018.10.19-03.07.36:988][  0]LogTemp:Display: Marking material as finished 0x000001D73D6C5F00
[2018.10.19-03.07.36:990][  0]LogTemp:Display: Finished compile of shader map 0x000001D752FD1980
[2018.10.19-03.07.36:990][  0]LogTemp:Display: Shader map HUD_M complete, GameThreadShaderMap 0x000001D752FD1980, marking material HUD_M as finished
[2018.10.19-03.07.36:990][  0]LogTemp:Display: Marking material as finished 0x000001D73D979480
[2018.10.19-03.07.36:994][  0]LogTemp:Display: Finished compile of shader map 0x000001D753443C80
[2018.10.19-03.07.36:994][  0]LogTemp:Display: Shader map FuShe_1_Mat complete, GameThreadShaderMap 0x000001D753443C80, marking material FuShe_1_Mat as finished
[2018.10.19-03.07.36:994][  0]LogTemp:Display: Marking material as finished 0x000001D73D6DDA80
[2018.10.19-03.07.36:998][  0]LogTemp:Display: Finished compile of shader map 0x000001D758FD1D00
[2018.10.19-03.07.36:998][  0]LogTemp:Display: Shader map HeBaoYun_Mat complete, GameThreadShaderMap 0x000001D758FD1D00, marking material HeBaoYun_Mat as finished
[2018.10.19-03.07.36:998][  0]LogTemp:Display: Marking material as finished 0x000001D73E21D480
[2018.10.19-03.07.37:006][  0]LogEditorServer: Finished looking for orphan Actors (0.000 secs)
[2018.10.19-03.07.37:008][  0]Cmd: MAP CHECKDEP NOCLEARLOG
[2018.10.19-03.07.37:048][  0]MapCheck: 信息 地图检测完成：0个错误，0 个警告，用时40.406毫秒完成。
[2018.10.19-03.07.37:048][  0]LogFileHelpers: Loading map '2DSideScrollerExampleMap' took 5.307
[2018.10.19-03.07.37:238][  0]LogCollectionManager: Loaded 0 collections in 0.001217 seconds
[2018.10.19-03.07.37:327][  0]LogFileCache: Scanning file cache for directory 'D:/工作成果/北京8bit科技有限公司/Hahahahhahahahah/Hahahahhahahahah/Saved/Collections/' took 0.01s
[2018.10.19-03.07.37:327][  0]LogFileCache: Scanning file cache for directory 'D:/工作成果/北京8bit科技有限公司/Hahahahhahahahah/Hahahahhahahahah/Content/Developers/82312/Collections/' took 0.01s
[2018.10.19-03.07.37:327][  0]LogFileCache: Scanning file cache for directory 'D:/工作成果/北京8bit科技有限公司/Hahahahhahahahah/Hahahahhahahahah/Content/Collections/' took 0.01s
[2018.10.19-03.07.37:327][  0]LogCollectionManager: Rebuilt the GUID cache for 0 collections in 0.000001 seconds
[2018.10.19-03.07.37:335][  0]LogContentBrowser: Native class hierarchy populated in 0.0062 seconds. Added 2245 classes and 453 folders.
[2018.10.19-03.07.37:398][  0]LogContentBrowser: Native class hierarchy updated for 'WidgetCarousel' in 0.0003 seconds. Added 0 classes and 0 folders.
[2018.10.19-03.07.37:459][  0]LogContentBrowser: Native class hierarchy updated for 'AddContentDialog' in 0.0006 seconds. Added 0 classes and 0 folders.
[2018.10.19-03.07.37:504][  0]LogContentBrowser: Native class hierarchy updated for 'SceneOutliner' in 0.0004 seconds. Added 1 classes and 2 folders.
[2018.10.19-03.07.37:620][  0]LogCrashTracker: Crashtracker disabled due to settings.
[2018.10.19-03.07.37:634][  0]LogUObjectGlobals:Warning: 寻找对象'Class 无.'失败
[2018.10.19-03.07.37:711][  0]LogContentBrowser: Native class hierarchy updated for 'HierarchicalLODOutliner' in 0.0004 seconds. Added 1 classes and 2 folders.
[2018.10.19-03.07.37:711][  0]LogLoad: (Engine Initialization) Total time: 20.73 seconds
[2018.10.19-03.07.37:711][  0]LogLoad: (Engine Initialization) Total Blueprint compile time: 0.24 seconds
[2018.10.19-03.07.37:711][  0]LogExternalProfiler: Found external profiler: VSPerf
[2018.10.19-03.07.37:711][  0]LogExternalProfiler: Using external profiler: VSPerf
[2018.10.19-03.07.37:730][  0]LogWindowsTextInputMethodSystem:Display: IME system now activated using TSF (搜狗拼音输入法).
[2018.10.19-03.07.37:734][  0]LogOcInput: OculusInput pre-init called
[2018.10.19-03.07.37:768][  0]LogAssetRegistry: Asset discovery search completed in 13.9117 seconds
[2018.10.19-03.07.37:768][  0]LogCollectionManager: Rebuilt the object cache for 0 collections in 0.000003 seconds (found 0 objects)
[2018.10.19-03.07.37:768][  0]LogCollectionManager: Fixed up redirectors for 0 collections in 0.000013 seconds (updated 0 objects)
[2018.10.19-03.07.37:770][  0]LogContentStreaming: Texture pool size now 800 MB
[2018.10.19-03.07.37:780][  0]LogSlate: Took 0.000634 seconds to synchronously load lazily loaded font '../../../Engine/Content/Slate/Fonts/Roboto-Regular.ttf' (155K)
[2018.10.19-03.07.37:789][  0]LogSlate: Took 0.007875 seconds to synchronously load lazily loaded font '../../../Engine/Content/Slate/Fonts/DroidSansFallback.ttf' (3848K)
[2018.10.19-03.07.37:791][  0]LogSlate: Took 0.000552 seconds to synchronously load lazily loaded font '../../../Engine/Content/Slate/Fonts/Roboto-Bold.ttf' (160K)
[2018.10.19-03.07.37:796][  0]LogSlate: Took 0.000752 seconds to synchronously load lazily loaded font '../../../Engine/Content/Editor/Slate/Fonts/FontAwesome.ttf' (139K)
[2018.10.19-03.07.37:916][  0]LogRenderer: Reallocating scene render targets to support 1664x808 NumSamples 1 (Frame:2).
[2018.10.19-03.07.38:028][  1]LogFileCache: Retrieving MD5 hashes for directory 'D:/工作成果/北京8bit科技有限公司/Hahahahhahahahah/Hahahahhahahahah/Content/' took 0.29s
[2018.10.19-03.07.39:960][220]LogTemp: Repeting last play command: 选中的视口
[2018.10.19-03.07.39:967][220]LogBlueprintUserMessages: Early PlayInEditor Detection: Level '/Game/2DSideScrollerBP/Maps/2DSideScrollerExampleMap.2DSideScrollerExampleMap:PersistentLevel' has LevelScriptBlueprint '/Game/2DSideScrollerBP/Maps/2DSideScrollerExampleMap.2DSideScrollerExampleMap:PersistentLevel.2DSideScrollerExampleMap' with GeneratedClass '/Game/2DSideScrollerBP/Maps/2DSideScrollerExampleMap.2DSideScrollerExampleMap_C' with ClassGeneratedBy '/Game/2DSideScrollerBP/Maps/2DSideScrollerExampleMap.2DSideScrollerExampleMap:PersistentLevel.2DSideScrollerExampleMap'
[2018.10.19-03.07.39:967][220]LogPlayLevel: PlayLevel: No blueprints needed recompiling
[2018.10.19-03.07.39:967][220]PIE: New page: PIE会话: 2DSideScrollerExampleMap (2018年10月19日 下午7:07:39)
[2018.10.19-03.07.39:968][220]LogPlayLevel: Creating play world package: /Game/2DSideScrollerBP/Maps/UEDPIE_0_2DSideScrollerExampleMap
[2018.10.19-03.07.39:971][220]LogPlayLevel: PIE: StaticDuplicateObject took: (0.003050s)
[2018.10.19-03.07.39:971][220]LogAIModule: Creating AISystem for world 2DSideScrollerExampleMap
[2018.10.19-03.07.39:971][220]LogPlayLevel: PIE: World Init took: (0.000407s)
[2018.10.19-03.07.39:971][220]LogPlayLevel: PIE: Created PIE world by copying editor world from /Game/2DSideScrollerBP/Maps/2DSideScrollerExampleMap.2DSideScrollerExampleMap to /Game/2DSideScrollerBP/Maps/UEDPIE_0_2DSideScrollerExampleMap.2DSideScrollerExampleMap (0.003702s)
[2018.10.19-03.07.40:047][220]LogInit: XAudio2 using '扬声器 (2- Strix 7.1)' : 8 channels at 48 kHz using 16 bits per sample (channel mask 0x63f)
[2018.10.19-03.07.40:059][220]LogInit: FAudioDevice initialized.
[2018.10.19-03.07.40:106][220]LogLoad: Game class is '2DSideScrollerGameMode_C'
[2018.10.19-03.07.40:108][220]LogWorld: Bringing World /Game/2DSideScrollerBP/Maps/UEDPIE_0_2DSideScrollerExampleMap.2DSideScrollerExampleMap up for play (max tick rate 0) at 2018.10.19-11.07.40
[2018.10.19-03.07.40:109][220]LogWorld: Bringing up level for play took: 0.002066
[2018.10.19-03.07.40:149][220]LogContentBrowser: Native class hierarchy updated for 'MovieSceneCapture' in 0.0004 seconds. Added 11 classes and 0 folders.
[2018.10.19-03.07.40:150][220]LogStreaming:Warning: Failed to read file 'D:/工作成果/北京8bit科技有限公司/Hahahahhahahahah/Hahahahhahahahah/Saved//SaveGames/Save.sav' error.
[2018.10.19-03.07.40:156][220]PIE: 信息 /Game/2DSideScrollerBP/Maps/UEDPIE_0_2DSideScrollerExampleMap的‘在编辑器中播放’的起始时间-0.076
[2018.10.19-03.07.40:157][220]LogBlueprintUserMessages: Late PlayInEditor Detection: Level '/Game/2DSideScrollerBP/Maps/2DSideScrollerExampleMap.2DSideScrollerExampleMap:PersistentLevel' has LevelScriptBlueprint '/Game/2DSideScrollerBP/Maps/2DSideScrollerExampleMap.2DSideScrollerExampleMap:PersistentLevel.2DSideScrollerExampleMap' with GeneratedClass '/Game/2DSideScrollerBP/Maps/2DSideScrollerExampleMap.2DSideScrollerExampleMap_C' with ClassGeneratedBy '/Game/2DSideScrollerBP/Maps/2DSideScrollerExampleMap.2DSideScrollerExampleMap:PersistentLevel.2DSideScrollerExampleMap'
[2018.10.19-03.08.46:625][187]LogBlueprintUserMessages: Early EndPlayMap Detection: Level '/Game/2DSideScrollerBP/Maps/2DSideScrollerExampleMap.2DSideScrollerExampleMap:PersistentLevel' has LevelScriptBlueprint '/Game/2DSideScrollerBP/Maps/2DSideScrollerExampleMap.2DSideScrollerExampleMap:PersistentLevel.2DSideScrollerExampleMap' with GeneratedClass '/Game/2DSideScrollerBP/Maps/2DSideScrollerExampleMap.2DSideScrollerExampleMap_C' with ClassGeneratedBy '/Game/2DSideScrollerBP/Maps/2DSideScrollerExampleMap.2DSideScrollerExampleMap:PersistentLevel.2DSideScrollerExampleMap'
[2018.10.19-03.08.46:655][187]LogBlueprintUserMessages: Late EndPlayMap Detection: Level '/Game/2DSideScrollerBP/Maps/2DSideScrollerExampleMap.2DSideScrollerExampleMap:PersistentLevel' has LevelScriptBlueprint '/Game/2DSideScrollerBP/Maps/2DSideScrollerExampleMap.2DSideScrollerExampleMap:PersistentLevel.2DSideScrollerExampleMap' with GeneratedClass '/Game/2DSideScrollerBP/Maps/2DSideScrollerExampleMap.2DSideScrollerExampleMap_C' with ClassGeneratedBy '/Game/2DSideScrollerBP/Maps/2DSideScrollerExampleMap.2DSideScrollerExampleMap:PersistentLevel.2DSideScrollerExampleMap'
[2018.10.19-03.09.53:570][421]LogSlate:Warning: Prevented a slow task dialog from being summoned while a context menu was open
[2018.10.19-03.09.58:955][421]LogSlate: Took 0.000670 seconds to synchronously load lazily loaded font '../../../Engine/Content/Slate/Fonts/Roboto-Light.ttf' (159K)
[2018.10.19-03.10.17:943][ 80]LogSlate:Warning: Prevented a slow task dialog from being summoned while a context menu was open
[2018.10.19-03.10.39:670][386]LogAIModule: Creating AISystem for world StarterMap
[2018.10.19-03.10.40:682][386]LogSlate: Took 0.000091 seconds to synchronously load lazily loaded font '../../../Engine/Content/Slate/Fonts/Roboto-Light.ttf' (159K)
[2018.10.19-03.10.46:253][648]LogAIModule: Creating AISystem for world Minimal_Default
[2018.10.19-03.10.48:008][714]LogAIModule: Creating AISystem for world Advanced_Lighting
[2018.10.19-03.11.13:391][761]LogObjectTools:Warning: ForceReplaceReferences replaced references for a transient object 'DEADCLASS_BP_LightStudio_C_1' or package '/Engine/Transient'.
[2018.10.19-03.11.13:391][761]LogObjectTools:Warning: ForceReplaceReferences replaced references for a transient object 'SkyLightComponent_0' or package '/Engine/Transient'.
[2018.10.19-03.11.13:391][761]LogObjectTools:Warning: ForceReplaceReferences replaced references for a transient object 'ExponentialHeightFogComponent_0' or package '/Engine/Transient'.
[2018.10.19-03.11.13:431][761]LogObjectTools:Warning: ForceReplaceReferences replaced references for a transient object 'StaticMeshComponent_24' or package '/Engine/Transient'.
[2018.10.19-03.11.13:431][761]LogObjectTools:Warning: ForceReplaceReferences replaced references for a transient object 'StaticMeshComponent_13' or package '/Engine/Transient'.
[2018.10.19-03.11.13:431][761]LogObjectTools:Warning: ForceReplaceReferences replaced references for a transient object 'SceneComponent_0' or package '/Engine/Transient'.
[2018.10.19-03.11.13:431][761]LogObjectTools:Warning: ForceReplaceReferences replaced references for a transient object 'SceneComponent_22' or package '/Engine/Transient'.
[2018.10.19-03.11.13:431][761]LogObjectTools:Warning: ForceReplaceReferences replaced references for a transient object 'SimpleConstructionScript_152' or package '/Engine/Transient'.
[2018.10.19-03.11.13:431][761]LogObjectTools:Warning: ForceReplaceReferences replaced references for a transient object 'NODE_AddAtmosphericFogComponent-1' or package '/Engine/Transient'.
[2018.10.19-03.11.13:432][761]LogObjectTools:Warning: ForceReplaceReferences replaced references for a transient object 'NODE_AddAtmosphericFogComponent-0' or package '/Engine/Transient'.
[2018.10.19-03.11.13:432][761]LogObjectTools:Warning: ForceReplaceReferences replaced references for a transient object 'NODE_AddDirectionalLightComponent-1' or package '/Engine/Transient'.
[2018.10.19-03.11.13:432][761]LogObjectTools:Warning: ForceReplaceReferences replaced references for a transient object 'NODE_AddDirectionalLightComponent-0' or package '/Engine/Transient'.
[2018.10.19-03.11.13:432][761]LogObjectTools:Warning: ForceReplaceReferences replaced references for a transient object 'DEADCLASS_BP_LightStudio_C_0' or package '/Engine/Transient'.
[2018.10.19-03.11.13:432][761]LogMaterial: 0.00 seconds spent updating 1 materials, 1 interfaces, 0 instances, 0 with static permutations.
[2018.10.19-03.11.13:433][761]LogObjectTools:Warning: ForceReplaceReferences replaced references for a transient object 'UserConstructionScript' or package '/Engine/Transient'.
[2018.10.19-03.11.13:433][761]LogObjectTools:Warning: ForceReplaceReferences replaced references for a transient object 'SM_Lamp_Wall' or package '/Engine/Transient'.
[2018.10.19-03.11.13:433][761]LogObjectTools:Warning: ForceReplaceReferences replaced references for a transient object 'PointLight2' or package '/Engine/Transient'.
[2018.10.19-03.11.13:433][761]LogObjectTools:Warning: ForceReplaceReferences replaced references for a transient object 'Scene1' or package '/Engine/Transient'.
[2018.10.19-03.11.13:433][761]LogObjectTools:Warning: ForceReplaceReferences replaced references for a transient object 'Brightness' or package '/Engine/Transient'.
[2018.10.19-03.11.13:433][761]LogObjectTools:Warning: ForceReplaceReferences replaced references for a transient object 'Color' or package '/Engine/Transient'.
[2018.10.19-03.11.13:433][761]LogObjectTools:Warning: ForceReplaceReferences replaced references for a transient object 'Inner Cone Angle' or package '/Engine/Transient'.
[2018.10.19-03.11.13:433][761]LogObjectTools:Warning: ForceReplaceReferences replaced references for a transient object 'Outer Cone Angle' or package '/Engine/Transient'.
[2018.10.19-03.11.13:433][761]LogObjectTools:Warning: ForceReplaceReferences replaced references for a transient object 'DEADCLASS_Blueprint_WallSconce_C_3' or package '/Engine/Transient'.
[2018.10.19-03.11.13:433][761]LogObjectTools:Warning: ForceReplaceReferences replaced references for a transient object 'StaticMeshComponent_5' or package '/Engine/Transient'.
[2018.10.19-03.11.13:433][761]LogObjectTools:Warning: ForceReplaceReferences replaced references for a transient object 'SpotLightComponent_0' or package '/Engine/Transient'.
[2018.10.19-03.11.13:433][761]LogObjectTools:Warning: ForceReplaceReferences replaced references for a transient object 'SceneComponent_1' or package '/Engine/Transient'.
[2018.10.19-03.11.13:433][761]LogObjectTools:Warning: ForceReplaceReferences replaced references for a transient object 'SceneComponent_0' or package '/Engine/Transient'.
[2018.10.19-03.11.13:433][761]LogObjectTools:Warning: ForceReplaceReferences replaced references for a transient object 'SimpleConstructionScript_0' or package '/Engine/Transient'.
[2018.10.19-03.11.13:433][761]LogObjectTools:Warning: ForceReplaceReferences replaced references for a transient object 'DEADCLASS_Blueprint_WallSconce_C_2' or package '/Engine/Transient'.
[2018.10.19-03.11.13:433][761]LogObjectTools:Warning: ForceReplaceReferences replaced references for a transient object 'UserConstructionScript' or package '/Engine/Transient'.
[2018.10.19-03.11.13:433][761]LogObjectTools:Warning: ForceReplaceReferences replaced references for a transient object 'Steam AUdio' or package '/Engine/Transient'.
[2018.10.19-03.11.13:433][761]LogObjectTools:Warning: ForceReplaceReferences replaced references for a transient object 'P_Steam_Lit' or package '/Engine/Transient'.
[2018.10.19-03.11.13:433][761]LogObjectTools:Warning: ForceReplaceReferences replaced references for a transient object 'DEADCLASS_Blueprint_Effect_Steam_C_5' or package '/Engine/Transient'.
[2018.10.19-03.11.13:433][761]LogObjectTools:Warning: ForceReplaceReferences replaced references for a transient object 'AudioComponent_1' or package '/Engine/Transient'.
[2018.10.19-03.11.13:433][761]LogObjectTools:Warning: ForceReplaceReferences replaced references for a transient object 'ParticleSystemComponent_1' or package '/Engine/Transient'.
[2018.10.19-03.11.13:434][761]LogObjectTools:Warning: ForceReplaceReferences replaced references for a transient object 'SceneComponent_11' or package '/Engine/Transient'.
[2018.10.19-03.11.13:434][761]LogObjectTools:Warning: ForceReplaceReferences replaced references for a transient object 'SimpleConstructionScript_1' or package '/Engine/Transient'.
[2018.10.19-03.11.13:434][761]LogObjectTools:Warning: ForceReplaceReferences replaced references for a transient object 'DEADCLASS_Blueprint_Effect_Steam_C_4' or package '/Engine/Transient'.
[2018.10.19-03.11.13:434][761]LogObjectTools:Warning: ForceReplaceReferences replaced references for a transient object 'UserConstructionScript' or package '/Engine/Transient'.
[2018.10.19-03.11.13:434][761]LogObjectTools:Warning: ForceReplaceReferences replaced references for a transient object 'Sparks' or package '/Engine/Transient'.
[2018.10.19-03.11.13:434][761]LogObjectTools:Warning: ForceReplaceReferences replaced references for a transient object 'Sparks Audio' or package '/Engine/Transient'.
[2018.10.19-03.11.13:434][761]LogObjectTools:Warning: ForceReplaceReferences replaced references for a transient object 'DEADCLASS_Blueprint_Effect_Sparks_C_7' or package '/Engine/Transient'.
[2018.10.19-03.11.13:434][761]LogObjectTools:Warning: ForceReplaceReferences replaced references for a transient object 'ParticleSystemComponent_0' or package '/Engine/Transient'.
[2018.10.19-03.11.13:434][761]LogObjectTools:Warning: ForceReplaceReferences replaced references for a transient object 'AudioComponent_3' or package '/Engine/Transient'.
[2018.10.19-03.11.13:434][761]LogObjectTools:Warning: ForceReplaceReferences replaced references for a transient object 'SceneComponent_13' or package '/Engine/Transient'.
[2018.10.19-03.11.13:434][761]LogObjectTools:Warning: ForceReplaceReferences replaced references for a transient object 'SimpleConstructionScript_3' or package '/Engine/Transient'.
[2018.10.19-03.11.13:434][761]LogObjectTools:Warning: ForceReplaceReferences replaced references for a transient object 'DEADCLASS_Blueprint_Effect_Sparks_C_6' or package '/Engine/Transient'.
[2018.10.19-03.11.13:434][761]LogObjectTools:Warning: ForceReplaceReferences replaced references for a transient object 'UserConstructionScript' or package '/Engine/Transient'.
[2018.10.19-03.11.13:435][761]LogObjectTools:Warning: ForceReplaceReferences replaced references for a transient object 'Smoke Audio' or package '/Engine/Transient'.
[2018.10.19-03.11.13:435][761]LogObjectTools:Warning: ForceReplaceReferences replaced references for a transient object 'P_Smoke' or package '/Engine/Transient'.
[2018.10.19-03.11.13:435][761]LogObjectTools:Warning: ForceReplaceReferences replaced references for a transient object 'DEADCLASS_Blueprint_Effect_Smoke_C_9' or package '/Engine/Transient'.
[2018.10.19-03.11.13:435][761]LogObjectTools:Warning: ForceReplaceReferences replaced references for a transient object 'AudioComponent_0' or package '/Engine/Transient'.
[2018.10.19-03.11.13:435][761]LogObjectTools:Warning: ForceReplaceReferences replaced references for a transient object 'ParticleSystemComponent_0' or package '/Engine/Transient'.
[2018.10.19-03.11.13:435][761]LogObjectTools:Warning: ForceReplaceReferences replaced references for a transient object 'SceneComponent_8' or package '/Engine/Transient'.
[2018.10.19-03.11.13:435][761]LogObjectTools:Warning: ForceReplaceReferences replaced references for a transient object 'SimpleConstructionScript_0' or package '/Engine/Transient'.
[2018.10.19-03.11.13:435][761]LogObjectTools:Warning: ForceReplaceReferences replaced references for a transient object 'DEADCLASS_Blueprint_Effect_Smoke_C_8' or package '/Engine/Transient'.
[2018.10.19-03.11.13:435][761]LogObjectTools:Warning: ForceReplaceReferences replaced references for a transient object 'UserConstructionScript' or package '/Engine/Transient'.
[2018.10.19-03.11.13:435][761]LogObjectTools:Warning: ForceReplaceReferences replaced references for a transient object 'Fire Audio' or package '/Engine/Transient'.
[2018.10.19-03.11.13:435][761]LogObjectTools:Warning: ForceReplaceReferences replaced references for a transient object 'P_Fire' or package '/Engine/Transient'.
[2018.10.19-03.11.13:435][761]LogObjectTools:Warning: ForceReplaceReferences replaced references for a transient object 'DEADCLASS_Blueprint_Effect_Fire_C_11' or package '/Engine/Transient'.
[2018.10.19-03.11.13:435][761]LogObjectTools:Warning: ForceReplaceReferences replaced references for a transient object 'AudioComponent_2' or package '/Engine/Transient'.
[2018.10.19-03.11.13:435][761]LogObjectTools:Warning: ForceReplaceReferences replaced references for a transient object 'ParticleSystemComponent_2' or package '/Engine/Transient'.
[2018.10.19-03.11.13:435][761]LogObjectTools:Warning: ForceReplaceReferences replaced references for a transient object 'SceneComponent_12' or package '/Engine/Transient'.
[2018.10.19-03.11.13:435][761]LogObjectTools:Warning: ForceReplaceReferences replaced references for a transient object 'SimpleConstructionScript_2' or package '/Engine/Transient'.
[2018.10.19-03.11.13:435][761]LogObjectTools:Warning: ForceReplaceReferences replaced references for a transient object 'DEADCLASS_Blueprint_Effect_Fire_C_10' or package '/Engine/Transient'.
[2018.10.19-03.11.13:436][761]LogObjectTools:Warning: ForceReplaceReferences replaced references for a transient object 'UserConstructionScript' or package '/Engine/Transient'.
[2018.10.19-03.11.13:436][761]LogObjectTools:Warning: ForceReplaceReferences replaced references for a transient object 'Explosion Audio' or package '/Engine/Transient'.
[2018.10.19-03.11.13:436][761]LogObjectTools:Warning: ForceReplaceReferences replaced references for a transient object 'P_Explosion' or package '/Engine/Transient'.
[2018.10.19-03.11.13:436][761]LogObjectTools:Warning: ForceReplaceReferences replaced references for a transient object 'DEADCLASS_Blueprint_Effect_Explosion_C_13' or package '/Engine/Transient'.
[2018.10.19-03.11.13:436][761]LogObjectTools:Warning: ForceReplaceReferences replaced references for a transient object 'AudioComponent_1' or package '/Engine/Transient'.
[2018.10.19-03.11.13:436][761]LogObjectTools:Warning: ForceReplaceReferences replaced references for a transient object 'ParticleSystemComponent_4' or package '/Engine/Transient'.
[2018.10.19-03.11.13:436][761]LogObjectTools:Warning: ForceReplaceReferences replaced references for a transient object 'SceneComponent_14' or package '/Engine/Transient'.
[2018.10.19-03.11.13:436][761]LogObjectTools:Warning: ForceReplaceReferences replaced references for a transient object 'SimpleConstructionScript_4' or package '/Engine/Transient'.
[2018.10.19-03.11.13:436][761]LogObjectTools:Warning: ForceReplaceReferences replaced references for a transient object 'DEADCLASS_Blueprint_Effect_Explosion_C_12' or package '/Engine/Transient'.
[2018.10.19-03.11.13:436][761]LogObjectTools:Warning: ForceReplaceReferences replaced references for a transient object 'UserConstructionScript' or package '/Engine/Transient'.
[2018.10.19-03.11.13:436][761]LogObjectTools:Warning: ForceReplaceReferences replaced references for a transient object 'SM_Lamp_Ceiling' or package '/Engine/Transient'.
[2018.10.19-03.11.13:436][761]LogObjectTools:Warning: ForceReplaceReferences replaced references for a transient object 'PointLight1' or package '/Engine/Transient'.
[2018.10.19-03.11.13:436][761]LogObjectTools:Warning: ForceReplaceReferences replaced references for a transient object 'Scene1' or package '/Engine/Transient'.
[2018.10.19-03.11.13:436][761]LogObjectTools:Warning: ForceReplaceReferences replaced references for a transient object 'Brightness' or package '/Engine/Transient'.
[2018.10.19-03.11.13:436][761]LogObjectTools:Warning: ForceReplaceReferences replaced references for a transient object 'Color' or package '/Engine/Transient'.
[2018.10.19-03.11.13:436][761]LogObjectTools:Warning: ForceReplaceReferences replaced references for a transient object 'Source Radius' or package '/Engine/Transient'.
[2018.10.19-03.11.13:436][761]LogObjectTools:Warning: ForceReplaceReferences replaced references for a transient object 'DEADCLASS_Blueprint_CeilingLight_C_15' or package '/Engine/Transient'.
[2018.10.19-03.11.13:436][761]LogObjectTools:Warning: ForceReplaceReferences replaced references for a transient object 'StaticMeshComponent_25' or package '/Engine/Transient'.
[2018.10.19-03.11.13:438][761]LogObjectTools:Warning: ForceReplaceReferences replaced references for a transient object 'PointLightComponent_0' or package '/Engine/Transient'.
[2018.10.19-03.11.13:438][761]LogObjectTools:Warning: ForceReplaceReferences replaced references for a transient object 'SceneComponent_16' or package '/Engine/Transient'.
[2018.10.19-03.11.13:438][761]LogObjectTools:Warning: ForceReplaceReferences replaced references for a transient object 'SceneComponent_15' or package '/Engine/Transient'.
[2018.10.19-03.11.13:438][761]LogObjectTools:Warning: ForceReplaceReferences replaced references for a transient object 'SimpleConstructionScript_1' or package '/Engine/Transient'.
[2018.10.19-03.11.13:438][761]LogObjectTools:Warning: ForceReplaceReferences replaced references for a transient object 'DEADCLASS_Blueprint_CeilingLight_C_14' or package '/Engine/Transient'.
[2018.10.19-03.11.13:438][761]LogObjectTools:Warning: ForceReplaceReferences replaced references for a transient object 'REINST_BP_LightStudio_C_110' or package '/Engine/Transient'.
[2018.10.19-03.11.13:438][761]LogObjectTools:Warning: ForceReplaceReferences replaced references for a transient object 'MIC_HDRI' or package '/Engine/Transient'.
[2018.10.19-03.11.13:438][761]LogObjectTools:Warning: ForceReplaceReferences replaced references for a transient object 'MIC_Black' or package '/Engine/Transient'.
[2018.10.19-03.11.13:438][761]LogObjectTools:Warning: ForceReplaceReferences replaced references for a transient object 'LightFunctionMaterial' or package '/Engine/Transient'.
[2018.10.19-03.11.13:438][761]LogObjectTools:Warning: ForceReplaceReferences replaced references for a transient object 'AtmosphereAltitudeSampleNumber' or package '/Engine/Transient'.
[2018.10.19-03.11.13:438][761]LogObjectTools:Warning: ForceReplaceReferences replaced references for a transient object 'AtmosphereMaxScatteringOrder' or package '/Engine/Transient'.
[2018.10.19-03.11.13:438][761]LogObjectTools:Warning: ForceReplaceReferences replaced references for a transient object 'AtmosphereDensityHeight' or package '/Engine/Transient'.
[2018.10.19-03.11.13:438][761]LogObjectTools:Warning: ForceReplaceReferences replaced references for a transient object 'AtmosphereFogMultiplier' or package '/Engine/Transient'.
[2018.10.19-03.11.13:438][761]LogObjectTools:Warning: ForceReplaceReferences replaced references for a transient object 'BloomTint' or package '/Engine/Transient'.
[2018.10.19-03.11.13:438][761]LogObjectTools:Warning: ForceReplaceReferences replaced references for a transient object 'BloomThreshold' or package '/Engine/Transient'.
[2018.10.19-03.11.13:438][761]LogObjectTools:Warning: ForceReplaceReferences replaced references for a transient object 'BloomScale' or package '/Engine/Transient'.
[2018.10.19-03.11.13:438][761]LogObjectTools:Warning: ForceReplaceReferences replaced references for a transient object 'OcclusionMaskDarkness' or package '/Engine/Transient'.
[2018.10.19-03.11.13:438][761]LogObjectTools:Warning: ForceReplaceReferences replaced references for a transient object 'LightShaftOcclusion' or package '/Engine/Transient'.
[2018.10.19-03.11.13:438][761]LogObjectTools:Warning: ForceReplaceReferences replaced references for a transient object 'LightShaftBloom' or package '/Engine/Transient'.
[2018.10.19-03.11.13:438][761]LogObjectTools:Warning: ForceReplaceReferences replaced references for a transient object 'Shadowdistance' or package '/Engine/Transient'.
[2018.10.19-03.11.13:438][761]LogObjectTools:Warning: ForceReplaceReferences replaced references for a transient object 'UseSkylight' or package '/Engine/Transient'.
[2018.10.19-03.11.13:438][761]LogObjectTools:Warning: ForceReplaceReferences replaced references for a transient object 'AtmosphericFog' or package '/Engine/Transient'.
[2018.10.19-03.11.13:438][761]LogObjectTools:Warning: ForceReplaceReferences replaced references for a transient object 'HighDensityAtmosphere' or package '/Engine/Transient'.
[2018.10.19-03.11.13:438][761]LogObjectTools:Warning: ForceReplaceReferences replaced references for a transient object 'AtmosphereOpacityZenith' or package '/Engine/Transient'.
[2018.10.19-03.11.13:438][761]LogObjectTools:Warning: ForceReplaceReferences replaced references for a transient object 'AtmosphereOpacityHorizon' or package '/Engine/Transient'.
[2018.10.19-03.11.13:438][761]LogObjectTools:Warning: ForceReplaceReferences replaced references for a transient object 'HDRI_Rotation' or package '/Engine/Transient'.
[2018.10.19-03.11.13:438][761]LogObjectTools:Warning: ForceReplaceReferences replaced references for a transient object 'HDRI_Cubemap' or package '/Engine/Transient'.
[2018.10.19-03.11.13:438][761]LogObjectTools:Warning: ForceReplaceReferences replaced references for a transient object 'HDRI_Tint' or package '/Engine/Transient'.
[2018.10.19-03.11.13:438][761]LogObjectTools:Warning: ForceReplaceReferences replaced references for a transient object 'HDRI_Contrast' or package '/Engine/Transient'.
[2018.10.19-03.11.13:439][761]LogObjectTools:Warning: ForceReplaceReferences replaced references for a transient object 'HDRI_Brightness' or package '/Engine/Transient'.
[2018.10.19-03.11.13:439][761]LogObjectTools:Warning: ForceReplaceReferences replaced references for a transient object 'SkyboxMaterial' or package '/Engine/Transient'.
[2018.10.19-03.11.13:439][761]LogObjectTools:Warning: ForceReplaceReferences replaced references for a transient object 'AtmosphereDistanceScale' or package '/Engine/Transient'.
[2018.10.19-03.11.13:439][761]LogObjectTools:Warning: ForceReplaceReferences replaced references for a transient object 'DisableGroundScattering' or package '/Engine/Transient'.
[2018.10.19-03.11.13:439][761]LogObjectTools:Warning: ForceReplaceReferences replaced references for a transient object 'FogStartDistance' or package '/Engine/Transient'.
[2018.10.19-03.11.13:439][761]LogObjectTools:Warning: ForceReplaceReferences replaced references for a transient object 'FogBrightnessCurve' or package '/Engine/Transient'.
[2018.10.19-03.11.13:439][761]LogObjectTools:Warning: ForceReplaceReferences replaced references for a transient object 'FogDensity' or package '/Engine/Transient'.
[2018.10.19-03.11.13:439][761]LogObjectTools:Warning: ForceReplaceReferences replaced references for a transient object 'FogHeightFalloff' or package '/Engine/Transient'.
[2018.10.19-03.11.13:439][761]LogObjectTools:Warning: ForceReplaceReferences replaced references for a transient object 'FogMaxOpacity' or package '/Engine/Transient'.
[2018.10.19-03.11.13:439][761]LogObjectTools:Warning: ForceReplaceReferences replaced references for a transient object 'FogAltitude' or package '/Engine/Transient'.
[2018.10.19-03.11.13:439][761]LogObjectTools:Warning: ForceReplaceReferences replaced references for a transient object 'FogTint' or package '/Engine/Transient'.
[2018.10.19-03.11.13:439][761]LogObjectTools:Warning: ForceReplaceReferences replaced references for a transient object 'FogBrightness' or package '/Engine/Transient'.
[2018.10.19-03.11.13:439][761]LogObjectTools:Warning: ForceReplaceReferences replaced references for a transient object 'UseFog' or package '/Engine/Transient'.
[2018.10.19-03.11.13:439][761]LogObjectTools:Warning: ForceReplaceReferences replaced references for a transient object 'DisableSunDisk' or package '/Engine/Transient'.
[2018.10.19-03.11.13:439][761]LogObjectTools:Warning: ForceReplaceReferences replaced references for a transient object 'AtmosphereAltitude' or package '/Engine/Transient'.
[2018.10.19-03.11.13:439][761]LogObjectTools:Warning: ForceReplaceReferences replaced references for a transient object 'AtmosphereDensityMultiplier' or package '/Engine/Transient'.
[2018.10.19-03.11.13:439][761]LogObjectTools:Warning: ForceReplaceReferences replaced references for a transient object 'OverrideSunColor' or package '/Engine/Transient'.
[2018.10.19-03.11.13:439][761]LogObjectTools:Warning: ForceReplaceReferences replaced references for a transient object 'SunColorCurve' or package '/Engine/Transient'.
[2018.10.19-03.11.13:439][761]LogObjectTools:Warning: ForceReplaceReferences replaced references for a transient object 'LightColor' or package '/Engine/Transient'.
[2018.10.19-03.11.13:439][761]LogObjectTools:Warning: ForceReplaceReferences replaced references for a transient object 'PrevisArrowMaterial' or package '/Engine/Transient'.
[2018.10.19-03.11.13:439][761]LogObjectTools:Warning: ForceReplaceReferences replaced references for a transient object 'AtmosphereTint' or package '/Engine/Transient'.
[2018.10.19-03.11.13:439][761]LogObjectTools:Warning: ForceReplaceReferences replaced references for a transient object 'AtmosphereBrightness' or package '/Engine/Transient'.
[2018.10.19-03.11.13:439][761]LogObjectTools:Warning: ForceReplaceReferences replaced references for a transient object 'UseAtmosphere' or package '/Engine/Transient'.
[2018.10.19-03.11.13:439][761]LogObjectTools:Warning: ForceReplaceReferences replaced references for a transient object 'SunDirectionalLight' or package '/Engine/Transient'.
[2018.10.19-03.11.13:439][761]LogObjectTools:Warning: ForceReplaceReferences replaced references for a transient object 'StationaryLightForSun' or package '/Engine/Transient'.
[2018.10.19-03.11.13:439][761]LogObjectTools:Warning: ForceReplaceReferences replaced references for a transient object 'SunTint' or package '/Engine/Transient'.
[2018.10.19-03.11.13:439][761]LogObjectTools:Warning: ForceReplaceReferences replaced references for a transient object 'SunBrightness' or package '/Engine/Transient'.
[2018.10.19-03.11.13:439][761]LogObjectTools:Warning: ForceReplaceReferences replaced references for a transient object 'UseSunLight' or package '/Engine/Transient'.
[2018.10.19-03.11.13:439][761]LogObjectTools:Warning: ForceReplaceReferences replaced references for a transient object 'Use_HDRI' or package '/Engine/Transient'.
[2018.10.19-03.11.13:439][761]LogObjectTools:Warning: ForceReplaceReferences replaced references for a transient object 'GlobalBrightness' or package '/Engine/Transient'.
[2018.10.19-03.11.13:439][761]LogObjectTools:Warning: ForceReplaceReferences replaced references for a transient object 'Scene1' or package '/Engine/Transient'.
[2018.10.19-03.11.13:440][761]LogObjectTools:Warning: ForceReplaceReferences replaced references for a transient object 'Skybox' or package '/Engine/Transient'.
[2018.10.19-03.11.13:440][761]LogObjectTools:Warning: ForceReplaceReferences replaced references for a transient object 'PrevisArrow' or package '/Engine/Transient'.
[2018.10.19-03.11.13:440][761]LogObjectTools:Warning: ForceReplaceReferences replaced references for a transient object 'ExponentialHeightFog1' or package '/Engine/Transient'.
[2018.10.19-03.11.13:440][761]LogObjectTools:Warning: ForceReplaceReferences replaced references for a transient object 'SkyLight1' or package '/Engine/Transient'.
[2018.10.19-03.11.13:440][761]LogObjectTools:Warning: ForceReplaceReferences replaced references for a transient object 'MaterialInstanceDynamic_43' or package '/Engine/Transient'.
[2018.10.19-03.11.13:440][761]LogObjectTools:Warning: ForceReplaceReferences replaced references for a transient object 'MaterialInstanceDynamic_42' or package '/Engine/Transient'.
[2018.10.19-03.11.13:440][761]LogObjectTools:Warning: ForceReplaceReferences replaced references for a transient object 'PrevisArrow' or package '/Engine/Transient'.
[2018.10.19-03.11.13:440][761]LogObjectTools:Warning: ForceReplaceReferences replaced references for a transient object 'Skybox' or package '/Engine/Transient'.
[2018.10.19-03.11.13:440][761]LogActorComponent: RegisterComponentWithWorld: (/Engine/Transient.World_1:PersistentLevel.BP_LightStudio_C_0.Scene1) Trying to register component with IsPendingKill() == true. Aborting.
[2018.10.19-03.11.13:440][761]LogActorComponent: RegisterComponentWithWorld: (/Engine/Transient.World_1:PersistentLevel.BP_LightStudio_C_0.Scene1) Trying to register component with IsPendingKill() == true. Aborting.
[2018.10.19-03.11.13:440][761]LogActorComponent: RegisterComponentWithWorld: (/Engine/Transient.World_1:PersistentLevel.BP_LightStudio_C_0.Scene1) Trying to register component with IsPendingKill() == true. Aborting.
[2018.10.19-03.11.13:440][761]LogActorComponent: RegisterComponentWithWorld: (/Engine/Transient.World_1:PersistentLevel.BP_LightStudio_C_0.Scene1) Trying to register component with IsPendingKill() == true. Aborting.
[2018.10.19-03.11.13:440][761]LogObjectTools:Warning: ForceReplaceReferences replaced references for a transient object 'BP_LightStudio_C_0' or package '/Engine/Transient'.
[2018.10.19-03.11.13:440][761]LogObjectTools:Warning: ForceReplaceReferences replaced references for a transient object 'UserConstructionScript' or package '/Engine/Transient'.
[2018.10.19-03.11.13:440][761]LogObjectTools:Warning: ForceReplaceReferences replaced references for a transient object 'CalculateSunColor' or package '/Engine/Transient'.
[2018.10.19-03.11.13:440][761]LogObjectTools:Warning: ForceReplaceReferences replaced references for a transient object 'SunMobility' or package '/Engine/Transient'.
[2018.10.19-03.11.13:440][761]LogObjectTools:Warning: ForceReplaceReferences replaced references for a transient object 'NormalizedSunAngle' or package '/Engine/Transient'.
[2018.10.19-03.11.13:440][761]LogObjectTools:Warning: ForceReplaceReferences replaced references for a transient object 'AtmosphereDensity' or package '/Engine/Transient'.
[2018.10.19-03.11.13:440][761]LogObjectTools:Warning: ForceReplaceReferences replaced references for a transient object 'Default__DEADCLASS_BP_LightStudio_C_0' or package '/Engine/Transient'.
[2018.10.19-03.11.13:440][761]LogObjectTools:Warning: ForceReplaceReferences replaced references for a transient object 'REINST_SKEL_Blueprint_CeilingLight_C_125' or package '/Engine/Transient'.
[2018.10.19-03.11.13:440][761]LogObjectTools:Warning: ForceReplaceReferences replaced references for a transient object 'REINST_Blueprint_CeilingLight_C_124' or package '/Engine/Transient'.
[2018.10.19-03.11.13:440][761]LogObjectTools:Warning: ForceReplaceReferences replaced references for a transient object 'REINST_SKEL_Blueprint_Effect_Explosion_C_123' or package '/Engine/Transient'.
[2018.10.19-03.11.13:440][761]LogObjectTools:Warning: ForceReplaceReferences replaced references for a transient object 'REINST_Blueprint_Effect_Explosion_C_122' or package '/Engine/Transient'.
[2018.10.19-03.11.13:440][761]LogObjectTools:Warning: ForceReplaceReferences replaced references for a transient object 'REINST_SKEL_Blueprint_Effect_Fire_C_121' or package '/Engine/Transient'.
[2018.10.19-03.11.13:440][761]LogObjectTools:Warning: ForceReplaceReferences replaced references for a transient object 'REINST_Blueprint_Effect_Fire_C_120' or package '/Engine/Transient'.
[2018.10.19-03.11.13:440][761]LogObjectTools:Warning: ForceReplaceReferences replaced references for a transient object 'REINST_SKEL_Blueprint_Effect_Smoke_C_119' or package '/Engine/Transient'.
[2018.10.19-03.11.13:440][761]LogObjectTools:Warning: ForceReplaceReferences replaced references for a transient object 'REINST_Blueprint_Effect_Smoke_C_118' or package '/Engine/Transient'.
[2018.10.19-03.11.13:441][761]LogObjectTools:Warning: ForceReplaceReferences replaced references for a transient object 'REINST_SKEL_Blueprint_Effect_Sparks_C_117' or package '/Engine/Transient'.
[2018.10.19-03.11.13:441][761]LogObjectTools:Warning: ForceReplaceReferences replaced references for a transient object 'REINST_Blueprint_Effect_Sparks_C_116' or package '/Engine/Transient'.
[2018.10.19-03.11.13:441][761]LogObjectTools:Warning: ForceReplaceReferences replaced references for a transient object 'REINST_SKEL_Blueprint_Effect_Steam_C_115' or package '/Engine/Transient'.
[2018.10.19-03.11.13:441][761]LogObjectTools:Warning: ForceReplaceReferences replaced references for a transient object 'REINST_Blueprint_Effect_Steam_C_114' or package '/Engine/Transient'.
[2018.10.19-03.11.13:441][761]LogObjectTools:Warning: ForceReplaceReferences replaced references for a transient object 'REINST_SKEL_Blueprint_WallSconce_C_113' or package '/Engine/Transient'.
[2018.10.19-03.11.13:441][761]LogObjectTools:Warning: ForceReplaceReferences replaced references for a transient object 'REINST_Blueprint_WallSconce_C_112' or package '/Engine/Transient'.
[2018.10.19-03.11.13:441][761]LogObjectTools:Warning: ForceReplaceReferences replaced references for a transient object 'REINST_SKEL_BP_LightStudio_C_111' or package '/Engine/Transient'.
[2018.10.19-03.11.13:441][761]LogObjectTools:Warning: ForceReplaceReferences replaced references for a transient object 'Default__REINST_BP_LightStudio_C_110' or package '/Engine/Transient'.
[2018.10.19-03.11.13:441][761]LogObjectTools:Warning: ForceReplaceReferences replaced references for a transient object 'StaticMeshComponent_13' or package '/Engine/Transient'.
[2018.10.19-03.11.13:441][761]LogObjectTools:Warning: ForceReplaceReferences replaced references for a transient object 'StaticMeshComponent_24' or package '/Engine/Transient'.
[2018.10.19-03.12.02:080][998]LogTemp: Repeting last play command: 选中的视口
[2018.10.19-03.12.02:088][998]LogBlueprintUserMessages: Early PlayInEditor Detection: Level '/Game/2DSideScrollerBP/Maps/2DSideScrollerExampleMap.2DSideScrollerExampleMap:PersistentLevel' has LevelScriptBlueprint '/Game/2DSideScrollerBP/Maps/2DSideScrollerExampleMap.2DSideScrollerExampleMap:PersistentLevel.2DSideScrollerExampleMap' with GeneratedClass '/Game/2DSideScrollerBP/Maps/2DSideScrollerExampleMap.2DSideScrollerExampleMap_C' with ClassGeneratedBy '/Game/2DSideScrollerBP/Maps/2DSideScrollerExampleMap.2DSideScrollerExampleMap:PersistentLevel.2DSideScrollerExampleMap'
[2018.10.19-03.12.02:088][998]LogPlayLevel: PlayLevel: No blueprints needed recompiling
[2018.10.19-03.12.02:088][998]PIE: New page: PIE会话: 2DSideScrollerExampleMap (2018年10月19日 下午7:12:02)
[2018.10.19-03.12.02:089][998]LogPlayLevel: Creating play world package: /Game/2DSideScrollerBP/Maps/UEDPIE_0_2DSideScrollerExampleMap
[2018.10.19-03.12.02:091][998]LogPlayLevel: PIE: StaticDuplicateObject took: (0.002778s)
[2018.10.19-03.12.02:092][998]LogAIModule: Creating AISystem for world 2DSideScrollerExampleMap
[2018.10.19-03.12.02:092][998]LogPlayLevel: PIE: World Init took: (0.000394s)
[2018.10.19-03.12.02:092][998]LogPlayLevel: PIE: Created PIE world by copying editor world from /Game/2DSideScrollerBP/Maps/2DSideScrollerExampleMap.2DSideScrollerExampleMap to /Game/2DSideScrollerBP/Maps/UEDPIE_0_2DSideScrollerExampleMap.2DSideScrollerExampleMap (0.003310s)
[2018.10.19-03.12.02:164][998]LogInit: XAudio2 using '扬声器 (2- Strix 7.1)' : 8 channels at 48 kHz using 16 bits per sample (channel mask 0x63f)
[2018.10.19-03.12.02:176][998]LogInit: FAudioDevice initialized.
[2018.10.19-03.12.02:203][998]LogLoad: Game class is '2DSideScrollerGameMode_C'
[2018.10.19-03.12.02:205][998]LogWorld: Bringing World /Game/2DSideScrollerBP/Maps/UEDPIE_0_2DSideScrollerExampleMap.2DSideScrollerExampleMap up for play (max tick rate 0) at 2018.10.19-11.12.02
[2018.10.19-03.12.02:205][998]LogWorld: Bringing up level for play took: 0.001036
[2018.10.19-03.12.02:212][998]PIE: 信息 /Game/2DSideScrollerBP/Maps/UEDPIE_0_2DSideScrollerExampleMap的‘在编辑器中播放’的起始时间-0.021
[2018.10.19-03.12.02:212][998]LogBlueprintUserMessages: Late PlayInEditor Detection: Level '/Game/2DSideScrollerBP/Maps/2DSideScrollerExampleMap.2DSideScrollerExampleMap:PersistentLevel' has LevelScriptBlueprint '/Game/2DSideScrollerBP/Maps/2DSideScrollerExampleMap.2DSideScrollerExampleMap:PersistentLevel.2DSideScrollerExampleMap' with GeneratedClass '/Game/2DSideScrollerBP/Maps/2DSideScrollerExampleMap.2DSideScrollerExampleMap_C' with ClassGeneratedBy '/Game/2DSideScrollerBP/Maps/2DSideScrollerExampleMap.2DSideScrollerExampleMap:PersistentLevel.2DSideScrollerExampleMap'
[2018.10.19-03.12.28:816][187]LogBlueprintUserMessages: Early EndPlayMap Detection: Level '/Game/2DSideScrollerBP/Maps/2DSideScrollerExampleMap.2DSideScrollerExampleMap:PersistentLevel' has LevelScriptBlueprint '/Game/2DSideScrollerBP/Maps/2DSideScrollerExampleMap.2DSideScrollerExampleMap:PersistentLevel.2DSideScrollerExampleMap' with GeneratedClass '/Game/2DSideScrollerBP/Maps/2DSideScrollerExampleMap.2DSideScrollerExampleMap_C' with ClassGeneratedBy '/Game/2DSideScrollerBP/Maps/2DSideScrollerExampleMap.2DSideScrollerExampleMap:PersistentLevel.2DSideScrollerExampleMap'
[2018.10.19-03.12.28:846][187]LogBlueprintUserMessages: Late EndPlayMap Detection: Level '/Game/2DSideScrollerBP/Maps/2DSideScrollerExampleMap.2DSideScrollerExampleMap:PersistentLevel' has LevelScriptBlueprint '/Game/2DSideScrollerBP/Maps/2DSideScrollerExampleMap.2DSideScrollerExampleMap:PersistentLevel.2DSideScrollerExampleMap' with GeneratedClass '/Game/2DSideScrollerBP/Maps/2DSideScrollerExampleMap.2DSideScrollerExampleMap_C' with ClassGeneratedBy '/Game/2DSideScrollerBP/Maps/2DSideScrollerExampleMap.2DSideScrollerExampleMap:PersistentLevel.2DSideScrollerExampleMap'
[2018.10.19-03.12.48:670][674]LogWindowsTextInputMethodSystem:Display: IME system now activated using TSF (搜狗拼音输入法).
[2018.10.19-03.12.48:862][675]Cmd: QUIT_EDITOR
[2018.10.19-03.12.49:864][675]LogExit: Preparing to exit.
[2018.10.19-03.12.50:211][675]LogExit: Editor shut down
[2018.10.19-03.12.50:211][675]LogExit: Transaction tracking system shut down
[2018.10.19-03.12.50:273][675]LogObj: Freed 0b from 0 cluster array pools.
[2018.10.19-03.12.50:273][675]LogExit: Object subsystem successfully closed.
[2018.10.19-03.12.50:291][675]LogD3D11RHI: Shutdown
[2018.10.19-03.12.50:291][675]LogD3D11RHI: CleanupD3DDevice
[2018.10.19-03.12.50:371][675]LogD3D11RHI: ~FD3D11DynamicRHI
[2018.10.19-03.12.50:399][675]LogModuleManager: Shutting down and abandoning module HierarchicalLODUtilities (502)
[2018.10.19-03.12.50:399][675]LogModuleManager: Shutting down and abandoning module MovieSceneCapture (500)
[2018.10.19-03.12.50:399][675]LogModuleManager: Shutting down and abandoning module HierarchicalLODOutliner (498)
[2018.10.19-03.12.50:399][675]LogModuleManager: Shutting down and abandoning module CrashTracker (496)
[2018.10.19-03.12.50:399][675]LogModuleManager: Shutting down and abandoning module SceneOutliner (494)
[2018.10.19-03.12.50:399][675]LogModuleManager: Shutting down and abandoning module AddContentDialog (492)
[2018.10.19-03.12.50:399][675]LogDirectoryWatcher: A directory notification for 'C:/Program Files/Epic Games/UE_4.15/FeaturePacks/' was aborted.
[2018.10.19-03.12.50:400][675]LogModuleManager: Shutting down and abandoning module WidgetCarousel (491)
[2018.10.19-03.12.50:400][675]LogModuleManager: Shutting down and abandoning module EditorWidgets (488)
[2018.10.19-03.12.50:400][675]LogModuleManager: Shutting down and abandoning module CollectionManager (486)
[2018.10.19-03.12.50:401][675]LogDirectoryWatcher: A directory notification for 'D:/工作成果/北京8bit科技有限公司/Hahahahhahahahah/Hahahahhahahahah/Content/Collections/' was aborted.
[2018.10.19-03.12.50:401][675]LogDirectoryWatcher: A directory notification for 'D:/工作成果/北京8bit科技有限公司/Hahahahhahahahah/Hahahahhahahahah/Content/Developers/82312/Collections/' was aborted.
[2018.10.19-03.12.50:401][675]LogDirectoryWatcher: A directory notification for 'D:/工作成果/北京8bit科技有限公司/Hahahahhahahahah/Hahahahhahahahah/Saved/Collections/' was aborted.
[2018.10.19-03.12.50:401][675]LogModuleManager: Shutting down and abandoning module StatsViewer (484)
[2018.10.19-03.12.50:401][675]LogModuleManager: Shutting down and abandoning module FoliageEdit (482)
[2018.10.19-03.12.50:401][675]LogModuleManager: Shutting down and abandoning module LandscapeEditor (480)
[2018.10.19-03.12.50:401][675]LogModuleManager: Shutting down and abandoning module SceneDepthPickerMode (478)
[2018.10.19-03.12.50:401][675]LogModuleManager: Shutting down and abandoning module ActorPickerMode (476)
[2018.10.19-03.12.50:401][675]LogModuleManager: Shutting down and abandoning module GeometryMode (474)
[2018.10.19-03.12.50:401][675]LogModuleManager: Shutting down and abandoning module TextureAlignMode (472)
[2018.10.19-03.12.50:401][675]LogModuleManager: Shutting down and abandoning module BspMode (470)
[2018.10.19-03.12.50:401][675]LogModuleManager: Shutting down and abandoning module HardwareSurvey (468)
[2018.10.19-03.12.50:402][675]LogModuleManager: Shutting down and abandoning module SequenceRecorderSections (466)
[2018.10.19-03.12.50:402][675]LogModuleManager: Shutting down and abandoning module AutomationWorker (464)
[2018.10.19-03.12.50:402][675]LogModuleManager: Shutting down and abandoning module MatineeToLevelSequence (462)
[2018.10.19-03.12.50:402][675]LogModuleManager: Shutting down and abandoning module LevelSequenceEditor (460)
[2018.10.19-03.12.50:403][675]LogModuleManager: Shutting down and abandoning module PlacementMode (459)
[2018.10.19-03.12.50:403][675]LogModuleManager: Shutting down and abandoning module WmfMediaFactory (456)
[2018.10.19-03.12.50:403][675]LogModuleManager: Shutting down and abandoning module WmfMediaEditor (454)
[2018.10.19-03.12.50:403][675]LogModuleManager: Shutting down and abandoning module MfMediaFactory (452)
[2018.10.19-03.12.50:403][675]LogModuleManager: Shutting down and abandoning module MfMediaEditor (450)
[2018.10.19-03.12.50:403][675]LogModuleManager: Shutting down and abandoning module AvfMediaFactory (448)
[2018.10.19-03.12.50:403][675]LogModuleManager: Shutting down and abandoning module AvfMediaEditor (446)
[2018.10.19-03.12.50:403][675]LogModuleManager: Shutting down and abandoning module AndroidMediaFactory (444)
[2018.10.19-03.12.50:403][675]LogModuleManager: Shutting down and abandoning module Media (443)
[2018.10.19-03.12.50:403][675]LogModuleManager: Shutting down and abandoning module AndroidMediaEditor (440)
[2018.10.19-03.12.50:403][675]LogModuleManager: Shutting down and abandoning module CharacterAI (438)
[2018.10.19-03.12.50:403][675]LogModuleManager: Shutting down and abandoning module AudioCapture (436)
[2018.10.19-03.12.50:403][675]LogModuleManager: Shutting down and abandoning module SequenceRecorder (435)
[2018.10.19-03.12.50:403][675]LogModuleManager: Shutting down and abandoning module SmartSnapping (432)
[2018.10.19-03.12.50:403][675]LogModuleManager: Shutting down and abandoning module SessionServices (430)
[2018.10.19-03.12.50:403][675]LogModuleManager: Shutting down and abandoning module ViewportSnapping (428)
[2018.10.19-03.12.50:403][675]LogModuleManager: Shutting down and abandoning module ViewportInteraction (426)
[2018.10.19-03.12.50:404][675]LogModuleManager: Shutting down and abandoning module LogVisualizer (424)
[2018.10.19-03.12.50:404][675]LogModuleManager: Shutting down and abandoning module IntroTutorials (422)
[2018.10.19-03.12.50:404][675]LogModuleManager: Shutting down and abandoning module GameProjectGeneration (421)
[2018.10.19-03.12.50:405][675]LogModuleManager: Shutting down and abandoning module EditorLiveStreaming (418)
[2018.10.19-03.12.50:405][675]LogModuleManager: Shutting down and abandoning module IOSPlatformEditor (416)
[2018.10.19-03.12.50:405][675]LogModuleManager: Shutting down and abandoning module HTML5PlatformEditor (414)
[2018.10.19-03.12.50:405][675]LogModuleManager: Shutting down and abandoning module AndroidPlatformEditor (412)
[2018.10.19-03.12.50:405][675]LogModuleManager: Shutting down and abandoning module AndroidDeviceDetection (411)
[2018.10.19-03.12.50:465][675]LogModuleManager: Shutting down and abandoning module IOSRuntimeSettings (408)
[2018.10.19-03.12.50:465][675]LogModuleManager: Shutting down and abandoning module AndroidRuntimeSettings (406)
[2018.10.19-03.12.50:465][675]LogModuleManager: Shutting down and abandoning module InputBindingEditor (404)
[2018.10.19-03.12.50:465][675]LogModuleManager: Shutting down and abandoning module NiagaraEditor (402)
[2018.10.19-03.12.50:466][675]LogModuleManager: Shutting down and abandoning module MergeActors (400)
[2018.10.19-03.12.50:466][675]LogModuleManager: Shutting down and abandoning module SizeMap (398)
[2018.10.19-03.12.50:466][675]LogModuleManager: Shutting down and abandoning module TreeMap (396)
[2018.10.19-03.12.50:466][675]LogModuleManager: Shutting down and abandoning module ReferenceViewer (394)
[2018.10.19-03.12.50:466][675]LogModuleManager: Shutting down and abandoning module LocalizationDashboard (392)
[2018.10.19-03.12.50:467][675]LogModuleManager: Shutting down and abandoning module LocalizationService (391)
[2018.10.19-03.12.50:467][675]LogModuleManager: Shutting down and abandoning module HardwareTargeting (388)
[2018.10.19-03.12.50:467][675]LogModuleManager: Shutting down and abandoning module DeviceProfileEditor (386)
[2018.10.19-03.12.50:467][675]LogModuleManager: Shutting down and abandoning module UndoHistory (384)
[2018.10.19-03.12.50:467][675]LogModuleManager: Shutting down and abandoning module UserFeedback (382)
[2018.10.19-03.12.50:467][675]LogModuleManager: Shutting down and abandoning module XmlParser (380)
[2018.10.19-03.12.50:468][675]LogModuleManager: Shutting down and abandoning module Blutility (378)
[2018.10.19-03.12.50:468][675]LogModuleManager: Shutting down and abandoning module ProjectSettingsViewer (376)
[2018.10.19-03.12.50:468][675]LogModuleManager: Shutting down and abandoning module ProjectTargetPlatformEditor (375)
[2018.10.19-03.12.50:468][675]LogModuleManager: Shutting down and abandoning module EditorSettingsViewer (372)
[2018.10.19-03.12.50:468][675]LogModuleManager: Shutting down and abandoning module SettingsEditor (370)
[2018.10.19-03.12.50:468][675]LogModuleManager: Shutting down and abandoning module ProjectLauncher (368)
[2018.10.19-03.12.50:468][675]LogModuleManager: Shutting down and abandoning module SessionFrontend (366)
[2018.10.19-03.12.50:469][675]LogModuleManager: Shutting down and abandoning module ProfilerClient (364)
[2018.10.19-03.12.50:469][675]LogModuleManager: Shutting down and abandoning module DeviceManager (362)
[2018.10.19-03.12.50:469][675]LogModuleManager: Shutting down and abandoning module TargetDeviceServices (361)
[2018.10.19-03.12.50:513][675]LogModuleManager: Shutting down and abandoning module AutomationController (358)
[2018.10.19-03.12.50:513][675]LogModuleManager: Shutting down and abandoning module AutomationWindow (356)
[2018.10.19-03.12.50:513][675]LogModuleManager: Shutting down and abandoning module Layers (354)
[2018.10.19-03.12.50:514][675]LogModuleManager: Shutting down and abandoning module ComponentVisualizers (352)
[2018.10.19-03.12.50:514][675]LogModuleManager: Shutting down and abandoning module DetailCustomizations (350)
[2018.10.19-03.12.50:514][675]LogModuleManager: Shutting down and abandoning module PackagesDialog (348)
[2018.10.19-03.12.50:514][675]LogModuleManager: Shutting down and abandoning module Persona (346)
[2018.10.19-03.12.50:515][675]LogModuleManager: Shutting down and abandoning module AnimGraph (345)
[2018.10.19-03.12.50:515][675]LogModuleManager: Shutting down and abandoning module Kismet (342)
[2018.10.19-03.12.50:516][675]LogModuleManager: Shutting down and abandoning module GraphEditor (340)
[2018.10.19-03.12.50:516][675]LogModuleManager: Shutting down and abandoning module ClassViewer (338)
[2018.10.19-03.12.50:516][675]LogModuleManager: Shutting down and abandoning module Toolbox (336)
[2018.10.19-03.12.50:517][675]LogModuleManager: Shutting down and abandoning module ModuleUI (334)
[2018.10.19-03.12.50:517][675]LogModuleManager: Shutting down and abandoning module MovieSceneTools (332)
[2018.10.19-03.12.50:517][675]LogModuleManager: Shutting down and abandoning module OutputLog (330)
[2018.10.19-03.12.50:517][675]LogModuleManager: Shutting down and abandoning module GammaUI (328)
[2018.10.19-03.12.50:517][675]LogModuleManager: Shutting down and abandoning module Documentation (326)
[2018.10.19-03.12.50:517][675]LogModuleManager: Shutting down and abandoning module Niagara (324)
[2018.10.19-03.12.50:517][675]LogModuleManager: Shutting down and abandoning module StreamingPauseRendering (322)
[2018.10.19-03.12.50:517][675]LogModuleManager: Shutting down and abandoning module AnalyticsET (320)
[2018.10.19-03.12.50:517][675]LogModuleManager: Shutting down and abandoning module PortalServices (318)
[2018.10.19-03.12.50:517][675]LogModuleManager: Shutting down and abandoning module PortalRpc (316)
[2018.10.19-03.12.50:517][675]LogModuleManager: Shutting down and abandoning module MessagingRpc (314)
[2018.10.19-03.12.50:517][675]LogModuleManager: Shutting down and abandoning module AIModule (312)
[2018.10.19-03.12.50:517][675]LogModuleManager: Shutting down and abandoning module GameplayDebugger (311)
[2018.10.19-03.12.50:518][675]LogModuleManager: Shutting down and abandoning module AITestSuite (309)
[2018.10.19-03.12.50:518][675]LogModuleManager: Shutting down and abandoning module ProfilerService (306)
[2018.10.19-03.12.50:555][675]LogModuleManager: Shutting down and abandoning module TaskGraph (304)
[2018.10.19-03.12.50:556][675]LogModuleManager: Shutting down and abandoning module SteamVRController (302)
[2018.10.19-03.12.50:556][675]LogModuleManager: Shutting down and abandoning module SteamVR (300)
[2018.10.19-03.12.50:556][675]LogModuleManager: Shutting down and abandoning module ProceduralMeshComponentEditor (298)
[2018.10.19-03.12.50:556][675]LogModuleManager: Shutting down and abandoning module ProceduralMeshComponent (296)
[2018.10.19-03.12.50:556][675]LogModuleManager: Shutting down and abandoning module OculusLibrary (294)
[2018.10.19-03.12.50:556][675]LogModuleManager: Shutting down and abandoning module OculusInput (292)
[2018.10.19-03.12.50:556][675]LogModuleManager: Shutting down and abandoning module MobilePatchingUtils (290)
[2018.10.19-03.12.50:556][675]LogModuleManager: Shutting down and abandoning module CustomMeshComponent (288)
[2018.10.19-03.12.50:556][675]LogModuleManager: Shutting down and abandoning module CableComponent (286)
[2018.10.19-03.12.50:556][675]LogModuleManager: Shutting down and abandoning module ArchVisCharacter (284)
[2018.10.19-03.12.50:556][675]LogModuleManager: Shutting down and abandoning module MediaPlayerEditor (280)
[2018.10.19-03.12.50:557][675]LogModuleManager: Shutting down and abandoning module HTML5Networking (278)
[2018.10.19-03.12.50:557][675]LogModuleManager: Shutting down and abandoning module AlembicImporter (276)
[2018.10.19-03.12.50:557][675]LogModuleManager: Shutting down and abandoning module AlembicLibrary (275)
[2018.10.19-03.12.50:557][675]LogModuleManager: Shutting down and abandoning module GeometryCache (274)
[2018.10.19-03.12.50:557][675]LogModuleManager: Shutting down and abandoning module GeometryCacheEd (273)
[2018.10.19-03.12.50:557][675]LogModuleManager: Shutting down and abandoning module SuperSearchEditor (268)
[2018.10.19-03.12.50:558][675]LogModuleManager: Shutting down and abandoning module SuperSearch (267)
[2018.10.19-03.12.50:558][675]LogModuleManager: Shutting down and abandoning module SpeedTreeImporter (264)
[2018.10.19-03.12.50:558][675]LogModuleManager: Shutting down and abandoning module PluginBrowser (262)
[2018.10.19-03.12.50:558][675]LogModuleManager: Shutting down and abandoning module MobileLauncherProfileWizard (260)
[2018.10.19-03.12.50:559][675]LogModuleManager: Shutting down and abandoning module EpicSurvey (258)
[2018.10.19-03.12.50:559][675]LogModuleManager: Shutting down and abandoning module VisualStudioSourceCodeAccess (256)
[2018.10.19-03.12.50:559][675]LogModuleManager: Shutting down and abandoning module DesktopPlatform (255)
[2018.10.19-03.12.50:559][675]LogModuleManager: Shutting down and abandoning module UObjectPlugin (252)
[2018.10.19-03.12.50:559][675]LogModuleManager: Shutting down and abandoning module SubversionSourceControl (250)
[2018.10.19-03.12.50:559][675]LogModuleManager: Shutting down and abandoning module PerforceSourceControl (248)
[2018.10.19-03.12.50:559][675]LogModuleManager: Shutting down and abandoning module GitSourceControl (246)
[2018.10.19-03.12.50:559][675]LogModuleManager: Shutting down and abandoning module SourceControl (245)
[2018.10.19-03.12.50:560][675]LogModuleManager: Shutting down and abandoning module LightPropagationVolumeEditor (242)
[2018.10.19-03.12.50:560][675]LogModuleManager: Shutting down and abandoning module PaperTiledImporter (240)
[2018.10.19-03.12.50:560][675]LogModuleManager: Shutting down and abandoning module PaperSpriteSheetImporter (238)
[2018.10.19-03.12.50:560][675]LogModuleManager: Shutting down and abandoning module Paper2DEditor (236)
[2018.10.19-03.12.50:560][675]LogModuleManager: Shutting down and abandoning module MeshPaint (235)
[2018.10.19-03.12.50:560][675]LogModuleManager: Shutting down and abandoning module LevelEditor (233)
[2018.10.19-03.12.50:561][675]LogModuleManager: Shutting down and abandoning module PixelInspectorModule (232)
[2018.10.19-03.12.50:561][675]LogModuleManager: Shutting down and abandoning module MainFrame (230)
[2018.10.19-03.12.50:561][675]LogModuleManager: Shutting down and abandoning module HotReload (229)
[2018.10.19-03.12.50:563][675]LogModuleManager: Shutting down and abandoning module ContentBrowser (225)
[2018.10.19-03.12.50:563][675]LogModuleManager: Shutting down and abandoning module PhysXVehiclesEditor (222)
[2018.10.19-03.12.50:563][675]LogModuleManager: Shutting down and abandoning module PhysXVehicles (220)
[2018.10.19-03.12.50:563][675]LogModuleManager: Shutting down and abandoning module LocationServicesBPLibrary (218)
[2018.10.19-03.12.50:563][675]LogModuleManager: Shutting down and abandoning module UdpMessaging (216)
[2018.10.19-03.12.50:664][675]LogModuleManager: Shutting down and abandoning module TcpMessaging (214)
[2018.10.19-03.12.51:047][675]LogModuleManager: Shutting down and abandoning module GameplayTagsEditor (212)
[2018.10.19-03.12.51:048][675]LogModuleManager: Shutting down and abandoning module FacialAnimationEditor (210)
[2018.10.19-03.12.51:049][675]LogModuleManager: Shutting down and abandoning module FacialAnimation (208)
[2018.10.19-03.12.51:049][675]LogModuleManager: Shutting down and abandoning module LightPropagationVolumeRuntime (206)
[2018.10.19-03.12.51:049][675]LogModuleManager: Shutting down and abandoning module Paper2D (204)
[2018.10.19-03.12.51:049][675]LogModuleManager: Shutting down and abandoning module WindowsMoviePlayer (202)
[2018.10.19-03.12.51:049][675]LogModuleManager: Shutting down and abandoning module WmfMedia (200)
[2018.10.19-03.12.51:051][675]LogModuleManager: Shutting down and abandoning module MfMedia (198)
[2018.10.19-03.12.51:051][675]LogModuleManager: Shutting down and abandoning module MediaAssets (196)
[2018.10.19-03.12.51:051][675]LogModuleManager: Shutting down and abandoning module GameLiveStreaming (194)
[2018.10.19-03.12.51:051][675]LogModuleManager: Shutting down and abandoning module VREditor (192)
[2018.10.19-03.12.51:051][675]LogModuleManager: Shutting down and abandoning module GameplayTasksEditor (190)
[2018.10.19-03.12.51:051][675]LogModuleManager: Shutting down and abandoning module BehaviorTreeEditor (188)
[2018.10.19-03.12.51:052][675]LogModuleManager: Shutting down and abandoning module FunctionalTesting (186)
[2018.10.19-03.12.51:052][675]LogModuleManager: Shutting down and abandoning module CollisionAnalyzer (184)
[2018.10.19-03.12.51:053][675]LogModuleManager: Shutting down and abandoning module UMG (182)
[2018.10.19-03.12.51:053][675]LogModuleManager: Shutting down and abandoning module UMGEditor (181)
[2018.10.19-03.12.51:053][675]LogModuleManager: Shutting down and abandoning module Sequencer (180)
[2018.10.19-03.12.51:054][675]LogModuleManager: Shutting down and abandoning module AssetTools (178)
[2018.10.19-03.12.51:055][675]LogModuleManager: Shutting down and abandoning module MessageLog (177)
[2018.10.19-03.12.51:056][675]LogModuleManager: Shutting down and abandoning module WorkspaceMenuStructure (176)
[2018.10.19-03.12.51:056][675]LogModuleManager: Shutting down and abandoning module SlateReflector (170)
[2018.10.19-03.12.51:057][675]LogModuleManager: Shutting down and abandoning module Slate (168)
[2018.10.19-03.12.51:057][675]LogModuleManager: Shutting down and abandoning module EditorStyle (166)
[2018.10.19-03.12.51:060][675]LogModuleManager: Shutting down and abandoning module SourceCodeAccess (164)
[2018.10.19-03.12.51:060][675]LogModuleManager: Shutting down and abandoning module HeadMountedDisplay (162)
[2018.10.19-03.12.51:060][675]LogModuleManager: Shutting down and abandoning module XAudio2 (160)
[2018.10.19-03.12.51:060][675]LogModuleManager: Shutting down and abandoning module Networking (158)
[2018.10.19-03.12.51:060][675]LogModuleManager: Shutting down and abandoning module Core (154)
[2018.10.19-03.12.51:060][675]LogModuleManager: Shutting down and abandoning module AssetRegistry (152)
[2018.10.19-03.12.51:194][675]LogDirectoryWatcher: A directory notification for '../../../Engine/Content/' was aborted.
[2018.10.19-03.12.51:194][675]LogDirectoryWatcher: A directory notification for 'D:/工作成果/北京8bit科技有限公司/Hahahahhahahahah/Hahahahhahahahah/Content/' was aborted.
[2018.10.19-03.12.51:194][675]LogDirectoryWatcher: A directory notification for '../../../Engine/Plugins/2D/Paper2D/Content/' was aborted.
[2018.10.19-03.12.51:195][675]LogModuleManager: Shutting down and abandoning module DirectoryWatcher (151)
[2018.10.19-03.12.51:195][675]LogModuleManager: Shutting down and abandoning module KismetCompiler (148)
[2018.10.19-03.12.51:195][675]LogModuleManager: Shutting down and abandoning module PhysXFormats (146)
[2018.10.19-03.12.51:195][675]LogModuleManager: Shutting down and abandoning module MeshUtilities (144)
[2018.10.19-03.12.51:195][675]LogModuleManager: Shutting down and abandoning module SimplygonSwarm (143)
[2018.10.19-03.12.51:196][675]LogModuleManager: Shutting down and abandoning module SimplygonMeshReduction (141)
[2018.10.19-03.12.51:196][675]LogModuleManager: Shutting down and abandoning module QuadricMeshReduction (139)
[2018.10.19-03.12.51:196][675]LogModuleManager: Shutting down and abandoning module PropertyEditor (137)
[2018.10.19-03.12.51:196][675]LogModuleManager: Shutting down and abandoning module DerivedDataCache (134)
[2018.10.19-03.12.51:258][675]LogDerivedDataCache: Shutdown
[2018.10.19-03.12.51:258][675]LogModuleManager: Shutting down and abandoning module TargetPlatform (132)
[2018.10.19-03.12.51:258][675]LogModuleManager: Shutting down and abandoning module VulkanShaderFormat (131)
[2018.10.19-03.12.51:258][675]LogModuleManager: Shutting down and abandoning module ShaderFormatOpenGL (129)
[2018.10.19-03.12.51:259][675]LogModuleManager: Shutting down and abandoning module ShaderFormatD3D (127)
[2018.10.19-03.12.51:259][675]LogModuleManager: Shutting down and abandoning module MetalShaderFormat (125)
[2018.10.19-03.12.51:259][675]LogModuleManager: Shutting down and abandoning module TextureFormatUncompressed (123)
[2018.10.19-03.12.51:259][675]LogModuleManager: Shutting down and abandoning module TextureFormatPVR (121)
[2018.10.19-03.12.51:259][675]LogModuleManager: Shutting down and abandoning module TextureFormatDXT (119)
[2018.10.19-03.12.51:259][675]LogModuleManager: Shutting down and abandoning module TextureFormatIntelISPCTexComp (117)
[2018.10.19-03.12.51:259][675]LogModuleManager: Shutting down and abandoning module TextureFormatASTC (115)
[2018.10.19-03.12.51:259][675]LogModuleManager: Shutting down and abandoning module ImageWrapper (114)
[2018.10.19-03.12.51:259][675]LogModuleManager: Shutting down and abandoning module TextureFormatAndroid (111)
[2018.10.19-03.12.51:259][675]LogModuleManager: Shutting down and abandoning module AudioFormatOpus (109)
[2018.10.19-03.12.51:260][675]LogModuleManager: Shutting down and abandoning module AudioFormatOgg (107)
[2018.10.19-03.12.51:260][675]LogModuleManager: Shutting down and abandoning module AudioFormatADPCM (105)
[2018.10.19-03.12.51:260][675]LogModuleManager: Shutting down and abandoning module LinuxTargetPlatform (103)
[2018.10.19-03.12.51:260][675]LogModuleManager: Shutting down and abandoning module LinuxServerTargetPlatform (101)
[2018.10.19-03.12.51:260][675]LogModuleManager: Shutting down and abandoning module LinuxNoEditorTargetPlatform (99)
[2018.10.19-03.12.51:260][675]LogModuleManager: Shutting down and abandoning module LinuxClientTargetPlatform (97)
[2018.10.19-03.12.51:260][675]LogModuleManager: Shutting down and abandoning module TVOSTargetPlatform (95)
[2018.10.19-03.12.51:260][675]LogModuleManager: Shutting down and abandoning module Messaging (93)
[2018.10.19-03.12.51:260][675]LogModuleManager: Shutting down and abandoning module IOSTargetPlatform (91)
[2018.10.19-03.12.51:260][675]LogModuleManager: Shutting down and abandoning module HTML5TargetPlatform (89)
[2018.10.19-03.12.51:260][675]LogModuleManager: Shutting down and abandoning module Android_PVRTCTargetPlatform (87)
[2018.10.19-03.12.51:260][675]LogModuleManager: Shutting down and abandoning module Android_MultiTargetPlatform (85)
[2018.10.19-03.12.51:260][675]LogModuleManager: Shutting down and abandoning module Android_ETC2TargetPlatform (83)
[2018.10.19-03.12.51:260][675]LogModuleManager: Shutting down and abandoning module Android_ETC1TargetPlatform (81)
[2018.10.19-03.12.51:260][675]LogModuleManager: Shutting down and abandoning module Android_DXTTargetPlatform (79)
[2018.10.19-03.12.51:260][675]LogModuleManager: Shutting down and abandoning module Android_ATCTargetPlatform (77)
[2018.10.19-03.12.51:260][675]LogModuleManager: Shutting down and abandoning module Android_ASTCTargetPlatform (75)
[2018.10.19-03.12.51:260][675]LogModuleManager: Shutting down and abandoning module AndroidTargetPlatform (73)
[2018.10.19-03.12.51:260][675]LogModuleManager: Shutting down and abandoning module WindowsTargetPlatform (71)
[2018.10.19-03.12.51:260][675]LogModuleManager: Shutting down and abandoning module WindowsServerTargetPlatform (69)
[2018.10.19-03.12.51:260][675]LogModuleManager: Shutting down and abandoning module WindowsNoEditorTargetPlatform (67)
[2018.10.19-03.12.51:260][675]LogModuleManager: Shutting down and abandoning module WindowsClientTargetPlatform (65)
[2018.10.19-03.12.51:260][675]LogModuleManager: Shutting down and abandoning module MacTargetPlatform (63)
[2018.10.19-03.12.51:260][675]LogModuleManager: Shutting down and abandoning module MacServerTargetPlatform (61)
[2018.10.19-03.12.51:260][675]LogModuleManager: Shutting down and abandoning module MacNoEditorTargetPlatform (59)
[2018.10.19-03.12.51:260][675]LogModuleManager: Shutting down and abandoning module MacClientTargetPlatform (57)
[2018.10.19-03.12.51:260][675]LogModuleManager: Shutting down and abandoning module AllDesktopTargetPlatform (55)
[2018.10.19-03.12.51:260][675]LogModuleManager: Shutting down and abandoning module InputCore (52)
[2018.10.19-03.12.51:260][675]LogModuleManager: Shutting down and abandoning module Settings (50)
[2018.10.19-03.12.51:260][675]LogModuleManager: Shutting down and abandoning module OculusRift (48)
[2018.10.19-03.12.51:260][675]LogModuleManager: Shutting down and abandoning module GearVR (46)
[2018.10.19-03.12.51:260][675]LogModuleManager: Shutting down and abandoning module ExampleDeviceProfileSelector (44)
[2018.10.19-03.12.51:260][675]LogModuleManager: Shutting down and abandoning module OnlineBlueprintSupport (42)
[2018.10.19-03.12.51:260][675]LogModuleManager: Shutting down and abandoning module OnlineSubsystem (38)
[2018.10.19-03.12.51:260][675]LogOnline:Display: Unloading online subsystem: NULL
[2018.10.19-03.12.51:260][675]LogModuleManager: Shutting down and abandoning module XMPP (37)
[2018.10.19-03.12.51:261][675]LogModuleManager: Shutting down and abandoning module HTTP (35)
[2018.10.19-03.12.51:261][675]LogHttp:Display: Http module shutting down, but needs to wait on 1 outstanding Http requests:
[2018.10.19-03.12.51:261][675]LogHttp:Display: 	verb=[POST] url=[https://datarouter.ol.epicgames.com/datarouter/api/v1/public/data?SessionID=%7B9159A77F-4B2B-100E-E549-839D77DF9B2F%7D&AppID=UEEditor.Rocket.Release&AppVersion=4.15.3-3450819%2B%2B%2BUE4%2BRelease-4.15&UserID=d744d5164a975835698cb9a2824c462a%7Cf3b50553f59f48a3b233843de38382ca%7Ca647f9b1-7481-4b1b-a24d-b9818b37fe84&AppEnvironment=datacollector-binary&UploadType=eteventstream] status=Processing
[2018.10.19-03.12.51:291][675]LogModuleManager: Shutting down and abandoning module SSL (34)
[2018.10.19-03.12.51:292][675]LogModuleManager: Shutting down and abandoning module AudioEditor (30)
[2018.10.19-03.12.51:292][675]LogModuleManager: Shutting down and abandoning module TextureCompressor (28)
[2018.10.19-03.12.51:292][675]LogModuleManager: Shutting down and abandoning module ShaderCore (26)
[2018.10.19-03.12.51:292][675]LogModuleManager: Shutting down and abandoning module Landscape (24)
[2018.10.19-03.12.51:292][675]LogModuleManager: Shutting down and abandoning module SlateRHIRenderer (22)
[2018.10.19-03.12.51:293][675]LogModuleManager: Shutting down and abandoning module OpenGLDrv (20)
[2018.10.19-03.12.51:293][675]LogModuleManager: Shutting down and abandoning module D3D11RHI (18)
[2018.10.19-03.12.51:294][675]LogModuleManager: Shutting down and abandoning module AnimGraphRuntime (16)
[2018.10.19-03.12.51:294][675]LogModuleManager: Shutting down and abandoning module Renderer (14)
[2018.10.19-03.12.51:294][675]LogModuleManager: Shutting down and abandoning module Engine (12)
[2018.10.19-03.12.51:294][675]LogModuleManager: Shutting down and abandoning module CoreUObject (10)
[2018.10.19-03.12.51:294][675]LogModuleManager: Shutting down and abandoning module NetworkFile (8)
[2018.10.19-03.12.51:294][675]LogModuleManager: Shutting down and abandoning module StreamingFile (6)
[2018.10.19-03.12.51:294][675]LogModuleManager: Shutting down and abandoning module SandboxFile (4)
[2018.10.19-03.12.51:294][675]LogModuleManager: Shutting down and abandoning module PakFile (2)
[2018.10.19-03.12.51:296][675]LogExit: Exiting.
[2018.10.19-03.12.51:302][675]Log file closed, 10/19/18 11:12:51
