Log file open, 10/19/18 11:14:41
LogInit:Display: Running engine for game: Hahahahhahahahah
LogPlatformFile: Not using cached read wrapper
LogInit:Display: RandInit(-545717059) SRandInit(-545717059).
LogTaskGraph: Started task graph with 5 named threads and 8 total threads with 1 sets of task threads.
LogStats: Stats thread started at 0.077999
LogInit: Using libcurl 7.47.1
LogInit:  - built for x86_64-pc-win32
LogInit:  - supports SSL with OpenSSL/1.0.2g
LogInit:  - supports HTTP deflate (compression) using libz 1.2.8
LogInit:  - other features:
LogInit:      CURL_VERSION_SSL
LogInit:      CURL_VERSION_LIBZ
LogInit:      CURL_VERSION_IPV6
LogInit:      CURL_VERSION_ASYNCHDNS
LogInit:      CURL_VERSION_LARGEFILE
LogInit:      CURL_VERSION_IDN
LogInit:  CurlRequestOptions (configurable via config and command line):
LogInit:  - bVerifyPeer = false  - Libcurl will NOT verify peer certificate
LogInit:  - bUseHttpProxy = false  - Libcurl will NOT use HTTP proxy
LogInit:  - bDontReuseConnections = false  - Libcurl will reuse connections
LogInit:  - CertBundlePath = nullptr  - Libcurl will use whatever was configured at build time.
LogInit: Build: ++UE4+Release-4.15-CL-3450819
LogInit: Engine Version: 4.15.3-3450819+++UE4+Release-4.15
LogInit: Compatible Engine Version: 4.15.0-3299760+++UE4+Release-4.15
LogInit: Net CL: 3299760
LogDevObjectVersion: Number of dev versions registered: 14
LogDevObjectVersion:   Dev-Blueprints (B0D832E4-1F89-4F0D-ACCF-7EB736FD4AA2): 8
LogDevObjectVersion:   Dev-Build (E1C64328-A22C-4D53-A36C-8E866417BD8C): 0
LogDevObjectVersion:   Dev-Core (375EC13C-06E4-48FB-B500-84F0262A717E): 2
LogDevObjectVersion:   Dev-Editor (E4B068ED-F494-42E9-A231-DA0B2E46BB41): 14
LogDevObjectVersion:   Dev-Framework (CFFC743F-43B0-4480-9391-14DF171D2073): 22
LogDevObjectVersion:   Dev-Mobile (B02B49B5-BB20-44E9-A304-32B752E40360): 0
LogDevObjectVersion:   Dev-Networking (A4E4105C-59A1-49B5-A7C5-40C4547EDFEE): 0
LogDevObjectVersion:   Dev-Online (39C831C9-5AE6-47DC-9A44-9C173E1C8E7C): 0
LogDevObjectVersion:   Dev-Physics (78F01B33-EBEA-4F98-B9B4-84EACCB95AA2): 0
LogDevObjectVersion:   Dev-Platform (6631380F-2D4D-43E0-8009-CF276956A95A): 0
LogDevObjectVersion:   Dev-Rendering (12F88B9F-8875-4AFC-A67C-D90C383ABD29): 12
LogDevObjectVersion:   Dev-Sequencer (7B5AE74C-D270-4C10-A958-57980B212A5A): 3
LogDevObjectVersion:   Dev-VR (D7296918-1DD6-4BDD-9DE2-64A83CC13884): 0
LogDevObjectVersion:   Dev-LoadTimes (C2A15278-BFE7-4AFE-6C17-90FF531DF755): 1
LogInit: Compiled (64-bit): May 21 2017 11:02:34
LogInit: Compiled with Visual C++: 19.00.23026.00
LogInit: Build Configuration: Development
LogInit: Branch Name: ++UE4+Release-4.15
LogInit: Command line:  
LogInit: Base directory: C:/Program Files/Epic Games/UE_4.15/Engine/Binaries/Win64/
LogInit: Installed Engine Build: 1
LogInit: Presizing for max 8388607 objects, including 0 objects not considered by GC, pre-allocating 0 bytes for permanent pool.
LogInit: Object subsystem initialized
[2018.10.19-03.14.42:862][  0]LogInit: Selected Device Profile: [Windows]
[2018.10.19-03.14.42:862][  0]LogInit: Applying CVar settings loaded from the selected device profile: [Windows]
[2018.10.19-03.14.42:872][  0]LogInit: Computer: DESKTOP-6SQKVS7
[2018.10.19-03.14.42:872][  0]LogInit: User: 82312
[2018.10.19-03.14.42:872][  0]LogInit: CPU Page size=65536, Cores=4
[2018.10.19-03.14.42:872][  0]LogInit: High frequency timer resolution =4.101566 MHz
[2018.10.19-03.14.42:872][  0]LogMemory: Memory total: Physical=31.9GB (32GB approx)
[2018.10.19-03.14.42:872][  0]LogMemory: Platform Memory Stats for Windows
[2018.10.19-03.14.42:872][  0]LogMemory: Process Physical Memory: 263.89 MB used, 263.89 MB peak
[2018.10.19-03.14.42:872][  0]LogMemory: Process Virtual Memory: 262.51 MB used, 262.51 MB peak
[2018.10.19-03.14.42:872][  0]LogMemory: Physical Memory: 12145.09 MB used,  20563.09 MB free, 32708.18 MB total
[2018.10.19-03.14.42:872][  0]LogMemory: Virtual Memory: 4780.42 MB used,  20563.09 MB free, 134217728.00 MB total
[2018.10.19-03.14.42:960][  0]LogInit: Overriding culture zh-CN with editor configuration.
[2018.10.19-03.14.42:998][  0]LogTextLocalizationManager:Warning: Loaded localization resources contain conflicting entries for (Namespace:UObjectToolTips, Key:AnimNode_AssetPlayerBase:InternalTimeAccumulator):
Localization Resource: (C:/Program Files/Epic Games/UE_4.15/Engine/Content/Localization/EditorTutorials/zh-CN/EditorTutorials.locres) Source String Hash: (502993589) Localized String: (用于引用此节点中的资源的累积时间)
Localization Resource: (C:/Program Files/Epic Games/UE_4.15/Engine/Content/Localization/Engine/zh-CN/Engine.locres) Source String Hash: (502993589) Localized String: (引用该节点中资源所用的累计时间)
[2018.10.19-03.14.42:998][  0]LogTextLocalizationManager:Warning: Loaded localization resources contain conflicting entries for (Namespace:UObjectToolTips, Key:AnimNode_AssetPlayerBase:bIgnoreForRelevancyTest):
Localization Resource: (C:/Program Files/Epic Games/UE_4.15/Engine/Content/Localization/EditorTutorials/zh-CN/EditorTutorials.locres) Source String Hash: (319969718) Localized String: (若为真，在状态中寻找最高权重动画的“相关动画”节点将忽视 此节点)
Localization Resource: (C:/Program Files/Epic Games/UE_4.15/Engine/Content/Localization/Engine/zh-CN/Engine.locres) Source String Hash: (319969718) Localized String: (如果为真，那么将会忽略查找最高权重动画的"相关动画"节点。
这个节点)
[2018.10.19-03.14.42:998][  0]LogTextLocalizationManager:Warning: Loaded localization resources contain conflicting entries for (Namespace:UObjectToolTips, Key:AnimNode_AssetPlayerBase:BlendWeight):
Localization Resource: (C:/Program Files/Epic Games/UE_4.15/Engine/Content/Localization/EditorTutorials/zh-CN/EditorTutorials.locres) Source String Hash: (-1232800293) Localized String: (此节点最后交会的混合权重)
Localization Resource: (C:/Program Files/Epic Games/UE_4.15/Engine/Content/Localization/Engine/zh-CN/Engine.locres) Source String Hash: (-1232800293) Localized String: (该节点上一次遇到的混合权重)
[2018.10.19-03.14.43:261][  0]LogD3D11RHI: D3D11 adapters:
[2018.10.19-03.14.43:343][  0]LogD3D11RHI:    0. 'NVIDIA GeForce GTX 1080 Ti' (Feature Level 11_0)
[2018.10.19-03.14.43:343][  0]LogD3D11RHI:       11127/0/16354 MB DedicatedVideo/DedicatedSystem/SharedSystem, Outputs:1, VendorId:0x10de
[2018.10.19-03.14.43:344][  0]LogD3D11RHI:    1. 'Microsoft Basic Render Driver' (Feature Level 11_0)
[2018.10.19-03.14.43:344][  0]LogD3D11RHI:       0/0/16354 MB DedicatedVideo/DedicatedSystem/SharedSystem, Outputs:0, VendorId:0x1414
[2018.10.19-03.14.43:344][  0]LogD3D11RHI: Chosen D3D11 Adapter: 0
[2018.10.19-03.14.43:351][  0]LogD3D11RHI: Creating new Direct3DDevice
[2018.10.19-03.14.43:351][  0]LogD3D11RHI:     GPU DeviceId: 0x1b06 (for the marketing name, search the web for "GPU Device Id")
[2018.10.19-03.14.43:351][  0]LogWindows: EnumDisplayDevices:
[2018.10.19-03.14.43:351][  0]LogWindows:    0. 'NVIDIA GeForce GTX 1080 Ti' (P:1 D:1)
[2018.10.19-03.14.43:352][  0]LogWindows:    1. 'NVIDIA GeForce GTX 1080 Ti' (P:0 D:0)
[2018.10.19-03.14.43:352][  0]LogWindows:    2. 'NVIDIA GeForce GTX 1080 Ti' (P:0 D:0)
[2018.10.19-03.14.43:352][  0]LogWindows:    3. 'NVIDIA GeForce GTX 1080 Ti' (P:0 D:0)
[2018.10.19-03.14.43:352][  0]LogWindows: DebugString: GetVideoDriverDetailsInvalid PrimaryIsNotTheChoosenAdapter GetVideoDriverDetailsInvalid PrimaryIsNotTheChoosenAdapter GetVideoDriverDetailsInvalid PrimaryIsNotTheChoosenAdapter GetVideoDriverDetailsInvalid PrimaryIsNotTheChoosenAdapter FoundDriverCount:0 
[2018.10.19-03.14.43:352][  0]LogD3D11RHI:     Adapter Name: NVIDIA GeForce GTX 1080 Ti
[2018.10.19-03.14.43:352][  0]LogD3D11RHI:   Driver Version: Unknown (internal:Unknown, unified:Unknown)
[2018.10.19-03.14.43:352][  0]LogD3D11RHI:      Driver Date: Unknown
[2018.10.19-03.14.43:352][  0]LogRHI: Texture pool is 1361 MB (70% of 1945 MB)
[2018.10.19-03.14.43:389][  0]LogD3D11RHI: Async texture creation enabled
[2018.10.19-03.14.43:419][  0]LogD3D11RHI: GPU Timing Frequency: 1000.000000 (Debug: 2 2)
[2018.10.19-03.14.43:462][  0]LogShaderCompilers: Guid format shader working directory is -9 characters bigger than the processId version (D:/工作成果/北京8bit科技有限公司/Hahahahhahahahah/Hahahahhahahahah/Intermediate/Shaders/WorkingDirectory/17556/).
[2018.10.19-03.14.43:462][  0]LogShaderCompilers: Cleaned the shader compiler working directory 'C:/Users/82312/AppData/Local/Temp/UnrealShaderWorkingDir/133ACF2F42F728B7AB795389A21CD367/'.
[2018.10.19-03.14.43:463][  0]LogShaderCompilers:Display: Using Local Shader Compiler.
[2018.10.19-03.14.44:435][  0]LogTemp:Display: Loaded TP AllDesktopTargetPlatform
[2018.10.19-03.14.44:486][  0]LogTemp:Display: Loaded TP MacClientTargetPlatform
[2018.10.19-03.14.44:537][  0]LogTemp:Display: Loaded TP MacNoEditorTargetPlatform
[2018.10.19-03.14.44:588][  0]LogTemp:Display: Loaded TP MacServerTargetPlatform
[2018.10.19-03.14.44:637][  0]LogTemp:Display: Loaded TP MacTargetPlatform
[2018.10.19-03.14.44:688][  0]LogTemp:Display: Loaded TP WindowsClientTargetPlatform
[2018.10.19-03.14.44:736][  0]LogTemp:Display: Loaded TP WindowsNoEditorTargetPlatform
[2018.10.19-03.14.44:788][  0]LogTemp:Display: Loaded TP WindowsServerTargetPlatform
[2018.10.19-03.14.44:829][  0]LogTemp:Display: Loaded TP WindowsTargetPlatform
[2018.10.19-03.14.44:878][  0]LogTemp:Display: Loaded TP AndroidTargetPlatform
[2018.10.19-03.14.44:926][  0]LogTemp:Display: Loaded TP Android_ASTCTargetPlatform
[2018.10.19-03.14.44:975][  0]LogTemp:Display: Loaded TP Android_ATCTargetPlatform
[2018.10.19-03.14.45:022][  0]LogTemp:Display: Loaded TP Android_DXTTargetPlatform
[2018.10.19-03.14.45:071][  0]LogTemp:Display: Loaded TP Android_ETC1TargetPlatform
[2018.10.19-03.14.45:120][  0]LogTemp:Display: Loaded TP Android_ETC2TargetPlatform
[2018.10.19-03.14.45:216][  0]LogTemp:Display: Loaded TP Android_MultiTargetPlatform
[2018.10.19-03.14.45:216][  0]LogTemp:Display: Loaded TP Android_PVRTCTargetPlatform
[2018.10.19-03.14.45:263][  0]LogTemp:Display: Loaded TP HTML5TargetPlatform
[2018.10.19-03.14.45:354][  0]LogTemp:Display: Loaded TP IOSTargetPlatform
[2018.10.19-03.14.45:387][  0]LogTemp:Display: Loaded TP TVOSTargetPlatform
[2018.10.19-03.14.45:440][  0]LogTemp:Display: Loaded TP LinuxClientTargetPlatform
[2018.10.19-03.14.45:489][  0]LogTemp:Display: Loaded TP LinuxNoEditorTargetPlatform
[2018.10.19-03.14.45:538][  0]LogTemp:Display: Loaded TP LinuxServerTargetPlatform
[2018.10.19-03.14.45:587][  0]LogTemp:Display: Loaded TP LinuxTargetPlatform
[2018.10.19-03.14.45:587][  0]LogTargetPlatformManager:Display: Building Assets For Windows
[2018.10.19-03.14.46:012][  0]LogDerivedDataCache:Display: Max Cache Size: 512 MB
[2018.10.19-03.14.46:041][  0]LogDerivedDataCache: Loaded boot cache 0.03s 50MB C:/Users/82312/AppData/Local/UnrealEngine/4.15/DerivedDataCache/Boot.ddc.
[2018.10.19-03.14.46:041][  0]LogDerivedDataCache:Display: Loaded Boot cache: C:/Users/82312/AppData/Local/UnrealEngine/4.15/DerivedDataCache/Boot.ddc
[2018.10.19-03.14.46:041][  0]LogDerivedDataCache: FDerivedDataBackendGraph:  Pak pak cache file D:/工作成果/北京8bit科技有限公司/Hahahahhahahahah/Hahahahhahahahah/DerivedDataCache/DDC.ddp not found, will not use a pak cache.
[2018.10.19-03.14.46:041][  0]LogDerivedDataCache: Unable to find inner node Pak for hierarchical cache Hierarchy.
[2018.10.19-03.14.46:041][  0]LogDerivedDataCache: FDerivedDataBackendGraph:  CompressedPak pak cache file D:/工作成果/北京8bit科技有限公司/Hahahahhahahahah/Hahahahhahahahah/DerivedDataCache/Compressed.ddp not found, will not use a pak cache.
[2018.10.19-03.14.46:041][  0]LogDerivedDataCache: Unable to find inner node CompressedPak for hierarchical cache Hierarchy.
[2018.10.19-03.14.46:052][  0]LogDerivedDataCache:Display: Pak cache opened for reading ../../../Engine/DerivedDataCache/Compressed.ddp.
[2018.10.19-03.14.46:067][  0]LogDerivedDataCache: Using Local data cache path C:/Users/82312/AppData/Local/UnrealEngine/Common/DerivedDataCache: Writable
[2018.10.19-03.14.46:073][  0]LogSlate: Using Freetype 2.6.0
[2018.10.19-03.14.46:073][  0]LogSlate: SlateFontCache - WITH_FREETYPE: 1, WITH_HARFBUZZ: 1
[2018.10.19-03.14.46:073][  0]LogSlate: SlateFontCache - WITH_FREETYPE: 1, WITH_HARFBUZZ: 1
[2018.10.19-03.14.46:313][  0]LogInit: Selected Device Profile: [Windows]
[2018.10.19-03.14.46:315][  0]LogContentStreaming: Texture pool size is 0.00 MB
[2018.10.19-03.14.46:530][  0]LogMeshUtilities: Using QuadricMeshReduction for automatic static mesh reduction
[2018.10.19-03.14.46:584][  0]LogSimplygon: Simplygon DLL not present - disabling.
[2018.10.19-03.14.46:641][  0]LogMeshUtilities: Using SimplygonSwarm for distributed automatic mesh merging
[2018.10.19-03.14.46:641][  0]LogMeshUtilities: No automatic skeletal mesh reduction module available
[2018.10.19-03.14.46:641][  0]LogMeshUtilities: No automatic mesh merging module available
[2018.10.19-03.14.47:169][  0]LogNetVersion: GetLocalNetworkVersion: CL: 3299760, ProjectName: hahahahhahahahah, ProjectVersion: , EngineNetworkVersion: 2, GameNetworkVersion: 0, NetworkChecksum: 2515754316
[2018.10.19-03.14.47:220][  0]LogAssetRegistry: FAssetRegistry took 0.0220 seconds to start up
[2018.10.19-03.14.47:365][  0]LogPackageLocalizationCache: Processed 3 localized package path(s) for 4 prioritized culture(s) in 0.115809 seconds
[2018.10.19-03.14.47:370][  0]LogUObjectArray: 32493 objects as part of root set at end of initial load.
[2018.10.19-03.14.47:370][  0]LogUObjectAllocator: 7077024 out of 0 bytes used by permanent object pool.
[2018.10.19-03.14.47:370][  0]LogUObjectArray: CloseDisregardForGC: 0/0 objects in disregard for GC pool
[2018.10.19-03.14.47:440][  0]LogInit: WinSock: version 1.1 (2.2), MaxSocks=32767, MaxUdp=65467
[2018.10.19-03.14.48:929][  0]LogTcpMessaging: Initializing TcpMessaging bridge
[2018.10.19-03.14.48:966][  0]LogUdpMessaging: Initializing bridge on interface 0.0.0.0:0 to multicast group 230.0.0.1:6666.
[2018.10.19-03.14.49:413][  0]LogMaterial: Uniform references updated for custom material expression Custom.
[2018.10.19-03.14.49:759][  0]SourceControl: 信息 源码控制已禁用
[2018.10.19-03.14.49:760][  0]SourceControl: 信息 源码控制已禁用
[2018.10.19-03.14.49:804][  0]SourceControl: 信息 源码控制已禁用
[2018.10.19-03.14.49:849][  0]SourceControl: 信息 源码控制已禁用
[2018.10.19-03.14.51:167][  0]LogEngine: Initializing Engine...
[2018.10.19-03.14.51:189][  0]LogHMD: Failed to initialize OpenVR with code 126
[2018.10.19-03.14.51:276][  0]LogStats: UGameplayTagsManager::ConstructGameplayTagTree: Construct from data asset -  0.000 s
[2018.10.19-03.14.51:276][  0]LogStats: UGameplayTagsManager::ConstructGameplayTagTree: GameplayTagTreeChangedEvent.Broadcast -  0.000 s
[2018.10.19-03.14.51:417][  0]LogAIModule: Creating AISystem for world Untitled
[2018.10.19-03.14.51:500][  0]LogInit: XAudio2 using '扬声器 (2- Strix 7.1)' : 8 channels at 48 kHz using 16 bits per sample (channel mask 0x63f)
[2018.10.19-03.14.51:527][  0]LogInit: FAudioDevice initialized.
[2018.10.19-03.14.51:551][  0]LogDerivedDataCache: Saved boot cache 0.02s 50MB C:/Users/82312/AppData/Local/UnrealEngine/4.15/DerivedDataCache/Boot.ddc.
[2018.10.19-03.14.51:554][  0]LogInit: Texture streaming: Enabled
[2018.10.19-03.14.51:676][  0]LogEngineSessionManager: EngineSessionManager initialized
[2018.10.19-03.14.51:778][  0]LogInit: Transaction tracking system initialized
[2018.10.19-03.14.52:160][  0]BlueprintLog: New page: 编辑器加载
[2018.10.19-03.14.53:123][  0]LocalizationService: 信息 本地化服务已被禁用
[2018.10.19-03.14.53:847][  0]LogConsoleResponse:Display: 
[2018.10.19-03.14.53:962][  0]LogCook:Display: Max memory allowance for cook 16384mb min free memory 0mb
[2018.10.19-03.14.53:962][  0]LogCook:Display: Mobile HDR setting 1
[2018.10.19-03.14.55:031][  0]LogFileCache: Scanning file cache for directory 'D:/工作成果/北京8bit科技有限公司/Hahahahhahahahah/Hahahahhahahahah/Content/' took 0.01s
[2018.10.19-03.14.55:080][  0]SourceControl: 信息 源码控制已禁用
[2018.10.19-03.14.55:080][  0]Cmd: MAP LOAD FILE="D:/工作成果/北京8bit科技有限公司/Hahahahhahahahah/Hahahahhahahahah/Content/2DSideScrollerBP/Maps/2DSideScrollerExampleMap.umap" TEMPLATE=0 SHOWPROGRESS=1 FEATURELEVEL=3
[2018.10.19-03.14.55:080][  0]LightingResults: New page: 光照构建
[2018.10.19-03.14.55:125][  0]MapCheck: New page: 地图检测
[2018.10.19-03.14.55:125][  0]LightingResults: New page: 光照构建
[2018.10.19-03.14.55:650][  0]LogAIModule: Creating AISystem for world 2DSideScrollerExampleMap
[2018.10.19-03.14.55:666][  0]LogEditorServer: Finished looking for orphan Actors (0.000 secs)
[2018.10.19-03.14.55:666][  0]Cmd: MAP CHECKDEP NOCLEARLOG
[2018.10.19-03.14.55:720][  0]MapCheck: 信息 地图检测完成：0个错误，0 个警告，用时53.583毫秒完成。
[2018.10.19-03.14.55:720][  0]LogFileHelpers: Loading map '2DSideScrollerExampleMap' took 0.640
[2018.10.19-03.14.55:833][  0]LogCollectionManager: Loaded 0 collections in 0.001145 seconds
[2018.10.19-03.14.55:913][  0]LogFileCache: Scanning file cache for directory 'D:/工作成果/北京8bit科技有限公司/Hahahahhahahahah/Hahahahhahahahah/Saved/Collections/' took 0.01s
[2018.10.19-03.14.55:913][  0]LogFileCache: Scanning file cache for directory 'D:/工作成果/北京8bit科技有限公司/Hahahahhahahahah/Hahahahhahahahah/Content/Developers/82312/Collections/' took 0.01s
[2018.10.19-03.14.55:913][  0]LogFileCache: Scanning file cache for directory 'D:/工作成果/北京8bit科技有限公司/Hahahahhahahahah/Hahahahhahahahah/Content/Collections/' took 0.01s
[2018.10.19-03.14.55:913][  0]LogCollectionManager: Rebuilt the GUID cache for 0 collections in 0.000001 seconds
[2018.10.19-03.14.55:919][  0]LogContentBrowser: Native class hierarchy populated in 0.0061 seconds. Added 2245 classes and 453 folders.
[2018.10.19-03.14.55:978][  0]LogContentBrowser: Native class hierarchy updated for 'WidgetCarousel' in 0.0003 seconds. Added 0 classes and 0 folders.
[2018.10.19-03.14.56:007][  0]LogContentBrowser: Native class hierarchy updated for 'AddContentDialog' in 0.0004 seconds. Added 0 classes and 0 folders.
[2018.10.19-03.14.56:046][  0]LogContentBrowser: Native class hierarchy updated for 'SceneOutliner' in 0.0003 seconds. Added 1 classes and 2 folders.
[2018.10.19-03.14.56:125][  0]LogCrashTracker: Crashtracker disabled due to settings.
[2018.10.19-03.14.56:132][  0]LogUObjectGlobals:Warning: 寻找对象'Class 无.'失败
[2018.10.19-03.14.56:203][  0]LogContentBrowser: Native class hierarchy updated for 'HierarchicalLODOutliner' in 0.0004 seconds. Added 1 classes and 2 folders.
[2018.10.19-03.14.56:203][  0]LogLoad: (Engine Initialization) Total time: 15.09 seconds
[2018.10.19-03.14.56:203][  0]LogLoad: (Engine Initialization) Total Blueprint compile time: 0.26 seconds
[2018.10.19-03.14.56:203][  0]LogExternalProfiler: Found external profiler: VSPerf
[2018.10.19-03.14.56:203][  0]LogExternalProfiler: Using external profiler: VSPerf
[2018.10.19-03.14.56:222][  0]LogWindowsTextInputMethodSystem:Display: IME system now activated using TSF (搜狗拼音输入法).
[2018.10.19-03.14.56:225][  0]LogOcInput: OculusInput pre-init called
[2018.10.19-03.14.56:237][  0]LogAssetRegistry: Asset discovery search completed in 9.0393 seconds
[2018.10.19-03.14.56:237][  0]LogCollectionManager: Rebuilt the object cache for 0 collections in 0.000003 seconds (found 0 objects)
[2018.10.19-03.14.56:237][  0]LogCollectionManager: Fixed up redirectors for 0 collections in 0.000012 seconds (updated 0 objects)
[2018.10.19-03.14.56:239][  0]LogContentStreaming: Texture pool size now 800 MB
[2018.10.19-03.14.56:247][  0]LogSlate: Took 0.000123 seconds to synchronously load lazily loaded font '../../../Engine/Content/Slate/Fonts/Roboto-Regular.ttf' (155K)
[2018.10.19-03.14.56:250][  0]LogSlate: Took 0.001453 seconds to synchronously load lazily loaded font '../../../Engine/Content/Slate/Fonts/DroidSansFallback.ttf' (3848K)
[2018.10.19-03.14.56:251][  0]LogSlate: Took 0.000130 seconds to synchronously load lazily loaded font '../../../Engine/Content/Slate/Fonts/Roboto-Bold.ttf' (160K)
[2018.10.19-03.14.56:255][  0]LogSlate: Took 0.000119 seconds to synchronously load lazily loaded font '../../../Engine/Content/Editor/Slate/Fonts/FontAwesome.ttf' (139K)
[2018.10.19-03.14.56:374][  0]LogRenderer: Reallocating scene render targets to support 1664x808 NumSamples 1 (Frame:2).
[2018.10.19-03.15.14:084][989]LogWindowsTextInputMethodSystem:Display: IME system now activated using TSF (搜狗拼音输入法).
[2018.10.19-03.15.14:251][990]Cmd: QUIT_EDITOR
[2018.10.19-03.15.14:307][990]LogExit: Preparing to exit.
[2018.10.19-03.15.15:164][990]LogExit: Editor shut down
[2018.10.19-03.15.15:165][990]LogExit: Transaction tracking system shut down
[2018.10.19-03.15.15:216][990]LogObj: Freed 0b from 0 cluster array pools.
[2018.10.19-03.15.15:216][990]LogExit: Object subsystem successfully closed.
[2018.10.19-03.15.15:300][990]LogD3D11RHI: Shutdown
[2018.10.19-03.15.15:300][990]LogD3D11RHI: CleanupD3DDevice
[2018.10.19-03.15.15:597][990]LogD3D11RHI: ~FD3D11DynamicRHI
[2018.10.19-03.15.15:620][990]LogModuleManager: Shutting down and abandoning module HierarchicalLODOutliner (498)
[2018.10.19-03.15.15:620][990]LogModuleManager: Shutting down and abandoning module CrashTracker (496)
[2018.10.19-03.15.15:620][990]LogModuleManager: Shutting down and abandoning module SceneOutliner (494)
[2018.10.19-03.15.15:620][990]LogModuleManager: Shutting down and abandoning module AddContentDialog (492)
[2018.10.19-03.15.15:620][990]LogDirectoryWatcher: A directory notification for 'C:/Program Files/Epic Games/UE_4.15/FeaturePacks/' was aborted.
[2018.10.19-03.15.15:623][990]LogModuleManager: Shutting down and abandoning module WidgetCarousel (491)
[2018.10.19-03.15.15:623][990]LogModuleManager: Shutting down and abandoning module EditorWidgets (488)
[2018.10.19-03.15.15:623][990]LogModuleManager: Shutting down and abandoning module CollectionManager (486)
[2018.10.19-03.15.15:623][990]LogDirectoryWatcher: A directory notification for 'D:/工作成果/北京8bit科技有限公司/Hahahahhahahahah/Hahahahhahahahah/Content/Collections/' was aborted.
[2018.10.19-03.15.15:623][990]LogDirectoryWatcher: A directory notification for 'D:/工作成果/北京8bit科技有限公司/Hahahahhahahahah/Hahahahhahahahah/Content/Developers/82312/Collections/' was aborted.
[2018.10.19-03.15.15:623][990]LogDirectoryWatcher: A directory notification for 'D:/工作成果/北京8bit科技有限公司/Hahahahhahahahah/Hahahahhahahahah/Saved/Collections/' was aborted.
[2018.10.19-03.15.15:623][990]LogModuleManager: Shutting down and abandoning module StatsViewer (484)
[2018.10.19-03.15.15:623][990]LogModuleManager: Shutting down and abandoning module FoliageEdit (482)
[2018.10.19-03.15.15:623][990]LogModuleManager: Shutting down and abandoning module LandscapeEditor (480)
[2018.10.19-03.15.15:623][990]LogModuleManager: Shutting down and abandoning module SceneDepthPickerMode (478)
[2018.10.19-03.15.15:623][990]LogModuleManager: Shutting down and abandoning module ActorPickerMode (476)
[2018.10.19-03.15.15:623][990]LogModuleManager: Shutting down and abandoning module GeometryMode (474)
[2018.10.19-03.15.15:623][990]LogModuleManager: Shutting down and abandoning module TextureAlignMode (472)
[2018.10.19-03.15.15:623][990]LogModuleManager: Shutting down and abandoning module BspMode (470)
[2018.10.19-03.15.15:624][990]LogModuleManager: Shutting down and abandoning module HardwareSurvey (468)
[2018.10.19-03.15.15:624][990]LogModuleManager: Shutting down and abandoning module SequenceRecorderSections (466)
[2018.10.19-03.15.15:624][990]LogModuleManager: Shutting down and abandoning module AutomationWorker (464)
[2018.10.19-03.15.15:624][990]LogModuleManager: Shutting down and abandoning module MatineeToLevelSequence (462)
[2018.10.19-03.15.15:624][990]LogModuleManager: Shutting down and abandoning module LevelSequenceEditor (460)
[2018.10.19-03.15.15:624][990]LogModuleManager: Shutting down and abandoning module PlacementMode (459)
[2018.10.19-03.15.15:624][990]LogModuleManager: Shutting down and abandoning module WmfMediaFactory (456)
[2018.10.19-03.15.15:624][990]LogModuleManager: Shutting down and abandoning module WmfMediaEditor (454)
[2018.10.19-03.15.15:624][990]LogModuleManager: Shutting down and abandoning module MfMediaFactory (452)
[2018.10.19-03.15.15:624][990]LogModuleManager: Shutting down and abandoning module MfMediaEditor (450)
[2018.10.19-03.15.15:624][990]LogModuleManager: Shutting down and abandoning module AvfMediaFactory (448)
[2018.10.19-03.15.15:624][990]LogModuleManager: Shutting down and abandoning module AvfMediaEditor (446)
[2018.10.19-03.15.15:624][990]LogModuleManager: Shutting down and abandoning module AndroidMediaFactory (444)
[2018.10.19-03.15.15:624][990]LogModuleManager: Shutting down and abandoning module Media (443)
[2018.10.19-03.15.15:624][990]LogModuleManager: Shutting down and abandoning module AndroidMediaEditor (440)
[2018.10.19-03.15.15:624][990]LogModuleManager: Shutting down and abandoning module CharacterAI (438)
[2018.10.19-03.15.15:624][990]LogModuleManager: Shutting down and abandoning module AudioCapture (436)
[2018.10.19-03.15.15:624][990]LogModuleManager: Shutting down and abandoning module SequenceRecorder (435)
[2018.10.19-03.15.15:624][990]LogModuleManager: Shutting down and abandoning module SmartSnapping (432)
[2018.10.19-03.15.15:624][990]LogModuleManager: Shutting down and abandoning module SessionServices (430)
[2018.10.19-03.15.15:624][990]LogModuleManager: Shutting down and abandoning module ViewportSnapping (428)
[2018.10.19-03.15.15:624][990]LogModuleManager: Shutting down and abandoning module ViewportInteraction (426)
[2018.10.19-03.15.15:624][990]LogModuleManager: Shutting down and abandoning module LogVisualizer (424)
[2018.10.19-03.15.15:624][990]LogModuleManager: Shutting down and abandoning module IntroTutorials (422)
[2018.10.19-03.15.15:624][990]LogModuleManager: Shutting down and abandoning module GameProjectGeneration (421)
[2018.10.19-03.15.15:624][990]LogModuleManager: Shutting down and abandoning module EditorLiveStreaming (418)
[2018.10.19-03.15.15:624][990]LogModuleManager: Shutting down and abandoning module IOSPlatformEditor (416)
[2018.10.19-03.15.15:624][990]LogModuleManager: Shutting down and abandoning module HTML5PlatformEditor (414)
[2018.10.19-03.15.15:624][990]LogModuleManager: Shutting down and abandoning module AndroidPlatformEditor (412)
[2018.10.19-03.15.15:624][990]LogModuleManager: Shutting down and abandoning module AndroidDeviceDetection (411)
[2018.10.19-03.15.16:532][990]LogModuleManager: Shutting down and abandoning module IOSRuntimeSettings (408)
[2018.10.19-03.15.16:532][990]LogModuleManager: Shutting down and abandoning module AndroidRuntimeSettings (406)
[2018.10.19-03.15.16:532][990]LogModuleManager: Shutting down and abandoning module InputBindingEditor (404)
[2018.10.19-03.15.16:532][990]LogModuleManager: Shutting down and abandoning module NiagaraEditor (402)
[2018.10.19-03.15.16:532][990]LogModuleManager: Shutting down and abandoning module MergeActors (400)
[2018.10.19-03.15.16:532][990]LogModuleManager: Shutting down and abandoning module SizeMap (398)
[2018.10.19-03.15.16:532][990]LogModuleManager: Shutting down and abandoning module TreeMap (396)
[2018.10.19-03.15.16:532][990]LogModuleManager: Shutting down and abandoning module ReferenceViewer (394)
[2018.10.19-03.15.16:532][990]LogModuleManager: Shutting down and abandoning module LocalizationDashboard (392)
[2018.10.19-03.15.16:532][990]LogModuleManager: Shutting down and abandoning module LocalizationService (391)
[2018.10.19-03.15.16:532][990]LogModuleManager: Shutting down and abandoning module HardwareTargeting (388)
[2018.10.19-03.15.16:532][990]LogModuleManager: Shutting down and abandoning module DeviceProfileEditor (386)
[2018.10.19-03.15.16:532][990]LogModuleManager: Shutting down and abandoning module UndoHistory (384)
[2018.10.19-03.15.16:532][990]LogModuleManager: Shutting down and abandoning module UserFeedback (382)
[2018.10.19-03.15.16:532][990]LogModuleManager: Shutting down and abandoning module XmlParser (380)
[2018.10.19-03.15.16:532][990]LogModuleManager: Shutting down and abandoning module Blutility (378)
[2018.10.19-03.15.16:532][990]LogModuleManager: Shutting down and abandoning module ProjectSettingsViewer (376)
[2018.10.19-03.15.16:532][990]LogModuleManager: Shutting down and abandoning module ProjectTargetPlatformEditor (375)
[2018.10.19-03.15.16:532][990]LogModuleManager: Shutting down and abandoning module EditorSettingsViewer (372)
[2018.10.19-03.15.16:532][990]LogModuleManager: Shutting down and abandoning module SettingsEditor (370)
[2018.10.19-03.15.16:532][990]LogModuleManager: Shutting down and abandoning module ProjectLauncher (368)
[2018.10.19-03.15.16:532][990]LogModuleManager: Shutting down and abandoning module SessionFrontend (366)
[2018.10.19-03.15.16:532][990]LogModuleManager: Shutting down and abandoning module ProfilerClient (364)
[2018.10.19-03.15.16:532][990]LogModuleManager: Shutting down and abandoning module DeviceManager (362)
[2018.10.19-03.15.16:532][990]LogModuleManager: Shutting down and abandoning module TargetDeviceServices (361)
[2018.10.19-03.15.16:576][990]LogModuleManager: Shutting down and abandoning module AutomationController (358)
[2018.10.19-03.15.16:576][990]LogModuleManager: Shutting down and abandoning module AutomationWindow (356)
[2018.10.19-03.15.16:576][990]LogModuleManager: Shutting down and abandoning module Layers (354)
[2018.10.19-03.15.16:576][990]LogModuleManager: Shutting down and abandoning module ComponentVisualizers (352)
[2018.10.19-03.15.16:576][990]LogModuleManager: Shutting down and abandoning module DetailCustomizations (350)
[2018.10.19-03.15.16:576][990]LogModuleManager: Shutting down and abandoning module PackagesDialog (348)
[2018.10.19-03.15.16:576][990]LogModuleManager: Shutting down and abandoning module Persona (346)
[2018.10.19-03.15.16:576][990]LogModuleManager: Shutting down and abandoning module AnimGraph (345)
[2018.10.19-03.15.16:576][990]LogModuleManager: Shutting down and abandoning module Kismet (342)
[2018.10.19-03.15.16:576][990]LogModuleManager: Shutting down and abandoning module GraphEditor (340)
[2018.10.19-03.15.16:576][990]LogModuleManager: Shutting down and abandoning module ClassViewer (338)
[2018.10.19-03.15.16:576][990]LogModuleManager: Shutting down and abandoning module Toolbox (336)
[2018.10.19-03.15.16:576][990]LogModuleManager: Shutting down and abandoning module ModuleUI (334)
[2018.10.19-03.15.16:576][990]LogModuleManager: Shutting down and abandoning module MovieSceneTools (332)
[2018.10.19-03.15.16:576][990]LogModuleManager: Shutting down and abandoning module OutputLog (330)
[2018.10.19-03.15.16:576][990]LogModuleManager: Shutting down and abandoning module GammaUI (328)
[2018.10.19-03.15.16:576][990]LogModuleManager: Shutting down and abandoning module Documentation (326)
[2018.10.19-03.15.16:577][990]LogModuleManager: Shutting down and abandoning module Niagara (324)
[2018.10.19-03.15.16:577][990]LogModuleManager: Shutting down and abandoning module StreamingPauseRendering (322)
[2018.10.19-03.15.16:577][990]LogModuleManager: Shutting down and abandoning module AnalyticsET (320)
[2018.10.19-03.15.16:577][990]LogModuleManager: Shutting down and abandoning module PortalServices (318)
[2018.10.19-03.15.16:577][990]LogModuleManager: Shutting down and abandoning module PortalRpc (316)
[2018.10.19-03.15.16:577][990]LogModuleManager: Shutting down and abandoning module MessagingRpc (314)
[2018.10.19-03.15.16:577][990]LogModuleManager: Shutting down and abandoning module AIModule (312)
[2018.10.19-03.15.16:577][990]LogModuleManager: Shutting down and abandoning module GameplayDebugger (311)
[2018.10.19-03.15.16:577][990]LogModuleManager: Shutting down and abandoning module AITestSuite (309)
[2018.10.19-03.15.16:577][990]LogModuleManager: Shutting down and abandoning module ProfilerService (306)
[2018.10.19-03.15.16:678][990]LogModuleManager: Shutting down and abandoning module TaskGraph (304)
[2018.10.19-03.15.16:678][990]LogModuleManager: Shutting down and abandoning module SteamVRController (302)
[2018.10.19-03.15.16:678][990]LogModuleManager: Shutting down and abandoning module SteamVR (300)
[2018.10.19-03.15.16:678][990]LogModuleManager: Shutting down and abandoning module ProceduralMeshComponentEditor (298)
[2018.10.19-03.15.16:678][990]LogModuleManager: Shutting down and abandoning module ProceduralMeshComponent (296)
[2018.10.19-03.15.16:678][990]LogModuleManager: Shutting down and abandoning module OculusLibrary (294)
[2018.10.19-03.15.16:678][990]LogModuleManager: Shutting down and abandoning module OculusInput (292)
[2018.10.19-03.15.16:678][990]LogModuleManager: Shutting down and abandoning module MobilePatchingUtils (290)
[2018.10.19-03.15.16:678][990]LogModuleManager: Shutting down and abandoning module CustomMeshComponent (288)
[2018.10.19-03.15.16:678][990]LogModuleManager: Shutting down and abandoning module CableComponent (286)
[2018.10.19-03.15.16:678][990]LogModuleManager: Shutting down and abandoning module ArchVisCharacter (284)
[2018.10.19-03.15.16:678][990]LogModuleManager: Shutting down and abandoning module MediaPlayerEditor (280)
[2018.10.19-03.15.16:678][990]LogModuleManager: Shutting down and abandoning module HTML5Networking (278)
[2018.10.19-03.15.16:678][990]LogModuleManager: Shutting down and abandoning module AlembicImporter (276)
[2018.10.19-03.15.16:678][990]LogModuleManager: Shutting down and abandoning module AlembicLibrary (275)
[2018.10.19-03.15.16:678][990]LogModuleManager: Shutting down and abandoning module GeometryCache (274)
[2018.10.19-03.15.16:678][990]LogModuleManager: Shutting down and abandoning module GeometryCacheEd (273)
[2018.10.19-03.15.16:678][990]LogModuleManager: Shutting down and abandoning module SuperSearchEditor (268)
[2018.10.19-03.15.16:678][990]LogModuleManager: Shutting down and abandoning module SuperSearch (267)
[2018.10.19-03.15.16:678][990]LogModuleManager: Shutting down and abandoning module SpeedTreeImporter (264)
[2018.10.19-03.15.16:678][990]LogModuleManager: Shutting down and abandoning module PluginBrowser (262)
[2018.10.19-03.15.16:678][990]LogModuleManager: Shutting down and abandoning module MobileLauncherProfileWizard (260)
[2018.10.19-03.15.16:678][990]LogModuleManager: Shutting down and abandoning module EpicSurvey (258)
[2018.10.19-03.15.16:678][990]LogModuleManager: Shutting down and abandoning module VisualStudioSourceCodeAccess (256)
[2018.10.19-03.15.16:678][990]LogModuleManager: Shutting down and abandoning module DesktopPlatform (255)
[2018.10.19-03.15.16:678][990]LogModuleManager: Shutting down and abandoning module UObjectPlugin (252)
[2018.10.19-03.15.16:678][990]LogModuleManager: Shutting down and abandoning module SubversionSourceControl (250)
[2018.10.19-03.15.16:678][990]LogModuleManager: Shutting down and abandoning module PerforceSourceControl (248)
[2018.10.19-03.15.16:678][990]LogModuleManager: Shutting down and abandoning module GitSourceControl (246)
[2018.10.19-03.15.16:678][990]LogModuleManager: Shutting down and abandoning module SourceControl (245)
[2018.10.19-03.15.16:678][990]LogModuleManager: Shutting down and abandoning module LightPropagationVolumeEditor (242)
[2018.10.19-03.15.16:678][990]LogModuleManager: Shutting down and abandoning module PaperTiledImporter (240)
[2018.10.19-03.15.16:678][990]LogModuleManager: Shutting down and abandoning module PaperSpriteSheetImporter (238)
[2018.10.19-03.15.16:678][990]LogModuleManager: Shutting down and abandoning module Paper2DEditor (236)
[2018.10.19-03.15.16:678][990]LogModuleManager: Shutting down and abandoning module MeshPaint (235)
[2018.10.19-03.15.16:678][990]LogModuleManager: Shutting down and abandoning module LevelEditor (233)
[2018.10.19-03.15.16:679][990]LogModuleManager: Shutting down and abandoning module PixelInspectorModule (232)
[2018.10.19-03.15.16:679][990]LogModuleManager: Shutting down and abandoning module MainFrame (230)
[2018.10.19-03.15.16:679][990]LogModuleManager: Shutting down and abandoning module HotReload (229)
[2018.10.19-03.15.16:680][990]LogModuleManager: Shutting down and abandoning module ContentBrowser (225)
[2018.10.19-03.15.16:681][990]LogModuleManager: Shutting down and abandoning module PhysXVehiclesEditor (222)
[2018.10.19-03.15.16:681][990]LogModuleManager: Shutting down and abandoning module PhysXVehicles (220)
[2018.10.19-03.15.16:681][990]LogModuleManager: Shutting down and abandoning module LocationServicesBPLibrary (218)
[2018.10.19-03.15.16:681][990]LogModuleManager: Shutting down and abandoning module UdpMessaging (216)
[2018.10.19-03.15.16:781][990]LogModuleManager: Shutting down and abandoning module TcpMessaging (214)
[2018.10.19-03.15.16:882][990]LogModuleManager: Shutting down and abandoning module GameplayTagsEditor (212)
[2018.10.19-03.15.16:882][990]LogModuleManager: Shutting down and abandoning module FacialAnimationEditor (210)
[2018.10.19-03.15.16:882][990]LogModuleManager: Shutting down and abandoning module FacialAnimation (208)
[2018.10.19-03.15.16:882][990]LogModuleManager: Shutting down and abandoning module LightPropagationVolumeRuntime (206)
[2018.10.19-03.15.16:882][990]LogModuleManager: Shutting down and abandoning module Paper2D (204)
[2018.10.19-03.15.16:882][990]LogModuleManager: Shutting down and abandoning module WindowsMoviePlayer (202)
[2018.10.19-03.15.16:882][990]LogModuleManager: Shutting down and abandoning module WmfMedia (200)
[2018.10.19-03.15.16:883][990]LogModuleManager: Shutting down and abandoning module MfMedia (198)
[2018.10.19-03.15.16:883][990]LogModuleManager: Shutting down and abandoning module MediaAssets (196)
[2018.10.19-03.15.16:883][990]LogModuleManager: Shutting down and abandoning module GameLiveStreaming (194)
[2018.10.19-03.15.16:883][990]LogModuleManager: Shutting down and abandoning module VREditor (192)
[2018.10.19-03.15.16:883][990]LogModuleManager: Shutting down and abandoning module GameplayTasksEditor (190)
[2018.10.19-03.15.16:883][990]LogModuleManager: Shutting down and abandoning module BehaviorTreeEditor (188)
[2018.10.19-03.15.16:883][990]LogModuleManager: Shutting down and abandoning module FunctionalTesting (186)
[2018.10.19-03.15.16:883][990]LogModuleManager: Shutting down and abandoning module CollisionAnalyzer (184)
[2018.10.19-03.15.16:883][990]LogModuleManager: Shutting down and abandoning module UMG (182)
[2018.10.19-03.15.16:883][990]LogModuleManager: Shutting down and abandoning module UMGEditor (181)
[2018.10.19-03.15.16:883][990]LogModuleManager: Shutting down and abandoning module Sequencer (180)
[2018.10.19-03.15.16:884][990]LogModuleManager: Shutting down and abandoning module AssetTools (178)
[2018.10.19-03.15.16:884][990]LogModuleManager: Shutting down and abandoning module MessageLog (177)
[2018.10.19-03.15.16:884][990]LogModuleManager: Shutting down and abandoning module WorkspaceMenuStructure (176)
[2018.10.19-03.15.16:884][990]LogModuleManager: Shutting down and abandoning module SlateReflector (170)
[2018.10.19-03.15.16:884][990]LogModuleManager: Shutting down and abandoning module Slate (168)
[2018.10.19-03.15.16:884][990]LogModuleManager: Shutting down and abandoning module EditorStyle (166)
[2018.10.19-03.15.16:885][990]LogModuleManager: Shutting down and abandoning module SourceCodeAccess (164)
[2018.10.19-03.15.16:886][990]LogModuleManager: Shutting down and abandoning module HeadMountedDisplay (162)
[2018.10.19-03.15.16:886][990]LogModuleManager: Shutting down and abandoning module XAudio2 (160)
[2018.10.19-03.15.16:886][990]LogModuleManager: Shutting down and abandoning module Networking (158)
[2018.10.19-03.15.16:886][990]LogModuleManager: Shutting down and abandoning module Core (154)
[2018.10.19-03.15.16:886][990]LogModuleManager: Shutting down and abandoning module AssetRegistry (152)
[2018.10.19-03.15.16:972][990]LogDirectoryWatcher: A directory notification for '../../../Engine/Content/' was aborted.
[2018.10.19-03.15.16:972][990]LogDirectoryWatcher: A directory notification for 'D:/工作成果/北京8bit科技有限公司/Hahahahhahahahah/Hahahahhahahahah/Content/' was aborted.
[2018.10.19-03.15.16:972][990]LogDirectoryWatcher: A directory notification for '../../../Engine/Plugins/2D/Paper2D/Content/' was aborted.
[2018.10.19-03.15.16:972][990]LogModuleManager: Shutting down and abandoning module DirectoryWatcher (151)
[2018.10.19-03.15.16:972][990]LogModuleManager: Shutting down and abandoning module KismetCompiler (148)
[2018.10.19-03.15.16:972][990]LogModuleManager: Shutting down and abandoning module PhysXFormats (146)
[2018.10.19-03.15.16:972][990]LogModuleManager: Shutting down and abandoning module MeshUtilities (144)
[2018.10.19-03.15.16:972][990]LogModuleManager: Shutting down and abandoning module SimplygonSwarm (143)
[2018.10.19-03.15.16:972][990]LogModuleManager: Shutting down and abandoning module SimplygonMeshReduction (141)
[2018.10.19-03.15.16:972][990]LogModuleManager: Shutting down and abandoning module QuadricMeshReduction (139)
[2018.10.19-03.15.16:972][990]LogModuleManager: Shutting down and abandoning module PropertyEditor (137)
[2018.10.19-03.15.16:972][990]LogModuleManager: Shutting down and abandoning module DerivedDataCache (134)
[2018.10.19-03.15.17:098][990]LogDerivedDataCache: Shutdown
[2018.10.19-03.15.17:098][990]LogModuleManager: Shutting down and abandoning module TargetPlatform (132)
[2018.10.19-03.15.17:098][990]LogModuleManager: Shutting down and abandoning module VulkanShaderFormat (131)
[2018.10.19-03.15.17:098][990]LogModuleManager: Shutting down and abandoning module ShaderFormatOpenGL (129)
[2018.10.19-03.15.17:098][990]LogModuleManager: Shutting down and abandoning module ShaderFormatD3D (127)
[2018.10.19-03.15.17:098][990]LogModuleManager: Shutting down and abandoning module MetalShaderFormat (125)
[2018.10.19-03.15.17:098][990]LogModuleManager: Shutting down and abandoning module TextureFormatUncompressed (123)
[2018.10.19-03.15.17:098][990]LogModuleManager: Shutting down and abandoning module TextureFormatPVR (121)
[2018.10.19-03.15.17:098][990]LogModuleManager: Shutting down and abandoning module TextureFormatDXT (119)
[2018.10.19-03.15.17:098][990]LogModuleManager: Shutting down and abandoning module TextureFormatIntelISPCTexComp (117)
[2018.10.19-03.15.17:098][990]LogModuleManager: Shutting down and abandoning module TextureFormatASTC (115)
[2018.10.19-03.15.17:098][990]LogModuleManager: Shutting down and abandoning module ImageWrapper (114)
[2018.10.19-03.15.17:099][990]LogModuleManager: Shutting down and abandoning module TextureFormatAndroid (111)
[2018.10.19-03.15.17:099][990]LogModuleManager: Shutting down and abandoning module AudioFormatOpus (109)
[2018.10.19-03.15.17:099][990]LogModuleManager: Shutting down and abandoning module AudioFormatOgg (107)
[2018.10.19-03.15.17:099][990]LogModuleManager: Shutting down and abandoning module AudioFormatADPCM (105)
[2018.10.19-03.15.17:099][990]LogModuleManager: Shutting down and abandoning module LinuxTargetPlatform (103)
[2018.10.19-03.15.17:099][990]LogModuleManager: Shutting down and abandoning module LinuxServerTargetPlatform (101)
[2018.10.19-03.15.17:099][990]LogModuleManager: Shutting down and abandoning module LinuxNoEditorTargetPlatform (99)
[2018.10.19-03.15.17:099][990]LogModuleManager: Shutting down and abandoning module LinuxClientTargetPlatform (97)
[2018.10.19-03.15.17:099][990]LogModuleManager: Shutting down and abandoning module TVOSTargetPlatform (95)
[2018.10.19-03.15.17:099][990]LogModuleManager: Shutting down and abandoning module Messaging (93)
[2018.10.19-03.15.17:099][990]LogModuleManager: Shutting down and abandoning module IOSTargetPlatform (91)
[2018.10.19-03.15.17:099][990]LogModuleManager: Shutting down and abandoning module HTML5TargetPlatform (89)
[2018.10.19-03.15.17:099][990]LogModuleManager: Shutting down and abandoning module Android_PVRTCTargetPlatform (87)
[2018.10.19-03.15.17:099][990]LogModuleManager: Shutting down and abandoning module Android_MultiTargetPlatform (85)
[2018.10.19-03.15.17:099][990]LogModuleManager: Shutting down and abandoning module Android_ETC2TargetPlatform (83)
[2018.10.19-03.15.17:099][990]LogModuleManager: Shutting down and abandoning module Android_ETC1TargetPlatform (81)
[2018.10.19-03.15.17:099][990]LogModuleManager: Shutting down and abandoning module Android_DXTTargetPlatform (79)
[2018.10.19-03.15.17:099][990]LogModuleManager: Shutting down and abandoning module Android_ATCTargetPlatform (77)
[2018.10.19-03.15.17:099][990]LogModuleManager: Shutting down and abandoning module Android_ASTCTargetPlatform (75)
[2018.10.19-03.15.17:099][990]LogModuleManager: Shutting down and abandoning module AndroidTargetPlatform (73)
[2018.10.19-03.15.17:099][990]LogModuleManager: Shutting down and abandoning module WindowsTargetPlatform (71)
[2018.10.19-03.15.17:099][990]LogModuleManager: Shutting down and abandoning module WindowsServerTargetPlatform (69)
[2018.10.19-03.15.17:099][990]LogModuleManager: Shutting down and abandoning module WindowsNoEditorTargetPlatform (67)
[2018.10.19-03.15.17:099][990]LogModuleManager: Shutting down and abandoning module WindowsClientTargetPlatform (65)
[2018.10.19-03.15.17:099][990]LogModuleManager: Shutting down and abandoning module MacTargetPlatform (63)
[2018.10.19-03.15.17:099][990]LogModuleManager: Shutting down and abandoning module MacServerTargetPlatform (61)
[2018.10.19-03.15.17:099][990]LogModuleManager: Shutting down and abandoning module MacNoEditorTargetPlatform (59)
[2018.10.19-03.15.17:099][990]LogModuleManager: Shutting down and abandoning module MacClientTargetPlatform (57)
[2018.10.19-03.15.17:099][990]LogModuleManager: Shutting down and abandoning module AllDesktopTargetPlatform (55)
[2018.10.19-03.15.17:099][990]LogModuleManager: Shutting down and abandoning module InputCore (52)
[2018.10.19-03.15.17:099][990]LogModuleManager: Shutting down and abandoning module Settings (50)
[2018.10.19-03.15.17:099][990]LogModuleManager: Shutting down and abandoning module OculusRift (48)
[2018.10.19-03.15.17:099][990]LogModuleManager: Shutting down and abandoning module GearVR (46)
[2018.10.19-03.15.17:099][990]LogModuleManager: Shutting down and abandoning module ExampleDeviceProfileSelector (44)
[2018.10.19-03.15.17:099][990]LogModuleManager: Shutting down and abandoning module OnlineBlueprintSupport (42)
[2018.10.19-03.15.17:099][990]LogModuleManager: Shutting down and abandoning module OnlineSubsystem (38)
[2018.10.19-03.15.17:099][990]LogOnline:Display: Unloading online subsystem: NULL
[2018.10.19-03.15.17:099][990]LogModuleManager: Shutting down and abandoning module XMPP (37)
[2018.10.19-03.15.17:099][990]LogModuleManager: Shutting down and abandoning module HTTP (35)
[2018.10.19-03.15.17:099][990]LogHttp:Display: Http module shutting down, but needs to wait on 1 outstanding Http requests:
[2018.10.19-03.15.17:099][990]LogHttp:Display: 	verb=[POST] url=[https://datarouter.ol.epicgames.com/datarouter/api/v1/public/data?SessionID=%7B537C1C1F-44DB-3311-D32B-159D290FBED7%7D&AppID=UEEditor.Rocket.Release&AppVersion=4.15.3-3450819%2B%2B%2BUE4%2BRelease-4.15&UserID=d744d5164a975835698cb9a2824c462a%7Cf3b50553f59f48a3b233843de38382ca%7Ca647f9b1-7481-4b1b-a24d-b9818b37fe84&AppEnvironment=datacollector-binary&UploadType=eteventstream] status=Processing
[2018.10.19-03.15.17:115][990]LogModuleManager: Shutting down and abandoning module SSL (34)
[2018.10.19-03.15.17:115][990]LogModuleManager: Shutting down and abandoning module AudioEditor (30)
[2018.10.19-03.15.17:115][990]LogModuleManager: Shutting down and abandoning module TextureCompressor (28)
[2018.10.19-03.15.17:115][990]LogModuleManager: Shutting down and abandoning module ShaderCore (26)
[2018.10.19-03.15.17:115][990]LogModuleManager: Shutting down and abandoning module Landscape (24)
[2018.10.19-03.15.17:115][990]LogModuleManager: Shutting down and abandoning module SlateRHIRenderer (22)
[2018.10.19-03.15.17:116][990]LogModuleManager: Shutting down and abandoning module OpenGLDrv (20)
[2018.10.19-03.15.17:116][990]LogModuleManager: Shutting down and abandoning module D3D11RHI (18)
[2018.10.19-03.15.17:116][990]LogModuleManager: Shutting down and abandoning module AnimGraphRuntime (16)
[2018.10.19-03.15.17:116][990]LogModuleManager: Shutting down and abandoning module Renderer (14)
[2018.10.19-03.15.17:116][990]LogModuleManager: Shutting down and abandoning module Engine (12)
[2018.10.19-03.15.17:116][990]LogModuleManager: Shutting down and abandoning module CoreUObject (10)
[2018.10.19-03.15.17:116][990]LogModuleManager: Shutting down and abandoning module NetworkFile (8)
[2018.10.19-03.15.17:116][990]LogModuleManager: Shutting down and abandoning module StreamingFile (6)
[2018.10.19-03.15.17:116][990]LogModuleManager: Shutting down and abandoning module SandboxFile (4)
[2018.10.19-03.15.17:116][990]LogModuleManager: Shutting down and abandoning module PakFile (2)
[2018.10.19-03.15.17:118][990]LogExit: Exiting.
[2018.10.19-03.15.17:119][990]Log file closed, 10/19/18 11:15:17
