Removed Pin From Net: NetName=Net1_96 Pin=R?-1
Removed Pin From Net: NetName=Net1_64 Pin=R?-2
Change Component Designator: OldDesignator=R? NewDesignator=R2
Change Component Designator: OldDesignator=R? NewDesignator=R3
Change Component Designator: OldDesignator=R? NewDesignator=R4
Change Component Designator: OldDesignator=R? NewDesignator=R5
Change Component Designator: OldDesignator=R? NewDesignator=R6
Change Component Designator: OldDesignator=R? NewDesignator=R7
Change Component Designator: OldDesignator=R? NewDesignator=R8
Change Component Designator: OldDesignator=R? NewDesignator=R9
Change Component Designator: OldDesignator=R? NewDesignator=R10
Change Component Designator: OldDesignator=R? NewDesignator=R11
Change Component Designator: OldDesignator=R? NewDesignator=R12
Change Component Designator: OldDesignator=R? NewDesignator=R13
Change Component Designator: OldDesignator=R? NewDesignator=R14
Change Component Designator: OldDesignator=R? NewDesignator=R15
Change Component Designator: OldDesignator=R? NewDesignator=R16
Change Component Designator: OldDesignator=R? NewDesignator=R17
Change Component Designator: OldDesignator=R? NewDesignator=R18
Change Component Designator: OldDesignator=R? NewDesignator=R19
Change Component Designator: OldDesignator=R? NewDesignator=R20
Change Component Designator: OldDesignator=R? NewDesignator=R21
Change Component Designator: OldDesignator=R? NewDesignator=R22
Change Component Designator: OldDesignator=R? NewDesignator=R23
Change Component Designator: OldDesignator=R? NewDesignator=R24
Change Component Designator: OldDesignator=R? NewDesignator=R25
Change Component Designator: OldDesignator=R? NewDesignator=R26
Change Component Designator: OldDesignator=R? NewDesignator=R27
Change Component Designator: OldDesignator=R? NewDesignator=R28
Change Component Designator: OldDesignator=R? NewDesignator=R29
Change Component Designator: OldDesignator=R? NewDesignator=R30
Change Component Designator: OldDesignator=R? NewDesignator=R31
Change Component Designator: OldDesignator=R? NewDesignator=R32
Added Component: Designator=1(LED_3264)
Added Component: Designator=R1(1206)
Added Pin To Net: NetName=Net1_1 Pin=1-1
Added Pin To Net: NetName=Net1_1 Pin=1-1
Added Pin To Net: NetName=Net1_1 Pin=1-1
Added Pin To Net: NetName=Net1_1 Pin=1-1
Added Pin To Net: NetName=Net1_1 Pin=1-1
Added Pin To Net: NetName=Net1_1 Pin=1-1
Added Pin To Net: NetName=Net1_1 Pin=1-1
Added Pin To Net: NetName=Net1_1 Pin=1-1
Added Pin To Net: NetName=Net1_1 Pin=1-1
Added Pin To Net: NetName=Net1_1 Pin=1-1
Added Pin To Net: NetName=Net1_1 Pin=1-1
Added Pin To Net: NetName=Net1_1 Pin=1-1
Added Pin To Net: NetName=Net1_1 Pin=1-1
Added Pin To Net: NetName=Net1_1 Pin=1-1
Added Pin To Net: NetName=Net1_1 Pin=1-1
Added Pin To Net: NetName=Net1_1 Pin=1-1
Added Pin To Net: NetName=Net1_2 Pin=1-2
Added Pin To Net: NetName=Net1_2 Pin=1-2
Added Pin To Net: NetName=Net1_2 Pin=1-2
Added Pin To Net: NetName=Net1_2 Pin=1-2
Added Pin To Net: NetName=Net1_2 Pin=1-2
Added Pin To Net: NetName=Net1_2 Pin=1-2
Added Pin To Net: NetName=Net1_2 Pin=1-2
Added Pin To Net: NetName=Net1_2 Pin=1-2
Added Pin To Net: NetName=Net1_2 Pin=1-2
Added Pin To Net: NetName=Net1_2 Pin=1-2
Added Pin To Net: NetName=Net1_2 Pin=1-2
Added Pin To Net: NetName=Net1_2 Pin=1-2
Added Pin To Net: NetName=Net1_2 Pin=1-2
Added Pin To Net: NetName=Net1_2 Pin=1-2
Added Pin To Net: NetName=Net1_2 Pin=1-2
Added Pin To Net: NetName=Net1_2 Pin=1-2
Added Pin To Net: NetName=Net1_3 Pin=1-3
Added Pin To Net: NetName=Net1_3 Pin=1-3
Added Pin To Net: NetName=Net1_3 Pin=1-3
Added Pin To Net: NetName=Net1_3 Pin=1-3
Added Pin To Net: NetName=Net1_3 Pin=1-3
Added Pin To Net: NetName=Net1_3 Pin=1-3
Added Pin To Net: NetName=Net1_3 Pin=1-3
Added Pin To Net: NetName=Net1_3 Pin=1-3
Added Pin To Net: NetName=Net1_3 Pin=1-3
Added Pin To Net: NetName=Net1_3 Pin=1-3
Added Pin To Net: NetName=Net1_3 Pin=1-3
Added Pin To Net: NetName=Net1_3 Pin=1-3
Added Pin To Net: NetName=Net1_3 Pin=1-3
Added Pin To Net: NetName=Net1_3 Pin=1-3
Added Pin To Net: NetName=Net1_3 Pin=1-3
Added Pin To Net: NetName=Net1_3 Pin=1-3
Added Pin To Net: NetName=Net1_4 Pin=1-4
Added Pin To Net: NetName=Net1_4 Pin=1-4
Added Pin To Net: NetName=Net1_4 Pin=1-4
Added Pin To Net: NetName=Net1_4 Pin=1-4
Added Pin To Net: NetName=Net1_4 Pin=1-4
Added Pin To Net: NetName=Net1_4 Pin=1-4
Added Pin To Net: NetName=Net1_4 Pin=1-4
Added Pin To Net: NetName=Net1_4 Pin=1-4
Added Pin To Net: NetName=Net1_4 Pin=1-4
Added Pin To Net: NetName=Net1_4 Pin=1-4
Added Pin To Net: NetName=Net1_4 Pin=1-4
Added Pin To Net: NetName=Net1_4 Pin=1-4
Added Pin To Net: NetName=Net1_4 Pin=1-4
Added Pin To Net: NetName=Net1_4 Pin=1-4
Added Pin To Net: NetName=Net1_4 Pin=1-4
Added Pin To Net: NetName=Net1_4 Pin=1-4
Added Pin To Net: NetName=Net1_5 Pin=1-5
Added Pin To Net: NetName=Net1_5 Pin=1-5
Added Pin To Net: NetName=Net1_5 Pin=1-5
Added Pin To Net: NetName=Net1_5 Pin=1-5
Added Pin To Net: NetName=Net1_5 Pin=1-5
Added Pin To Net: NetName=Net1_5 Pin=1-5
Added Pin To Net: NetName=Net1_5 Pin=1-5
Added Pin To Net: NetName=Net1_5 Pin=1-5
Added Pin To Net: NetName=Net1_5 Pin=1-5
Added Pin To Net: NetName=Net1_5 Pin=1-5
Added Pin To Net: NetName=Net1_5 Pin=1-5
Added Pin To Net: NetName=Net1_5 Pin=1-5
Added Pin To Net: NetName=Net1_5 Pin=1-5
Added Pin To Net: NetName=Net1_5 Pin=1-5
Added Pin To Net: NetName=Net1_5 Pin=1-5
Added Pin To Net: NetName=Net1_5 Pin=1-5
Added Pin To Net: NetName=Net1_6 Pin=1-6
Added Pin To Net: NetName=Net1_6 Pin=1-6
Added Pin To Net: NetName=Net1_6 Pin=1-6
Added Pin To Net: NetName=Net1_6 Pin=1-6
Added Pin To Net: NetName=Net1_6 Pin=1-6
Added Pin To Net: NetName=Net1_6 Pin=1-6
Added Pin To Net: NetName=Net1_6 Pin=1-6
Added Pin To Net: NetName=Net1_6 Pin=1-6
Added Pin To Net: NetName=Net1_6 Pin=1-6
Added Pin To Net: NetName=Net1_6 Pin=1-6
Added Pin To Net: NetName=Net1_6 Pin=1-6
Added Pin To Net: NetName=Net1_6 Pin=1-6
Added Pin To Net: NetName=Net1_6 Pin=1-6
Added Pin To Net: NetName=Net1_6 Pin=1-6
Added Pin To Net: NetName=Net1_6 Pin=1-6
Added Pin To Net: NetName=Net1_6 Pin=1-6
Added Pin To Net: NetName=Net1_7 Pin=1-7
Added Pin To Net: NetName=Net1_7 Pin=1-7
Added Pin To Net: NetName=Net1_7 Pin=1-7
Added Pin To Net: NetName=Net1_7 Pin=1-7
Added Pin To Net: NetName=Net1_7 Pin=1-7
Added Pin To Net: NetName=Net1_7 Pin=1-7
Added Pin To Net: NetName=Net1_7 Pin=1-7
Added Pin To Net: NetName=Net1_7 Pin=1-7
Added Pin To Net: NetName=Net1_7 Pin=1-7
Added Pin To Net: NetName=Net1_7 Pin=1-7
Added Pin To Net: NetName=Net1_7 Pin=1-7
Added Pin To Net: NetName=Net1_7 Pin=1-7
Added Pin To Net: NetName=Net1_7 Pin=1-7
Added Pin To Net: NetName=Net1_7 Pin=1-7
Added Pin To Net: NetName=Net1_7 Pin=1-7
Added Pin To Net: NetName=Net1_7 Pin=1-7
Added Pin To Net: NetName=Net1_8 Pin=1-8
Added Pin To Net: NetName=Net1_8 Pin=1-8
Added Pin To Net: NetName=Net1_8 Pin=1-8
Added Pin To Net: NetName=Net1_8 Pin=1-8
Added Pin To Net: NetName=Net1_8 Pin=1-8
Added Pin To Net: NetName=Net1_8 Pin=1-8
Added Pin To Net: NetName=Net1_8 Pin=1-8
Added Pin To Net: NetName=Net1_8 Pin=1-8
Added Pin To Net: NetName=Net1_8 Pin=1-8
Added Pin To Net: NetName=Net1_8 Pin=1-8
Added Pin To Net: NetName=Net1_8 Pin=1-8
Added Pin To Net: NetName=Net1_8 Pin=1-8
Added Pin To Net: NetName=Net1_8 Pin=1-8
Added Pin To Net: NetName=Net1_8 Pin=1-8
Added Pin To Net: NetName=Net1_8 Pin=1-8
Added Pin To Net: NetName=Net1_8 Pin=1-8
Added Pin To Net: NetName=Net1_9 Pin=1-9
Added Pin To Net: NetName=Net1_9 Pin=1-9
Added Pin To Net: NetName=Net1_9 Pin=1-9
Added Pin To Net: NetName=Net1_9 Pin=1-9
Added Pin To Net: NetName=Net1_9 Pin=1-9
Added Pin To Net: NetName=Net1_9 Pin=1-9
Added Pin To Net: NetName=Net1_9 Pin=1-9
Added Pin To Net: NetName=Net1_9 Pin=1-9
Added Pin To Net: NetName=Net1_9 Pin=1-9
Added Pin To Net: NetName=Net1_9 Pin=1-9
Added Pin To Net: NetName=Net1_9 Pin=1-9
Added Pin To Net: NetName=Net1_9 Pin=1-9
Added Pin To Net: NetName=Net1_9 Pin=1-9
Added Pin To Net: NetName=Net1_9 Pin=1-9
Added Pin To Net: NetName=Net1_9 Pin=1-9
Added Pin To Net: NetName=Net1_9 Pin=1-9
Added Pin To Net: NetName=Net1_10 Pin=1-10
Added Pin To Net: NetName=Net1_10 Pin=1-10
Added Pin To Net: NetName=Net1_10 Pin=1-10
Added Pin To Net: NetName=Net1_10 Pin=1-10
Added Pin To Net: NetName=Net1_10 Pin=1-10
Added Pin To Net: NetName=Net1_10 Pin=1-10
Added Pin To Net: NetName=Net1_10 Pin=1-10
Added Pin To Net: NetName=Net1_10 Pin=1-10
Added Pin To Net: NetName=Net1_10 Pin=1-10
Added Pin To Net: NetName=Net1_10 Pin=1-10
Added Pin To Net: NetName=Net1_10 Pin=1-10
Added Pin To Net: NetName=Net1_10 Pin=1-10
Added Pin To Net: NetName=Net1_10 Pin=1-10
Added Pin To Net: NetName=Net1_10 Pin=1-10
Added Pin To Net: NetName=Net1_10 Pin=1-10
Added Pin To Net: NetName=Net1_10 Pin=1-10
Added Pin To Net: NetName=Net1_11 Pin=1-11
Added Pin To Net: NetName=Net1_11 Pin=1-11
Added Pin To Net: NetName=Net1_11 Pin=1-11
Added Pin To Net: NetName=Net1_11 Pin=1-11
Added Pin To Net: NetName=Net1_11 Pin=1-11
Added Pin To Net: NetName=Net1_11 Pin=1-11
Added Pin To Net: NetName=Net1_11 Pin=1-11
Added Pin To Net: NetName=Net1_11 Pin=1-11
Added Pin To Net: NetName=Net1_11 Pin=1-11
Added Pin To Net: NetName=Net1_11 Pin=1-11
Added Pin To Net: NetName=Net1_11 Pin=1-11
Added Pin To Net: NetName=Net1_11 Pin=1-11
Added Pin To Net: NetName=Net1_11 Pin=1-11
Added Pin To Net: NetName=Net1_11 Pin=1-11
Added Pin To Net: NetName=Net1_11 Pin=1-11
Added Pin To Net: NetName=Net1_11 Pin=1-11
Added Pin To Net: NetName=Net1_12 Pin=1-12
Added Pin To Net: NetName=Net1_12 Pin=1-12
Added Pin To Net: NetName=Net1_12 Pin=1-12
Added Pin To Net: NetName=Net1_12 Pin=1-12
Added Pin To Net: NetName=Net1_12 Pin=1-12
Added Pin To Net: NetName=Net1_12 Pin=1-12
Added Pin To Net: NetName=Net1_12 Pin=1-12
Added Pin To Net: NetName=Net1_12 Pin=1-12
Added Pin To Net: NetName=Net1_12 Pin=1-12
Added Pin To Net: NetName=Net1_12 Pin=1-12
Added Pin To Net: NetName=Net1_12 Pin=1-12
Added Pin To Net: NetName=Net1_12 Pin=1-12
Added Pin To Net: NetName=Net1_12 Pin=1-12
Added Pin To Net: NetName=Net1_12 Pin=1-12
Added Pin To Net: NetName=Net1_12 Pin=1-12
Added Pin To Net: NetName=Net1_12 Pin=1-12
Added Pin To Net: NetName=Net1_45 Pin=1-45
Added Pin To Net: NetName=Net1_45 Pin=1-45
Added Pin To Net: NetName=Net1_45 Pin=1-45
Added Pin To Net: NetName=Net1_45 Pin=1-45
Added Pin To Net: NetName=Net1_45 Pin=1-45
Added Pin To Net: NetName=Net1_45 Pin=1-45
Added Pin To Net: NetName=Net1_45 Pin=1-45
Added Pin To Net: NetName=Net1_45 Pin=1-45
Added Pin To Net: NetName=Net1_45 Pin=1-45
Added Pin To Net: NetName=Net1_45 Pin=1-45
Added Pin To Net: NetName=Net1_45 Pin=1-45
Added Pin To Net: NetName=Net1_45 Pin=1-45
Added Pin To Net: NetName=Net1_45 Pin=1-45
Added Pin To Net: NetName=Net1_45 Pin=1-45
Added Pin To Net: NetName=Net1_45 Pin=1-45
Added Pin To Net: NetName=Net1_45 Pin=1-45
Added Pin To Net: NetName=Net1_46 Pin=1-46
Added Pin To Net: NetName=Net1_46 Pin=1-46
Added Pin To Net: NetName=Net1_46 Pin=1-46
Added Pin To Net: NetName=Net1_46 Pin=1-46
Added Pin To Net: NetName=Net1_46 Pin=1-46
Added Pin To Net: NetName=Net1_46 Pin=1-46
Added Pin To Net: NetName=Net1_46 Pin=1-46
Added Pin To Net: NetName=Net1_46 Pin=1-46
Added Pin To Net: NetName=Net1_46 Pin=1-46
Added Pin To Net: NetName=Net1_46 Pin=1-46
Added Pin To Net: NetName=Net1_46 Pin=1-46
Added Pin To Net: NetName=Net1_46 Pin=1-46
Added Pin To Net: NetName=Net1_46 Pin=1-46
Added Pin To Net: NetName=Net1_46 Pin=1-46
Added Pin To Net: NetName=Net1_46 Pin=1-46
Added Pin To Net: NetName=Net1_46 Pin=1-46
Added Pin To Net: NetName=Net1_47 Pin=1-47
Added Pin To Net: NetName=Net1_47 Pin=1-47
Added Pin To Net: NetName=Net1_47 Pin=1-47
Added Pin To Net: NetName=Net1_47 Pin=1-47
Added Pin To Net: NetName=Net1_47 Pin=1-47
Added Pin To Net: NetName=Net1_47 Pin=1-47
Added Pin To Net: NetName=Net1_47 Pin=1-47
Added Pin To Net: NetName=Net1_47 Pin=1-47
Added Pin To Net: NetName=Net1_47 Pin=1-47
Added Pin To Net: NetName=Net1_47 Pin=1-47
Added Pin To Net: NetName=Net1_47 Pin=1-47
Added Pin To Net: NetName=Net1_47 Pin=1-47
Added Pin To Net: NetName=Net1_47 Pin=1-47
Added Pin To Net: NetName=Net1_47 Pin=1-47
Added Pin To Net: NetName=Net1_47 Pin=1-47
Added Pin To Net: NetName=Net1_47 Pin=1-47
Added Pin To Net: NetName=Net1_48 Pin=1-48
Added Pin To Net: NetName=Net1_48 Pin=1-48
Added Pin To Net: NetName=Net1_48 Pin=1-48
Added Pin To Net: NetName=Net1_48 Pin=1-48
Added Pin To Net: NetName=Net1_48 Pin=1-48
Added Pin To Net: NetName=Net1_48 Pin=1-48
Added Pin To Net: NetName=Net1_48 Pin=1-48
Added Pin To Net: NetName=Net1_48 Pin=1-48
Added Pin To Net: NetName=Net1_48 Pin=1-48
Added Pin To Net: NetName=Net1_48 Pin=1-48
Added Pin To Net: NetName=Net1_48 Pin=1-48
Added Pin To Net: NetName=Net1_48 Pin=1-48
Added Pin To Net: NetName=Net1_48 Pin=1-48
Added Pin To Net: NetName=Net1_48 Pin=1-48
Added Pin To Net: NetName=Net1_48 Pin=1-48
Added Pin To Net: NetName=Net1_48 Pin=1-48
Added Pin To Net: NetName=Net1_49 Pin=1-49
Added Pin To Net: NetName=Net1_49 Pin=1-49
Added Pin To Net: NetName=Net1_49 Pin=1-49
Added Pin To Net: NetName=Net1_49 Pin=1-49
Added Pin To Net: NetName=Net1_49 Pin=1-49
Added Pin To Net: NetName=Net1_49 Pin=1-49
Added Pin To Net: NetName=Net1_49 Pin=1-49
Added Pin To Net: NetName=Net1_49 Pin=1-49
Added Pin To Net: NetName=Net1_49 Pin=1-49
Added Pin To Net: NetName=Net1_49 Pin=1-49
Added Pin To Net: NetName=Net1_49 Pin=1-49
Added Pin To Net: NetName=Net1_49 Pin=1-49
Added Pin To Net: NetName=Net1_49 Pin=1-49
Added Pin To Net: NetName=Net1_49 Pin=1-49
Added Pin To Net: NetName=Net1_49 Pin=1-49
Added Pin To Net: NetName=Net1_49 Pin=1-49
Added Pin To Net: NetName=Net1_50 Pin=1-50
Added Pin To Net: NetName=Net1_50 Pin=1-50
Added Pin To Net: NetName=Net1_50 Pin=1-50
Added Pin To Net: NetName=Net1_50 Pin=1-50
Added Pin To Net: NetName=Net1_50 Pin=1-50
Added Pin To Net: NetName=Net1_50 Pin=1-50
Added Pin To Net: NetName=Net1_50 Pin=1-50
Added Pin To Net: NetName=Net1_50 Pin=1-50
Added Pin To Net: NetName=Net1_50 Pin=1-50
Added Pin To Net: NetName=Net1_50 Pin=1-50
Added Pin To Net: NetName=Net1_50 Pin=1-50
Added Pin To Net: NetName=Net1_50 Pin=1-50
Added Pin To Net: NetName=Net1_50 Pin=1-50
Added Pin To Net: NetName=Net1_50 Pin=1-50
Added Pin To Net: NetName=Net1_50 Pin=1-50
Added Pin To Net: NetName=Net1_50 Pin=1-50
Added Pin To Net: NetName=Net1_51 Pin=1-51
Added Pin To Net: NetName=Net1_51 Pin=1-51
Added Pin To Net: NetName=Net1_51 Pin=1-51
Added Pin To Net: NetName=Net1_51 Pin=1-51
Added Pin To Net: NetName=Net1_51 Pin=1-51
Added Pin To Net: NetName=Net1_51 Pin=1-51
Added Pin To Net: NetName=Net1_51 Pin=1-51
Added Pin To Net: NetName=Net1_51 Pin=1-51
Added Pin To Net: NetName=Net1_51 Pin=1-51
Added Pin To Net: NetName=Net1_51 Pin=1-51
Added Pin To Net: NetName=Net1_51 Pin=1-51
Added Pin To Net: NetName=Net1_51 Pin=1-51
Added Pin To Net: NetName=Net1_51 Pin=1-51
Added Pin To Net: NetName=Net1_51 Pin=1-51
Added Pin To Net: NetName=Net1_51 Pin=1-51
Added Pin To Net: NetName=Net1_51 Pin=1-51
Added Pin To Net: NetName=Net1_52 Pin=1-52
Added Pin To Net: NetName=Net1_52 Pin=1-52
Added Pin To Net: NetName=Net1_52 Pin=1-52
Added Pin To Net: NetName=Net1_52 Pin=1-52
Added Pin To Net: NetName=Net1_52 Pin=1-52
Added Pin To Net: NetName=Net1_52 Pin=1-52
Added Pin To Net: NetName=Net1_52 Pin=1-52
Added Pin To Net: NetName=Net1_52 Pin=1-52
Added Pin To Net: NetName=Net1_52 Pin=1-52
Added Pin To Net: NetName=Net1_52 Pin=1-52
Added Pin To Net: NetName=Net1_52 Pin=1-52
Added Pin To Net: NetName=Net1_52 Pin=1-52
Added Pin To Net: NetName=Net1_52 Pin=1-52
Added Pin To Net: NetName=Net1_52 Pin=1-52
Added Pin To Net: NetName=Net1_52 Pin=1-52
Added Pin To Net: NetName=Net1_52 Pin=1-52
Added Pin To Net: NetName=Net1_53 Pin=1-53
Added Pin To Net: NetName=Net1_53 Pin=1-53
Added Pin To Net: NetName=Net1_53 Pin=1-53
Added Pin To Net: NetName=Net1_53 Pin=1-53
Added Pin To Net: NetName=Net1_53 Pin=1-53
Added Pin To Net: NetName=Net1_53 Pin=1-53
Added Pin To Net: NetName=Net1_53 Pin=1-53
Added Pin To Net: NetName=Net1_53 Pin=1-53
Added Pin To Net: NetName=Net1_53 Pin=1-53
Added Pin To Net: NetName=Net1_53 Pin=1-53
Added Pin To Net: NetName=Net1_53 Pin=1-53
Added Pin To Net: NetName=Net1_53 Pin=1-53
Added Pin To Net: NetName=Net1_53 Pin=1-53
Added Pin To Net: NetName=Net1_53 Pin=1-53
Added Pin To Net: NetName=Net1_53 Pin=1-53
Added Pin To Net: NetName=Net1_53 Pin=1-53
Added Pin To Net: NetName=Net1_54 Pin=1-54
Added Pin To Net: NetName=Net1_54 Pin=1-54
Added Pin To Net: NetName=Net1_54 Pin=1-54
Added Pin To Net: NetName=Net1_54 Pin=1-54
Added Pin To Net: NetName=Net1_54 Pin=1-54
Added Pin To Net: NetName=Net1_54 Pin=1-54
Added Pin To Net: NetName=Net1_54 Pin=1-54
Added Pin To Net: NetName=Net1_54 Pin=1-54
Added Pin To Net: NetName=Net1_54 Pin=1-54
Added Pin To Net: NetName=Net1_54 Pin=1-54
Added Pin To Net: NetName=Net1_54 Pin=1-54
Added Pin To Net: NetName=Net1_54 Pin=1-54
Added Pin To Net: NetName=Net1_54 Pin=1-54
Added Pin To Net: NetName=Net1_54 Pin=1-54
Added Pin To Net: NetName=Net1_54 Pin=1-54
Added Pin To Net: NetName=Net1_54 Pin=1-54
Added Pin To Net: NetName=Net1_55 Pin=1-55
Added Pin To Net: NetName=Net1_55 Pin=1-55
Added Pin To Net: NetName=Net1_55 Pin=1-55
Added Pin To Net: NetName=Net1_55 Pin=1-55
Added Pin To Net: NetName=Net1_55 Pin=1-55
Added Pin To Net: NetName=Net1_55 Pin=1-55
Added Pin To Net: NetName=Net1_55 Pin=1-55
Added Pin To Net: NetName=Net1_55 Pin=1-55
Added Pin To Net: NetName=Net1_55 Pin=1-55
Added Pin To Net: NetName=Net1_55 Pin=1-55
Added Pin To Net: NetName=Net1_55 Pin=1-55
Added Pin To Net: NetName=Net1_55 Pin=1-55
Added Pin To Net: NetName=Net1_55 Pin=1-55
Added Pin To Net: NetName=Net1_55 Pin=1-55
Added Pin To Net: NetName=Net1_55 Pin=1-55
Added Pin To Net: NetName=Net1_55 Pin=1-55
Added Pin To Net: NetName=Net1_56 Pin=1-56
Added Pin To Net: NetName=Net1_56 Pin=1-56
Added Pin To Net: NetName=Net1_56 Pin=1-56
Added Pin To Net: NetName=Net1_56 Pin=1-56
Added Pin To Net: NetName=Net1_56 Pin=1-56
Added Pin To Net: NetName=Net1_56 Pin=1-56
Added Pin To Net: NetName=Net1_56 Pin=1-56
Added Pin To Net: NetName=Net1_56 Pin=1-56
Added Pin To Net: NetName=Net1_56 Pin=1-56
Added Pin To Net: NetName=Net1_56 Pin=1-56
Added Pin To Net: NetName=Net1_56 Pin=1-56
Added Pin To Net: NetName=Net1_56 Pin=1-56
Added Pin To Net: NetName=Net1_56 Pin=1-56
Added Pin To Net: NetName=Net1_56 Pin=1-56
Added Pin To Net: NetName=Net1_56 Pin=1-56
Added Pin To Net: NetName=Net1_56 Pin=1-56
Added Pin To Net: NetName=Net1_57 Pin=1-57
Added Pin To Net: NetName=Net1_57 Pin=1-57
Added Pin To Net: NetName=Net1_57 Pin=1-57
Added Pin To Net: NetName=Net1_57 Pin=1-57
Added Pin To Net: NetName=Net1_57 Pin=1-57
Added Pin To Net: NetName=Net1_57 Pin=1-57
Added Pin To Net: NetName=Net1_57 Pin=1-57
Added Pin To Net: NetName=Net1_57 Pin=1-57
Added Pin To Net: NetName=Net1_57 Pin=1-57
Added Pin To Net: NetName=Net1_57 Pin=1-57
Added Pin To Net: NetName=Net1_57 Pin=1-57
Added Pin To Net: NetName=Net1_57 Pin=1-57
Added Pin To Net: NetName=Net1_57 Pin=1-57
Added Pin To Net: NetName=Net1_57 Pin=1-57
Added Pin To Net: NetName=Net1_57 Pin=1-57
Added Pin To Net: NetName=Net1_57 Pin=1-57
Added Pin To Net: NetName=Net1_58 Pin=1-58
Added Pin To Net: NetName=Net1_58 Pin=1-58
Added Pin To Net: NetName=Net1_58 Pin=1-58
Added Pin To Net: NetName=Net1_58 Pin=1-58
Added Pin To Net: NetName=Net1_58 Pin=1-58
Added Pin To Net: NetName=Net1_58 Pin=1-58
Added Pin To Net: NetName=Net1_58 Pin=1-58
Added Pin To Net: NetName=Net1_58 Pin=1-58
Added Pin To Net: NetName=Net1_58 Pin=1-58
Added Pin To Net: NetName=Net1_58 Pin=1-58
Added Pin To Net: NetName=Net1_58 Pin=1-58
Added Pin To Net: NetName=Net1_58 Pin=1-58
Added Pin To Net: NetName=Net1_58 Pin=1-58
Added Pin To Net: NetName=Net1_58 Pin=1-58
Added Pin To Net: NetName=Net1_58 Pin=1-58
Added Pin To Net: NetName=Net1_58 Pin=1-58
Added Pin To Net: NetName=Net1_59 Pin=1-59
Added Pin To Net: NetName=Net1_59 Pin=1-59
Added Pin To Net: NetName=Net1_59 Pin=1-59
Added Pin To Net: NetName=Net1_59 Pin=1-59
Added Pin To Net: NetName=Net1_59 Pin=1-59
Added Pin To Net: NetName=Net1_59 Pin=1-59
Added Pin To Net: NetName=Net1_59 Pin=1-59
Added Pin To Net: NetName=Net1_59 Pin=1-59
Added Pin To Net: NetName=Net1_59 Pin=1-59
Added Pin To Net: NetName=Net1_59 Pin=1-59
Added Pin To Net: NetName=Net1_59 Pin=1-59
Added Pin To Net: NetName=Net1_59 Pin=1-59
Added Pin To Net: NetName=Net1_59 Pin=1-59
Added Pin To Net: NetName=Net1_59 Pin=1-59
Added Pin To Net: NetName=Net1_59 Pin=1-59
Added Pin To Net: NetName=Net1_59 Pin=1-59
Added Pin To Net: NetName=Net1_60 Pin=1-60
Added Pin To Net: NetName=Net1_60 Pin=1-60
Added Pin To Net: NetName=Net1_60 Pin=1-60
Added Pin To Net: NetName=Net1_60 Pin=1-60
Added Pin To Net: NetName=Net1_60 Pin=1-60
Added Pin To Net: NetName=Net1_60 Pin=1-60
Added Pin To Net: NetName=Net1_60 Pin=1-60
Added Pin To Net: NetName=Net1_60 Pin=1-60
Added Pin To Net: NetName=Net1_60 Pin=1-60
Added Pin To Net: NetName=Net1_60 Pin=1-60
Added Pin To Net: NetName=Net1_60 Pin=1-60
Added Pin To Net: NetName=Net1_60 Pin=1-60
Added Pin To Net: NetName=Net1_60 Pin=1-60
Added Pin To Net: NetName=Net1_60 Pin=1-60
Added Pin To Net: NetName=Net1_60 Pin=1-60
Added Pin To Net: NetName=Net1_60 Pin=1-60
Added Pin To Net: NetName=Net1_61 Pin=1-61
Added Pin To Net: NetName=Net1_61 Pin=1-61
Added Pin To Net: NetName=Net1_61 Pin=1-61
Added Pin To Net: NetName=Net1_61 Pin=1-61
Added Pin To Net: NetName=Net1_61 Pin=1-61
Added Pin To Net: NetName=Net1_61 Pin=1-61
Added Pin To Net: NetName=Net1_61 Pin=1-61
Added Pin To Net: NetName=Net1_61 Pin=1-61
Added Pin To Net: NetName=Net1_61 Pin=1-61
Added Pin To Net: NetName=Net1_61 Pin=1-61
Added Pin To Net: NetName=Net1_61 Pin=1-61
Added Pin To Net: NetName=Net1_61 Pin=1-61
Added Pin To Net: NetName=Net1_61 Pin=1-61
Added Pin To Net: NetName=Net1_61 Pin=1-61
Added Pin To Net: NetName=Net1_61 Pin=1-61
Added Pin To Net: NetName=Net1_61 Pin=1-61
Added Pin To Net: NetName=Net1_62 Pin=1-62
Added Pin To Net: NetName=Net1_62 Pin=1-62
Added Pin To Net: NetName=Net1_62 Pin=1-62
Added Pin To Net: NetName=Net1_62 Pin=1-62
Added Pin To Net: NetName=Net1_62 Pin=1-62
Added Pin To Net: NetName=Net1_62 Pin=1-62
Added Pin To Net: NetName=Net1_62 Pin=1-62
Added Pin To Net: NetName=Net1_62 Pin=1-62
Added Pin To Net: NetName=Net1_62 Pin=1-62
Added Pin To Net: NetName=Net1_62 Pin=1-62
Added Pin To Net: NetName=Net1_62 Pin=1-62
Added Pin To Net: NetName=Net1_62 Pin=1-62
Added Pin To Net: NetName=Net1_62 Pin=1-62
Added Pin To Net: NetName=Net1_62 Pin=1-62
Added Pin To Net: NetName=Net1_62 Pin=1-62
Added Pin To Net: NetName=Net1_62 Pin=1-62
Added Pin To Net: NetName=Net1_63 Pin=1-63
Added Pin To Net: NetName=Net1_63 Pin=1-63
Added Pin To Net: NetName=Net1_63 Pin=1-63
Added Pin To Net: NetName=Net1_63 Pin=1-63
Added Pin To Net: NetName=Net1_63 Pin=1-63
Added Pin To Net: NetName=Net1_63 Pin=1-63
Added Pin To Net: NetName=Net1_63 Pin=1-63
Added Pin To Net: NetName=Net1_63 Pin=1-63
Added Pin To Net: NetName=Net1_63 Pin=1-63
Added Pin To Net: NetName=Net1_63 Pin=1-63
Added Pin To Net: NetName=Net1_63 Pin=1-63
Added Pin To Net: NetName=Net1_63 Pin=1-63
Added Pin To Net: NetName=Net1_63 Pin=1-63
Added Pin To Net: NetName=Net1_63 Pin=1-63
Added Pin To Net: NetName=Net1_63 Pin=1-63
Added Pin To Net: NetName=Net1_63 Pin=1-63
Added Pin To Net: NetName=Net1_64 Pin=1-64
Added Pin To Net: NetName=Net1_64 Pin=1-64
Added Pin To Net: NetName=Net1_64 Pin=1-64
Added Pin To Net: NetName=Net1_64 Pin=1-64
Added Pin To Net: NetName=Net1_64 Pin=1-64
Added Pin To Net: NetName=Net1_64 Pin=1-64
Added Pin To Net: NetName=Net1_64 Pin=1-64
Added Pin To Net: NetName=Net1_64 Pin=1-64
Added Pin To Net: NetName=Net1_64 Pin=1-64
Added Pin To Net: NetName=Net1_64 Pin=1-64
Added Pin To Net: NetName=Net1_64 Pin=1-64
Added Pin To Net: NetName=Net1_64 Pin=1-64
Added Pin To Net: NetName=Net1_64 Pin=1-64
Added Pin To Net: NetName=Net1_64 Pin=1-64
Added Pin To Net: NetName=Net1_64 Pin=1-64
Added Pin To Net: NetName=Net1_64 Pin=1-64
Added Pin To Net: NetName=Net1_65 Pin=1-65
Added Pin To Net: NetName=Net1_65 Pin=1-65
Added Pin To Net: NetName=Net1_65 Pin=1-65
Added Pin To Net: NetName=Net1_65 Pin=1-65
Added Pin To Net: NetName=Net1_65 Pin=1-65
Added Pin To Net: NetName=Net1_65 Pin=1-65
Added Pin To Net: NetName=Net1_65 Pin=1-65
Added Pin To Net: NetName=Net1_65 Pin=1-65
Added Pin To Net: NetName=Net1_65 Pin=1-65
Added Pin To Net: NetName=Net1_65 Pin=1-65
Added Pin To Net: NetName=Net1_65 Pin=1-65
Added Pin To Net: NetName=Net1_65 Pin=1-65
Added Pin To Net: NetName=Net1_65 Pin=1-65
Added Pin To Net: NetName=Net1_65 Pin=1-65
Added Pin To Net: NetName=Net1_65 Pin=1-65
Added Pin To Net: NetName=Net1_65 Pin=1-65
Added Pin To Net: NetName=Net1_65 Pin=1-65
Added Pin To Net: NetName=Net1_65 Pin=1-65
Added Pin To Net: NetName=Net1_65 Pin=1-65
Added Pin To Net: NetName=Net1_65 Pin=1-65
Added Pin To Net: NetName=Net1_65 Pin=1-65
Added Pin To Net: NetName=Net1_65 Pin=1-65
Added Pin To Net: NetName=Net1_65 Pin=1-65
Added Pin To Net: NetName=Net1_65 Pin=1-65
Added Pin To Net: NetName=Net1_65 Pin=1-65
Added Pin To Net: NetName=Net1_65 Pin=1-65
Added Pin To Net: NetName=Net1_65 Pin=1-65
Added Pin To Net: NetName=Net1_65 Pin=1-65
Added Pin To Net: NetName=Net1_65 Pin=1-65
Added Pin To Net: NetName=Net1_65 Pin=1-65
Added Pin To Net: NetName=Net1_65 Pin=1-65
Added Pin To Net: NetName=Net1_65 Pin=1-65
Added Pin To Net: NetName=Net1_65 Pin=1-65
Added Pin To Net: NetName=Net1_65 Pin=1-65
Added Pin To Net: NetName=Net1_65 Pin=1-65
Added Pin To Net: NetName=Net1_65 Pin=1-65
Added Pin To Net: NetName=Net1_65 Pin=1-65
Added Pin To Net: NetName=Net1_65 Pin=1-65
Added Pin To Net: NetName=Net1_65 Pin=1-65
Added Pin To Net: NetName=Net1_65 Pin=1-65
Added Pin To Net: NetName=Net1_65 Pin=1-65
Added Pin To Net: NetName=Net1_65 Pin=1-65
Added Pin To Net: NetName=Net1_65 Pin=1-65
Added Pin To Net: NetName=Net1_65 Pin=1-65
Added Pin To Net: NetName=Net1_65 Pin=1-65
Added Pin To Net: NetName=Net1_65 Pin=1-65
Added Pin To Net: NetName=Net1_65 Pin=1-65
Added Pin To Net: NetName=Net1_65 Pin=1-65
Added Pin To Net: NetName=Net1_65 Pin=1-65
Added Pin To Net: NetName=Net1_65 Pin=1-65
Added Pin To Net: NetName=Net1_65 Pin=1-65
Added Pin To Net: NetName=Net1_65 Pin=1-65
Added Pin To Net: NetName=Net1_65 Pin=1-65
Added Pin To Net: NetName=Net1_65 Pin=1-65
Added Pin To Net: NetName=Net1_65 Pin=1-65
Added Pin To Net: NetName=Net1_65 Pin=1-65
Added Pin To Net: NetName=Net1_65 Pin=1-65
Added Pin To Net: NetName=Net1_65 Pin=1-65
Added Pin To Net: NetName=Net1_65 Pin=1-65
Added Pin To Net: NetName=Net1_65 Pin=1-65
Added Pin To Net: NetName=Net1_65 Pin=1-65
Added Pin To Net: NetName=Net1_65 Pin=1-65
Added Pin To Net: NetName=Net1_65 Pin=1-65
Added Pin To Net: NetName=Net1_65 Pin=1-65
Added Pin To Net: NetName=Net1_66 Pin=1-66
Added Pin To Net: NetName=Net1_66 Pin=1-66
Added Pin To Net: NetName=Net1_66 Pin=1-66
Added Pin To Net: NetName=Net1_66 Pin=1-66
Added Pin To Net: NetName=Net1_66 Pin=1-66
Added Pin To Net: NetName=Net1_66 Pin=1-66
Added Pin To Net: NetName=Net1_66 Pin=1-66
Added Pin To Net: NetName=Net1_66 Pin=1-66
Added Pin To Net: NetName=Net1_66 Pin=1-66
Added Pin To Net: NetName=Net1_66 Pin=1-66
Added Pin To Net: NetName=Net1_66 Pin=1-66
Added Pin To Net: NetName=Net1_66 Pin=1-66
Added Pin To Net: NetName=Net1_66 Pin=1-66
Added Pin To Net: NetName=Net1_66 Pin=1-66
Added Pin To Net: NetName=Net1_66 Pin=1-66
Added Pin To Net: NetName=Net1_66 Pin=1-66
Added Pin To Net: NetName=Net1_66 Pin=1-66
Added Pin To Net: NetName=Net1_66 Pin=1-66
Added Pin To Net: NetName=Net1_66 Pin=1-66
Added Pin To Net: NetName=Net1_66 Pin=1-66
Added Pin To Net: NetName=Net1_66 Pin=1-66
Added Pin To Net: NetName=Net1_66 Pin=1-66
Added Pin To Net: NetName=Net1_66 Pin=1-66
Added Pin To Net: NetName=Net1_66 Pin=1-66
Added Pin To Net: NetName=Net1_66 Pin=1-66
Added Pin To Net: NetName=Net1_66 Pin=1-66
Added Pin To Net: NetName=Net1_66 Pin=1-66
Added Pin To Net: NetName=Net1_66 Pin=1-66
Added Pin To Net: NetName=Net1_66 Pin=1-66
Added Pin To Net: NetName=Net1_66 Pin=1-66
Added Pin To Net: NetName=Net1_66 Pin=1-66
Added Pin To Net: NetName=Net1_66 Pin=1-66
Added Pin To Net: NetName=Net1_66 Pin=1-66
Added Pin To Net: NetName=Net1_66 Pin=1-66
Added Pin To Net: NetName=Net1_66 Pin=1-66
Added Pin To Net: NetName=Net1_66 Pin=1-66
Added Pin To Net: NetName=Net1_66 Pin=1-66
Added Pin To Net: NetName=Net1_66 Pin=1-66
Added Pin To Net: NetName=Net1_66 Pin=1-66
Added Pin To Net: NetName=Net1_66 Pin=1-66
Added Pin To Net: NetName=Net1_66 Pin=1-66
Added Pin To Net: NetName=Net1_66 Pin=1-66
Added Pin To Net: NetName=Net1_66 Pin=1-66
Added Pin To Net: NetName=Net1_66 Pin=1-66
Added Pin To Net: NetName=Net1_66 Pin=1-66
Added Pin To Net: NetName=Net1_66 Pin=1-66
Added Pin To Net: NetName=Net1_66 Pin=1-66
Added Pin To Net: NetName=Net1_66 Pin=1-66
Added Pin To Net: NetName=Net1_66 Pin=1-66
Added Pin To Net: NetName=Net1_66 Pin=1-66
Added Pin To Net: NetName=Net1_66 Pin=1-66
Added Pin To Net: NetName=Net1_66 Pin=1-66
Added Pin To Net: NetName=Net1_66 Pin=1-66
Added Pin To Net: NetName=Net1_66 Pin=1-66
Added Pin To Net: NetName=Net1_66 Pin=1-66
Added Pin To Net: NetName=Net1_66 Pin=1-66
Added Pin To Net: NetName=Net1_66 Pin=1-66
Added Pin To Net: NetName=Net1_66 Pin=1-66
Added Pin To Net: NetName=Net1_66 Pin=1-66
Added Pin To Net: NetName=Net1_66 Pin=1-66
Added Pin To Net: NetName=Net1_66 Pin=1-66
Added Pin To Net: NetName=Net1_66 Pin=1-66
Added Pin To Net: NetName=Net1_66 Pin=1-66
Added Pin To Net: NetName=Net1_66 Pin=1-66
Added Pin To Net: NetName=Net1_67 Pin=1-67
Added Pin To Net: NetName=Net1_67 Pin=1-67
Added Pin To Net: NetName=Net1_67 Pin=1-67
Added Pin To Net: NetName=Net1_67 Pin=1-67
Added Pin To Net: NetName=Net1_67 Pin=1-67
Added Pin To Net: NetName=Net1_67 Pin=1-67
Added Pin To Net: NetName=Net1_67 Pin=1-67
Added Pin To Net: NetName=Net1_67 Pin=1-67
Added Pin To Net: NetName=Net1_67 Pin=1-67
Added Pin To Net: NetName=Net1_67 Pin=1-67
Added Pin To Net: NetName=Net1_67 Pin=1-67
Added Pin To Net: NetName=Net1_67 Pin=1-67
Added Pin To Net: NetName=Net1_67 Pin=1-67
Added Pin To Net: NetName=Net1_67 Pin=1-67
Added Pin To Net: NetName=Net1_67 Pin=1-67
Added Pin To Net: NetName=Net1_67 Pin=1-67
Added Pin To Net: NetName=Net1_67 Pin=1-67
Added Pin To Net: NetName=Net1_67 Pin=1-67
Added Pin To Net: NetName=Net1_67 Pin=1-67
Added Pin To Net: NetName=Net1_67 Pin=1-67
Added Pin To Net: NetName=Net1_67 Pin=1-67
Added Pin To Net: NetName=Net1_67 Pin=1-67
Added Pin To Net: NetName=Net1_67 Pin=1-67
Added Pin To Net: NetName=Net1_67 Pin=1-67
Added Pin To Net: NetName=Net1_67 Pin=1-67
Added Pin To Net: NetName=Net1_67 Pin=1-67
Added Pin To Net: NetName=Net1_67 Pin=1-67
Added Pin To Net: NetName=Net1_67 Pin=1-67
Added Pin To Net: NetName=Net1_67 Pin=1-67
Added Pin To Net: NetName=Net1_67 Pin=1-67
Added Pin To Net: NetName=Net1_67 Pin=1-67
Added Pin To Net: NetName=Net1_67 Pin=1-67
Added Pin To Net: NetName=Net1_67 Pin=1-67
Added Pin To Net: NetName=Net1_67 Pin=1-67
Added Pin To Net: NetName=Net1_67 Pin=1-67
Added Pin To Net: NetName=Net1_67 Pin=1-67
Added Pin To Net: NetName=Net1_67 Pin=1-67
Added Pin To Net: NetName=Net1_67 Pin=1-67
Added Pin To Net: NetName=Net1_67 Pin=1-67
Added Pin To Net: NetName=Net1_67 Pin=1-67
Added Pin To Net: NetName=Net1_67 Pin=1-67
Added Pin To Net: NetName=Net1_67 Pin=1-67
Added Pin To Net: NetName=Net1_67 Pin=1-67
Added Pin To Net: NetName=Net1_67 Pin=1-67
Added Pin To Net: NetName=Net1_67 Pin=1-67
Added Pin To Net: NetName=Net1_67 Pin=1-67
Added Pin To Net: NetName=Net1_67 Pin=1-67
Added Pin To Net: NetName=Net1_67 Pin=1-67
Added Pin To Net: NetName=Net1_67 Pin=1-67
Added Pin To Net: NetName=Net1_67 Pin=1-67
Added Pin To Net: NetName=Net1_67 Pin=1-67
Added Pin To Net: NetName=Net1_67 Pin=1-67
Added Pin To Net: NetName=Net1_67 Pin=1-67
Added Pin To Net: NetName=Net1_67 Pin=1-67
Added Pin To Net: NetName=Net1_67 Pin=1-67
Added Pin To Net: NetName=Net1_67 Pin=1-67
Added Pin To Net: NetName=Net1_67 Pin=1-67
Added Pin To Net: NetName=Net1_67 Pin=1-67
Added Pin To Net: NetName=Net1_67 Pin=1-67
Added Pin To Net: NetName=Net1_67 Pin=1-67
Added Pin To Net: NetName=Net1_67 Pin=1-67
Added Pin To Net: NetName=Net1_67 Pin=1-67
Added Pin To Net: NetName=Net1_67 Pin=1-67
Added Pin To Net: NetName=Net1_67 Pin=1-67
Added Pin To Net: NetName=Net1_68 Pin=1-68
Added Pin To Net: NetName=Net1_68 Pin=1-68
Added Pin To Net: NetName=Net1_68 Pin=1-68
Added Pin To Net: NetName=Net1_68 Pin=1-68
Added Pin To Net: NetName=Net1_68 Pin=1-68
Added Pin To Net: NetName=Net1_68 Pin=1-68
Added Pin To Net: NetName=Net1_68 Pin=1-68
Added Pin To Net: NetName=Net1_68 Pin=1-68
Added Pin To Net: NetName=Net1_68 Pin=1-68
Added Pin To Net: NetName=Net1_68 Pin=1-68
Added Pin To Net: NetName=Net1_68 Pin=1-68
Added Pin To Net: NetName=Net1_68 Pin=1-68
Added Pin To Net: NetName=Net1_68 Pin=1-68
Added Pin To Net: NetName=Net1_68 Pin=1-68
Added Pin To Net: NetName=Net1_68 Pin=1-68
Added Pin To Net: NetName=Net1_68 Pin=1-68
Added Pin To Net: NetName=Net1_68 Pin=1-68
Added Pin To Net: NetName=Net1_68 Pin=1-68
Added Pin To Net: NetName=Net1_68 Pin=1-68
Added Pin To Net: NetName=Net1_68 Pin=1-68
Added Pin To Net: NetName=Net1_68 Pin=1-68
Added Pin To Net: NetName=Net1_68 Pin=1-68
Added Pin To Net: NetName=Net1_68 Pin=1-68
Added Pin To Net: NetName=Net1_68 Pin=1-68
Added Pin To Net: NetName=Net1_68 Pin=1-68
Added Pin To Net: NetName=Net1_68 Pin=1-68
Added Pin To Net: NetName=Net1_68 Pin=1-68
Added Pin To Net: NetName=Net1_68 Pin=1-68
Added Pin To Net: NetName=Net1_68 Pin=1-68
Added Pin To Net: NetName=Net1_68 Pin=1-68
Added Pin To Net: NetName=Net1_68 Pin=1-68
Added Pin To Net: NetName=Net1_68 Pin=1-68
Added Pin To Net: NetName=Net1_68 Pin=1-68
Added Pin To Net: NetName=Net1_68 Pin=1-68
Added Pin To Net: NetName=Net1_68 Pin=1-68
Added Pin To Net: NetName=Net1_68 Pin=1-68
Added Pin To Net: NetName=Net1_68 Pin=1-68
Added Pin To Net: NetName=Net1_68 Pin=1-68
Added Pin To Net: NetName=Net1_68 Pin=1-68
Added Pin To Net: NetName=Net1_68 Pin=1-68
Added Pin To Net: NetName=Net1_68 Pin=1-68
Added Pin To Net: NetName=Net1_68 Pin=1-68
Added Pin To Net: NetName=Net1_68 Pin=1-68
Added Pin To Net: NetName=Net1_68 Pin=1-68
Added Pin To Net: NetName=Net1_68 Pin=1-68
Added Pin To Net: NetName=Net1_68 Pin=1-68
Added Pin To Net: NetName=Net1_68 Pin=1-68
Added Pin To Net: NetName=Net1_68 Pin=1-68
Added Pin To Net: NetName=Net1_68 Pin=1-68
Added Pin To Net: NetName=Net1_68 Pin=1-68
Added Pin To Net: NetName=Net1_68 Pin=1-68
Added Pin To Net: NetName=Net1_68 Pin=1-68
Added Pin To Net: NetName=Net1_68 Pin=1-68
Added Pin To Net: NetName=Net1_68 Pin=1-68
Added Pin To Net: NetName=Net1_68 Pin=1-68
Added Pin To Net: NetName=Net1_68 Pin=1-68
Added Pin To Net: NetName=Net1_68 Pin=1-68
Added Pin To Net: NetName=Net1_68 Pin=1-68
Added Pin To Net: NetName=Net1_68 Pin=1-68
Added Pin To Net: NetName=Net1_68 Pin=1-68
Added Pin To Net: NetName=Net1_68 Pin=1-68
Added Pin To Net: NetName=Net1_68 Pin=1-68
Added Pin To Net: NetName=Net1_68 Pin=1-68
Added Pin To Net: NetName=Net1_68 Pin=1-68
Added Pin To Net: NetName=Net1_69 Pin=1-69
Added Pin To Net: NetName=Net1_69 Pin=1-69
Added Pin To Net: NetName=Net1_69 Pin=1-69
Added Pin To Net: NetName=Net1_69 Pin=1-69
Added Pin To Net: NetName=Net1_69 Pin=1-69
Added Pin To Net: NetName=Net1_69 Pin=1-69
Added Pin To Net: NetName=Net1_69 Pin=1-69
Added Pin To Net: NetName=Net1_69 Pin=1-69
Added Pin To Net: NetName=Net1_69 Pin=1-69
Added Pin To Net: NetName=Net1_69 Pin=1-69
Added Pin To Net: NetName=Net1_69 Pin=1-69
Added Pin To Net: NetName=Net1_69 Pin=1-69
Added Pin To Net: NetName=Net1_69 Pin=1-69
Added Pin To Net: NetName=Net1_69 Pin=1-69
Added Pin To Net: NetName=Net1_69 Pin=1-69
Added Pin To Net: NetName=Net1_69 Pin=1-69
Added Pin To Net: NetName=Net1_69 Pin=1-69
Added Pin To Net: NetName=Net1_69 Pin=1-69
Added Pin To Net: NetName=Net1_69 Pin=1-69
Added Pin To Net: NetName=Net1_69 Pin=1-69
Added Pin To Net: NetName=Net1_69 Pin=1-69
Added Pin To Net: NetName=Net1_69 Pin=1-69
Added Pin To Net: NetName=Net1_69 Pin=1-69
Added Pin To Net: NetName=Net1_69 Pin=1-69
Added Pin To Net: NetName=Net1_69 Pin=1-69
Added Pin To Net: NetName=Net1_69 Pin=1-69
Added Pin To Net: NetName=Net1_69 Pin=1-69
Added Pin To Net: NetName=Net1_69 Pin=1-69
Added Pin To Net: NetName=Net1_69 Pin=1-69
Added Pin To Net: NetName=Net1_69 Pin=1-69
Added Pin To Net: NetName=Net1_69 Pin=1-69
Added Pin To Net: NetName=Net1_69 Pin=1-69
Added Pin To Net: NetName=Net1_69 Pin=1-69
Added Pin To Net: NetName=Net1_69 Pin=1-69
Added Pin To Net: NetName=Net1_69 Pin=1-69
Added Pin To Net: NetName=Net1_69 Pin=1-69
Added Pin To Net: NetName=Net1_69 Pin=1-69
Added Pin To Net: NetName=Net1_69 Pin=1-69
Added Pin To Net: NetName=Net1_69 Pin=1-69
Added Pin To Net: NetName=Net1_69 Pin=1-69
Added Pin To Net: NetName=Net1_69 Pin=1-69
Added Pin To Net: NetName=Net1_69 Pin=1-69
Added Pin To Net: NetName=Net1_69 Pin=1-69
Added Pin To Net: NetName=Net1_69 Pin=1-69
Added Pin To Net: NetName=Net1_69 Pin=1-69
Added Pin To Net: NetName=Net1_69 Pin=1-69
Added Pin To Net: NetName=Net1_69 Pin=1-69
Added Pin To Net: NetName=Net1_69 Pin=1-69
Added Pin To Net: NetName=Net1_69 Pin=1-69
Added Pin To Net: NetName=Net1_69 Pin=1-69
Added Pin To Net: NetName=Net1_69 Pin=1-69
Added Pin To Net: NetName=Net1_69 Pin=1-69
Added Pin To Net: NetName=Net1_69 Pin=1-69
Added Pin To Net: NetName=Net1_69 Pin=1-69
Added Pin To Net: NetName=Net1_69 Pin=1-69
Added Pin To Net: NetName=Net1_69 Pin=1-69
Added Pin To Net: NetName=Net1_69 Pin=1-69
Added Pin To Net: NetName=Net1_69 Pin=1-69
Added Pin To Net: NetName=Net1_69 Pin=1-69
Added Pin To Net: NetName=Net1_69 Pin=1-69
Added Pin To Net: NetName=Net1_69 Pin=1-69
Added Pin To Net: NetName=Net1_69 Pin=1-69
Added Pin To Net: NetName=Net1_69 Pin=1-69
Added Pin To Net: NetName=Net1_69 Pin=1-69
Added Pin To Net: NetName=Net1_70 Pin=1-70
Added Pin To Net: NetName=Net1_70 Pin=1-70
Added Pin To Net: NetName=Net1_70 Pin=1-70
Added Pin To Net: NetName=Net1_70 Pin=1-70
Added Pin To Net: NetName=Net1_70 Pin=1-70
Added Pin To Net: NetName=Net1_70 Pin=1-70
Added Pin To Net: NetName=Net1_70 Pin=1-70
Added Pin To Net: NetName=Net1_70 Pin=1-70
Added Pin To Net: NetName=Net1_70 Pin=1-70
Added Pin To Net: NetName=Net1_70 Pin=1-70
Added Pin To Net: NetName=Net1_70 Pin=1-70
Added Pin To Net: NetName=Net1_70 Pin=1-70
Added Pin To Net: NetName=Net1_70 Pin=1-70
Added Pin To Net: NetName=Net1_70 Pin=1-70
Added Pin To Net: NetName=Net1_70 Pin=1-70
Added Pin To Net: NetName=Net1_70 Pin=1-70
Added Pin To Net: NetName=Net1_70 Pin=1-70
Added Pin To Net: NetName=Net1_70 Pin=1-70
Added Pin To Net: NetName=Net1_70 Pin=1-70
Added Pin To Net: NetName=Net1_70 Pin=1-70
Added Pin To Net: NetName=Net1_70 Pin=1-70
Added Pin To Net: NetName=Net1_70 Pin=1-70
Added Pin To Net: NetName=Net1_70 Pin=1-70
Added Pin To Net: NetName=Net1_70 Pin=1-70
Added Pin To Net: NetName=Net1_70 Pin=1-70
Added Pin To Net: NetName=Net1_70 Pin=1-70
Added Pin To Net: NetName=Net1_70 Pin=1-70
Added Pin To Net: NetName=Net1_70 Pin=1-70
Added Pin To Net: NetName=Net1_70 Pin=1-70
Added Pin To Net: NetName=Net1_70 Pin=1-70
Added Pin To Net: NetName=Net1_70 Pin=1-70
Added Pin To Net: NetName=Net1_70 Pin=1-70
Added Pin To Net: NetName=Net1_70 Pin=1-70
Added Pin To Net: NetName=Net1_70 Pin=1-70
Added Pin To Net: NetName=Net1_70 Pin=1-70
Added Pin To Net: NetName=Net1_70 Pin=1-70
Added Pin To Net: NetName=Net1_70 Pin=1-70
Added Pin To Net: NetName=Net1_70 Pin=1-70
Added Pin To Net: NetName=Net1_70 Pin=1-70
Added Pin To Net: NetName=Net1_70 Pin=1-70
Added Pin To Net: NetName=Net1_70 Pin=1-70
Added Pin To Net: NetName=Net1_70 Pin=1-70
Added Pin To Net: NetName=Net1_70 Pin=1-70
Added Pin To Net: NetName=Net1_70 Pin=1-70
Added Pin To Net: NetName=Net1_70 Pin=1-70
Added Pin To Net: NetName=Net1_70 Pin=1-70
Added Pin To Net: NetName=Net1_70 Pin=1-70
Added Pin To Net: NetName=Net1_70 Pin=1-70
Added Pin To Net: NetName=Net1_70 Pin=1-70
Added Pin To Net: NetName=Net1_70 Pin=1-70
Added Pin To Net: NetName=Net1_70 Pin=1-70
Added Pin To Net: NetName=Net1_70 Pin=1-70
Added Pin To Net: NetName=Net1_70 Pin=1-70
Added Pin To Net: NetName=Net1_70 Pin=1-70
Added Pin To Net: NetName=Net1_70 Pin=1-70
Added Pin To Net: NetName=Net1_70 Pin=1-70
Added Pin To Net: NetName=Net1_70 Pin=1-70
Added Pin To Net: NetName=Net1_70 Pin=1-70
Added Pin To Net: NetName=Net1_70 Pin=1-70
Added Pin To Net: NetName=Net1_70 Pin=1-70
Added Pin To Net: NetName=Net1_70 Pin=1-70
Added Pin To Net: NetName=Net1_70 Pin=1-70
Added Pin To Net: NetName=Net1_70 Pin=1-70
Added Pin To Net: NetName=Net1_70 Pin=1-70
Added Pin To Net: NetName=Net1_71 Pin=1-71
Added Pin To Net: NetName=Net1_71 Pin=1-71
Added Pin To Net: NetName=Net1_71 Pin=1-71
Added Pin To Net: NetName=Net1_71 Pin=1-71
Added Pin To Net: NetName=Net1_71 Pin=1-71
Added Pin To Net: NetName=Net1_71 Pin=1-71
Added Pin To Net: NetName=Net1_71 Pin=1-71
Added Pin To Net: NetName=Net1_71 Pin=1-71
Added Pin To Net: NetName=Net1_71 Pin=1-71
Added Pin To Net: NetName=Net1_71 Pin=1-71
Added Pin To Net: NetName=Net1_71 Pin=1-71
Added Pin To Net: NetName=Net1_71 Pin=1-71
Added Pin To Net: NetName=Net1_71 Pin=1-71
Added Pin To Net: NetName=Net1_71 Pin=1-71
Added Pin To Net: NetName=Net1_71 Pin=1-71
Added Pin To Net: NetName=Net1_71 Pin=1-71
Added Pin To Net: NetName=Net1_71 Pin=1-71
Added Pin To Net: NetName=Net1_71 Pin=1-71
Added Pin To Net: NetName=Net1_71 Pin=1-71
Added Pin To Net: NetName=Net1_71 Pin=1-71
Added Pin To Net: NetName=Net1_71 Pin=1-71
Added Pin To Net: NetName=Net1_71 Pin=1-71
Added Pin To Net: NetName=Net1_71 Pin=1-71
Added Pin To Net: NetName=Net1_71 Pin=1-71
Added Pin To Net: NetName=Net1_71 Pin=1-71
Added Pin To Net: NetName=Net1_71 Pin=1-71
Added Pin To Net: NetName=Net1_71 Pin=1-71
Added Pin To Net: NetName=Net1_71 Pin=1-71
Added Pin To Net: NetName=Net1_71 Pin=1-71
Added Pin To Net: NetName=Net1_71 Pin=1-71
Added Pin To Net: NetName=Net1_71 Pin=1-71
Added Pin To Net: NetName=Net1_71 Pin=1-71
Added Pin To Net: NetName=Net1_71 Pin=1-71
Added Pin To Net: NetName=Net1_71 Pin=1-71
Added Pin To Net: NetName=Net1_71 Pin=1-71
Added Pin To Net: NetName=Net1_71 Pin=1-71
Added Pin To Net: NetName=Net1_71 Pin=1-71
Added Pin To Net: NetName=Net1_71 Pin=1-71
Added Pin To Net: NetName=Net1_71 Pin=1-71
Added Pin To Net: NetName=Net1_71 Pin=1-71
Added Pin To Net: NetName=Net1_71 Pin=1-71
Added Pin To Net: NetName=Net1_71 Pin=1-71
Added Pin To Net: NetName=Net1_71 Pin=1-71
Added Pin To Net: NetName=Net1_71 Pin=1-71
Added Pin To Net: NetName=Net1_71 Pin=1-71
Added Pin To Net: NetName=Net1_71 Pin=1-71
Added Pin To Net: NetName=Net1_71 Pin=1-71
Added Pin To Net: NetName=Net1_71 Pin=1-71
Added Pin To Net: NetName=Net1_71 Pin=1-71
Added Pin To Net: NetName=Net1_71 Pin=1-71
Added Pin To Net: NetName=Net1_71 Pin=1-71
Added Pin To Net: NetName=Net1_71 Pin=1-71
Added Pin To Net: NetName=Net1_71 Pin=1-71
Added Pin To Net: NetName=Net1_71 Pin=1-71
Added Pin To Net: NetName=Net1_71 Pin=1-71
Added Pin To Net: NetName=Net1_71 Pin=1-71
Added Pin To Net: NetName=Net1_71 Pin=1-71
Added Pin To Net: NetName=Net1_71 Pin=1-71
Added Pin To Net: NetName=Net1_71 Pin=1-71
Added Pin To Net: NetName=Net1_71 Pin=1-71
Added Pin To Net: NetName=Net1_71 Pin=1-71
Added Pin To Net: NetName=Net1_71 Pin=1-71
Added Pin To Net: NetName=Net1_71 Pin=1-71
Added Pin To Net: NetName=Net1_71 Pin=1-71
Added Pin To Net: NetName=Net1_72 Pin=1-72
Added Pin To Net: NetName=Net1_72 Pin=1-72
Added Pin To Net: NetName=Net1_72 Pin=1-72
Added Pin To Net: NetName=Net1_72 Pin=1-72
Added Pin To Net: NetName=Net1_72 Pin=1-72
Added Pin To Net: NetName=Net1_72 Pin=1-72
Added Pin To Net: NetName=Net1_72 Pin=1-72
Added Pin To Net: NetName=Net1_72 Pin=1-72
Added Pin To Net: NetName=Net1_72 Pin=1-72
Added Pin To Net: NetName=Net1_72 Pin=1-72
Added Pin To Net: NetName=Net1_72 Pin=1-72
Added Pin To Net: NetName=Net1_72 Pin=1-72
Added Pin To Net: NetName=Net1_72 Pin=1-72
Added Pin To Net: NetName=Net1_72 Pin=1-72
Added Pin To Net: NetName=Net1_72 Pin=1-72
Added Pin To Net: NetName=Net1_72 Pin=1-72
Added Pin To Net: NetName=Net1_72 Pin=1-72
Added Pin To Net: NetName=Net1_72 Pin=1-72
Added Pin To Net: NetName=Net1_72 Pin=1-72
Added Pin To Net: NetName=Net1_72 Pin=1-72
Added Pin To Net: NetName=Net1_72 Pin=1-72
Added Pin To Net: NetName=Net1_72 Pin=1-72
Added Pin To Net: NetName=Net1_72 Pin=1-72
Added Pin To Net: NetName=Net1_72 Pin=1-72
Added Pin To Net: NetName=Net1_72 Pin=1-72
Added Pin To Net: NetName=Net1_72 Pin=1-72
Added Pin To Net: NetName=Net1_72 Pin=1-72
Added Pin To Net: NetName=Net1_72 Pin=1-72
Added Pin To Net: NetName=Net1_72 Pin=1-72
Added Pin To Net: NetName=Net1_72 Pin=1-72
Added Pin To Net: NetName=Net1_72 Pin=1-72
Added Pin To Net: NetName=Net1_72 Pin=1-72
Added Pin To Net: NetName=Net1_72 Pin=1-72
Added Pin To Net: NetName=Net1_72 Pin=1-72
Added Pin To Net: NetName=Net1_72 Pin=1-72
Added Pin To Net: NetName=Net1_72 Pin=1-72
Added Pin To Net: NetName=Net1_72 Pin=1-72
Added Pin To Net: NetName=Net1_72 Pin=1-72
Added Pin To Net: NetName=Net1_72 Pin=1-72
Added Pin To Net: NetName=Net1_72 Pin=1-72
Added Pin To Net: NetName=Net1_72 Pin=1-72
Added Pin To Net: NetName=Net1_72 Pin=1-72
Added Pin To Net: NetName=Net1_72 Pin=1-72
Added Pin To Net: NetName=Net1_72 Pin=1-72
Added Pin To Net: NetName=Net1_72 Pin=1-72
Added Pin To Net: NetName=Net1_72 Pin=1-72
Added Pin To Net: NetName=Net1_72 Pin=1-72
Added Pin To Net: NetName=Net1_72 Pin=1-72
Added Pin To Net: NetName=Net1_72 Pin=1-72
Added Pin To Net: NetName=Net1_72 Pin=1-72
Added Pin To Net: NetName=Net1_72 Pin=1-72
Added Pin To Net: NetName=Net1_72 Pin=1-72
Added Pin To Net: NetName=Net1_72 Pin=1-72
Added Pin To Net: NetName=Net1_72 Pin=1-72
Added Pin To Net: NetName=Net1_72 Pin=1-72
Added Pin To Net: NetName=Net1_72 Pin=1-72
Added Pin To Net: NetName=Net1_72 Pin=1-72
Added Pin To Net: NetName=Net1_72 Pin=1-72
Added Pin To Net: NetName=Net1_72 Pin=1-72
Added Pin To Net: NetName=Net1_72 Pin=1-72
Added Pin To Net: NetName=Net1_72 Pin=1-72
Added Pin To Net: NetName=Net1_72 Pin=1-72
Added Pin To Net: NetName=Net1_72 Pin=1-72
Added Pin To Net: NetName=Net1_72 Pin=1-72
Added Pin To Net: NetName=Net1_73 Pin=1-73
Added Pin To Net: NetName=Net1_73 Pin=1-73
Added Pin To Net: NetName=Net1_73 Pin=1-73
Added Pin To Net: NetName=Net1_73 Pin=1-73
Added Pin To Net: NetName=Net1_73 Pin=1-73
Added Pin To Net: NetName=Net1_73 Pin=1-73
Added Pin To Net: NetName=Net1_73 Pin=1-73
Added Pin To Net: NetName=Net1_73 Pin=1-73
Added Pin To Net: NetName=Net1_73 Pin=1-73
Added Pin To Net: NetName=Net1_73 Pin=1-73
Added Pin To Net: NetName=Net1_73 Pin=1-73
Added Pin To Net: NetName=Net1_73 Pin=1-73
Added Pin To Net: NetName=Net1_73 Pin=1-73
Added Pin To Net: NetName=Net1_73 Pin=1-73
Added Pin To Net: NetName=Net1_73 Pin=1-73
Added Pin To Net: NetName=Net1_73 Pin=1-73
Added Pin To Net: NetName=Net1_73 Pin=1-73
Added Pin To Net: NetName=Net1_73 Pin=1-73
Added Pin To Net: NetName=Net1_73 Pin=1-73
Added Pin To Net: NetName=Net1_73 Pin=1-73
Added Pin To Net: NetName=Net1_73 Pin=1-73
Added Pin To Net: NetName=Net1_73 Pin=1-73
Added Pin To Net: NetName=Net1_73 Pin=1-73
Added Pin To Net: NetName=Net1_73 Pin=1-73
Added Pin To Net: NetName=Net1_73 Pin=1-73
Added Pin To Net: NetName=Net1_73 Pin=1-73
Added Pin To Net: NetName=Net1_73 Pin=1-73
Added Pin To Net: NetName=Net1_73 Pin=1-73
Added Pin To Net: NetName=Net1_73 Pin=1-73
Added Pin To Net: NetName=Net1_73 Pin=1-73
Added Pin To Net: NetName=Net1_73 Pin=1-73
Added Pin To Net: NetName=Net1_73 Pin=1-73
Added Pin To Net: NetName=Net1_73 Pin=1-73
Added Pin To Net: NetName=Net1_73 Pin=1-73
Added Pin To Net: NetName=Net1_73 Pin=1-73
Added Pin To Net: NetName=Net1_73 Pin=1-73
Added Pin To Net: NetName=Net1_73 Pin=1-73
Added Pin To Net: NetName=Net1_73 Pin=1-73
Added Pin To Net: NetName=Net1_73 Pin=1-73
Added Pin To Net: NetName=Net1_73 Pin=1-73
Added Pin To Net: NetName=Net1_73 Pin=1-73
Added Pin To Net: NetName=Net1_73 Pin=1-73
Added Pin To Net: NetName=Net1_73 Pin=1-73
Added Pin To Net: NetName=Net1_73 Pin=1-73
Added Pin To Net: NetName=Net1_73 Pin=1-73
Added Pin To Net: NetName=Net1_73 Pin=1-73
Added Pin To Net: NetName=Net1_73 Pin=1-73
Added Pin To Net: NetName=Net1_73 Pin=1-73
Added Pin To Net: NetName=Net1_73 Pin=1-73
Added Pin To Net: NetName=Net1_73 Pin=1-73
Added Pin To Net: NetName=Net1_73 Pin=1-73
Added Pin To Net: NetName=Net1_73 Pin=1-73
Added Pin To Net: NetName=Net1_73 Pin=1-73
Added Pin To Net: NetName=Net1_73 Pin=1-73
Added Pin To Net: NetName=Net1_73 Pin=1-73
Added Pin To Net: NetName=Net1_73 Pin=1-73
Added Pin To Net: NetName=Net1_73 Pin=1-73
Added Pin To Net: NetName=Net1_73 Pin=1-73
Added Pin To Net: NetName=Net1_73 Pin=1-73
Added Pin To Net: NetName=Net1_73 Pin=1-73
Added Pin To Net: NetName=Net1_73 Pin=1-73
Added Pin To Net: NetName=Net1_73 Pin=1-73
Added Pin To Net: NetName=Net1_73 Pin=1-73
Added Pin To Net: NetName=Net1_73 Pin=1-73
Added Pin To Net: NetName=Net1_74 Pin=1-74
Added Pin To Net: NetName=Net1_74 Pin=1-74
Added Pin To Net: NetName=Net1_74 Pin=1-74
Added Pin To Net: NetName=Net1_74 Pin=1-74
Added Pin To Net: NetName=Net1_74 Pin=1-74
Added Pin To Net: NetName=Net1_74 Pin=1-74
Added Pin To Net: NetName=Net1_74 Pin=1-74
Added Pin To Net: NetName=Net1_74 Pin=1-74
Added Pin To Net: NetName=Net1_74 Pin=1-74
Added Pin To Net: NetName=Net1_74 Pin=1-74
Added Pin To Net: NetName=Net1_74 Pin=1-74
Added Pin To Net: NetName=Net1_74 Pin=1-74
Added Pin To Net: NetName=Net1_74 Pin=1-74
Added Pin To Net: NetName=Net1_74 Pin=1-74
Added Pin To Net: NetName=Net1_74 Pin=1-74
Added Pin To Net: NetName=Net1_74 Pin=1-74
Added Pin To Net: NetName=Net1_74 Pin=1-74
Added Pin To Net: NetName=Net1_74 Pin=1-74
Added Pin To Net: NetName=Net1_74 Pin=1-74
Added Pin To Net: NetName=Net1_74 Pin=1-74
Added Pin To Net: NetName=Net1_74 Pin=1-74
Added Pin To Net: NetName=Net1_74 Pin=1-74
Added Pin To Net: NetName=Net1_74 Pin=1-74
Added Pin To Net: NetName=Net1_74 Pin=1-74
Added Pin To Net: NetName=Net1_74 Pin=1-74
Added Pin To Net: NetName=Net1_74 Pin=1-74
Added Pin To Net: NetName=Net1_74 Pin=1-74
Added Pin To Net: NetName=Net1_74 Pin=1-74
Added Pin To Net: NetName=Net1_74 Pin=1-74
Added Pin To Net: NetName=Net1_74 Pin=1-74
Added Pin To Net: NetName=Net1_74 Pin=1-74
Added Pin To Net: NetName=Net1_74 Pin=1-74
Added Pin To Net: NetName=Net1_74 Pin=1-74
Added Pin To Net: NetName=Net1_74 Pin=1-74
Added Pin To Net: NetName=Net1_74 Pin=1-74
Added Pin To Net: NetName=Net1_74 Pin=1-74
Added Pin To Net: NetName=Net1_74 Pin=1-74
Added Pin To Net: NetName=Net1_74 Pin=1-74
Added Pin To Net: NetName=Net1_74 Pin=1-74
Added Pin To Net: NetName=Net1_74 Pin=1-74
Added Pin To Net: NetName=Net1_74 Pin=1-74
Added Pin To Net: NetName=Net1_74 Pin=1-74
Added Pin To Net: NetName=Net1_74 Pin=1-74
Added Pin To Net: NetName=Net1_74 Pin=1-74
Added Pin To Net: NetName=Net1_74 Pin=1-74
Added Pin To Net: NetName=Net1_74 Pin=1-74
Added Pin To Net: NetName=Net1_74 Pin=1-74
Added Pin To Net: NetName=Net1_74 Pin=1-74
Added Pin To Net: NetName=Net1_74 Pin=1-74
Added Pin To Net: NetName=Net1_74 Pin=1-74
Added Pin To Net: NetName=Net1_74 Pin=1-74
Added Pin To Net: NetName=Net1_74 Pin=1-74
Added Pin To Net: NetName=Net1_74 Pin=1-74
Added Pin To Net: NetName=Net1_74 Pin=1-74
Added Pin To Net: NetName=Net1_74 Pin=1-74
Added Pin To Net: NetName=Net1_74 Pin=1-74
Added Pin To Net: NetName=Net1_74 Pin=1-74
Added Pin To Net: NetName=Net1_74 Pin=1-74
Added Pin To Net: NetName=Net1_74 Pin=1-74
Added Pin To Net: NetName=Net1_74 Pin=1-74
Added Pin To Net: NetName=Net1_74 Pin=1-74
Added Pin To Net: NetName=Net1_74 Pin=1-74
Added Pin To Net: NetName=Net1_74 Pin=1-74
Added Pin To Net: NetName=Net1_74 Pin=1-74
Added Pin To Net: NetName=Net1_75 Pin=1-75
Added Pin To Net: NetName=Net1_75 Pin=1-75
Added Pin To Net: NetName=Net1_75 Pin=1-75
Added Pin To Net: NetName=Net1_75 Pin=1-75
Added Pin To Net: NetName=Net1_75 Pin=1-75
Added Pin To Net: NetName=Net1_75 Pin=1-75
Added Pin To Net: NetName=Net1_75 Pin=1-75
Added Pin To Net: NetName=Net1_75 Pin=1-75
Added Pin To Net: NetName=Net1_75 Pin=1-75
Added Pin To Net: NetName=Net1_75 Pin=1-75
Added Pin To Net: NetName=Net1_75 Pin=1-75
Added Pin To Net: NetName=Net1_75 Pin=1-75
Added Pin To Net: NetName=Net1_75 Pin=1-75
Added Pin To Net: NetName=Net1_75 Pin=1-75
Added Pin To Net: NetName=Net1_75 Pin=1-75
Added Pin To Net: NetName=Net1_75 Pin=1-75
Added Pin To Net: NetName=Net1_75 Pin=1-75
Added Pin To Net: NetName=Net1_75 Pin=1-75
Added Pin To Net: NetName=Net1_75 Pin=1-75
Added Pin To Net: NetName=Net1_75 Pin=1-75
Added Pin To Net: NetName=Net1_75 Pin=1-75
Added Pin To Net: NetName=Net1_75 Pin=1-75
Added Pin To Net: NetName=Net1_75 Pin=1-75
Added Pin To Net: NetName=Net1_75 Pin=1-75
Added Pin To Net: NetName=Net1_75 Pin=1-75
Added Pin To Net: NetName=Net1_75 Pin=1-75
Added Pin To Net: NetName=Net1_75 Pin=1-75
Added Pin To Net: NetName=Net1_75 Pin=1-75
Added Pin To Net: NetName=Net1_75 Pin=1-75
Added Pin To Net: NetName=Net1_75 Pin=1-75
Added Pin To Net: NetName=Net1_75 Pin=1-75
Added Pin To Net: NetName=Net1_75 Pin=1-75
Added Pin To Net: NetName=Net1_75 Pin=1-75
Added Pin To Net: NetName=Net1_75 Pin=1-75
Added Pin To Net: NetName=Net1_75 Pin=1-75
Added Pin To Net: NetName=Net1_75 Pin=1-75
Added Pin To Net: NetName=Net1_75 Pin=1-75
Added Pin To Net: NetName=Net1_75 Pin=1-75
Added Pin To Net: NetName=Net1_75 Pin=1-75
Added Pin To Net: NetName=Net1_75 Pin=1-75
Added Pin To Net: NetName=Net1_75 Pin=1-75
Added Pin To Net: NetName=Net1_75 Pin=1-75
Added Pin To Net: NetName=Net1_75 Pin=1-75
Added Pin To Net: NetName=Net1_75 Pin=1-75
Added Pin To Net: NetName=Net1_75 Pin=1-75
Added Pin To Net: NetName=Net1_75 Pin=1-75
Added Pin To Net: NetName=Net1_75 Pin=1-75
Added Pin To Net: NetName=Net1_75 Pin=1-75
Added Pin To Net: NetName=Net1_75 Pin=1-75
Added Pin To Net: NetName=Net1_75 Pin=1-75
Added Pin To Net: NetName=Net1_75 Pin=1-75
Added Pin To Net: NetName=Net1_75 Pin=1-75
Added Pin To Net: NetName=Net1_75 Pin=1-75
Added Pin To Net: NetName=Net1_75 Pin=1-75
Added Pin To Net: NetName=Net1_75 Pin=1-75
Added Pin To Net: NetName=Net1_75 Pin=1-75
Added Pin To Net: NetName=Net1_75 Pin=1-75
Added Pin To Net: NetName=Net1_75 Pin=1-75
Added Pin To Net: NetName=Net1_75 Pin=1-75
Added Pin To Net: NetName=Net1_75 Pin=1-75
Added Pin To Net: NetName=Net1_75 Pin=1-75
Added Pin To Net: NetName=Net1_75 Pin=1-75
Added Pin To Net: NetName=Net1_75 Pin=1-75
Added Pin To Net: NetName=Net1_75 Pin=1-75
Added Pin To Net: NetName=Net1_76 Pin=1-76
Added Pin To Net: NetName=Net1_76 Pin=1-76
Added Pin To Net: NetName=Net1_76 Pin=1-76
Added Pin To Net: NetName=Net1_76 Pin=1-76
Added Pin To Net: NetName=Net1_76 Pin=1-76
Added Pin To Net: NetName=Net1_76 Pin=1-76
Added Pin To Net: NetName=Net1_76 Pin=1-76
Added Pin To Net: NetName=Net1_76 Pin=1-76
Added Pin To Net: NetName=Net1_76 Pin=1-76
Added Pin To Net: NetName=Net1_76 Pin=1-76
Added Pin To Net: NetName=Net1_76 Pin=1-76
Added Pin To Net: NetName=Net1_76 Pin=1-76
Added Pin To Net: NetName=Net1_76 Pin=1-76
Added Pin To Net: NetName=Net1_76 Pin=1-76
Added Pin To Net: NetName=Net1_76 Pin=1-76
Added Pin To Net: NetName=Net1_76 Pin=1-76
Added Pin To Net: NetName=Net1_76 Pin=1-76
Added Pin To Net: NetName=Net1_76 Pin=1-76
Added Pin To Net: NetName=Net1_76 Pin=1-76
Added Pin To Net: NetName=Net1_76 Pin=1-76
Added Pin To Net: NetName=Net1_76 Pin=1-76
Added Pin To Net: NetName=Net1_76 Pin=1-76
Added Pin To Net: NetName=Net1_76 Pin=1-76
Added Pin To Net: NetName=Net1_76 Pin=1-76
Added Pin To Net: NetName=Net1_76 Pin=1-76
Added Pin To Net: NetName=Net1_76 Pin=1-76
Added Pin To Net: NetName=Net1_76 Pin=1-76
Added Pin To Net: NetName=Net1_76 Pin=1-76
Added Pin To Net: NetName=Net1_76 Pin=1-76
Added Pin To Net: NetName=Net1_76 Pin=1-76
Added Pin To Net: NetName=Net1_76 Pin=1-76
Added Pin To Net: NetName=Net1_76 Pin=1-76
Added Pin To Net: NetName=Net1_76 Pin=1-76
Added Pin To Net: NetName=Net1_76 Pin=1-76
Added Pin To Net: NetName=Net1_76 Pin=1-76
Added Pin To Net: NetName=Net1_76 Pin=1-76
Added Pin To Net: NetName=Net1_76 Pin=1-76
Added Pin To Net: NetName=Net1_76 Pin=1-76
Added Pin To Net: NetName=Net1_76 Pin=1-76
Added Pin To Net: NetName=Net1_76 Pin=1-76
Added Pin To Net: NetName=Net1_76 Pin=1-76
Added Pin To Net: NetName=Net1_76 Pin=1-76
Added Pin To Net: NetName=Net1_76 Pin=1-76
Added Pin To Net: NetName=Net1_76 Pin=1-76
Added Pin To Net: NetName=Net1_76 Pin=1-76
Added Pin To Net: NetName=Net1_76 Pin=1-76
Added Pin To Net: NetName=Net1_76 Pin=1-76
Added Pin To Net: NetName=Net1_76 Pin=1-76
Added Pin To Net: NetName=Net1_76 Pin=1-76
Added Pin To Net: NetName=Net1_76 Pin=1-76
Added Pin To Net: NetName=Net1_76 Pin=1-76
Added Pin To Net: NetName=Net1_76 Pin=1-76
Added Pin To Net: NetName=Net1_76 Pin=1-76
Added Pin To Net: NetName=Net1_76 Pin=1-76
Added Pin To Net: NetName=Net1_76 Pin=1-76
Added Pin To Net: NetName=Net1_76 Pin=1-76
Added Pin To Net: NetName=Net1_76 Pin=1-76
Added Pin To Net: NetName=Net1_76 Pin=1-76
Added Pin To Net: NetName=Net1_76 Pin=1-76
Added Pin To Net: NetName=Net1_76 Pin=1-76
Added Pin To Net: NetName=Net1_76 Pin=1-76
Added Pin To Net: NetName=Net1_76 Pin=1-76
Added Pin To Net: NetName=Net1_76 Pin=1-76
Added Pin To Net: NetName=Net1_76 Pin=1-76
Added Pin To Net: NetName=Net1_77 Pin=1-77
Added Pin To Net: NetName=Net1_77 Pin=1-77
Added Pin To Net: NetName=Net1_77 Pin=1-77
Added Pin To Net: NetName=Net1_77 Pin=1-77
Added Pin To Net: NetName=Net1_77 Pin=1-77
Added Pin To Net: NetName=Net1_77 Pin=1-77
Added Pin To Net: NetName=Net1_77 Pin=1-77
Added Pin To Net: NetName=Net1_77 Pin=1-77
Added Pin To Net: NetName=Net1_77 Pin=1-77
Added Pin To Net: NetName=Net1_77 Pin=1-77
Added Pin To Net: NetName=Net1_77 Pin=1-77
Added Pin To Net: NetName=Net1_77 Pin=1-77
Added Pin To Net: NetName=Net1_77 Pin=1-77
Added Pin To Net: NetName=Net1_77 Pin=1-77
Added Pin To Net: NetName=Net1_77 Pin=1-77
Added Pin To Net: NetName=Net1_77 Pin=1-77
Added Pin To Net: NetName=Net1_77 Pin=1-77
Added Pin To Net: NetName=Net1_77 Pin=1-77
Added Pin To Net: NetName=Net1_77 Pin=1-77
Added Pin To Net: NetName=Net1_77 Pin=1-77
Added Pin To Net: NetName=Net1_77 Pin=1-77
Added Pin To Net: NetName=Net1_77 Pin=1-77
Added Pin To Net: NetName=Net1_77 Pin=1-77
Added Pin To Net: NetName=Net1_77 Pin=1-77
Added Pin To Net: NetName=Net1_77 Pin=1-77
Added Pin To Net: NetName=Net1_77 Pin=1-77
Added Pin To Net: NetName=Net1_77 Pin=1-77
Added Pin To Net: NetName=Net1_77 Pin=1-77
Added Pin To Net: NetName=Net1_77 Pin=1-77
Added Pin To Net: NetName=Net1_77 Pin=1-77
Added Pin To Net: NetName=Net1_77 Pin=1-77
Added Pin To Net: NetName=Net1_77 Pin=1-77
Added Pin To Net: NetName=Net1_77 Pin=1-77
Added Pin To Net: NetName=Net1_77 Pin=1-77
Added Pin To Net: NetName=Net1_77 Pin=1-77
Added Pin To Net: NetName=Net1_77 Pin=1-77
Added Pin To Net: NetName=Net1_77 Pin=1-77
Added Pin To Net: NetName=Net1_77 Pin=1-77
Added Pin To Net: NetName=Net1_77 Pin=1-77
Added Pin To Net: NetName=Net1_77 Pin=1-77
Added Pin To Net: NetName=Net1_77 Pin=1-77
Added Pin To Net: NetName=Net1_77 Pin=1-77
Added Pin To Net: NetName=Net1_77 Pin=1-77
Added Pin To Net: NetName=Net1_77 Pin=1-77
Added Pin To Net: NetName=Net1_77 Pin=1-77
Added Pin To Net: NetName=Net1_77 Pin=1-77
Added Pin To Net: NetName=Net1_77 Pin=1-77
Added Pin To Net: NetName=Net1_77 Pin=1-77
Added Pin To Net: NetName=Net1_77 Pin=1-77
Added Pin To Net: NetName=Net1_77 Pin=1-77
Added Pin To Net: NetName=Net1_77 Pin=1-77
Added Pin To Net: NetName=Net1_77 Pin=1-77
Added Pin To Net: NetName=Net1_77 Pin=1-77
Added Pin To Net: NetName=Net1_77 Pin=1-77
Added Pin To Net: NetName=Net1_77 Pin=1-77
Added Pin To Net: NetName=Net1_77 Pin=1-77
Added Pin To Net: NetName=Net1_77 Pin=1-77
Added Pin To Net: NetName=Net1_77 Pin=1-77
Added Pin To Net: NetName=Net1_77 Pin=1-77
Added Pin To Net: NetName=Net1_77 Pin=1-77
Added Pin To Net: NetName=Net1_77 Pin=1-77
Added Pin To Net: NetName=Net1_77 Pin=1-77
Added Pin To Net: NetName=Net1_77 Pin=1-77
Added Pin To Net: NetName=Net1_77 Pin=1-77
Added Pin To Net: NetName=Net1_78 Pin=1-78
Added Pin To Net: NetName=Net1_78 Pin=1-78
Added Pin To Net: NetName=Net1_78 Pin=1-78
Added Pin To Net: NetName=Net1_78 Pin=1-78
Added Pin To Net: NetName=Net1_78 Pin=1-78
Added Pin To Net: NetName=Net1_78 Pin=1-78
Added Pin To Net: NetName=Net1_78 Pin=1-78
Added Pin To Net: NetName=Net1_78 Pin=1-78
Added Pin To Net: NetName=Net1_78 Pin=1-78
Added Pin To Net: NetName=Net1_78 Pin=1-78
Added Pin To Net: NetName=Net1_78 Pin=1-78
Added Pin To Net: NetName=Net1_78 Pin=1-78
Added Pin To Net: NetName=Net1_78 Pin=1-78
Added Pin To Net: NetName=Net1_78 Pin=1-78
Added Pin To Net: NetName=Net1_78 Pin=1-78
Added Pin To Net: NetName=Net1_78 Pin=1-78
Added Pin To Net: NetName=Net1_78 Pin=1-78
Added Pin To Net: NetName=Net1_78 Pin=1-78
Added Pin To Net: NetName=Net1_78 Pin=1-78
Added Pin To Net: NetName=Net1_78 Pin=1-78
Added Pin To Net: NetName=Net1_78 Pin=1-78
Added Pin To Net: NetName=Net1_78 Pin=1-78
Added Pin To Net: NetName=Net1_78 Pin=1-78
Added Pin To Net: NetName=Net1_78 Pin=1-78
Added Pin To Net: NetName=Net1_78 Pin=1-78
Added Pin To Net: NetName=Net1_78 Pin=1-78
Added Pin To Net: NetName=Net1_78 Pin=1-78
Added Pin To Net: NetName=Net1_78 Pin=1-78
Added Pin To Net: NetName=Net1_78 Pin=1-78
Added Pin To Net: NetName=Net1_78 Pin=1-78
Added Pin To Net: NetName=Net1_78 Pin=1-78
Added Pin To Net: NetName=Net1_78 Pin=1-78
Added Pin To Net: NetName=Net1_78 Pin=1-78
Added Pin To Net: NetName=Net1_78 Pin=1-78
Added Pin To Net: NetName=Net1_78 Pin=1-78
Added Pin To Net: NetName=Net1_78 Pin=1-78
Added Pin To Net: NetName=Net1_78 Pin=1-78
Added Pin To Net: NetName=Net1_78 Pin=1-78
Added Pin To Net: NetName=Net1_78 Pin=1-78
Added Pin To Net: NetName=Net1_78 Pin=1-78
Added Pin To Net: NetName=Net1_78 Pin=1-78
Added Pin To Net: NetName=Net1_78 Pin=1-78
Added Pin To Net: NetName=Net1_78 Pin=1-78
Added Pin To Net: NetName=Net1_78 Pin=1-78
Added Pin To Net: NetName=Net1_78 Pin=1-78
Added Pin To Net: NetName=Net1_78 Pin=1-78
Added Pin To Net: NetName=Net1_78 Pin=1-78
Added Pin To Net: NetName=Net1_78 Pin=1-78
Added Pin To Net: NetName=Net1_78 Pin=1-78
Added Pin To Net: NetName=Net1_78 Pin=1-78
Added Pin To Net: NetName=Net1_78 Pin=1-78
Added Pin To Net: NetName=Net1_78 Pin=1-78
Added Pin To Net: NetName=Net1_78 Pin=1-78
Added Pin To Net: NetName=Net1_78 Pin=1-78
Added Pin To Net: NetName=Net1_78 Pin=1-78
Added Pin To Net: NetName=Net1_78 Pin=1-78
Added Pin To Net: NetName=Net1_78 Pin=1-78
Added Pin To Net: NetName=Net1_78 Pin=1-78
Added Pin To Net: NetName=Net1_78 Pin=1-78
Added Pin To Net: NetName=Net1_78 Pin=1-78
Added Pin To Net: NetName=Net1_78 Pin=1-78
Added Pin To Net: NetName=Net1_78 Pin=1-78
Added Pin To Net: NetName=Net1_78 Pin=1-78
Added Pin To Net: NetName=Net1_78 Pin=1-78
Added Pin To Net: NetName=Net1_79 Pin=1-79
Added Pin To Net: NetName=Net1_79 Pin=1-79
Added Pin To Net: NetName=Net1_79 Pin=1-79
Added Pin To Net: NetName=Net1_79 Pin=1-79
Added Pin To Net: NetName=Net1_79 Pin=1-79
Added Pin To Net: NetName=Net1_79 Pin=1-79
Added Pin To Net: NetName=Net1_79 Pin=1-79
Added Pin To Net: NetName=Net1_79 Pin=1-79
Added Pin To Net: NetName=Net1_79 Pin=1-79
Added Pin To Net: NetName=Net1_79 Pin=1-79
Added Pin To Net: NetName=Net1_79 Pin=1-79
Added Pin To Net: NetName=Net1_79 Pin=1-79
Added Pin To Net: NetName=Net1_79 Pin=1-79
Added Pin To Net: NetName=Net1_79 Pin=1-79
Added Pin To Net: NetName=Net1_79 Pin=1-79
Added Pin To Net: NetName=Net1_79 Pin=1-79
Added Pin To Net: NetName=Net1_79 Pin=1-79
Added Pin To Net: NetName=Net1_79 Pin=1-79
Added Pin To Net: NetName=Net1_79 Pin=1-79
Added Pin To Net: NetName=Net1_79 Pin=1-79
Added Pin To Net: NetName=Net1_79 Pin=1-79
Added Pin To Net: NetName=Net1_79 Pin=1-79
Added Pin To Net: NetName=Net1_79 Pin=1-79
Added Pin To Net: NetName=Net1_79 Pin=1-79
Added Pin To Net: NetName=Net1_79 Pin=1-79
Added Pin To Net: NetName=Net1_79 Pin=1-79
Added Pin To Net: NetName=Net1_79 Pin=1-79
Added Pin To Net: NetName=Net1_79 Pin=1-79
Added Pin To Net: NetName=Net1_79 Pin=1-79
Added Pin To Net: NetName=Net1_79 Pin=1-79
Added Pin To Net: NetName=Net1_79 Pin=1-79
Added Pin To Net: NetName=Net1_79 Pin=1-79
Added Pin To Net: NetName=Net1_79 Pin=1-79
Added Pin To Net: NetName=Net1_79 Pin=1-79
Added Pin To Net: NetName=Net1_79 Pin=1-79
Added Pin To Net: NetName=Net1_79 Pin=1-79
Added Pin To Net: NetName=Net1_79 Pin=1-79
Added Pin To Net: NetName=Net1_79 Pin=1-79
Added Pin To Net: NetName=Net1_79 Pin=1-79
Added Pin To Net: NetName=Net1_79 Pin=1-79
Added Pin To Net: NetName=Net1_79 Pin=1-79
Added Pin To Net: NetName=Net1_79 Pin=1-79
Added Pin To Net: NetName=Net1_79 Pin=1-79
Added Pin To Net: NetName=Net1_79 Pin=1-79
Added Pin To Net: NetName=Net1_79 Pin=1-79
Added Pin To Net: NetName=Net1_79 Pin=1-79
Added Pin To Net: NetName=Net1_79 Pin=1-79
Added Pin To Net: NetName=Net1_79 Pin=1-79
Added Pin To Net: NetName=Net1_79 Pin=1-79
Added Pin To Net: NetName=Net1_79 Pin=1-79
Added Pin To Net: NetName=Net1_79 Pin=1-79
Added Pin To Net: NetName=Net1_79 Pin=1-79
Added Pin To Net: NetName=Net1_79 Pin=1-79
Added Pin To Net: NetName=Net1_79 Pin=1-79
Added Pin To Net: NetName=Net1_79 Pin=1-79
Added Pin To Net: NetName=Net1_79 Pin=1-79
Added Pin To Net: NetName=Net1_79 Pin=1-79
Added Pin To Net: NetName=Net1_79 Pin=1-79
Added Pin To Net: NetName=Net1_79 Pin=1-79
Added Pin To Net: NetName=Net1_79 Pin=1-79
Added Pin To Net: NetName=Net1_79 Pin=1-79
Added Pin To Net: NetName=Net1_79 Pin=1-79
Added Pin To Net: NetName=Net1_79 Pin=1-79
Added Pin To Net: NetName=Net1_79 Pin=1-79
Added Pin To Net: NetName=Net1_80 Pin=1-80
Added Pin To Net: NetName=Net1_80 Pin=1-80
Added Pin To Net: NetName=Net1_80 Pin=1-80
Added Pin To Net: NetName=Net1_80 Pin=1-80
Added Pin To Net: NetName=Net1_80 Pin=1-80
Added Pin To Net: NetName=Net1_80 Pin=1-80
Added Pin To Net: NetName=Net1_80 Pin=1-80
Added Pin To Net: NetName=Net1_80 Pin=1-80
Added Pin To Net: NetName=Net1_80 Pin=1-80
Added Pin To Net: NetName=Net1_80 Pin=1-80
Added Pin To Net: NetName=Net1_80 Pin=1-80
Added Pin To Net: NetName=Net1_80 Pin=1-80
Added Pin To Net: NetName=Net1_80 Pin=1-80
Added Pin To Net: NetName=Net1_80 Pin=1-80
Added Pin To Net: NetName=Net1_80 Pin=1-80
Added Pin To Net: NetName=Net1_80 Pin=1-80
Added Pin To Net: NetName=Net1_80 Pin=1-80
Added Pin To Net: NetName=Net1_80 Pin=1-80
Added Pin To Net: NetName=Net1_80 Pin=1-80
Added Pin To Net: NetName=Net1_80 Pin=1-80
Added Pin To Net: NetName=Net1_80 Pin=1-80
Added Pin To Net: NetName=Net1_80 Pin=1-80
Added Pin To Net: NetName=Net1_80 Pin=1-80
Added Pin To Net: NetName=Net1_80 Pin=1-80
Added Pin To Net: NetName=Net1_80 Pin=1-80
Added Pin To Net: NetName=Net1_80 Pin=1-80
Added Pin To Net: NetName=Net1_80 Pin=1-80
Added Pin To Net: NetName=Net1_80 Pin=1-80
Added Pin To Net: NetName=Net1_80 Pin=1-80
Added Pin To Net: NetName=Net1_80 Pin=1-80
Added Pin To Net: NetName=Net1_80 Pin=1-80
Added Pin To Net: NetName=Net1_80 Pin=1-80
Added Pin To Net: NetName=Net1_80 Pin=1-80
Added Pin To Net: NetName=Net1_80 Pin=1-80
Added Pin To Net: NetName=Net1_80 Pin=1-80
Added Pin To Net: NetName=Net1_80 Pin=1-80
Added Pin To Net: NetName=Net1_80 Pin=1-80
Added Pin To Net: NetName=Net1_80 Pin=1-80
Added Pin To Net: NetName=Net1_80 Pin=1-80
Added Pin To Net: NetName=Net1_80 Pin=1-80
Added Pin To Net: NetName=Net1_80 Pin=1-80
Added Pin To Net: NetName=Net1_80 Pin=1-80
Added Pin To Net: NetName=Net1_80 Pin=1-80
Added Pin To Net: NetName=Net1_80 Pin=1-80
Added Pin To Net: NetName=Net1_80 Pin=1-80
Added Pin To Net: NetName=Net1_80 Pin=1-80
Added Pin To Net: NetName=Net1_80 Pin=1-80
Added Pin To Net: NetName=Net1_80 Pin=1-80
Added Pin To Net: NetName=Net1_80 Pin=1-80
Added Pin To Net: NetName=Net1_80 Pin=1-80
Added Pin To Net: NetName=Net1_80 Pin=1-80
Added Pin To Net: NetName=Net1_80 Pin=1-80
Added Pin To Net: NetName=Net1_80 Pin=1-80
Added Pin To Net: NetName=Net1_80 Pin=1-80
Added Pin To Net: NetName=Net1_80 Pin=1-80
Added Pin To Net: NetName=Net1_80 Pin=1-80
Added Pin To Net: NetName=Net1_80 Pin=1-80
Added Pin To Net: NetName=Net1_80 Pin=1-80
Added Pin To Net: NetName=Net1_80 Pin=1-80
Added Pin To Net: NetName=Net1_80 Pin=1-80
Added Pin To Net: NetName=Net1_80 Pin=1-80
Added Pin To Net: NetName=Net1_80 Pin=1-80
Added Pin To Net: NetName=Net1_80 Pin=1-80
Added Pin To Net: NetName=Net1_80 Pin=1-80
Added Pin To Net: NetName=Net1_96 Pin=R1-1
Added Pin To Net: NetName=Net1_1 Pin=R1-2
Added Pin To Net: NetName=Net1_95 Pin=R2-1
Added Pin To Net: NetName=Net1_2 Pin=R2-2
Added Pin To Net: NetName=Net1_94 Pin=R3-1
Added Pin To Net: NetName=Net1_3 Pin=R3-2
Added Pin To Net: NetName=Net1_93 Pin=R4-1
Added Pin To Net: NetName=Net1_4 Pin=R4-2
Added Pin To Net: NetName=Net1_92 Pin=R5-1
Added Pin To Net: NetName=Net1_5 Pin=R5-2
Added Pin To Net: NetName=Net1_91 Pin=R6-1
Added Pin To Net: NetName=Net1_6 Pin=R6-2
Added Pin To Net: NetName=Net1_90 Pin=R7-1
Added Pin To Net: NetName=Net1_7 Pin=R7-2
Added Pin To Net: NetName=Net1_89 Pin=R8-1
Added Pin To Net: NetName=Net1_8 Pin=R8-2
Added Pin To Net: NetName=Net1_88 Pin=R9-1
Added Pin To Net: NetName=Net1_9 Pin=R9-2
Added Pin To Net: NetName=Net1_87 Pin=R10-1
Added Pin To Net: NetName=Net1_10 Pin=R10-2
Added Pin To Net: NetName=Net1_86 Pin=R11-1
Added Pin To Net: NetName=Net1_11 Pin=R11-2
Added Pin To Net: NetName=Net1_85 Pin=R12-1
Added Pin To Net: NetName=Net1_12 Pin=R12-2
Added Pin To Net: NetName=Net1_84 Pin=R13-1
Added Pin To Net: NetName=Net1_45 Pin=R13-2
Added Pin To Net: NetName=Net1_83 Pin=R14-1
Added Pin To Net: NetName=Net1_46 Pin=R14-2
Added Pin To Net: NetName=Net1_82 Pin=R15-1
Added Pin To Net: NetName=Net1_47 Pin=R15-2
Added Pin To Net: NetName=Net1_81 Pin=R16-1
Added Pin To Net: NetName=Net1_48 Pin=R16-2
Added Pin To Net: NetName=Net1_80 Pin=R17-1
Added Pin To Net: NetName=Net1_49 Pin=R17-2
Added Pin To Net: NetName=Net1_79 Pin=R18-1
Added Pin To Net: NetName=Net1_50 Pin=R18-2
Added Pin To Net: NetName=Net1_78 Pin=R19-1
Added Pin To Net: NetName=Net1_51 Pin=R19-2
Added Pin To Net: NetName=Net1_77 Pin=R20-1
Added Pin To Net: NetName=Net1_52 Pin=R20-2
Added Pin To Net: NetName=Net1_76 Pin=R21-1
Added Pin To Net: NetName=Net1_53 Pin=R21-2
Added Pin To Net: NetName=Net1_75 Pin=R22-1
Added Pin To Net: NetName=Net1_54 Pin=R22-2
Added Pin To Net: NetName=Net1_74 Pin=R23-1
Added Pin To Net: NetName=Net1_55 Pin=R23-2
Added Pin To Net: NetName=Net1_73 Pin=R24-1
Added Pin To Net: NetName=Net1_56 Pin=R24-2
Added Pin To Net: NetName=Net1_72 Pin=R25-1
Added Pin To Net: NetName=Net1_57 Pin=R25-2
Added Pin To Net: NetName=Net1_71 Pin=R26-1
Added Pin To Net: NetName=Net1_58 Pin=R26-2
Added Pin To Net: NetName=Net1_70 Pin=R27-1
Added Pin To Net: NetName=Net1_59 Pin=R27-2
Added Pin To Net: NetName=Net1_69 Pin=R28-1
Added Pin To Net: NetName=Net1_60 Pin=R28-2
Added Pin To Net: NetName=Net1_68 Pin=R29-1
Added Pin To Net: NetName=Net1_61 Pin=R29-2
Added Pin To Net: NetName=Net1_67 Pin=R30-1
Added Pin To Net: NetName=Net1_62 Pin=R30-2
Added Pin To Net: NetName=Net1_66 Pin=R31-1
Added Pin To Net: NetName=Net1_63 Pin=R31-2
Added Pin To Net: NetName=Net1_65 Pin=R32-1
Added Pin To Net: NetName=Net1_64 Pin=R32-2
Added Member To Class: ClassName=FFT_IFFT Member=Component 1 LED_3264
Added Member To Class: ClassName=FFT_IFFT Member=Component R1 470R
Added Member To Class: ClassName=FFT_IFFT Member=Component R2 30K
Added Member To Class: ClassName=FFT_IFFT Member=Component R3 30K
Added Member To Class: ClassName=FFT_IFFT Member=Component R4 30K
Added Member To Class: ClassName=FFT_IFFT Member=Component R5 30K
Added Member To Class: ClassName=FFT_IFFT Member=Component R6 30K
Added Member To Class: ClassName=FFT_IFFT Member=Component R7 30K
Added Member To Class: ClassName=FFT_IFFT Member=Component R8 30K
Added Member To Class: ClassName=FFT_IFFT Member=Component R9 30K
Added Member To Class: ClassName=FFT_IFFT Member=Component R10 30K
Added Member To Class: ClassName=FFT_IFFT Member=Component R11 30K
Added Member To Class: ClassName=FFT_IFFT Member=Component R12 30K
Added Member To Class: ClassName=FFT_IFFT Member=Component R13 30K
Added Member To Class: ClassName=FFT_IFFT Member=Component R14 30K
Added Member To Class: ClassName=FFT_IFFT Member=Component R15 30K
Added Member To Class: ClassName=FFT_IFFT Member=Component R16 30K
Added Member To Class: ClassName=FFT_IFFT Member=Component R17 30K
Added Member To Class: ClassName=FFT_IFFT Member=Component R18 30K
Added Member To Class: ClassName=FFT_IFFT Member=Component R19 30K
Added Member To Class: ClassName=FFT_IFFT Member=Component R20 30K
Added Member To Class: ClassName=FFT_IFFT Member=Component R21 30K
Added Member To Class: ClassName=FFT_IFFT Member=Component R22 30K
Added Member To Class: ClassName=FFT_IFFT Member=Component R23 30K
Added Member To Class: ClassName=FFT_IFFT Member=Component R24 30K
Added Member To Class: ClassName=FFT_IFFT Member=Component R25 30K
Added Member To Class: ClassName=FFT_IFFT Member=Component R26 30K
Added Member To Class: ClassName=FFT_IFFT Member=Component R27 30K
Added Member To Class: ClassName=FFT_IFFT Member=Component R28 30K
Added Member To Class: ClassName=FFT_IFFT Member=Component R29 30K
Added Member To Class: ClassName=FFT_IFFT Member=Component R30 30K
Added Member To Class: ClassName=FFT_IFFT Member=Component R31 30K
Added Room: Name=FFT_IFFT
