Added Component: Designator=*(LED_3264)
Added Component: Designator=R?(1206)
Added Pin To Net: NetName=Net*_60 Pin=*-60
Added Pin To Net: NetName=Net*_60 Pin=*-60
Added Pin To Net: NetName=Net*_60 Pin=*-60
Added Pin To Net: NetName=Net*_60 Pin=*-60
Added Pin To Net: NetName=Net*_60 Pin=*-60
Added Pin To Net: NetName=Net*_60 Pin=*-60
Added Pin To Net: NetName=Net*_60 Pin=*-60
Added Pin To Net: NetName=Net*_60 Pin=*-60
Added Pin To Net: NetName=Net*_60 Pin=*-60
Added Pin To Net: NetName=Net*_60 Pin=*-60
Added Pin To Net: NetName=Net*_60 Pin=*-60
Added Pin To Net: NetName=Net*_60 Pin=*-60
Added Pin To Net: NetName=Net*_60 Pin=*-60
Added Pin To Net: NetName=Net*_60 Pin=*-60
Added Pin To Net: NetName=Net*_60 Pin=*-60
Added Pin To Net: NetName=Net*_60 Pin=*-60
Added Pin To Net: NetName=Net*_65 Pin=*-65
Added Pin To Net: NetName=Net*_65 Pin=*-65
Added Pin To Net: NetName=Net*_65 Pin=*-65
Added Pin To Net: NetName=Net*_65 Pin=*-65
Added Pin To Net: NetName=Net*_65 Pin=*-65
Added Pin To Net: NetName=Net*_65 Pin=*-65
Added Pin To Net: NetName=Net*_65 Pin=*-65
Added Pin To Net: NetName=Net*_65 Pin=*-65
Added Pin To Net: NetName=Net*_65 Pin=*-65
Added Pin To Net: NetName=Net*_65 Pin=*-65
Added Pin To Net: NetName=Net*_65 Pin=*-65
Added Pin To Net: NetName=Net*_65 Pin=*-65
Added Pin To Net: NetName=Net*_65 Pin=*-65
Added Pin To Net: NetName=Net*_65 Pin=*-65
Added Pin To Net: NetName=Net*_65 Pin=*-65
Added Pin To Net: NetName=Net*_65 Pin=*-65
Added Pin To Net: NetName=Net*_65 Pin=*-65
Added Pin To Net: NetName=Net*_65 Pin=*-65
Added Pin To Net: NetName=Net*_65 Pin=*-65
Added Pin To Net: NetName=Net*_65 Pin=*-65
Added Pin To Net: NetName=Net*_65 Pin=*-65
Added Pin To Net: NetName=Net*_65 Pin=*-65
Added Pin To Net: NetName=Net*_65 Pin=*-65
Added Pin To Net: NetName=Net*_65 Pin=*-65
Added Pin To Net: NetName=Net*_65 Pin=*-65
Added Pin To Net: NetName=Net*_65 Pin=*-65
Added Pin To Net: NetName=Net*_65 Pin=*-65
Added Pin To Net: NetName=Net*_65 Pin=*-65
Added Pin To Net: NetName=Net*_65 Pin=*-65
Added Pin To Net: NetName=Net*_65 Pin=*-65
Added Pin To Net: NetName=Net*_65 Pin=*-65
Added Pin To Net: NetName=Net*_65 Pin=*-65
Added Pin To Net: NetName=Net*_65 Pin=*-65
Added Pin To Net: NetName=Net*_65 Pin=*-65
Added Pin To Net: NetName=Net*_65 Pin=*-65
Added Pin To Net: NetName=Net*_65 Pin=*-65
Added Pin To Net: NetName=Net*_65 Pin=*-65
Added Pin To Net: NetName=Net*_65 Pin=*-65
Added Pin To Net: NetName=Net*_65 Pin=*-65
Added Pin To Net: NetName=Net*_65 Pin=*-65
Added Pin To Net: NetName=Net*_65 Pin=*-65
Added Pin To Net: NetName=Net*_65 Pin=*-65
Added Pin To Net: NetName=Net*_65 Pin=*-65
Added Pin To Net: NetName=Net*_65 Pin=*-65
Added Pin To Net: NetName=Net*_65 Pin=*-65
Added Pin To Net: NetName=Net*_65 Pin=*-65
Added Pin To Net: NetName=Net*_65 Pin=*-65
Added Pin To Net: NetName=Net*_65 Pin=*-65
Added Pin To Net: NetName=Net*_65 Pin=*-65
Added Pin To Net: NetName=Net*_65 Pin=*-65
Added Pin To Net: NetName=Net*_65 Pin=*-65
Added Pin To Net: NetName=Net*_65 Pin=*-65
Added Pin To Net: NetName=Net*_65 Pin=*-65
Added Pin To Net: NetName=Net*_65 Pin=*-65
Added Pin To Net: NetName=Net*_65 Pin=*-65
Added Pin To Net: NetName=Net*_65 Pin=*-65
Added Pin To Net: NetName=Net*_65 Pin=*-65
Added Pin To Net: NetName=Net*_65 Pin=*-65
Added Pin To Net: NetName=Net*_65 Pin=*-65
Added Pin To Net: NetName=Net*_65 Pin=*-65
Added Pin To Net: NetName=Net*_65 Pin=*-65
Added Pin To Net: NetName=Net*_65 Pin=*-65
Added Pin To Net: NetName=Net*_65 Pin=*-65
Added Pin To Net: NetName=Net*_65 Pin=*-65
Added Pin To Net: NetName=Net*_60 Pin=R?-1
Added Pin To Net: NetName=Net*_65 Pin=R?-2
Added Member To Class: ClassName=FFT_IFFT Member=Component * LED_3264
Added Member To Class: ClassName=FFT_IFFT Member=Component R? 470k
Added Room: Name=FFT_IFFT
