Change Component Comment : Designator=R? Old Comment=470k New Comment=470R
Change Component Designator: OldDesignator=* NewDesignator=1
Added Component: Designator=R?(1206)
Added Component: Designator=R?(1206)
Added Component: Designator=R?(1206)
Added Component: Designator=R?(1206)
Added Component: Designator=R?(1206)
Added Component: Designator=R?(1206)
Added Component: Designator=R?(1206)
Added Component: Designator=R?(1206)
Added Component: Designator=R?(1206)
Added Component: Designator=R?(1206)
Added Component: Designator=R?(1206)
Added Component: Designator=R?(1206)
Added Component: Designator=R?(1206)
Added Component: Designator=R?(1206)
Added Component: Designator=R?(1206)
Added Component: Designator=R?(1206)
Added Component: Designator=R?(1206)
Added Component: Designator=R?(1206)
Added Component: Designator=R?(1206)
Added Component: Designator=R?(1206)
Added Component: Designator=R?(1206)
Added Component: Designator=R?(1206)
Added Component: Designator=R?(1206)
Added Component: Designator=R?(1206)
Added Component: Designator=R?(1206)
Added Component: Designator=R?(1206)
Added Component: Designator=R?(1206)
Added Component: Designator=R?(1206)
Added Component: Designator=R?(1206)
Added Component: Designator=R?(1206)
Added Component: Designator=R?(1206)
Added Pin To Net: NetName=Net1_1 Pin=1-1
Added Pin To Net: NetName=Net1_1 Pin=1-1
Added Pin To Net: NetName=Net1_1 Pin=1-1
Added Pin To Net: NetName=Net1_1 Pin=1-1
Added Pin To Net: NetName=Net1_1 Pin=1-1
Added Pin To Net: NetName=Net1_1 Pin=1-1
Added Pin To Net: NetName=Net1_1 Pin=1-1
Added Pin To Net: NetName=Net1_1 Pin=1-1
Added Pin To Net: NetName=Net1_1 Pin=1-1
Added Pin To Net: NetName=Net1_1 Pin=1-1
Added Pin To Net: NetName=Net1_1 Pin=1-1
Added Pin To Net: NetName=Net1_1 Pin=1-1
Added Pin To Net: NetName=Net1_1 Pin=1-1
Added Pin To Net: NetName=Net1_1 Pin=1-1
Added Pin To Net: NetName=Net1_1 Pin=1-1
Added Pin To Net: NetName=Net1_1 Pin=1-1
Added Pin To Net: NetName=Net1_1 Pin=R?-2
Added Net: Name=Net1_1
Added Pin To Net: NetName=Net1_2 Pin=1-2
Added Pin To Net: NetName=Net1_2 Pin=1-2
Added Pin To Net: NetName=Net1_2 Pin=1-2
Added Pin To Net: NetName=Net1_2 Pin=1-2
Added Pin To Net: NetName=Net1_2 Pin=1-2
Added Pin To Net: NetName=Net1_2 Pin=1-2
Added Pin To Net: NetName=Net1_2 Pin=1-2
Added Pin To Net: NetName=Net1_2 Pin=1-2
Added Pin To Net: NetName=Net1_2 Pin=1-2
Added Pin To Net: NetName=Net1_2 Pin=1-2
Added Pin To Net: NetName=Net1_2 Pin=1-2
Added Pin To Net: NetName=Net1_2 Pin=1-2
Added Pin To Net: NetName=Net1_2 Pin=1-2
Added Pin To Net: NetName=Net1_2 Pin=1-2
Added Pin To Net: NetName=Net1_2 Pin=1-2
Added Pin To Net: NetName=Net1_2 Pin=1-2
Added Pin To Net: NetName=Net1_2 Pin=R?-2
Added Net: Name=Net1_2
Added Pin To Net: NetName=Net1_3 Pin=1-3
Added Pin To Net: NetName=Net1_3 Pin=1-3
Added Pin To Net: NetName=Net1_3 Pin=1-3
Added Pin To Net: NetName=Net1_3 Pin=1-3
Added Pin To Net: NetName=Net1_3 Pin=1-3
Added Pin To Net: NetName=Net1_3 Pin=1-3
Added Pin To Net: NetName=Net1_3 Pin=1-3
Added Pin To Net: NetName=Net1_3 Pin=1-3
Added Pin To Net: NetName=Net1_3 Pin=1-3
Added Pin To Net: NetName=Net1_3 Pin=1-3
Added Pin To Net: NetName=Net1_3 Pin=1-3
Added Pin To Net: NetName=Net1_3 Pin=1-3
Added Pin To Net: NetName=Net1_3 Pin=1-3
Added Pin To Net: NetName=Net1_3 Pin=1-3
Added Pin To Net: NetName=Net1_3 Pin=1-3
Added Pin To Net: NetName=Net1_3 Pin=1-3
Added Pin To Net: NetName=Net1_3 Pin=R?-2
Added Net: Name=Net1_3
Added Pin To Net: NetName=Net1_4 Pin=1-4
Added Pin To Net: NetName=Net1_4 Pin=1-4
Added Pin To Net: NetName=Net1_4 Pin=1-4
Added Pin To Net: NetName=Net1_4 Pin=1-4
Added Pin To Net: NetName=Net1_4 Pin=1-4
Added Pin To Net: NetName=Net1_4 Pin=1-4
Added Pin To Net: NetName=Net1_4 Pin=1-4
Added Pin To Net: NetName=Net1_4 Pin=1-4
Added Pin To Net: NetName=Net1_4 Pin=1-4
Added Pin To Net: NetName=Net1_4 Pin=1-4
Added Pin To Net: NetName=Net1_4 Pin=1-4
Added Pin To Net: NetName=Net1_4 Pin=1-4
Added Pin To Net: NetName=Net1_4 Pin=1-4
Added Pin To Net: NetName=Net1_4 Pin=1-4
Added Pin To Net: NetName=Net1_4 Pin=1-4
Added Pin To Net: NetName=Net1_4 Pin=1-4
Added Pin To Net: NetName=Net1_4 Pin=R?-2
Added Net: Name=Net1_4
Added Pin To Net: NetName=Net1_5 Pin=1-5
Added Pin To Net: NetName=Net1_5 Pin=1-5
Added Pin To Net: NetName=Net1_5 Pin=1-5
Added Pin To Net: NetName=Net1_5 Pin=1-5
Added Pin To Net: NetName=Net1_5 Pin=1-5
Added Pin To Net: NetName=Net1_5 Pin=1-5
Added Pin To Net: NetName=Net1_5 Pin=1-5
Added Pin To Net: NetName=Net1_5 Pin=1-5
Added Pin To Net: NetName=Net1_5 Pin=1-5
Added Pin To Net: NetName=Net1_5 Pin=1-5
Added Pin To Net: NetName=Net1_5 Pin=1-5
Added Pin To Net: NetName=Net1_5 Pin=1-5
Added Pin To Net: NetName=Net1_5 Pin=1-5
Added Pin To Net: NetName=Net1_5 Pin=1-5
Added Pin To Net: NetName=Net1_5 Pin=1-5
Added Pin To Net: NetName=Net1_5 Pin=1-5
Added Pin To Net: NetName=Net1_5 Pin=R?-2
Added Net: Name=Net1_5
Added Pin To Net: NetName=Net1_6 Pin=1-6
Added Pin To Net: NetName=Net1_6 Pin=1-6
Added Pin To Net: NetName=Net1_6 Pin=1-6
Added Pin To Net: NetName=Net1_6 Pin=1-6
Added Pin To Net: NetName=Net1_6 Pin=1-6
Added Pin To Net: NetName=Net1_6 Pin=1-6
Added Pin To Net: NetName=Net1_6 Pin=1-6
Added Pin To Net: NetName=Net1_6 Pin=1-6
Added Pin To Net: NetName=Net1_6 Pin=1-6
Added Pin To Net: NetName=Net1_6 Pin=1-6
Added Pin To Net: NetName=Net1_6 Pin=1-6
Added Pin To Net: NetName=Net1_6 Pin=1-6
Added Pin To Net: NetName=Net1_6 Pin=1-6
Added Pin To Net: NetName=Net1_6 Pin=1-6
Added Pin To Net: NetName=Net1_6 Pin=1-6
Added Pin To Net: NetName=Net1_6 Pin=1-6
Added Pin To Net: NetName=Net1_6 Pin=R?-2
Added Net: Name=Net1_6
Added Pin To Net: NetName=Net1_7 Pin=1-7
Added Pin To Net: NetName=Net1_7 Pin=1-7
Added Pin To Net: NetName=Net1_7 Pin=1-7
Added Pin To Net: NetName=Net1_7 Pin=1-7
Added Pin To Net: NetName=Net1_7 Pin=1-7
Added Pin To Net: NetName=Net1_7 Pin=1-7
Added Pin To Net: NetName=Net1_7 Pin=1-7
Added Pin To Net: NetName=Net1_7 Pin=1-7
Added Pin To Net: NetName=Net1_7 Pin=1-7
Added Pin To Net: NetName=Net1_7 Pin=1-7
Added Pin To Net: NetName=Net1_7 Pin=1-7
Added Pin To Net: NetName=Net1_7 Pin=1-7
Added Pin To Net: NetName=Net1_7 Pin=1-7
Added Pin To Net: NetName=Net1_7 Pin=1-7
Added Pin To Net: NetName=Net1_7 Pin=1-7
Added Pin To Net: NetName=Net1_7 Pin=1-7
Added Pin To Net: NetName=Net1_7 Pin=R?-2
Added Net: Name=Net1_7
Added Pin To Net: NetName=Net1_8 Pin=1-8
Added Pin To Net: NetName=Net1_8 Pin=1-8
Added Pin To Net: NetName=Net1_8 Pin=1-8
Added Pin To Net: NetName=Net1_8 Pin=1-8
Added Pin To Net: NetName=Net1_8 Pin=1-8
Added Pin To Net: NetName=Net1_8 Pin=1-8
Added Pin To Net: NetName=Net1_8 Pin=1-8
Added Pin To Net: NetName=Net1_8 Pin=1-8
Added Pin To Net: NetName=Net1_8 Pin=1-8
Added Pin To Net: NetName=Net1_8 Pin=1-8
Added Pin To Net: NetName=Net1_8 Pin=1-8
Added Pin To Net: NetName=Net1_8 Pin=1-8
Added Pin To Net: NetName=Net1_8 Pin=1-8
Added Pin To Net: NetName=Net1_8 Pin=1-8
Added Pin To Net: NetName=Net1_8 Pin=1-8
Added Pin To Net: NetName=Net1_8 Pin=1-8
Added Pin To Net: NetName=Net1_8 Pin=R?-2
Added Net: Name=Net1_8
Added Pin To Net: NetName=Net1_9 Pin=1-9
Added Pin To Net: NetName=Net1_9 Pin=1-9
Added Pin To Net: NetName=Net1_9 Pin=1-9
Added Pin To Net: NetName=Net1_9 Pin=1-9
Added Pin To Net: NetName=Net1_9 Pin=1-9
Added Pin To Net: NetName=Net1_9 Pin=1-9
Added Pin To Net: NetName=Net1_9 Pin=1-9
Added Pin To Net: NetName=Net1_9 Pin=1-9
Added Pin To Net: NetName=Net1_9 Pin=1-9
Added Pin To Net: NetName=Net1_9 Pin=1-9
Added Pin To Net: NetName=Net1_9 Pin=1-9
Added Pin To Net: NetName=Net1_9 Pin=1-9
Added Pin To Net: NetName=Net1_9 Pin=1-9
Added Pin To Net: NetName=Net1_9 Pin=1-9
Added Pin To Net: NetName=Net1_9 Pin=1-9
Added Pin To Net: NetName=Net1_9 Pin=1-9
Added Pin To Net: NetName=Net1_9 Pin=R?-2
Added Net: Name=Net1_9
Added Pin To Net: NetName=Net1_10 Pin=1-10
Added Pin To Net: NetName=Net1_10 Pin=1-10
Added Pin To Net: NetName=Net1_10 Pin=1-10
Added Pin To Net: NetName=Net1_10 Pin=1-10
Added Pin To Net: NetName=Net1_10 Pin=1-10
Added Pin To Net: NetName=Net1_10 Pin=1-10
Added Pin To Net: NetName=Net1_10 Pin=1-10
Added Pin To Net: NetName=Net1_10 Pin=1-10
Added Pin To Net: NetName=Net1_10 Pin=1-10
Added Pin To Net: NetName=Net1_10 Pin=1-10
Added Pin To Net: NetName=Net1_10 Pin=1-10
Added Pin To Net: NetName=Net1_10 Pin=1-10
Added Pin To Net: NetName=Net1_10 Pin=1-10
Added Pin To Net: NetName=Net1_10 Pin=1-10
Added Pin To Net: NetName=Net1_10 Pin=1-10
Added Pin To Net: NetName=Net1_10 Pin=1-10
Added Pin To Net: NetName=Net1_10 Pin=R?-2
Added Net: Name=Net1_10
Added Pin To Net: NetName=Net1_11 Pin=1-11
Added Pin To Net: NetName=Net1_11 Pin=1-11
Added Pin To Net: NetName=Net1_11 Pin=1-11
Added Pin To Net: NetName=Net1_11 Pin=1-11
Added Pin To Net: NetName=Net1_11 Pin=1-11
Added Pin To Net: NetName=Net1_11 Pin=1-11
Added Pin To Net: NetName=Net1_11 Pin=1-11
Added Pin To Net: NetName=Net1_11 Pin=1-11
Added Pin To Net: NetName=Net1_11 Pin=1-11
Added Pin To Net: NetName=Net1_11 Pin=1-11
Added Pin To Net: NetName=Net1_11 Pin=1-11
Added Pin To Net: NetName=Net1_11 Pin=1-11
Added Pin To Net: NetName=Net1_11 Pin=1-11
Added Pin To Net: NetName=Net1_11 Pin=1-11
Added Pin To Net: NetName=Net1_11 Pin=1-11
Added Pin To Net: NetName=Net1_11 Pin=1-11
Added Pin To Net: NetName=Net1_11 Pin=R?-2
Added Net: Name=Net1_11
Added Pin To Net: NetName=Net1_12 Pin=1-12
Added Pin To Net: NetName=Net1_12 Pin=1-12
Added Pin To Net: NetName=Net1_12 Pin=1-12
Added Pin To Net: NetName=Net1_12 Pin=1-12
Added Pin To Net: NetName=Net1_12 Pin=1-12
Added Pin To Net: NetName=Net1_12 Pin=1-12
Added Pin To Net: NetName=Net1_12 Pin=1-12
Added Pin To Net: NetName=Net1_12 Pin=1-12
Added Pin To Net: NetName=Net1_12 Pin=1-12
Added Pin To Net: NetName=Net1_12 Pin=1-12
Added Pin To Net: NetName=Net1_12 Pin=1-12
Added Pin To Net: NetName=Net1_12 Pin=1-12
Added Pin To Net: NetName=Net1_12 Pin=1-12
Added Pin To Net: NetName=Net1_12 Pin=1-12
Added Pin To Net: NetName=Net1_12 Pin=1-12
Added Pin To Net: NetName=Net1_12 Pin=1-12
Added Pin To Net: NetName=Net1_12 Pin=R?-2
Added Net: Name=Net1_12
Added Pin To Net: NetName=Net1_45 Pin=1-45
Added Pin To Net: NetName=Net1_45 Pin=1-45
Added Pin To Net: NetName=Net1_45 Pin=1-45
Added Pin To Net: NetName=Net1_45 Pin=1-45
Added Pin To Net: NetName=Net1_45 Pin=1-45
Added Pin To Net: NetName=Net1_45 Pin=1-45
Added Pin To Net: NetName=Net1_45 Pin=1-45
Added Pin To Net: NetName=Net1_45 Pin=1-45
Added Pin To Net: NetName=Net1_45 Pin=1-45
Added Pin To Net: NetName=Net1_45 Pin=1-45
Added Pin To Net: NetName=Net1_45 Pin=1-45
Added Pin To Net: NetName=Net1_45 Pin=1-45
Added Pin To Net: NetName=Net1_45 Pin=1-45
Added Pin To Net: NetName=Net1_45 Pin=1-45
Added Pin To Net: NetName=Net1_45 Pin=1-45
Added Pin To Net: NetName=Net1_45 Pin=1-45
Added Pin To Net: NetName=Net1_45 Pin=R?-2
Added Net: Name=Net1_45
Added Pin To Net: NetName=Net1_46 Pin=1-46
Added Pin To Net: NetName=Net1_46 Pin=1-46
Added Pin To Net: NetName=Net1_46 Pin=1-46
Added Pin To Net: NetName=Net1_46 Pin=1-46
Added Pin To Net: NetName=Net1_46 Pin=1-46
Added Pin To Net: NetName=Net1_46 Pin=1-46
Added Pin To Net: NetName=Net1_46 Pin=1-46
Added Pin To Net: NetName=Net1_46 Pin=1-46
Added Pin To Net: NetName=Net1_46 Pin=1-46
Added Pin To Net: NetName=Net1_46 Pin=1-46
Added Pin To Net: NetName=Net1_46 Pin=1-46
Added Pin To Net: NetName=Net1_46 Pin=1-46
Added Pin To Net: NetName=Net1_46 Pin=1-46
Added Pin To Net: NetName=Net1_46 Pin=1-46
Added Pin To Net: NetName=Net1_46 Pin=1-46
Added Pin To Net: NetName=Net1_46 Pin=1-46
Added Pin To Net: NetName=Net1_46 Pin=R?-2
Added Net: Name=Net1_46
Added Pin To Net: NetName=Net1_47 Pin=1-47
Added Pin To Net: NetName=Net1_47 Pin=1-47
Added Pin To Net: NetName=Net1_47 Pin=1-47
Added Pin To Net: NetName=Net1_47 Pin=1-47
Added Pin To Net: NetName=Net1_47 Pin=1-47
Added Pin To Net: NetName=Net1_47 Pin=1-47
Added Pin To Net: NetName=Net1_47 Pin=1-47
Added Pin To Net: NetName=Net1_47 Pin=1-47
Added Pin To Net: NetName=Net1_47 Pin=1-47
Added Pin To Net: NetName=Net1_47 Pin=1-47
Added Pin To Net: NetName=Net1_47 Pin=1-47
Added Pin To Net: NetName=Net1_47 Pin=1-47
Added Pin To Net: NetName=Net1_47 Pin=1-47
Added Pin To Net: NetName=Net1_47 Pin=1-47
Added Pin To Net: NetName=Net1_47 Pin=1-47
Added Pin To Net: NetName=Net1_47 Pin=1-47
Added Pin To Net: NetName=Net1_47 Pin=R?-2
Added Net: Name=Net1_47
Added Pin To Net: NetName=Net1_48 Pin=1-48
Added Pin To Net: NetName=Net1_48 Pin=1-48
Added Pin To Net: NetName=Net1_48 Pin=1-48
Added Pin To Net: NetName=Net1_48 Pin=1-48
Added Pin To Net: NetName=Net1_48 Pin=1-48
Added Pin To Net: NetName=Net1_48 Pin=1-48
Added Pin To Net: NetName=Net1_48 Pin=1-48
Added Pin To Net: NetName=Net1_48 Pin=1-48
Added Pin To Net: NetName=Net1_48 Pin=1-48
Added Pin To Net: NetName=Net1_48 Pin=1-48
Added Pin To Net: NetName=Net1_48 Pin=1-48
Added Pin To Net: NetName=Net1_48 Pin=1-48
Added Pin To Net: NetName=Net1_48 Pin=1-48
Added Pin To Net: NetName=Net1_48 Pin=1-48
Added Pin To Net: NetName=Net1_48 Pin=1-48
Added Pin To Net: NetName=Net1_48 Pin=1-48
Added Pin To Net: NetName=Net1_48 Pin=R?-2
Added Net: Name=Net1_48
Added Pin To Net: NetName=Net1_49 Pin=1-49
Added Pin To Net: NetName=Net1_49 Pin=1-49
Added Pin To Net: NetName=Net1_49 Pin=1-49
Added Pin To Net: NetName=Net1_49 Pin=1-49
Added Pin To Net: NetName=Net1_49 Pin=1-49
Added Pin To Net: NetName=Net1_49 Pin=1-49
Added Pin To Net: NetName=Net1_49 Pin=1-49
Added Pin To Net: NetName=Net1_49 Pin=1-49
Added Pin To Net: NetName=Net1_49 Pin=1-49
Added Pin To Net: NetName=Net1_49 Pin=1-49
Added Pin To Net: NetName=Net1_49 Pin=1-49
Added Pin To Net: NetName=Net1_49 Pin=1-49
Added Pin To Net: NetName=Net1_49 Pin=1-49
Added Pin To Net: NetName=Net1_49 Pin=1-49
Added Pin To Net: NetName=Net1_49 Pin=1-49
Added Pin To Net: NetName=Net1_49 Pin=1-49
Added Pin To Net: NetName=Net1_49 Pin=R?-2
Added Net: Name=Net1_49
Added Pin To Net: NetName=Net1_50 Pin=1-50
Added Pin To Net: NetName=Net1_50 Pin=1-50
Added Pin To Net: NetName=Net1_50 Pin=1-50
Added Pin To Net: NetName=Net1_50 Pin=1-50
Added Pin To Net: NetName=Net1_50 Pin=1-50
Added Pin To Net: NetName=Net1_50 Pin=1-50
Added Pin To Net: NetName=Net1_50 Pin=1-50
Added Pin To Net: NetName=Net1_50 Pin=1-50
Added Pin To Net: NetName=Net1_50 Pin=1-50
Added Pin To Net: NetName=Net1_50 Pin=1-50
Added Pin To Net: NetName=Net1_50 Pin=1-50
Added Pin To Net: NetName=Net1_50 Pin=1-50
Added Pin To Net: NetName=Net1_50 Pin=1-50
Added Pin To Net: NetName=Net1_50 Pin=1-50
Added Pin To Net: NetName=Net1_50 Pin=1-50
Added Pin To Net: NetName=Net1_50 Pin=1-50
Added Pin To Net: NetName=Net1_50 Pin=R?-2
Added Net: Name=Net1_50
Added Pin To Net: NetName=Net1_51 Pin=1-51
Added Pin To Net: NetName=Net1_51 Pin=1-51
Added Pin To Net: NetName=Net1_51 Pin=1-51
Added Pin To Net: NetName=Net1_51 Pin=1-51
Added Pin To Net: NetName=Net1_51 Pin=1-51
Added Pin To Net: NetName=Net1_51 Pin=1-51
Added Pin To Net: NetName=Net1_51 Pin=1-51
Added Pin To Net: NetName=Net1_51 Pin=1-51
Added Pin To Net: NetName=Net1_51 Pin=1-51
Added Pin To Net: NetName=Net1_51 Pin=1-51
Added Pin To Net: NetName=Net1_51 Pin=1-51
Added Pin To Net: NetName=Net1_51 Pin=1-51
Added Pin To Net: NetName=Net1_51 Pin=1-51
Added Pin To Net: NetName=Net1_51 Pin=1-51
Added Pin To Net: NetName=Net1_51 Pin=1-51
Added Pin To Net: NetName=Net1_51 Pin=1-51
Added Pin To Net: NetName=Net1_51 Pin=R?-2
Added Net: Name=Net1_51
Added Pin To Net: NetName=Net1_52 Pin=1-52
Added Pin To Net: NetName=Net1_52 Pin=1-52
Added Pin To Net: NetName=Net1_52 Pin=1-52
Added Pin To Net: NetName=Net1_52 Pin=1-52
Added Pin To Net: NetName=Net1_52 Pin=1-52
Added Pin To Net: NetName=Net1_52 Pin=1-52
Added Pin To Net: NetName=Net1_52 Pin=1-52
Added Pin To Net: NetName=Net1_52 Pin=1-52
Added Pin To Net: NetName=Net1_52 Pin=1-52
Added Pin To Net: NetName=Net1_52 Pin=1-52
Added Pin To Net: NetName=Net1_52 Pin=1-52
Added Pin To Net: NetName=Net1_52 Pin=1-52
Added Pin To Net: NetName=Net1_52 Pin=1-52
Added Pin To Net: NetName=Net1_52 Pin=1-52
Added Pin To Net: NetName=Net1_52 Pin=1-52
Added Pin To Net: NetName=Net1_52 Pin=1-52
Added Pin To Net: NetName=Net1_52 Pin=R?-2
Added Net: Name=Net1_52
Added Pin To Net: NetName=Net1_53 Pin=1-53
Added Pin To Net: NetName=Net1_53 Pin=1-53
Added Pin To Net: NetName=Net1_53 Pin=1-53
Added Pin To Net: NetName=Net1_53 Pin=1-53
Added Pin To Net: NetName=Net1_53 Pin=1-53
Added Pin To Net: NetName=Net1_53 Pin=1-53
Added Pin To Net: NetName=Net1_53 Pin=1-53
Added Pin To Net: NetName=Net1_53 Pin=1-53
Added Pin To Net: NetName=Net1_53 Pin=1-53
Added Pin To Net: NetName=Net1_53 Pin=1-53
Added Pin To Net: NetName=Net1_53 Pin=1-53
Added Pin To Net: NetName=Net1_53 Pin=1-53
Added Pin To Net: NetName=Net1_53 Pin=1-53
Added Pin To Net: NetName=Net1_53 Pin=1-53
Added Pin To Net: NetName=Net1_53 Pin=1-53
Added Pin To Net: NetName=Net1_53 Pin=1-53
Added Pin To Net: NetName=Net1_53 Pin=R?-2
Added Net: Name=Net1_53
Added Pin To Net: NetName=Net1_54 Pin=1-54
Added Pin To Net: NetName=Net1_54 Pin=1-54
Added Pin To Net: NetName=Net1_54 Pin=1-54
Added Pin To Net: NetName=Net1_54 Pin=1-54
Added Pin To Net: NetName=Net1_54 Pin=1-54
Added Pin To Net: NetName=Net1_54 Pin=1-54
Added Pin To Net: NetName=Net1_54 Pin=1-54
Added Pin To Net: NetName=Net1_54 Pin=1-54
Added Pin To Net: NetName=Net1_54 Pin=1-54
Added Pin To Net: NetName=Net1_54 Pin=1-54
Added Pin To Net: NetName=Net1_54 Pin=1-54
Added Pin To Net: NetName=Net1_54 Pin=1-54
Added Pin To Net: NetName=Net1_54 Pin=1-54
Added Pin To Net: NetName=Net1_54 Pin=1-54
Added Pin To Net: NetName=Net1_54 Pin=1-54
Added Pin To Net: NetName=Net1_54 Pin=1-54
Added Pin To Net: NetName=Net1_54 Pin=R?-2
Added Net: Name=Net1_54
Added Pin To Net: NetName=Net1_55 Pin=1-55
Added Pin To Net: NetName=Net1_55 Pin=1-55
Added Pin To Net: NetName=Net1_55 Pin=1-55
Added Pin To Net: NetName=Net1_55 Pin=1-55
Added Pin To Net: NetName=Net1_55 Pin=1-55
Added Pin To Net: NetName=Net1_55 Pin=1-55
Added Pin To Net: NetName=Net1_55 Pin=1-55
Added Pin To Net: NetName=Net1_55 Pin=1-55
Added Pin To Net: NetName=Net1_55 Pin=1-55
Added Pin To Net: NetName=Net1_55 Pin=1-55
Added Pin To Net: NetName=Net1_55 Pin=1-55
Added Pin To Net: NetName=Net1_55 Pin=1-55
Added Pin To Net: NetName=Net1_55 Pin=1-55
Added Pin To Net: NetName=Net1_55 Pin=1-55
Added Pin To Net: NetName=Net1_55 Pin=1-55
Added Pin To Net: NetName=Net1_55 Pin=1-55
Added Pin To Net: NetName=Net1_55 Pin=R?-2
Added Net: Name=Net1_55
Added Pin To Net: NetName=Net1_56 Pin=1-56
Added Pin To Net: NetName=Net1_56 Pin=1-56
Added Pin To Net: NetName=Net1_56 Pin=1-56
Added Pin To Net: NetName=Net1_56 Pin=1-56
Added Pin To Net: NetName=Net1_56 Pin=1-56
Added Pin To Net: NetName=Net1_56 Pin=1-56
Added Pin To Net: NetName=Net1_56 Pin=1-56
Added Pin To Net: NetName=Net1_56 Pin=1-56
Added Pin To Net: NetName=Net1_56 Pin=1-56
Added Pin To Net: NetName=Net1_56 Pin=1-56
Added Pin To Net: NetName=Net1_56 Pin=1-56
Added Pin To Net: NetName=Net1_56 Pin=1-56
Added Pin To Net: NetName=Net1_56 Pin=1-56
Added Pin To Net: NetName=Net1_56 Pin=1-56
Added Pin To Net: NetName=Net1_56 Pin=1-56
Added Pin To Net: NetName=Net1_56 Pin=1-56
Added Pin To Net: NetName=Net1_56 Pin=R?-2
Added Net: Name=Net1_56
Added Pin To Net: NetName=Net1_57 Pin=1-57
Added Pin To Net: NetName=Net1_57 Pin=1-57
Added Pin To Net: NetName=Net1_57 Pin=1-57
Added Pin To Net: NetName=Net1_57 Pin=1-57
Added Pin To Net: NetName=Net1_57 Pin=1-57
Added Pin To Net: NetName=Net1_57 Pin=1-57
Added Pin To Net: NetName=Net1_57 Pin=1-57
Added Pin To Net: NetName=Net1_57 Pin=1-57
Added Pin To Net: NetName=Net1_57 Pin=1-57
Added Pin To Net: NetName=Net1_57 Pin=1-57
Added Pin To Net: NetName=Net1_57 Pin=1-57
Added Pin To Net: NetName=Net1_57 Pin=1-57
Added Pin To Net: NetName=Net1_57 Pin=1-57
Added Pin To Net: NetName=Net1_57 Pin=1-57
Added Pin To Net: NetName=Net1_57 Pin=1-57
Added Pin To Net: NetName=Net1_57 Pin=1-57
Added Pin To Net: NetName=Net1_57 Pin=R?-2
Added Net: Name=Net1_57
Added Pin To Net: NetName=Net1_58 Pin=1-58
Added Pin To Net: NetName=Net1_58 Pin=1-58
Added Pin To Net: NetName=Net1_58 Pin=1-58
Added Pin To Net: NetName=Net1_58 Pin=1-58
Added Pin To Net: NetName=Net1_58 Pin=1-58
Added Pin To Net: NetName=Net1_58 Pin=1-58
Added Pin To Net: NetName=Net1_58 Pin=1-58
Added Pin To Net: NetName=Net1_58 Pin=1-58
Added Pin To Net: NetName=Net1_58 Pin=1-58
Added Pin To Net: NetName=Net1_58 Pin=1-58
Added Pin To Net: NetName=Net1_58 Pin=1-58
Added Pin To Net: NetName=Net1_58 Pin=1-58
Added Pin To Net: NetName=Net1_58 Pin=1-58
Added Pin To Net: NetName=Net1_58 Pin=1-58
Added Pin To Net: NetName=Net1_58 Pin=1-58
Added Pin To Net: NetName=Net1_58 Pin=1-58
Added Pin To Net: NetName=Net1_58 Pin=R?-2
Added Net: Name=Net1_58
Added Pin To Net: NetName=Net1_59 Pin=1-59
Added Pin To Net: NetName=Net1_59 Pin=1-59
Added Pin To Net: NetName=Net1_59 Pin=1-59
Added Pin To Net: NetName=Net1_59 Pin=1-59
Added Pin To Net: NetName=Net1_59 Pin=1-59
Added Pin To Net: NetName=Net1_59 Pin=1-59
Added Pin To Net: NetName=Net1_59 Pin=1-59
Added Pin To Net: NetName=Net1_59 Pin=1-59
Added Pin To Net: NetName=Net1_59 Pin=1-59
Added Pin To Net: NetName=Net1_59 Pin=1-59
Added Pin To Net: NetName=Net1_59 Pin=1-59
Added Pin To Net: NetName=Net1_59 Pin=1-59
Added Pin To Net: NetName=Net1_59 Pin=1-59
Added Pin To Net: NetName=Net1_59 Pin=1-59
Added Pin To Net: NetName=Net1_59 Pin=1-59
Added Pin To Net: NetName=Net1_59 Pin=1-59
Added Pin To Net: NetName=Net1_59 Pin=R?-2
Added Net: Name=Net1_59
Added Pin To Net: NetName=Net1_60 Pin=1-60
Added Pin To Net: NetName=Net1_60 Pin=1-60
Added Pin To Net: NetName=Net1_60 Pin=1-60
Added Pin To Net: NetName=Net1_60 Pin=1-60
Added Pin To Net: NetName=Net1_60 Pin=1-60
Added Pin To Net: NetName=Net1_60 Pin=1-60
Added Pin To Net: NetName=Net1_60 Pin=1-60
Added Pin To Net: NetName=Net1_60 Pin=1-60
Added Pin To Net: NetName=Net1_60 Pin=1-60
Added Pin To Net: NetName=Net1_60 Pin=1-60
Added Pin To Net: NetName=Net1_60 Pin=1-60
Added Pin To Net: NetName=Net1_60 Pin=1-60
Added Pin To Net: NetName=Net1_60 Pin=1-60
Added Pin To Net: NetName=Net1_60 Pin=1-60
Added Pin To Net: NetName=Net1_60 Pin=1-60
Added Pin To Net: NetName=Net1_60 Pin=1-60
Added Pin To Net: NetName=Net1_60 Pin=R?-2
Added Net: Name=Net1_60
Added Pin To Net: NetName=Net1_61 Pin=1-61
Added Pin To Net: NetName=Net1_61 Pin=1-61
Added Pin To Net: NetName=Net1_61 Pin=1-61
Added Pin To Net: NetName=Net1_61 Pin=1-61
Added Pin To Net: NetName=Net1_61 Pin=1-61
Added Pin To Net: NetName=Net1_61 Pin=1-61
Added Pin To Net: NetName=Net1_61 Pin=1-61
Added Pin To Net: NetName=Net1_61 Pin=1-61
Added Pin To Net: NetName=Net1_61 Pin=1-61
Added Pin To Net: NetName=Net1_61 Pin=1-61
Added Pin To Net: NetName=Net1_61 Pin=1-61
Added Pin To Net: NetName=Net1_61 Pin=1-61
Added Pin To Net: NetName=Net1_61 Pin=1-61
Added Pin To Net: NetName=Net1_61 Pin=1-61
Added Pin To Net: NetName=Net1_61 Pin=1-61
Added Pin To Net: NetName=Net1_61 Pin=1-61
Added Pin To Net: NetName=Net1_61 Pin=R?-2
Added Net: Name=Net1_61
Added Pin To Net: NetName=Net1_62 Pin=1-62
Added Pin To Net: NetName=Net1_62 Pin=1-62
Added Pin To Net: NetName=Net1_62 Pin=1-62
Added Pin To Net: NetName=Net1_62 Pin=1-62
Added Pin To Net: NetName=Net1_62 Pin=1-62
Added Pin To Net: NetName=Net1_62 Pin=1-62
Added Pin To Net: NetName=Net1_62 Pin=1-62
Added Pin To Net: NetName=Net1_62 Pin=1-62
Added Pin To Net: NetName=Net1_62 Pin=1-62
Added Pin To Net: NetName=Net1_62 Pin=1-62
Added Pin To Net: NetName=Net1_62 Pin=1-62
Added Pin To Net: NetName=Net1_62 Pin=1-62
Added Pin To Net: NetName=Net1_62 Pin=1-62
Added Pin To Net: NetName=Net1_62 Pin=1-62
Added Pin To Net: NetName=Net1_62 Pin=1-62
Added Pin To Net: NetName=Net1_62 Pin=1-62
Added Pin To Net: NetName=Net1_62 Pin=R?-2
Added Net: Name=Net1_62
Added Pin To Net: NetName=Net1_63 Pin=1-63
Added Pin To Net: NetName=Net1_63 Pin=1-63
Added Pin To Net: NetName=Net1_63 Pin=1-63
Added Pin To Net: NetName=Net1_63 Pin=1-63
Added Pin To Net: NetName=Net1_63 Pin=1-63
Added Pin To Net: NetName=Net1_63 Pin=1-63
Added Pin To Net: NetName=Net1_63 Pin=1-63
Added Pin To Net: NetName=Net1_63 Pin=1-63
Added Pin To Net: NetName=Net1_63 Pin=1-63
Added Pin To Net: NetName=Net1_63 Pin=1-63
Added Pin To Net: NetName=Net1_63 Pin=1-63
Added Pin To Net: NetName=Net1_63 Pin=1-63
Added Pin To Net: NetName=Net1_63 Pin=1-63
Added Pin To Net: NetName=Net1_63 Pin=1-63
Added Pin To Net: NetName=Net1_63 Pin=1-63
Added Pin To Net: NetName=Net1_63 Pin=1-63
Added Pin To Net: NetName=Net1_63 Pin=R?-2
Added Net: Name=Net1_63
Added Pin To Net: NetName=Net1_64 Pin=1-64
Added Pin To Net: NetName=Net1_64 Pin=1-64
Added Pin To Net: NetName=Net1_64 Pin=1-64
Added Pin To Net: NetName=Net1_64 Pin=1-64
Added Pin To Net: NetName=Net1_64 Pin=1-64
Added Pin To Net: NetName=Net1_64 Pin=1-64
Added Pin To Net: NetName=Net1_64 Pin=1-64
Added Pin To Net: NetName=Net1_64 Pin=1-64
Added Pin To Net: NetName=Net1_64 Pin=1-64
Added Pin To Net: NetName=Net1_64 Pin=1-64
Added Pin To Net: NetName=Net1_64 Pin=1-64
Added Pin To Net: NetName=Net1_64 Pin=1-64
Added Pin To Net: NetName=Net1_64 Pin=1-64
Added Pin To Net: NetName=Net1_64 Pin=1-64
Added Pin To Net: NetName=Net1_64 Pin=1-64
Added Pin To Net: NetName=Net1_64 Pin=1-64
Added Pin To Net: NetName=Net1_64 Pin=R?-2
Added Net: Name=Net1_64
Added Pin To Net: NetName=Net1_65 Pin=1-65
Added Pin To Net: NetName=Net1_65 Pin=1-65
Added Pin To Net: NetName=Net1_65 Pin=1-65
Added Pin To Net: NetName=Net1_65 Pin=1-65
Added Pin To Net: NetName=Net1_65 Pin=1-65
Added Pin To Net: NetName=Net1_65 Pin=1-65
Added Pin To Net: NetName=Net1_65 Pin=1-65
Added Pin To Net: NetName=Net1_65 Pin=1-65
Added Pin To Net: NetName=Net1_65 Pin=1-65
Added Pin To Net: NetName=Net1_65 Pin=1-65
Added Pin To Net: NetName=Net1_65 Pin=1-65
Added Pin To Net: NetName=Net1_65 Pin=1-65
Added Pin To Net: NetName=Net1_65 Pin=1-65
Added Pin To Net: NetName=Net1_65 Pin=1-65
Added Pin To Net: NetName=Net1_65 Pin=1-65
Added Pin To Net: NetName=Net1_65 Pin=1-65
Added Pin To Net: NetName=Net1_65 Pin=1-65
Added Pin To Net: NetName=Net1_65 Pin=1-65
Added Pin To Net: NetName=Net1_65 Pin=1-65
Added Pin To Net: NetName=Net1_65 Pin=1-65
Added Pin To Net: NetName=Net1_65 Pin=1-65
Added Pin To Net: NetName=Net1_65 Pin=1-65
Added Pin To Net: NetName=Net1_65 Pin=1-65
Added Pin To Net: NetName=Net1_65 Pin=1-65
Added Pin To Net: NetName=Net1_65 Pin=1-65
Added Pin To Net: NetName=Net1_65 Pin=1-65
Added Pin To Net: NetName=Net1_65 Pin=1-65
Added Pin To Net: NetName=Net1_65 Pin=1-65
Added Pin To Net: NetName=Net1_65 Pin=1-65
Added Pin To Net: NetName=Net1_65 Pin=1-65
Added Pin To Net: NetName=Net1_65 Pin=1-65
Added Pin To Net: NetName=Net1_65 Pin=1-65
Added Pin To Net: NetName=Net1_65 Pin=1-65
Added Pin To Net: NetName=Net1_65 Pin=1-65
Added Pin To Net: NetName=Net1_65 Pin=1-65
Added Pin To Net: NetName=Net1_65 Pin=1-65
Added Pin To Net: NetName=Net1_65 Pin=1-65
Added Pin To Net: NetName=Net1_65 Pin=1-65
Added Pin To Net: NetName=Net1_65 Pin=1-65
Added Pin To Net: NetName=Net1_65 Pin=1-65
Added Pin To Net: NetName=Net1_65 Pin=1-65
Added Pin To Net: NetName=Net1_65 Pin=1-65
Added Pin To Net: NetName=Net1_65 Pin=1-65
Added Pin To Net: NetName=Net1_65 Pin=1-65
Added Pin To Net: NetName=Net1_65 Pin=1-65
Added Pin To Net: NetName=Net1_65 Pin=1-65
Added Pin To Net: NetName=Net1_65 Pin=1-65
Added Pin To Net: NetName=Net1_65 Pin=1-65
Added Pin To Net: NetName=Net1_65 Pin=1-65
Added Pin To Net: NetName=Net1_65 Pin=1-65
Added Pin To Net: NetName=Net1_65 Pin=1-65
Added Pin To Net: NetName=Net1_65 Pin=1-65
Added Pin To Net: NetName=Net1_65 Pin=1-65
Added Pin To Net: NetName=Net1_65 Pin=1-65
Added Pin To Net: NetName=Net1_65 Pin=1-65
Added Pin To Net: NetName=Net1_65 Pin=1-65
Added Pin To Net: NetName=Net1_65 Pin=1-65
Added Pin To Net: NetName=Net1_65 Pin=1-65
Added Pin To Net: NetName=Net1_65 Pin=1-65
Added Pin To Net: NetName=Net1_65 Pin=1-65
Added Pin To Net: NetName=Net1_65 Pin=1-65
Added Pin To Net: NetName=Net1_65 Pin=1-65
Added Pin To Net: NetName=Net1_65 Pin=1-65
Added Pin To Net: NetName=Net1_65 Pin=1-65
Added Pin To Net: NetName=Net1_65 Pin=R?-1
Added Net: Name=Net1_65
Added Pin To Net: NetName=Net1_66 Pin=1-66
Added Pin To Net: NetName=Net1_66 Pin=1-66
Added Pin To Net: NetName=Net1_66 Pin=1-66
Added Pin To Net: NetName=Net1_66 Pin=1-66
Added Pin To Net: NetName=Net1_66 Pin=1-66
Added Pin To Net: NetName=Net1_66 Pin=1-66
Added Pin To Net: NetName=Net1_66 Pin=1-66
Added Pin To Net: NetName=Net1_66 Pin=1-66
Added Pin To Net: NetName=Net1_66 Pin=1-66
Added Pin To Net: NetName=Net1_66 Pin=1-66
Added Pin To Net: NetName=Net1_66 Pin=1-66
Added Pin To Net: NetName=Net1_66 Pin=1-66
Added Pin To Net: NetName=Net1_66 Pin=1-66
Added Pin To Net: NetName=Net1_66 Pin=1-66
Added Pin To Net: NetName=Net1_66 Pin=1-66
Added Pin To Net: NetName=Net1_66 Pin=1-66
Added Pin To Net: NetName=Net1_66 Pin=1-66
Added Pin To Net: NetName=Net1_66 Pin=1-66
Added Pin To Net: NetName=Net1_66 Pin=1-66
Added Pin To Net: NetName=Net1_66 Pin=1-66
Added Pin To Net: NetName=Net1_66 Pin=1-66
Added Pin To Net: NetName=Net1_66 Pin=1-66
Added Pin To Net: NetName=Net1_66 Pin=1-66
Added Pin To Net: NetName=Net1_66 Pin=1-66
Added Pin To Net: NetName=Net1_66 Pin=1-66
Added Pin To Net: NetName=Net1_66 Pin=1-66
Added Pin To Net: NetName=Net1_66 Pin=1-66
Added Pin To Net: NetName=Net1_66 Pin=1-66
Added Pin To Net: NetName=Net1_66 Pin=1-66
Added Pin To Net: NetName=Net1_66 Pin=1-66
Added Pin To Net: NetName=Net1_66 Pin=1-66
Added Pin To Net: NetName=Net1_66 Pin=1-66
Added Pin To Net: NetName=Net1_66 Pin=1-66
Added Pin To Net: NetName=Net1_66 Pin=1-66
Added Pin To Net: NetName=Net1_66 Pin=1-66
Added Pin To Net: NetName=Net1_66 Pin=1-66
Added Pin To Net: NetName=Net1_66 Pin=1-66
Added Pin To Net: NetName=Net1_66 Pin=1-66
Added Pin To Net: NetName=Net1_66 Pin=1-66
Added Pin To Net: NetName=Net1_66 Pin=1-66
Added Pin To Net: NetName=Net1_66 Pin=1-66
Added Pin To Net: NetName=Net1_66 Pin=1-66
Added Pin To Net: NetName=Net1_66 Pin=1-66
Added Pin To Net: NetName=Net1_66 Pin=1-66
Added Pin To Net: NetName=Net1_66 Pin=1-66
Added Pin To Net: NetName=Net1_66 Pin=1-66
Added Pin To Net: NetName=Net1_66 Pin=1-66
Added Pin To Net: NetName=Net1_66 Pin=1-66
Added Pin To Net: NetName=Net1_66 Pin=1-66
Added Pin To Net: NetName=Net1_66 Pin=1-66
Added Pin To Net: NetName=Net1_66 Pin=1-66
Added Pin To Net: NetName=Net1_66 Pin=1-66
Added Pin To Net: NetName=Net1_66 Pin=1-66
Added Pin To Net: NetName=Net1_66 Pin=1-66
Added Pin To Net: NetName=Net1_66 Pin=1-66
Added Pin To Net: NetName=Net1_66 Pin=1-66
Added Pin To Net: NetName=Net1_66 Pin=1-66
Added Pin To Net: NetName=Net1_66 Pin=1-66
Added Pin To Net: NetName=Net1_66 Pin=1-66
Added Pin To Net: NetName=Net1_66 Pin=1-66
Added Pin To Net: NetName=Net1_66 Pin=1-66
Added Pin To Net: NetName=Net1_66 Pin=1-66
Added Pin To Net: NetName=Net1_66 Pin=1-66
Added Pin To Net: NetName=Net1_66 Pin=1-66
Added Pin To Net: NetName=Net1_66 Pin=R?-1
Added Net: Name=Net1_66
Added Pin To Net: NetName=Net1_67 Pin=1-67
Added Pin To Net: NetName=Net1_67 Pin=1-67
Added Pin To Net: NetName=Net1_67 Pin=1-67
Added Pin To Net: NetName=Net1_67 Pin=1-67
Added Pin To Net: NetName=Net1_67 Pin=1-67
Added Pin To Net: NetName=Net1_67 Pin=1-67
Added Pin To Net: NetName=Net1_67 Pin=1-67
Added Pin To Net: NetName=Net1_67 Pin=1-67
Added Pin To Net: NetName=Net1_67 Pin=1-67
Added Pin To Net: NetName=Net1_67 Pin=1-67
Added Pin To Net: NetName=Net1_67 Pin=1-67
Added Pin To Net: NetName=Net1_67 Pin=1-67
Added Pin To Net: NetName=Net1_67 Pin=1-67
Added Pin To Net: NetName=Net1_67 Pin=1-67
Added Pin To Net: NetName=Net1_67 Pin=1-67
Added Pin To Net: NetName=Net1_67 Pin=1-67
Added Pin To Net: NetName=Net1_67 Pin=1-67
Added Pin To Net: NetName=Net1_67 Pin=1-67
Added Pin To Net: NetName=Net1_67 Pin=1-67
Added Pin To Net: NetName=Net1_67 Pin=1-67
Added Pin To Net: NetName=Net1_67 Pin=1-67
Added Pin To Net: NetName=Net1_67 Pin=1-67
Added Pin To Net: NetName=Net1_67 Pin=1-67
Added Pin To Net: NetName=Net1_67 Pin=1-67
Added Pin To Net: NetName=Net1_67 Pin=1-67
Added Pin To Net: NetName=Net1_67 Pin=1-67
Added Pin To Net: NetName=Net1_67 Pin=1-67
Added Pin To Net: NetName=Net1_67 Pin=1-67
Added Pin To Net: NetName=Net1_67 Pin=1-67
Added Pin To Net: NetName=Net1_67 Pin=1-67
Added Pin To Net: NetName=Net1_67 Pin=1-67
Added Pin To Net: NetName=Net1_67 Pin=1-67
Added Pin To Net: NetName=Net1_67 Pin=1-67
Added Pin To Net: NetName=Net1_67 Pin=1-67
Added Pin To Net: NetName=Net1_67 Pin=1-67
Added Pin To Net: NetName=Net1_67 Pin=1-67
Added Pin To Net: NetName=Net1_67 Pin=1-67
Added Pin To Net: NetName=Net1_67 Pin=1-67
Added Pin To Net: NetName=Net1_67 Pin=1-67
Added Pin To Net: NetName=Net1_67 Pin=1-67
Added Pin To Net: NetName=Net1_67 Pin=1-67
Added Pin To Net: NetName=Net1_67 Pin=1-67
Added Pin To Net: NetName=Net1_67 Pin=1-67
Added Pin To Net: NetName=Net1_67 Pin=1-67
Added Pin To Net: NetName=Net1_67 Pin=1-67
Added Pin To Net: NetName=Net1_67 Pin=1-67
Added Pin To Net: NetName=Net1_67 Pin=1-67
Added Pin To Net: NetName=Net1_67 Pin=1-67
Added Pin To Net: NetName=Net1_67 Pin=1-67
Added Pin To Net: NetName=Net1_67 Pin=1-67
Added Pin To Net: NetName=Net1_67 Pin=1-67
Added Pin To Net: NetName=Net1_67 Pin=1-67
Added Pin To Net: NetName=Net1_67 Pin=1-67
Added Pin To Net: NetName=Net1_67 Pin=1-67
Added Pin To Net: NetName=Net1_67 Pin=1-67
Added Pin To Net: NetName=Net1_67 Pin=1-67
Added Pin To Net: NetName=Net1_67 Pin=1-67
Added Pin To Net: NetName=Net1_67 Pin=1-67
Added Pin To Net: NetName=Net1_67 Pin=1-67
Added Pin To Net: NetName=Net1_67 Pin=1-67
Added Pin To Net: NetName=Net1_67 Pin=1-67
Added Pin To Net: NetName=Net1_67 Pin=1-67
Added Pin To Net: NetName=Net1_67 Pin=1-67
Added Pin To Net: NetName=Net1_67 Pin=1-67
Added Pin To Net: NetName=Net1_67 Pin=R?-1
Added Net: Name=Net1_67
Added Pin To Net: NetName=Net1_68 Pin=1-68
Added Pin To Net: NetName=Net1_68 Pin=1-68
Added Pin To Net: NetName=Net1_68 Pin=1-68
Added Pin To Net: NetName=Net1_68 Pin=1-68
Added Pin To Net: NetName=Net1_68 Pin=1-68
Added Pin To Net: NetName=Net1_68 Pin=1-68
Added Pin To Net: NetName=Net1_68 Pin=1-68
Added Pin To Net: NetName=Net1_68 Pin=1-68
Added Pin To Net: NetName=Net1_68 Pin=1-68
Added Pin To Net: NetName=Net1_68 Pin=1-68
Added Pin To Net: NetName=Net1_68 Pin=1-68
Added Pin To Net: NetName=Net1_68 Pin=1-68
Added Pin To Net: NetName=Net1_68 Pin=1-68
Added Pin To Net: NetName=Net1_68 Pin=1-68
Added Pin To Net: NetName=Net1_68 Pin=1-68
Added Pin To Net: NetName=Net1_68 Pin=1-68
Added Pin To Net: NetName=Net1_68 Pin=1-68
Added Pin To Net: NetName=Net1_68 Pin=1-68
Added Pin To Net: NetName=Net1_68 Pin=1-68
Added Pin To Net: NetName=Net1_68 Pin=1-68
Added Pin To Net: NetName=Net1_68 Pin=1-68
Added Pin To Net: NetName=Net1_68 Pin=1-68
Added Pin To Net: NetName=Net1_68 Pin=1-68
Added Pin To Net: NetName=Net1_68 Pin=1-68
Added Pin To Net: NetName=Net1_68 Pin=1-68
Added Pin To Net: NetName=Net1_68 Pin=1-68
Added Pin To Net: NetName=Net1_68 Pin=1-68
Added Pin To Net: NetName=Net1_68 Pin=1-68
Added Pin To Net: NetName=Net1_68 Pin=1-68
Added Pin To Net: NetName=Net1_68 Pin=1-68
Added Pin To Net: NetName=Net1_68 Pin=1-68
Added Pin To Net: NetName=Net1_68 Pin=1-68
Added Pin To Net: NetName=Net1_68 Pin=1-68
Added Pin To Net: NetName=Net1_68 Pin=1-68
Added Pin To Net: NetName=Net1_68 Pin=1-68
Added Pin To Net: NetName=Net1_68 Pin=1-68
Added Pin To Net: NetName=Net1_68 Pin=1-68
Added Pin To Net: NetName=Net1_68 Pin=1-68
Added Pin To Net: NetName=Net1_68 Pin=1-68
Added Pin To Net: NetName=Net1_68 Pin=1-68
Added Pin To Net: NetName=Net1_68 Pin=1-68
Added Pin To Net: NetName=Net1_68 Pin=1-68
Added Pin To Net: NetName=Net1_68 Pin=1-68
Added Pin To Net: NetName=Net1_68 Pin=1-68
Added Pin To Net: NetName=Net1_68 Pin=1-68
Added Pin To Net: NetName=Net1_68 Pin=1-68
Added Pin To Net: NetName=Net1_68 Pin=1-68
Added Pin To Net: NetName=Net1_68 Pin=1-68
Added Pin To Net: NetName=Net1_68 Pin=1-68
Added Pin To Net: NetName=Net1_68 Pin=1-68
Added Pin To Net: NetName=Net1_68 Pin=1-68
Added Pin To Net: NetName=Net1_68 Pin=1-68
Added Pin To Net: NetName=Net1_68 Pin=1-68
Added Pin To Net: NetName=Net1_68 Pin=1-68
Added Pin To Net: NetName=Net1_68 Pin=1-68
Added Pin To Net: NetName=Net1_68 Pin=1-68
Added Pin To Net: NetName=Net1_68 Pin=1-68
Added Pin To Net: NetName=Net1_68 Pin=1-68
Added Pin To Net: NetName=Net1_68 Pin=1-68
Added Pin To Net: NetName=Net1_68 Pin=1-68
Added Pin To Net: NetName=Net1_68 Pin=1-68
Added Pin To Net: NetName=Net1_68 Pin=1-68
Added Pin To Net: NetName=Net1_68 Pin=1-68
Added Pin To Net: NetName=Net1_68 Pin=1-68
Added Pin To Net: NetName=Net1_68 Pin=R?-1
Added Net: Name=Net1_68
Added Pin To Net: NetName=Net1_69 Pin=1-69
Added Pin To Net: NetName=Net1_69 Pin=1-69
Added Pin To Net: NetName=Net1_69 Pin=1-69
Added Pin To Net: NetName=Net1_69 Pin=1-69
Added Pin To Net: NetName=Net1_69 Pin=1-69
Added Pin To Net: NetName=Net1_69 Pin=1-69
Added Pin To Net: NetName=Net1_69 Pin=1-69
Added Pin To Net: NetName=Net1_69 Pin=1-69
Added Pin To Net: NetName=Net1_69 Pin=1-69
Added Pin To Net: NetName=Net1_69 Pin=1-69
Added Pin To Net: NetName=Net1_69 Pin=1-69
Added Pin To Net: NetName=Net1_69 Pin=1-69
Added Pin To Net: NetName=Net1_69 Pin=1-69
Added Pin To Net: NetName=Net1_69 Pin=1-69
Added Pin To Net: NetName=Net1_69 Pin=1-69
Added Pin To Net: NetName=Net1_69 Pin=1-69
Added Pin To Net: NetName=Net1_69 Pin=1-69
Added Pin To Net: NetName=Net1_69 Pin=1-69
Added Pin To Net: NetName=Net1_69 Pin=1-69
Added Pin To Net: NetName=Net1_69 Pin=1-69
Added Pin To Net: NetName=Net1_69 Pin=1-69
Added Pin To Net: NetName=Net1_69 Pin=1-69
Added Pin To Net: NetName=Net1_69 Pin=1-69
Added Pin To Net: NetName=Net1_69 Pin=1-69
Added Pin To Net: NetName=Net1_69 Pin=1-69
Added Pin To Net: NetName=Net1_69 Pin=1-69
Added Pin To Net: NetName=Net1_69 Pin=1-69
Added Pin To Net: NetName=Net1_69 Pin=1-69
Added Pin To Net: NetName=Net1_69 Pin=1-69
Added Pin To Net: NetName=Net1_69 Pin=1-69
Added Pin To Net: NetName=Net1_69 Pin=1-69
Added Pin To Net: NetName=Net1_69 Pin=1-69
Added Pin To Net: NetName=Net1_69 Pin=1-69
Added Pin To Net: NetName=Net1_69 Pin=1-69
Added Pin To Net: NetName=Net1_69 Pin=1-69
Added Pin To Net: NetName=Net1_69 Pin=1-69
Added Pin To Net: NetName=Net1_69 Pin=1-69
Added Pin To Net: NetName=Net1_69 Pin=1-69
Added Pin To Net: NetName=Net1_69 Pin=1-69
Added Pin To Net: NetName=Net1_69 Pin=1-69
Added Pin To Net: NetName=Net1_69 Pin=1-69
Added Pin To Net: NetName=Net1_69 Pin=1-69
Added Pin To Net: NetName=Net1_69 Pin=1-69
Added Pin To Net: NetName=Net1_69 Pin=1-69
Added Pin To Net: NetName=Net1_69 Pin=1-69
Added Pin To Net: NetName=Net1_69 Pin=1-69
Added Pin To Net: NetName=Net1_69 Pin=1-69
Added Pin To Net: NetName=Net1_69 Pin=1-69
Added Pin To Net: NetName=Net1_69 Pin=1-69
Added Pin To Net: NetName=Net1_69 Pin=1-69
Added Pin To Net: NetName=Net1_69 Pin=1-69
Added Pin To Net: NetName=Net1_69 Pin=1-69
Added Pin To Net: NetName=Net1_69 Pin=1-69
Added Pin To Net: NetName=Net1_69 Pin=1-69
Added Pin To Net: NetName=Net1_69 Pin=1-69
Added Pin To Net: NetName=Net1_69 Pin=1-69
Added Pin To Net: NetName=Net1_69 Pin=1-69
Added Pin To Net: NetName=Net1_69 Pin=1-69
Added Pin To Net: NetName=Net1_69 Pin=1-69
Added Pin To Net: NetName=Net1_69 Pin=1-69
Added Pin To Net: NetName=Net1_69 Pin=1-69
Added Pin To Net: NetName=Net1_69 Pin=1-69
Added Pin To Net: NetName=Net1_69 Pin=1-69
Added Pin To Net: NetName=Net1_69 Pin=1-69
Added Pin To Net: NetName=Net1_69 Pin=R?-1
Added Net: Name=Net1_69
Added Pin To Net: NetName=Net1_70 Pin=1-70
Added Pin To Net: NetName=Net1_70 Pin=1-70
Added Pin To Net: NetName=Net1_70 Pin=1-70
Added Pin To Net: NetName=Net1_70 Pin=1-70
Added Pin To Net: NetName=Net1_70 Pin=1-70
Added Pin To Net: NetName=Net1_70 Pin=1-70
Added Pin To Net: NetName=Net1_70 Pin=1-70
Added Pin To Net: NetName=Net1_70 Pin=1-70
Added Pin To Net: NetName=Net1_70 Pin=1-70
Added Pin To Net: NetName=Net1_70 Pin=1-70
Added Pin To Net: NetName=Net1_70 Pin=1-70
Added Pin To Net: NetName=Net1_70 Pin=1-70
Added Pin To Net: NetName=Net1_70 Pin=1-70
Added Pin To Net: NetName=Net1_70 Pin=1-70
Added Pin To Net: NetName=Net1_70 Pin=1-70
Added Pin To Net: NetName=Net1_70 Pin=1-70
Added Pin To Net: NetName=Net1_70 Pin=1-70
Added Pin To Net: NetName=Net1_70 Pin=1-70
Added Pin To Net: NetName=Net1_70 Pin=1-70
Added Pin To Net: NetName=Net1_70 Pin=1-70
Added Pin To Net: NetName=Net1_70 Pin=1-70
Added Pin To Net: NetName=Net1_70 Pin=1-70
Added Pin To Net: NetName=Net1_70 Pin=1-70
Added Pin To Net: NetName=Net1_70 Pin=1-70
Added Pin To Net: NetName=Net1_70 Pin=1-70
Added Pin To Net: NetName=Net1_70 Pin=1-70
Added Pin To Net: NetName=Net1_70 Pin=1-70
Added Pin To Net: NetName=Net1_70 Pin=1-70
Added Pin To Net: NetName=Net1_70 Pin=1-70
Added Pin To Net: NetName=Net1_70 Pin=1-70
Added Pin To Net: NetName=Net1_70 Pin=1-70
Added Pin To Net: NetName=Net1_70 Pin=1-70
Added Pin To Net: NetName=Net1_70 Pin=1-70
Added Pin To Net: NetName=Net1_70 Pin=1-70
Added Pin To Net: NetName=Net1_70 Pin=1-70
Added Pin To Net: NetName=Net1_70 Pin=1-70
Added Pin To Net: NetName=Net1_70 Pin=1-70
Added Pin To Net: NetName=Net1_70 Pin=1-70
Added Pin To Net: NetName=Net1_70 Pin=1-70
Added Pin To Net: NetName=Net1_70 Pin=1-70
Added Pin To Net: NetName=Net1_70 Pin=1-70
Added Pin To Net: NetName=Net1_70 Pin=1-70
Added Pin To Net: NetName=Net1_70 Pin=1-70
Added Pin To Net: NetName=Net1_70 Pin=1-70
Added Pin To Net: NetName=Net1_70 Pin=1-70
Added Pin To Net: NetName=Net1_70 Pin=1-70
Added Pin To Net: NetName=Net1_70 Pin=1-70
Added Pin To Net: NetName=Net1_70 Pin=1-70
Added Pin To Net: NetName=Net1_70 Pin=1-70
Added Pin To Net: NetName=Net1_70 Pin=1-70
Added Pin To Net: NetName=Net1_70 Pin=1-70
Added Pin To Net: NetName=Net1_70 Pin=1-70
Added Pin To Net: NetName=Net1_70 Pin=1-70
Added Pin To Net: NetName=Net1_70 Pin=1-70
Added Pin To Net: NetName=Net1_70 Pin=1-70
Added Pin To Net: NetName=Net1_70 Pin=1-70
Added Pin To Net: NetName=Net1_70 Pin=1-70
Added Pin To Net: NetName=Net1_70 Pin=1-70
Added Pin To Net: NetName=Net1_70 Pin=1-70
Added Pin To Net: NetName=Net1_70 Pin=1-70
Added Pin To Net: NetName=Net1_70 Pin=1-70
Added Pin To Net: NetName=Net1_70 Pin=1-70
Added Pin To Net: NetName=Net1_70 Pin=1-70
Added Pin To Net: NetName=Net1_70 Pin=1-70
Added Pin To Net: NetName=Net1_70 Pin=R?-1
Added Net: Name=Net1_70
Added Pin To Net: NetName=Net1_71 Pin=1-71
Added Pin To Net: NetName=Net1_71 Pin=1-71
Added Pin To Net: NetName=Net1_71 Pin=1-71
Added Pin To Net: NetName=Net1_71 Pin=1-71
Added Pin To Net: NetName=Net1_71 Pin=1-71
Added Pin To Net: NetName=Net1_71 Pin=1-71
Added Pin To Net: NetName=Net1_71 Pin=1-71
Added Pin To Net: NetName=Net1_71 Pin=1-71
Added Pin To Net: NetName=Net1_71 Pin=1-71
Added Pin To Net: NetName=Net1_71 Pin=1-71
Added Pin To Net: NetName=Net1_71 Pin=1-71
Added Pin To Net: NetName=Net1_71 Pin=1-71
Added Pin To Net: NetName=Net1_71 Pin=1-71
Added Pin To Net: NetName=Net1_71 Pin=1-71
Added Pin To Net: NetName=Net1_71 Pin=1-71
Added Pin To Net: NetName=Net1_71 Pin=1-71
Added Pin To Net: NetName=Net1_71 Pin=1-71
Added Pin To Net: NetName=Net1_71 Pin=1-71
Added Pin To Net: NetName=Net1_71 Pin=1-71
Added Pin To Net: NetName=Net1_71 Pin=1-71
Added Pin To Net: NetName=Net1_71 Pin=1-71
Added Pin To Net: NetName=Net1_71 Pin=1-71
Added Pin To Net: NetName=Net1_71 Pin=1-71
Added Pin To Net: NetName=Net1_71 Pin=1-71
Added Pin To Net: NetName=Net1_71 Pin=1-71
Added Pin To Net: NetName=Net1_71 Pin=1-71
Added Pin To Net: NetName=Net1_71 Pin=1-71
Added Pin To Net: NetName=Net1_71 Pin=1-71
Added Pin To Net: NetName=Net1_71 Pin=1-71
Added Pin To Net: NetName=Net1_71 Pin=1-71
Added Pin To Net: NetName=Net1_71 Pin=1-71
Added Pin To Net: NetName=Net1_71 Pin=1-71
Added Pin To Net: NetName=Net1_71 Pin=1-71
Added Pin To Net: NetName=Net1_71 Pin=1-71
Added Pin To Net: NetName=Net1_71 Pin=1-71
Added Pin To Net: NetName=Net1_71 Pin=1-71
Added Pin To Net: NetName=Net1_71 Pin=1-71
Added Pin To Net: NetName=Net1_71 Pin=1-71
Added Pin To Net: NetName=Net1_71 Pin=1-71
Added Pin To Net: NetName=Net1_71 Pin=1-71
Added Pin To Net: NetName=Net1_71 Pin=1-71
Added Pin To Net: NetName=Net1_71 Pin=1-71
Added Pin To Net: NetName=Net1_71 Pin=1-71
Added Pin To Net: NetName=Net1_71 Pin=1-71
Added Pin To Net: NetName=Net1_71 Pin=1-71
Added Pin To Net: NetName=Net1_71 Pin=1-71
Added Pin To Net: NetName=Net1_71 Pin=1-71
Added Pin To Net: NetName=Net1_71 Pin=1-71
Added Pin To Net: NetName=Net1_71 Pin=1-71
Added Pin To Net: NetName=Net1_71 Pin=1-71
Added Pin To Net: NetName=Net1_71 Pin=1-71
Added Pin To Net: NetName=Net1_71 Pin=1-71
Added Pin To Net: NetName=Net1_71 Pin=1-71
Added Pin To Net: NetName=Net1_71 Pin=1-71
Added Pin To Net: NetName=Net1_71 Pin=1-71
Added Pin To Net: NetName=Net1_71 Pin=1-71
Added Pin To Net: NetName=Net1_71 Pin=1-71
Added Pin To Net: NetName=Net1_71 Pin=1-71
Added Pin To Net: NetName=Net1_71 Pin=1-71
Added Pin To Net: NetName=Net1_71 Pin=1-71
Added Pin To Net: NetName=Net1_71 Pin=1-71
Added Pin To Net: NetName=Net1_71 Pin=1-71
Added Pin To Net: NetName=Net1_71 Pin=1-71
Added Pin To Net: NetName=Net1_71 Pin=1-71
Added Pin To Net: NetName=Net1_71 Pin=R?-1
Added Net: Name=Net1_71
Added Pin To Net: NetName=Net1_72 Pin=1-72
Added Pin To Net: NetName=Net1_72 Pin=1-72
Added Pin To Net: NetName=Net1_72 Pin=1-72
Added Pin To Net: NetName=Net1_72 Pin=1-72
Added Pin To Net: NetName=Net1_72 Pin=1-72
Added Pin To Net: NetName=Net1_72 Pin=1-72
Added Pin To Net: NetName=Net1_72 Pin=1-72
Added Pin To Net: NetName=Net1_72 Pin=1-72
Added Pin To Net: NetName=Net1_72 Pin=1-72
Added Pin To Net: NetName=Net1_72 Pin=1-72
Added Pin To Net: NetName=Net1_72 Pin=1-72
Added Pin To Net: NetName=Net1_72 Pin=1-72
Added Pin To Net: NetName=Net1_72 Pin=1-72
Added Pin To Net: NetName=Net1_72 Pin=1-72
Added Pin To Net: NetName=Net1_72 Pin=1-72
Added Pin To Net: NetName=Net1_72 Pin=1-72
Added Pin To Net: NetName=Net1_72 Pin=1-72
Added Pin To Net: NetName=Net1_72 Pin=1-72
Added Pin To Net: NetName=Net1_72 Pin=1-72
Added Pin To Net: NetName=Net1_72 Pin=1-72
Added Pin To Net: NetName=Net1_72 Pin=1-72
Added Pin To Net: NetName=Net1_72 Pin=1-72
Added Pin To Net: NetName=Net1_72 Pin=1-72
Added Pin To Net: NetName=Net1_72 Pin=1-72
Added Pin To Net: NetName=Net1_72 Pin=1-72
Added Pin To Net: NetName=Net1_72 Pin=1-72
Added Pin To Net: NetName=Net1_72 Pin=1-72
Added Pin To Net: NetName=Net1_72 Pin=1-72
Added Pin To Net: NetName=Net1_72 Pin=1-72
Added Pin To Net: NetName=Net1_72 Pin=1-72
Added Pin To Net: NetName=Net1_72 Pin=1-72
Added Pin To Net: NetName=Net1_72 Pin=1-72
Added Pin To Net: NetName=Net1_72 Pin=1-72
Added Pin To Net: NetName=Net1_72 Pin=1-72
Added Pin To Net: NetName=Net1_72 Pin=1-72
Added Pin To Net: NetName=Net1_72 Pin=1-72
Added Pin To Net: NetName=Net1_72 Pin=1-72
Added Pin To Net: NetName=Net1_72 Pin=1-72
Added Pin To Net: NetName=Net1_72 Pin=1-72
Added Pin To Net: NetName=Net1_72 Pin=1-72
Added Pin To Net: NetName=Net1_72 Pin=1-72
Added Pin To Net: NetName=Net1_72 Pin=1-72
Added Pin To Net: NetName=Net1_72 Pin=1-72
Added Pin To Net: NetName=Net1_72 Pin=1-72
Added Pin To Net: NetName=Net1_72 Pin=1-72
Added Pin To Net: NetName=Net1_72 Pin=1-72
Added Pin To Net: NetName=Net1_72 Pin=1-72
Added Pin To Net: NetName=Net1_72 Pin=1-72
Added Pin To Net: NetName=Net1_72 Pin=1-72
Added Pin To Net: NetName=Net1_72 Pin=1-72
Added Pin To Net: NetName=Net1_72 Pin=1-72
Added Pin To Net: NetName=Net1_72 Pin=1-72
Added Pin To Net: NetName=Net1_72 Pin=1-72
Added Pin To Net: NetName=Net1_72 Pin=1-72
Added Pin To Net: NetName=Net1_72 Pin=1-72
Added Pin To Net: NetName=Net1_72 Pin=1-72
Added Pin To Net: NetName=Net1_72 Pin=1-72
Added Pin To Net: NetName=Net1_72 Pin=1-72
Added Pin To Net: NetName=Net1_72 Pin=1-72
Added Pin To Net: NetName=Net1_72 Pin=1-72
Added Pin To Net: NetName=Net1_72 Pin=1-72
Added Pin To Net: NetName=Net1_72 Pin=1-72
Added Pin To Net: NetName=Net1_72 Pin=1-72
Added Pin To Net: NetName=Net1_72 Pin=1-72
Added Pin To Net: NetName=Net1_72 Pin=R?-1
Added Net: Name=Net1_72
Added Pin To Net: NetName=Net1_73 Pin=1-73
Added Pin To Net: NetName=Net1_73 Pin=1-73
Added Pin To Net: NetName=Net1_73 Pin=1-73
Added Pin To Net: NetName=Net1_73 Pin=1-73
Added Pin To Net: NetName=Net1_73 Pin=1-73
Added Pin To Net: NetName=Net1_73 Pin=1-73
Added Pin To Net: NetName=Net1_73 Pin=1-73
Added Pin To Net: NetName=Net1_73 Pin=1-73
Added Pin To Net: NetName=Net1_73 Pin=1-73
Added Pin To Net: NetName=Net1_73 Pin=1-73
Added Pin To Net: NetName=Net1_73 Pin=1-73
Added Pin To Net: NetName=Net1_73 Pin=1-73
Added Pin To Net: NetName=Net1_73 Pin=1-73
Added Pin To Net: NetName=Net1_73 Pin=1-73
Added Pin To Net: NetName=Net1_73 Pin=1-73
Added Pin To Net: NetName=Net1_73 Pin=1-73
Added Pin To Net: NetName=Net1_73 Pin=1-73
Added Pin To Net: NetName=Net1_73 Pin=1-73
Added Pin To Net: NetName=Net1_73 Pin=1-73
Added Pin To Net: NetName=Net1_73 Pin=1-73
Added Pin To Net: NetName=Net1_73 Pin=1-73
Added Pin To Net: NetName=Net1_73 Pin=1-73
Added Pin To Net: NetName=Net1_73 Pin=1-73
Added Pin To Net: NetName=Net1_73 Pin=1-73
Added Pin To Net: NetName=Net1_73 Pin=1-73
Added Pin To Net: NetName=Net1_73 Pin=1-73
Added Pin To Net: NetName=Net1_73 Pin=1-73
Added Pin To Net: NetName=Net1_73 Pin=1-73
Added Pin To Net: NetName=Net1_73 Pin=1-73
Added Pin To Net: NetName=Net1_73 Pin=1-73
Added Pin To Net: NetName=Net1_73 Pin=1-73
Added Pin To Net: NetName=Net1_73 Pin=1-73
Added Pin To Net: NetName=Net1_73 Pin=1-73
Added Pin To Net: NetName=Net1_73 Pin=1-73
Added Pin To Net: NetName=Net1_73 Pin=1-73
Added Pin To Net: NetName=Net1_73 Pin=1-73
Added Pin To Net: NetName=Net1_73 Pin=1-73
Added Pin To Net: NetName=Net1_73 Pin=1-73
Added Pin To Net: NetName=Net1_73 Pin=1-73
Added Pin To Net: NetName=Net1_73 Pin=1-73
Added Pin To Net: NetName=Net1_73 Pin=1-73
Added Pin To Net: NetName=Net1_73 Pin=1-73
Added Pin To Net: NetName=Net1_73 Pin=1-73
Added Pin To Net: NetName=Net1_73 Pin=1-73
Added Pin To Net: NetName=Net1_73 Pin=1-73
Added Pin To Net: NetName=Net1_73 Pin=1-73
Added Pin To Net: NetName=Net1_73 Pin=1-73
Added Pin To Net: NetName=Net1_73 Pin=1-73
Added Pin To Net: NetName=Net1_73 Pin=1-73
Added Pin To Net: NetName=Net1_73 Pin=1-73
Added Pin To Net: NetName=Net1_73 Pin=1-73
Added Pin To Net: NetName=Net1_73 Pin=1-73
Added Pin To Net: NetName=Net1_73 Pin=1-73
Added Pin To Net: NetName=Net1_73 Pin=1-73
Added Pin To Net: NetName=Net1_73 Pin=1-73
Added Pin To Net: NetName=Net1_73 Pin=1-73
Added Pin To Net: NetName=Net1_73 Pin=1-73
Added Pin To Net: NetName=Net1_73 Pin=1-73
Added Pin To Net: NetName=Net1_73 Pin=1-73
Added Pin To Net: NetName=Net1_73 Pin=1-73
Added Pin To Net: NetName=Net1_73 Pin=1-73
Added Pin To Net: NetName=Net1_73 Pin=1-73
Added Pin To Net: NetName=Net1_73 Pin=1-73
Added Pin To Net: NetName=Net1_73 Pin=1-73
Added Pin To Net: NetName=Net1_73 Pin=R?-1
Added Net: Name=Net1_73
Added Pin To Net: NetName=Net1_74 Pin=1-74
Added Pin To Net: NetName=Net1_74 Pin=1-74
Added Pin To Net: NetName=Net1_74 Pin=1-74
Added Pin To Net: NetName=Net1_74 Pin=1-74
Added Pin To Net: NetName=Net1_74 Pin=1-74
Added Pin To Net: NetName=Net1_74 Pin=1-74
Added Pin To Net: NetName=Net1_74 Pin=1-74
Added Pin To Net: NetName=Net1_74 Pin=1-74
Added Pin To Net: NetName=Net1_74 Pin=1-74
Added Pin To Net: NetName=Net1_74 Pin=1-74
Added Pin To Net: NetName=Net1_74 Pin=1-74
Added Pin To Net: NetName=Net1_74 Pin=1-74
Added Pin To Net: NetName=Net1_74 Pin=1-74
Added Pin To Net: NetName=Net1_74 Pin=1-74
Added Pin To Net: NetName=Net1_74 Pin=1-74
Added Pin To Net: NetName=Net1_74 Pin=1-74
Added Pin To Net: NetName=Net1_74 Pin=1-74
Added Pin To Net: NetName=Net1_74 Pin=1-74
Added Pin To Net: NetName=Net1_74 Pin=1-74
Added Pin To Net: NetName=Net1_74 Pin=1-74
Added Pin To Net: NetName=Net1_74 Pin=1-74
Added Pin To Net: NetName=Net1_74 Pin=1-74
Added Pin To Net: NetName=Net1_74 Pin=1-74
Added Pin To Net: NetName=Net1_74 Pin=1-74
Added Pin To Net: NetName=Net1_74 Pin=1-74
Added Pin To Net: NetName=Net1_74 Pin=1-74
Added Pin To Net: NetName=Net1_74 Pin=1-74
Added Pin To Net: NetName=Net1_74 Pin=1-74
Added Pin To Net: NetName=Net1_74 Pin=1-74
Added Pin To Net: NetName=Net1_74 Pin=1-74
Added Pin To Net: NetName=Net1_74 Pin=1-74
Added Pin To Net: NetName=Net1_74 Pin=1-74
Added Pin To Net: NetName=Net1_74 Pin=1-74
Added Pin To Net: NetName=Net1_74 Pin=1-74
Added Pin To Net: NetName=Net1_74 Pin=1-74
Added Pin To Net: NetName=Net1_74 Pin=1-74
Added Pin To Net: NetName=Net1_74 Pin=1-74
Added Pin To Net: NetName=Net1_74 Pin=1-74
Added Pin To Net: NetName=Net1_74 Pin=1-74
Added Pin To Net: NetName=Net1_74 Pin=1-74
Added Pin To Net: NetName=Net1_74 Pin=1-74
Added Pin To Net: NetName=Net1_74 Pin=1-74
Added Pin To Net: NetName=Net1_74 Pin=1-74
Added Pin To Net: NetName=Net1_74 Pin=1-74
Added Pin To Net: NetName=Net1_74 Pin=1-74
Added Pin To Net: NetName=Net1_74 Pin=1-74
Added Pin To Net: NetName=Net1_74 Pin=1-74
Added Pin To Net: NetName=Net1_74 Pin=1-74
Added Pin To Net: NetName=Net1_74 Pin=1-74
Added Pin To Net: NetName=Net1_74 Pin=1-74
Added Pin To Net: NetName=Net1_74 Pin=1-74
Added Pin To Net: NetName=Net1_74 Pin=1-74
Added Pin To Net: NetName=Net1_74 Pin=1-74
Added Pin To Net: NetName=Net1_74 Pin=1-74
Added Pin To Net: NetName=Net1_74 Pin=1-74
Added Pin To Net: NetName=Net1_74 Pin=1-74
Added Pin To Net: NetName=Net1_74 Pin=1-74
Added Pin To Net: NetName=Net1_74 Pin=1-74
Added Pin To Net: NetName=Net1_74 Pin=1-74
Added Pin To Net: NetName=Net1_74 Pin=1-74
Added Pin To Net: NetName=Net1_74 Pin=1-74
Added Pin To Net: NetName=Net1_74 Pin=1-74
Added Pin To Net: NetName=Net1_74 Pin=1-74
Added Pin To Net: NetName=Net1_74 Pin=1-74
Added Pin To Net: NetName=Net1_74 Pin=R?-1
Added Net: Name=Net1_74
Added Pin To Net: NetName=Net1_75 Pin=1-75
Added Pin To Net: NetName=Net1_75 Pin=1-75
Added Pin To Net: NetName=Net1_75 Pin=1-75
Added Pin To Net: NetName=Net1_75 Pin=1-75
Added Pin To Net: NetName=Net1_75 Pin=1-75
Added Pin To Net: NetName=Net1_75 Pin=1-75
Added Pin To Net: NetName=Net1_75 Pin=1-75
Added Pin To Net: NetName=Net1_75 Pin=1-75
Added Pin To Net: NetName=Net1_75 Pin=1-75
Added Pin To Net: NetName=Net1_75 Pin=1-75
Added Pin To Net: NetName=Net1_75 Pin=1-75
Added Pin To Net: NetName=Net1_75 Pin=1-75
Added Pin To Net: NetName=Net1_75 Pin=1-75
Added Pin To Net: NetName=Net1_75 Pin=1-75
Added Pin To Net: NetName=Net1_75 Pin=1-75
Added Pin To Net: NetName=Net1_75 Pin=1-75
Added Pin To Net: NetName=Net1_75 Pin=1-75
Added Pin To Net: NetName=Net1_75 Pin=1-75
Added Pin To Net: NetName=Net1_75 Pin=1-75
Added Pin To Net: NetName=Net1_75 Pin=1-75
Added Pin To Net: NetName=Net1_75 Pin=1-75
Added Pin To Net: NetName=Net1_75 Pin=1-75
Added Pin To Net: NetName=Net1_75 Pin=1-75
Added Pin To Net: NetName=Net1_75 Pin=1-75
Added Pin To Net: NetName=Net1_75 Pin=1-75
Added Pin To Net: NetName=Net1_75 Pin=1-75
Added Pin To Net: NetName=Net1_75 Pin=1-75
Added Pin To Net: NetName=Net1_75 Pin=1-75
Added Pin To Net: NetName=Net1_75 Pin=1-75
Added Pin To Net: NetName=Net1_75 Pin=1-75
Added Pin To Net: NetName=Net1_75 Pin=1-75
Added Pin To Net: NetName=Net1_75 Pin=1-75
Added Pin To Net: NetName=Net1_75 Pin=1-75
Added Pin To Net: NetName=Net1_75 Pin=1-75
Added Pin To Net: NetName=Net1_75 Pin=1-75
Added Pin To Net: NetName=Net1_75 Pin=1-75
Added Pin To Net: NetName=Net1_75 Pin=1-75
Added Pin To Net: NetName=Net1_75 Pin=1-75
Added Pin To Net: NetName=Net1_75 Pin=1-75
Added Pin To Net: NetName=Net1_75 Pin=1-75
Added Pin To Net: NetName=Net1_75 Pin=1-75
Added Pin To Net: NetName=Net1_75 Pin=1-75
Added Pin To Net: NetName=Net1_75 Pin=1-75
Added Pin To Net: NetName=Net1_75 Pin=1-75
Added Pin To Net: NetName=Net1_75 Pin=1-75
Added Pin To Net: NetName=Net1_75 Pin=1-75
Added Pin To Net: NetName=Net1_75 Pin=1-75
Added Pin To Net: NetName=Net1_75 Pin=1-75
Added Pin To Net: NetName=Net1_75 Pin=1-75
Added Pin To Net: NetName=Net1_75 Pin=1-75
Added Pin To Net: NetName=Net1_75 Pin=1-75
Added Pin To Net: NetName=Net1_75 Pin=1-75
Added Pin To Net: NetName=Net1_75 Pin=1-75
Added Pin To Net: NetName=Net1_75 Pin=1-75
Added Pin To Net: NetName=Net1_75 Pin=1-75
Added Pin To Net: NetName=Net1_75 Pin=1-75
Added Pin To Net: NetName=Net1_75 Pin=1-75
Added Pin To Net: NetName=Net1_75 Pin=1-75
Added Pin To Net: NetName=Net1_75 Pin=1-75
Added Pin To Net: NetName=Net1_75 Pin=1-75
Added Pin To Net: NetName=Net1_75 Pin=1-75
Added Pin To Net: NetName=Net1_75 Pin=1-75
Added Pin To Net: NetName=Net1_75 Pin=1-75
Added Pin To Net: NetName=Net1_75 Pin=1-75
Added Pin To Net: NetName=Net1_75 Pin=R?-1
Added Net: Name=Net1_75
Added Pin To Net: NetName=Net1_76 Pin=1-76
Added Pin To Net: NetName=Net1_76 Pin=1-76
Added Pin To Net: NetName=Net1_76 Pin=1-76
Added Pin To Net: NetName=Net1_76 Pin=1-76
Added Pin To Net: NetName=Net1_76 Pin=1-76
Added Pin To Net: NetName=Net1_76 Pin=1-76
Added Pin To Net: NetName=Net1_76 Pin=1-76
Added Pin To Net: NetName=Net1_76 Pin=1-76
Added Pin To Net: NetName=Net1_76 Pin=1-76
Added Pin To Net: NetName=Net1_76 Pin=1-76
Added Pin To Net: NetName=Net1_76 Pin=1-76
Added Pin To Net: NetName=Net1_76 Pin=1-76
Added Pin To Net: NetName=Net1_76 Pin=1-76
Added Pin To Net: NetName=Net1_76 Pin=1-76
Added Pin To Net: NetName=Net1_76 Pin=1-76
Added Pin To Net: NetName=Net1_76 Pin=1-76
Added Pin To Net: NetName=Net1_76 Pin=1-76
Added Pin To Net: NetName=Net1_76 Pin=1-76
Added Pin To Net: NetName=Net1_76 Pin=1-76
Added Pin To Net: NetName=Net1_76 Pin=1-76
Added Pin To Net: NetName=Net1_76 Pin=1-76
Added Pin To Net: NetName=Net1_76 Pin=1-76
Added Pin To Net: NetName=Net1_76 Pin=1-76
Added Pin To Net: NetName=Net1_76 Pin=1-76
Added Pin To Net: NetName=Net1_76 Pin=1-76
Added Pin To Net: NetName=Net1_76 Pin=1-76
Added Pin To Net: NetName=Net1_76 Pin=1-76
Added Pin To Net: NetName=Net1_76 Pin=1-76
Added Pin To Net: NetName=Net1_76 Pin=1-76
Added Pin To Net: NetName=Net1_76 Pin=1-76
Added Pin To Net: NetName=Net1_76 Pin=1-76
Added Pin To Net: NetName=Net1_76 Pin=1-76
Added Pin To Net: NetName=Net1_76 Pin=1-76
Added Pin To Net: NetName=Net1_76 Pin=1-76
Added Pin To Net: NetName=Net1_76 Pin=1-76
Added Pin To Net: NetName=Net1_76 Pin=1-76
Added Pin To Net: NetName=Net1_76 Pin=1-76
Added Pin To Net: NetName=Net1_76 Pin=1-76
Added Pin To Net: NetName=Net1_76 Pin=1-76
Added Pin To Net: NetName=Net1_76 Pin=1-76
Added Pin To Net: NetName=Net1_76 Pin=1-76
Added Pin To Net: NetName=Net1_76 Pin=1-76
Added Pin To Net: NetName=Net1_76 Pin=1-76
Added Pin To Net: NetName=Net1_76 Pin=1-76
Added Pin To Net: NetName=Net1_76 Pin=1-76
Added Pin To Net: NetName=Net1_76 Pin=1-76
Added Pin To Net: NetName=Net1_76 Pin=1-76
Added Pin To Net: NetName=Net1_76 Pin=1-76
Added Pin To Net: NetName=Net1_76 Pin=1-76
Added Pin To Net: NetName=Net1_76 Pin=1-76
Added Pin To Net: NetName=Net1_76 Pin=1-76
Added Pin To Net: NetName=Net1_76 Pin=1-76
Added Pin To Net: NetName=Net1_76 Pin=1-76
Added Pin To Net: NetName=Net1_76 Pin=1-76
Added Pin To Net: NetName=Net1_76 Pin=1-76
Added Pin To Net: NetName=Net1_76 Pin=1-76
Added Pin To Net: NetName=Net1_76 Pin=1-76
Added Pin To Net: NetName=Net1_76 Pin=1-76
Added Pin To Net: NetName=Net1_76 Pin=1-76
Added Pin To Net: NetName=Net1_76 Pin=1-76
Added Pin To Net: NetName=Net1_76 Pin=1-76
Added Pin To Net: NetName=Net1_76 Pin=1-76
Added Pin To Net: NetName=Net1_76 Pin=1-76
Added Pin To Net: NetName=Net1_76 Pin=1-76
Added Pin To Net: NetName=Net1_76 Pin=R?-1
Added Net: Name=Net1_76
Added Pin To Net: NetName=Net1_77 Pin=1-77
Added Pin To Net: NetName=Net1_77 Pin=1-77
Added Pin To Net: NetName=Net1_77 Pin=1-77
Added Pin To Net: NetName=Net1_77 Pin=1-77
Added Pin To Net: NetName=Net1_77 Pin=1-77
Added Pin To Net: NetName=Net1_77 Pin=1-77
Added Pin To Net: NetName=Net1_77 Pin=1-77
Added Pin To Net: NetName=Net1_77 Pin=1-77
Added Pin To Net: NetName=Net1_77 Pin=1-77
Added Pin To Net: NetName=Net1_77 Pin=1-77
Added Pin To Net: NetName=Net1_77 Pin=1-77
Added Pin To Net: NetName=Net1_77 Pin=1-77
Added Pin To Net: NetName=Net1_77 Pin=1-77
Added Pin To Net: NetName=Net1_77 Pin=1-77
Added Pin To Net: NetName=Net1_77 Pin=1-77
Added Pin To Net: NetName=Net1_77 Pin=1-77
Added Pin To Net: NetName=Net1_77 Pin=1-77
Added Pin To Net: NetName=Net1_77 Pin=1-77
Added Pin To Net: NetName=Net1_77 Pin=1-77
Added Pin To Net: NetName=Net1_77 Pin=1-77
Added Pin To Net: NetName=Net1_77 Pin=1-77
Added Pin To Net: NetName=Net1_77 Pin=1-77
Added Pin To Net: NetName=Net1_77 Pin=1-77
Added Pin To Net: NetName=Net1_77 Pin=1-77
Added Pin To Net: NetName=Net1_77 Pin=1-77
Added Pin To Net: NetName=Net1_77 Pin=1-77
Added Pin To Net: NetName=Net1_77 Pin=1-77
Added Pin To Net: NetName=Net1_77 Pin=1-77
Added Pin To Net: NetName=Net1_77 Pin=1-77
Added Pin To Net: NetName=Net1_77 Pin=1-77
Added Pin To Net: NetName=Net1_77 Pin=1-77
Added Pin To Net: NetName=Net1_77 Pin=1-77
Added Pin To Net: NetName=Net1_77 Pin=1-77
Added Pin To Net: NetName=Net1_77 Pin=1-77
Added Pin To Net: NetName=Net1_77 Pin=1-77
Added Pin To Net: NetName=Net1_77 Pin=1-77
Added Pin To Net: NetName=Net1_77 Pin=1-77
Added Pin To Net: NetName=Net1_77 Pin=1-77
Added Pin To Net: NetName=Net1_77 Pin=1-77
Added Pin To Net: NetName=Net1_77 Pin=1-77
Added Pin To Net: NetName=Net1_77 Pin=1-77
Added Pin To Net: NetName=Net1_77 Pin=1-77
Added Pin To Net: NetName=Net1_77 Pin=1-77
Added Pin To Net: NetName=Net1_77 Pin=1-77
Added Pin To Net: NetName=Net1_77 Pin=1-77
Added Pin To Net: NetName=Net1_77 Pin=1-77
Added Pin To Net: NetName=Net1_77 Pin=1-77
Added Pin To Net: NetName=Net1_77 Pin=1-77
Added Pin To Net: NetName=Net1_77 Pin=1-77
Added Pin To Net: NetName=Net1_77 Pin=1-77
Added Pin To Net: NetName=Net1_77 Pin=1-77
Added Pin To Net: NetName=Net1_77 Pin=1-77
Added Pin To Net: NetName=Net1_77 Pin=1-77
Added Pin To Net: NetName=Net1_77 Pin=1-77
Added Pin To Net: NetName=Net1_77 Pin=1-77
Added Pin To Net: NetName=Net1_77 Pin=1-77
Added Pin To Net: NetName=Net1_77 Pin=1-77
Added Pin To Net: NetName=Net1_77 Pin=1-77
Added Pin To Net: NetName=Net1_77 Pin=1-77
Added Pin To Net: NetName=Net1_77 Pin=1-77
Added Pin To Net: NetName=Net1_77 Pin=1-77
Added Pin To Net: NetName=Net1_77 Pin=1-77
Added Pin To Net: NetName=Net1_77 Pin=1-77
Added Pin To Net: NetName=Net1_77 Pin=1-77
Added Pin To Net: NetName=Net1_77 Pin=R?-1
Added Net: Name=Net1_77
Added Pin To Net: NetName=Net1_78 Pin=1-78
Added Pin To Net: NetName=Net1_78 Pin=1-78
Added Pin To Net: NetName=Net1_78 Pin=1-78
Added Pin To Net: NetName=Net1_78 Pin=1-78
Added Pin To Net: NetName=Net1_78 Pin=1-78
Added Pin To Net: NetName=Net1_78 Pin=1-78
Added Pin To Net: NetName=Net1_78 Pin=1-78
Added Pin To Net: NetName=Net1_78 Pin=1-78
Added Pin To Net: NetName=Net1_78 Pin=1-78
Added Pin To Net: NetName=Net1_78 Pin=1-78
Added Pin To Net: NetName=Net1_78 Pin=1-78
Added Pin To Net: NetName=Net1_78 Pin=1-78
Added Pin To Net: NetName=Net1_78 Pin=1-78
Added Pin To Net: NetName=Net1_78 Pin=1-78
Added Pin To Net: NetName=Net1_78 Pin=1-78
Added Pin To Net: NetName=Net1_78 Pin=1-78
Added Pin To Net: NetName=Net1_78 Pin=1-78
Added Pin To Net: NetName=Net1_78 Pin=1-78
Added Pin To Net: NetName=Net1_78 Pin=1-78
Added Pin To Net: NetName=Net1_78 Pin=1-78
Added Pin To Net: NetName=Net1_78 Pin=1-78
Added Pin To Net: NetName=Net1_78 Pin=1-78
Added Pin To Net: NetName=Net1_78 Pin=1-78
Added Pin To Net: NetName=Net1_78 Pin=1-78
Added Pin To Net: NetName=Net1_78 Pin=1-78
Added Pin To Net: NetName=Net1_78 Pin=1-78
Added Pin To Net: NetName=Net1_78 Pin=1-78
Added Pin To Net: NetName=Net1_78 Pin=1-78
Added Pin To Net: NetName=Net1_78 Pin=1-78
Added Pin To Net: NetName=Net1_78 Pin=1-78
Added Pin To Net: NetName=Net1_78 Pin=1-78
Added Pin To Net: NetName=Net1_78 Pin=1-78
Added Pin To Net: NetName=Net1_78 Pin=1-78
Added Pin To Net: NetName=Net1_78 Pin=1-78
Added Pin To Net: NetName=Net1_78 Pin=1-78
Added Pin To Net: NetName=Net1_78 Pin=1-78
Added Pin To Net: NetName=Net1_78 Pin=1-78
Added Pin To Net: NetName=Net1_78 Pin=1-78
Added Pin To Net: NetName=Net1_78 Pin=1-78
Added Pin To Net: NetName=Net1_78 Pin=1-78
Added Pin To Net: NetName=Net1_78 Pin=1-78
Added Pin To Net: NetName=Net1_78 Pin=1-78
Added Pin To Net: NetName=Net1_78 Pin=1-78
Added Pin To Net: NetName=Net1_78 Pin=1-78
Added Pin To Net: NetName=Net1_78 Pin=1-78
Added Pin To Net: NetName=Net1_78 Pin=1-78
Added Pin To Net: NetName=Net1_78 Pin=1-78
Added Pin To Net: NetName=Net1_78 Pin=1-78
Added Pin To Net: NetName=Net1_78 Pin=1-78
Added Pin To Net: NetName=Net1_78 Pin=1-78
Added Pin To Net: NetName=Net1_78 Pin=1-78
Added Pin To Net: NetName=Net1_78 Pin=1-78
Added Pin To Net: NetName=Net1_78 Pin=1-78
Added Pin To Net: NetName=Net1_78 Pin=1-78
Added Pin To Net: NetName=Net1_78 Pin=1-78
Added Pin To Net: NetName=Net1_78 Pin=1-78
Added Pin To Net: NetName=Net1_78 Pin=1-78
Added Pin To Net: NetName=Net1_78 Pin=1-78
Added Pin To Net: NetName=Net1_78 Pin=1-78
Added Pin To Net: NetName=Net1_78 Pin=1-78
Added Pin To Net: NetName=Net1_78 Pin=1-78
Added Pin To Net: NetName=Net1_78 Pin=1-78
Added Pin To Net: NetName=Net1_78 Pin=1-78
Added Pin To Net: NetName=Net1_78 Pin=1-78
Added Pin To Net: NetName=Net1_78 Pin=R?-1
Added Net: Name=Net1_78
Added Pin To Net: NetName=Net1_79 Pin=1-79
Added Pin To Net: NetName=Net1_79 Pin=1-79
Added Pin To Net: NetName=Net1_79 Pin=1-79
Added Pin To Net: NetName=Net1_79 Pin=1-79
Added Pin To Net: NetName=Net1_79 Pin=1-79
Added Pin To Net: NetName=Net1_79 Pin=1-79
Added Pin To Net: NetName=Net1_79 Pin=1-79
Added Pin To Net: NetName=Net1_79 Pin=1-79
Added Pin To Net: NetName=Net1_79 Pin=1-79
Added Pin To Net: NetName=Net1_79 Pin=1-79
Added Pin To Net: NetName=Net1_79 Pin=1-79
Added Pin To Net: NetName=Net1_79 Pin=1-79
Added Pin To Net: NetName=Net1_79 Pin=1-79
Added Pin To Net: NetName=Net1_79 Pin=1-79
Added Pin To Net: NetName=Net1_79 Pin=1-79
Added Pin To Net: NetName=Net1_79 Pin=1-79
Added Pin To Net: NetName=Net1_79 Pin=1-79
Added Pin To Net: NetName=Net1_79 Pin=1-79
Added Pin To Net: NetName=Net1_79 Pin=1-79
Added Pin To Net: NetName=Net1_79 Pin=1-79
Added Pin To Net: NetName=Net1_79 Pin=1-79
Added Pin To Net: NetName=Net1_79 Pin=1-79
Added Pin To Net: NetName=Net1_79 Pin=1-79
Added Pin To Net: NetName=Net1_79 Pin=1-79
Added Pin To Net: NetName=Net1_79 Pin=1-79
Added Pin To Net: NetName=Net1_79 Pin=1-79
Added Pin To Net: NetName=Net1_79 Pin=1-79
Added Pin To Net: NetName=Net1_79 Pin=1-79
Added Pin To Net: NetName=Net1_79 Pin=1-79
Added Pin To Net: NetName=Net1_79 Pin=1-79
Added Pin To Net: NetName=Net1_79 Pin=1-79
Added Pin To Net: NetName=Net1_79 Pin=1-79
Added Pin To Net: NetName=Net1_79 Pin=1-79
Added Pin To Net: NetName=Net1_79 Pin=1-79
Added Pin To Net: NetName=Net1_79 Pin=1-79
Added Pin To Net: NetName=Net1_79 Pin=1-79
Added Pin To Net: NetName=Net1_79 Pin=1-79
Added Pin To Net: NetName=Net1_79 Pin=1-79
Added Pin To Net: NetName=Net1_79 Pin=1-79
Added Pin To Net: NetName=Net1_79 Pin=1-79
Added Pin To Net: NetName=Net1_79 Pin=1-79
Added Pin To Net: NetName=Net1_79 Pin=1-79
Added Pin To Net: NetName=Net1_79 Pin=1-79
Added Pin To Net: NetName=Net1_79 Pin=1-79
Added Pin To Net: NetName=Net1_79 Pin=1-79
Added Pin To Net: NetName=Net1_79 Pin=1-79
Added Pin To Net: NetName=Net1_79 Pin=1-79
Added Pin To Net: NetName=Net1_79 Pin=1-79
Added Pin To Net: NetName=Net1_79 Pin=1-79
Added Pin To Net: NetName=Net1_79 Pin=1-79
Added Pin To Net: NetName=Net1_79 Pin=1-79
Added Pin To Net: NetName=Net1_79 Pin=1-79
Added Pin To Net: NetName=Net1_79 Pin=1-79
Added Pin To Net: NetName=Net1_79 Pin=1-79
Added Pin To Net: NetName=Net1_79 Pin=1-79
Added Pin To Net: NetName=Net1_79 Pin=1-79
Added Pin To Net: NetName=Net1_79 Pin=1-79
Added Pin To Net: NetName=Net1_79 Pin=1-79
Added Pin To Net: NetName=Net1_79 Pin=1-79
Added Pin To Net: NetName=Net1_79 Pin=1-79
Added Pin To Net: NetName=Net1_79 Pin=1-79
Added Pin To Net: NetName=Net1_79 Pin=1-79
Added Pin To Net: NetName=Net1_79 Pin=1-79
Added Pin To Net: NetName=Net1_79 Pin=1-79
Added Pin To Net: NetName=Net1_79 Pin=R?-1
Added Net: Name=Net1_79
Added Pin To Net: NetName=Net1_80 Pin=1-80
Added Pin To Net: NetName=Net1_80 Pin=1-80
Added Pin To Net: NetName=Net1_80 Pin=1-80
Added Pin To Net: NetName=Net1_80 Pin=1-80
Added Pin To Net: NetName=Net1_80 Pin=1-80
Added Pin To Net: NetName=Net1_80 Pin=1-80
Added Pin To Net: NetName=Net1_80 Pin=1-80
Added Pin To Net: NetName=Net1_80 Pin=1-80
Added Pin To Net: NetName=Net1_80 Pin=1-80
Added Pin To Net: NetName=Net1_80 Pin=1-80
Added Pin To Net: NetName=Net1_80 Pin=1-80
Added Pin To Net: NetName=Net1_80 Pin=1-80
Added Pin To Net: NetName=Net1_80 Pin=1-80
Added Pin To Net: NetName=Net1_80 Pin=1-80
Added Pin To Net: NetName=Net1_80 Pin=1-80
Added Pin To Net: NetName=Net1_80 Pin=1-80
Added Pin To Net: NetName=Net1_80 Pin=1-80
Added Pin To Net: NetName=Net1_80 Pin=1-80
Added Pin To Net: NetName=Net1_80 Pin=1-80
Added Pin To Net: NetName=Net1_80 Pin=1-80
Added Pin To Net: NetName=Net1_80 Pin=1-80
Added Pin To Net: NetName=Net1_80 Pin=1-80
Added Pin To Net: NetName=Net1_80 Pin=1-80
Added Pin To Net: NetName=Net1_80 Pin=1-80
Added Pin To Net: NetName=Net1_80 Pin=1-80
Added Pin To Net: NetName=Net1_80 Pin=1-80
Added Pin To Net: NetName=Net1_80 Pin=1-80
Added Pin To Net: NetName=Net1_80 Pin=1-80
Added Pin To Net: NetName=Net1_80 Pin=1-80
Added Pin To Net: NetName=Net1_80 Pin=1-80
Added Pin To Net: NetName=Net1_80 Pin=1-80
Added Pin To Net: NetName=Net1_80 Pin=1-80
Added Pin To Net: NetName=Net1_80 Pin=1-80
Added Pin To Net: NetName=Net1_80 Pin=1-80
Added Pin To Net: NetName=Net1_80 Pin=1-80
Added Pin To Net: NetName=Net1_80 Pin=1-80
Added Pin To Net: NetName=Net1_80 Pin=1-80
Added Pin To Net: NetName=Net1_80 Pin=1-80
Added Pin To Net: NetName=Net1_80 Pin=1-80
Added Pin To Net: NetName=Net1_80 Pin=1-80
Added Pin To Net: NetName=Net1_80 Pin=1-80
Added Pin To Net: NetName=Net1_80 Pin=1-80
Added Pin To Net: NetName=Net1_80 Pin=1-80
Added Pin To Net: NetName=Net1_80 Pin=1-80
Added Pin To Net: NetName=Net1_80 Pin=1-80
Added Pin To Net: NetName=Net1_80 Pin=1-80
Added Pin To Net: NetName=Net1_80 Pin=1-80
Added Pin To Net: NetName=Net1_80 Pin=1-80
Added Pin To Net: NetName=Net1_80 Pin=1-80
Added Pin To Net: NetName=Net1_80 Pin=1-80
Added Pin To Net: NetName=Net1_80 Pin=1-80
Added Pin To Net: NetName=Net1_80 Pin=1-80
Added Pin To Net: NetName=Net1_80 Pin=1-80
Added Pin To Net: NetName=Net1_80 Pin=1-80
Added Pin To Net: NetName=Net1_80 Pin=1-80
Added Pin To Net: NetName=Net1_80 Pin=1-80
Added Pin To Net: NetName=Net1_80 Pin=1-80
Added Pin To Net: NetName=Net1_80 Pin=1-80
Added Pin To Net: NetName=Net1_80 Pin=1-80
Added Pin To Net: NetName=Net1_80 Pin=1-80
Added Pin To Net: NetName=Net1_80 Pin=1-80
Added Pin To Net: NetName=Net1_80 Pin=1-80
Added Pin To Net: NetName=Net1_80 Pin=1-80
Added Pin To Net: NetName=Net1_80 Pin=1-80
Added Pin To Net: NetName=Net1_80 Pin=R?-1
Added Net: Name=Net1_80
Added Pin To Net: NetName=Net1_81 Pin=R?-1
Added Net: Name=Net1_81
Added Pin To Net: NetName=Net1_82 Pin=R?-1
Added Net: Name=Net1_82
Added Pin To Net: NetName=Net1_83 Pin=R?-1
Added Net: Name=Net1_83
Added Pin To Net: NetName=Net1_84 Pin=R?-1
Added Net: Name=Net1_84
Added Pin To Net: NetName=Net1_85 Pin=R?-1
Added Net: Name=Net1_85
Added Pin To Net: NetName=Net1_86 Pin=R?-1
Added Net: Name=Net1_86
Added Pin To Net: NetName=Net1_87 Pin=R?-1
Added Net: Name=Net1_87
Added Pin To Net: NetName=Net1_88 Pin=R?-1
Added Net: Name=Net1_88
Added Pin To Net: NetName=Net1_89 Pin=R?-1
Added Net: Name=Net1_89
Added Pin To Net: NetName=Net1_90 Pin=R?-1
Added Net: Name=Net1_90
Added Pin To Net: NetName=Net1_91 Pin=R?-1
Added Net: Name=Net1_91
Added Pin To Net: NetName=Net1_92 Pin=R?-1
Added Net: Name=Net1_92
Added Pin To Net: NetName=Net1_93 Pin=R?-1
Added Net: Name=Net1_93
Added Pin To Net: NetName=Net1_94 Pin=R?-1
Added Net: Name=Net1_94
Added Pin To Net: NetName=Net1_95 Pin=R?-1
Added Net: Name=Net1_95
Added Pin To Net: NetName=Net1_96 Pin=R?-1
Added Net: Name=Net1_96
Added Member To Class: ClassName=FFT_IFFT Member=Component R? 30K
Added Member To Class: ClassName=FFT_IFFT Member=Component R? 30K
Added Member To Class: ClassName=FFT_IFFT Member=Component R? 30K
Added Member To Class: ClassName=FFT_IFFT Member=Component R? 30K
Added Member To Class: ClassName=FFT_IFFT Member=Component R? 30K
Added Member To Class: ClassName=FFT_IFFT Member=Component R? 30K
Added Member To Class: ClassName=FFT_IFFT Member=Component R? 30K
Added Member To Class: ClassName=FFT_IFFT Member=Component R? 30K
Added Member To Class: ClassName=FFT_IFFT Member=Component R? 30K
Added Member To Class: ClassName=FFT_IFFT Member=Component R? 30K
Added Member To Class: ClassName=FFT_IFFT Member=Component R? 30K
Added Member To Class: ClassName=FFT_IFFT Member=Component R? 30K
Added Member To Class: ClassName=FFT_IFFT Member=Component R? 30K
Added Member To Class: ClassName=FFT_IFFT Member=Component R? 30K
Added Member To Class: ClassName=FFT_IFFT Member=Component R? 30K
Added Member To Class: ClassName=FFT_IFFT Member=Component R? 30K
Added Member To Class: ClassName=FFT_IFFT Member=Component R? 30K
Added Member To Class: ClassName=FFT_IFFT Member=Component R? 30K
Added Member To Class: ClassName=FFT_IFFT Member=Component R? 30K
Added Member To Class: ClassName=FFT_IFFT Member=Component R? 30K
Added Member To Class: ClassName=FFT_IFFT Member=Component R? 30K
Added Member To Class: ClassName=FFT_IFFT Member=Component R? 30K
Added Member To Class: ClassName=FFT_IFFT Member=Component R? 30K
Added Member To Class: ClassName=FFT_IFFT Member=Component R? 30K
Added Member To Class: ClassName=FFT_IFFT Member=Component R? 30K
Added Member To Class: ClassName=FFT_IFFT Member=Component R? 30K
Added Member To Class: ClassName=FFT_IFFT Member=Component R? 30K
Added Member To Class: ClassName=FFT_IFFT Member=Component R? 30K
Added Member To Class: ClassName=FFT_IFFT Member=Component R? 30K
Added Member To Class: ClassName=FFT_IFFT Member=Component R? 30K
Added Member To Class: ClassName=FFT_IFFT Member=Component R? 30K
Added Room: Name=FFT_IFFT
